Set type     : linked list
Length       : 5000
Initial size : 1000
Nb threads   : 16
Value range  : 2000
Seed         : 0
Update rate  : 75
Lock alg     : 1
Alternate    : 0
Effective    : 0
Type sizes   : int=4/long=8/ptr=8/word=8
Initializing STM
Adding 1000 entries to set
Set size     : 1000
Creating thread 0
Creating thread 1
Creating thread 2
Creating thread 3
Creating thread 4
Creating thread 5
Creating thread 6
Creating thread 7
Creating thread 8
Creating thread 9
Creating thread 10
Creating thread 11
Creating thread 12
Creating thread 13
Creating thread 14
Creating thread 15
STARTING...
STOPPING...
Thread 0
  #add        : 32673
    #added    : 16027
  #remove     : 31693
    #removed  : 16026
  #contains   : 21386
  #found      : 10730
  #aborts     : 0
    #lock-r   : 0
    #lock-w   : 0
    #val-r    : 0
    #val-w    : 0
    #val-c    : 0
    #inv-mem  : 0
  Max retries : 0
Thread 1
  #add        : 32663
    #added    : 16277
  #remove     : 31958
    #removed  : 16277
  #contains   : 21360
  #found      : 10786
  #aborts     : 0
    #lock-r   : 0
    #lock-w   : 0
    #val-r    : 0
    #val-w    : 0
    #val-c    : 0
    #inv-mem  : 0
  Max retries : 0
Thread 2
  #add        : 32798
    #added    : 16197
  #remove     : 31878
    #removed  : 16197
  #contains   : 21680
  #found      : 10860
  #aborts     : 0
    #lock-r   : 0
    #lock-w   : 0
    #val-r    : 0
    #val-w    : 0
    #val-c    : 0
    #inv-mem  : 0
  Max retries : 0
Thread 3
  #add        : 32511
    #added    : 16274
  #remove     : 31988
    #removed  : 16273
  #contains   : 21413
  #found      : 10887
  #aborts     : 0
    #lock-r   : 0
    #lock-w   : 0
    #val-r    : 0
    #val-w    : 0
    #val-c    : 0
    #inv-mem  : 0
  Max retries : 0
Thread 4
  #add        : 32758
    #added    : 16389
  #remove     : 32268
    #removed  : 16389
  #contains   : 21331
  #found      : 10720
  #aborts     : 0
    #lock-r   : 0
    #lock-w   : 0
    #val-r    : 0
    #val-w    : 0
    #val-c    : 0
    #inv-mem  : 0
  Max retries : 0
Thread 5
  #add        : 32850
    #added    : 16174
  #remove     : 31653
    #removed  : 16173
  #contains   : 21440
  #found      : 10813
  #aborts     : 0
    #lock-r   : 0
    #lock-w   : 0
    #val-r    : 0
    #val-w    : 0
    #val-c    : 0
    #inv-mem  : 0
  Max retries : 0
Thread 6
  #add        : 32390
    #added    : 16166
  #remove     : 31850
    #removed  : 16166
  #contains   : 21456
  #found      : 10857
  #aborts     : 0
    #lock-r   : 0
    #lock-w   : 0
    #val-r    : 0
    #val-w    : 0
    #val-c    : 0
    #inv-mem  : 0
  Max retries : 0
Thread 7
  #add        : 32544
    #added    : 16146
  #remove     : 32142
    #removed  : 16146
  #contains   : 21595
  #found      : 10989
  #aborts     : 0
    #lock-r   : 0
    #lock-w   : 0
    #val-r    : 0
    #val-w    : 0
    #val-c    : 0
    #inv-mem  : 0
  Max retries : 0
Thread 8
  #add        : 32688
    #added    : 16142
  #remove     : 31926
    #removed  : 16142
  #contains   : 21911
  #found      : 10996
  #aborts     : 0
    #lock-r   : 0
    #lock-w   : 0
    #val-r    : 0
    #val-w    : 0
    #val-c    : 0
    #inv-mem  : 0
  Max retries : 0
Thread 9
  #add        : 32341
    #added    : 16158
  #remove     : 31904
    #removed  : 16157
  #contains   : 21673
  #found      : 10795
  #aborts     : 0
    #lock-r   : 0
    #lock-w   : 0
    #val-r    : 0
    #val-w    : 0
    #val-c    : 0
    #inv-mem  : 0
  Max retries : 0
Thread 10
  #add        : 32574
    #added    : 16108
  #remove     : 32109
    #removed  : 16107
  #contains   : 21398
  #found      : 10848
  #aborts     : 0
    #lock-r   : 0
    #lock-w   : 0
    #val-r    : 0
    #val-w    : 0
    #val-c    : 0
    #inv-mem  : 0
  Max retries : 0
Thread 11
  #add        : 32620
    #added    : 16137
  #remove     : 31588
    #removed  : 16136
  #contains   : 21718
  #found      : 10928
  #aborts     : 0
    #lock-r   : 0
    #lock-w   : 0
    #val-r    : 0
    #val-w    : 0
    #val-c    : 0
    #inv-mem  : 0
  Max retries : 0
Thread 12
  #add        : 32343
    #added    : 16028
  #remove     : 31795
    #removed  : 16027
  #contains   : 21477
  #found      : 10853
  #aborts     : 0
    #lock-r   : 0
    #lock-w   : 0
    #val-r    : 0
    #val-w    : 0
    #val-c    : 0
    #inv-mem  : 0
  Max retries : 0
Thread 13
  #add        : 32699
    #added    : 16243
  #remove     : 32176
    #removed  : 16242
  #contains   : 21604
  #found      : 10781
  #aborts     : 0
    #lock-r   : 0
    #lock-w   : 0
    #val-r    : 0
    #val-w    : 0
    #val-c    : 0
    #inv-mem  : 0
  Max retries : 0
Thread 14
  #add        : 32717
    #added    : 15975
  #remove     : 31635
    #removed  : 15974
  #contains   : 21461
  #found      : 10668
  #aborts     : 0
    #lock-r   : 0
    #lock-w   : 0
    #val-r    : 0
    #val-w    : 0
    #val-c    : 0
    #inv-mem  : 0
  Max retries : 0
Thread 15
  #add        : 32264
    #added    : 15987
  #remove     : 31899
    #removed  : 15986
  #contains   : 21502
  #found      : 10800
  #aborts     : 0
    #lock-r   : 0
    #lock-w   : 0
    #val-r    : 0
    #val-w    : 0
    #val-c    : 0
    #inv-mem  : 0
  Max retries : 0
Set size      : 1010 (expected: 1010)
Duration      : 5001 (ms)
#txs          : 1376300 (275204.959008 / s)
#read txs     : 344405 (68867.226555 / s)
#eff. upd rate: 37.553295 
#update txs   : 1031895 (206337.732454 / s)
#aborts       : 0 (0.000000 / s)
  #lock-r     : 0 (0.000000 / s)
  #lock-w     : 0 (0.000000 / s)
  #val-r      : 0 (0.000000 / s)
  #val-w      : 0 (0.000000 / s)
  #val-c      : 0 (0.000000 / s)
  #inv-mem    : 0 (0.000000 / s)
Max retries   : 0
