Set type     : linked list
Length       : 5000
Initial size : 1000
Nb threads   : 16
Value range  : 2000
Seed         : 0
Update rate  : 25
Lock alg     : 1
Alternate    : 0
Effective    : 0
Type sizes   : int=4/long=8/ptr=8/word=8
Initializing STM
Adding 1000 entries to set
Set size     : 1000
Creating thread 0
Creating thread 1
Creating thread 2
Creating thread 3
Creating thread 4
Creating thread 5
Creating thread 6
Creating thread 7
Creating thread 8
Creating thread 9
Creating thread 10
Creating thread 11
Creating thread 12
Creating thread 13
Creating thread 14
Creating thread 15
STARTING...
STOPPING...
Thread 0
  #add        : 6578
    #added    : 3292
  #remove     : 6518
    #removed  : 3292
  #contains   : 39681
  #found      : 19836
  #aborts     : 0
    #lock-r   : 0
    #lock-w   : 0
    #val-r    : 0
    #val-w    : 0
    #val-c    : 0
    #inv-mem  : 0
  Max retries : 0
Thread 1
  #add        : 6636
    #added    : 3336
  #remove     : 6649
    #removed  : 3335
  #contains   : 39731
  #found      : 20002
  #aborts     : 0
    #lock-r   : 0
    #lock-w   : 0
    #val-r    : 0
    #val-w    : 0
    #val-c    : 0
    #inv-mem  : 0
  Max retries : 0
Thread 2
  #add        : 6604
    #added    : 3349
  #remove     : 6599
    #removed  : 3349
  #contains   : 38889
  #found      : 19674
  #aborts     : 0
    #lock-r   : 0
    #lock-w   : 0
    #val-r    : 0
    #val-w    : 0
    #val-c    : 0
    #inv-mem  : 0
  Max retries : 0
Thread 3
  #add        : 6724
    #added    : 3311
  #remove     : 6621
    #removed  : 3310
  #contains   : 39811
  #found      : 20133
  #aborts     : 0
    #lock-r   : 0
    #lock-w   : 0
    #val-r    : 0
    #val-w    : 0
    #val-c    : 0
    #inv-mem  : 0
  Max retries : 0
Thread 4
  #add        : 6724
    #added    : 3378
  #remove     : 6593
    #removed  : 3377
  #contains   : 39953
  #found      : 20060
  #aborts     : 0
    #lock-r   : 0
    #lock-w   : 0
    #val-r    : 0
    #val-w    : 0
    #val-c    : 0
    #inv-mem  : 0
  Max retries : 0
Thread 5
  #add        : 6555
    #added    : 3270
  #remove     : 6622
    #removed  : 3270
  #contains   : 39634
  #found      : 19981
  #aborts     : 0
    #lock-r   : 0
    #lock-w   : 0
    #val-r    : 0
    #val-w    : 0
    #val-c    : 0
    #inv-mem  : 0
  Max retries : 0
Thread 6
  #add        : 6656
    #added    : 3319
  #remove     : 6532
    #removed  : 3319
  #contains   : 40063
  #found      : 20038
  #aborts     : 0
    #lock-r   : 0
    #lock-w   : 0
    #val-r    : 0
    #val-w    : 0
    #val-c    : 0
    #inv-mem  : 0
  Max retries : 0
Thread 7
  #add        : 6644
    #added    : 3345
  #remove     : 6508
    #removed  : 3345
  #contains   : 39809
  #found      : 20032
  #aborts     : 0
    #lock-r   : 0
    #lock-w   : 0
    #val-r    : 0
    #val-w    : 0
    #val-c    : 0
    #inv-mem  : 0
  Max retries : 0
Thread 8
  #add        : 6567
    #added    : 3249
  #remove     : 6474
    #removed  : 3248
  #contains   : 39843
  #found      : 20079
  #aborts     : 0
    #lock-r   : 0
    #lock-w   : 0
    #val-r    : 0
    #val-w    : 0
    #val-c    : 0
    #inv-mem  : 0
  Max retries : 0
Thread 9
  #add        : 6829
    #added    : 3350
  #remove     : 6498
    #removed  : 3349
  #contains   : 39803
  #found      : 19966
  #aborts     : 0
    #lock-r   : 0
    #lock-w   : 0
    #val-r    : 0
    #val-w    : 0
    #val-c    : 0
    #inv-mem  : 0
  Max retries : 0
Thread 10
  #add        : 6721
    #added    : 3248
  #remove     : 6369
    #removed  : 3248
  #contains   : 39279
  #found      : 19697
  #aborts     : 0
    #lock-r   : 0
    #lock-w   : 0
    #val-r    : 0
    #val-w    : 0
    #val-c    : 0
    #inv-mem  : 0
  Max retries : 0
Thread 11
  #add        : 6689
    #added    : 3286
  #remove     : 6461
    #removed  : 3286
  #contains   : 39764
  #found      : 20199
  #aborts     : 0
    #lock-r   : 0
    #lock-w   : 0
    #val-r    : 0
    #val-w    : 0
    #val-c    : 0
    #inv-mem  : 0
  Max retries : 0
Thread 12
  #add        : 6617
    #added    : 3305
  #remove     : 6417
    #removed  : 3304
  #contains   : 38735
  #found      : 19619
  #aborts     : 0
    #lock-r   : 0
    #lock-w   : 0
    #val-r    : 0
    #val-w    : 0
    #val-c    : 0
    #inv-mem  : 0
  Max retries : 0
Thread 13
  #add        : 6719
    #added    : 3277
  #remove     : 6562
    #removed  : 3277
  #contains   : 39350
  #found      : 19730
  #aborts     : 0
    #lock-r   : 0
    #lock-w   : 0
    #val-r    : 0
    #val-w    : 0
    #val-c    : 0
    #inv-mem  : 0
  Max retries : 0
Thread 14
  #add        : 6465
    #added    : 3203
  #remove     : 6260
    #removed  : 3202
  #contains   : 38220
  #found      : 19274
  #aborts     : 0
    #lock-r   : 0
    #lock-w   : 0
    #val-r    : 0
    #val-w    : 0
    #val-c    : 0
    #inv-mem  : 0
  Max retries : 0
Thread 15
  #add        : 6735
    #added    : 3274
  #remove     : 6639
    #removed  : 3273
  #contains   : 40218
  #found      : 20060
  #aborts     : 0
    #lock-r   : 0
    #lock-w   : 0
    #val-r    : 0
    #val-w    : 0
    #val-c    : 0
    #inv-mem  : 0
  Max retries : 0
Set size      : 1008 (expected: 1008)
Duration      : 5001 (ms)
#txs          : 843568 (168679.864027 / s)
#read txs     : 632783 (126531.293741 / s)
#eff. upd rate: 12.515411 
#update txs   : 210785 (42148.570286 / s)
#aborts       : 0 (0.000000 / s)
  #lock-r     : 0 (0.000000 / s)
  #lock-w     : 0 (0.000000 / s)
  #val-r      : 0 (0.000000 / s)
  #val-w      : 0 (0.000000 / s)
  #val-c      : 0 (0.000000 / s)
  #inv-mem    : 0 (0.000000 / s)
Max retries   : 0
