Set type     : linked list
Length       : 5000
Initial size : 1000
Nb threads   : 8
Value range  : 2000
Seed         : 0
Update rate  : 65
Lock alg     : 1
Alternate    : 0
Effective    : 0
Type sizes   : int=4/long=8/ptr=8/word=8
Initializing STM
Adding 1000 entries to set
Set size     : 1000
Creating thread 0
Creating thread 1
Creating thread 2
Creating thread 3
Creating thread 4
Creating thread 5
Creating thread 6
Creating thread 7
STARTING...
STOPPING...
Thread 0
  #add        : 58580
    #added    : 29141
  #remove     : 58178
    #removed  : 29141
  #contains   : 62836
  #found      : 31742
  #aborts     : 0
    #lock-r   : 0
    #lock-w   : 0
    #val-r    : 0
    #val-w    : 0
    #val-c    : 0
    #inv-mem  : 0
  Max retries : 0
Thread 1
  #add        : 55504
    #added    : 27456
  #remove     : 54577
    #removed  : 27456
  #contains   : 59229
  #found      : 29734
  #aborts     : 0
    #lock-r   : 0
    #lock-w   : 0
    #val-r    : 0
    #val-w    : 0
    #val-c    : 0
    #inv-mem  : 0
  Max retries : 0
Thread 2
  #add        : 57520
    #added    : 28612
  #remove     : 57329
    #removed  : 28611
  #contains   : 61754
  #found      : 30804
  #aborts     : 0
    #lock-r   : 0
    #lock-w   : 0
    #val-r    : 0
    #val-w    : 0
    #val-c    : 0
    #inv-mem  : 0
  Max retries : 0
Thread 3
  #add        : 56685
    #added    : 28082
  #remove     : 55883
    #removed  : 28081
  #contains   : 60130
  #found      : 29949
  #aborts     : 0
    #lock-r   : 0
    #lock-w   : 0
    #val-r    : 0
    #val-w    : 0
    #val-c    : 0
    #inv-mem  : 0
  Max retries : 0
Thread 4
  #add        : 55696
    #added    : 27798
  #remove     : 55263
    #removed  : 27797
  #contains   : 59528
  #found      : 29591
  #aborts     : 0
    #lock-r   : 0
    #lock-w   : 0
    #val-r    : 0
    #val-w    : 0
    #val-c    : 0
    #inv-mem  : 0
  Max retries : 0
Thread 5
  #add        : 53388
    #added    : 26634
  #remove     : 52918
    #removed  : 26634
  #contains   : 57718
  #found      : 29139
  #aborts     : 0
    #lock-r   : 0
    #lock-w   : 0
    #val-r    : 0
    #val-w    : 0
    #val-c    : 0
    #inv-mem  : 0
  Max retries : 0
Thread 6
  #add        : 56582
    #added    : 28289
  #remove     : 56037
    #removed  : 28288
  #contains   : 60941
  #found      : 30576
  #aborts     : 0
    #lock-r   : 0
    #lock-w   : 0
    #val-r    : 0
    #val-w    : 0
    #val-c    : 0
    #inv-mem  : 0
  Max retries : 0
Thread 7
  #add        : 55841
    #added    : 27940
  #remove     : 55356
    #removed  : 27939
  #contains   : 59219
  #found      : 29894
  #aborts     : 0
    #lock-r   : 0
    #lock-w   : 0
    #val-r    : 0
    #val-w    : 0
    #val-c    : 0
    #inv-mem  : 0
  Max retries : 0
Set size      : 1005 (expected: 1005)
Duration      : 5000 (ms)
#txs          : 1376692 (275338.400000 / s)
#read txs     : 481355 (96271.000000 / s)
#eff. upd rate: 32.534438 
#update txs   : 895337 (179067.400000 / s)
#aborts       : 0 (0.000000 / s)
  #lock-r     : 0 (0.000000 / s)
  #lock-w     : 0 (0.000000 / s)
  #val-r      : 0 (0.000000 / s)
  #val-w      : 0 (0.000000 / s)
  #val-c      : 0 (0.000000 / s)
  #inv-mem    : 0 (0.000000 / s)
Max retries   : 0
