Set type     : linked list
Length       : 5000
Initial size : 1000
Nb threads   : 8
Value range  : 2000
Seed         : 0
Update rate  : 85
Lock alg     : 1
Alternate    : 0
Effective    : 0
Type sizes   : int=4/long=8/ptr=8/word=8
Initializing STM
Adding 1000 entries to set
Set size     : 1000
Creating thread 0
Creating thread 1
Creating thread 2
Creating thread 3
Creating thread 4
Creating thread 5
Creating thread 6
Creating thread 7
STARTING...
STOPPING...
Thread 0
  #add        : 77351
    #added    : 38581
  #remove     : 76745
    #removed  : 38580
  #contains   : 26970
  #found      : 13703
  #aborts     : 0
    #lock-r   : 0
    #lock-w   : 0
    #val-r    : 0
    #val-w    : 0
    #val-c    : 0
    #inv-mem  : 0
  Max retries : 0
Thread 1
  #add        : 72713
    #added    : 36244
  #remove     : 71963
    #removed  : 36243
  #contains   : 25974
  #found      : 13048
  #aborts     : 0
    #lock-r   : 0
    #lock-w   : 0
    #val-r    : 0
    #val-w    : 0
    #val-c    : 0
    #inv-mem  : 0
  Max retries : 0
Thread 2
  #add        : 74799
    #added    : 37218
  #remove     : 74148
    #removed  : 37217
  #contains   : 26080
  #found      : 13080
  #aborts     : 0
    #lock-r   : 0
    #lock-w   : 0
    #val-r    : 0
    #val-w    : 0
    #val-c    : 0
    #inv-mem  : 0
  Max retries : 0
Thread 3
  #add        : 67742
    #added    : 33859
  #remove     : 67216
    #removed  : 33858
  #contains   : 23521
  #found      : 11780
  #aborts     : 0
    #lock-r   : 0
    #lock-w   : 0
    #val-r    : 0
    #val-w    : 0
    #val-c    : 0
    #inv-mem  : 0
  Max retries : 0
Thread 4
  #add        : 74065
    #added    : 36995
  #remove     : 73490
    #removed  : 36995
  #contains   : 25791
  #found      : 13040
  #aborts     : 0
    #lock-r   : 0
    #lock-w   : 0
    #val-r    : 0
    #val-w    : 0
    #val-c    : 0
    #inv-mem  : 0
  Max retries : 0
Thread 5
  #add        : 74950
    #added    : 37465
  #remove     : 73900
    #removed  : 37464
  #contains   : 26255
  #found      : 13115
  #aborts     : 0
    #lock-r   : 0
    #lock-w   : 0
    #val-r    : 0
    #val-w    : 0
    #val-c    : 0
    #inv-mem  : 0
  Max retries : 0
Thread 6
  #add        : 67526
    #added    : 33681
  #remove     : 66813
    #removed  : 33680
  #contains   : 23597
  #found      : 11724
  #aborts     : 0
    #lock-r   : 0
    #lock-w   : 0
    #val-r    : 0
    #val-w    : 0
    #val-c    : 0
    #inv-mem  : 0
  Max retries : 0
Thread 7
  #add        : 67736
    #added    : 33755
  #remove     : 67020
    #removed  : 33754
  #contains   : 23761
  #found      : 11933
  #aborts     : 0
    #lock-r   : 0
    #lock-w   : 0
    #val-r    : 0
    #val-w    : 0
    #val-c    : 0
    #inv-mem  : 0
  Max retries : 0
Set size      : 1007 (expected: 1007)
Duration      : 5000 (ms)
#txs          : 1350126 (270025.200000 / s)
#read txs     : 201949 (40389.800000 / s)
#eff. upd rate: 42.632243 
#update txs   : 1148177 (229635.400000 / s)
#aborts       : 0 (0.000000 / s)
  #lock-r     : 0 (0.000000 / s)
  #lock-w     : 0 (0.000000 / s)
  #val-r      : 0 (0.000000 / s)
  #val-w      : 0 (0.000000 / s)
  #val-c      : 0 (0.000000 / s)
  #inv-mem    : 0 (0.000000 / s)
Max retries   : 0
