Set type     : linked list
Length       : 5000
Initial size : 1000
Nb threads   : 8
Value range  : 2000
Seed         : 0
Update rate  : 75
Lock alg     : 1
Alternate    : 0
Effective    : 0
Type sizes   : int=4/long=8/ptr=8/word=8
Initializing STM
Adding 1000 entries to set
Set size     : 1000
Creating thread 0
Creating thread 1
Creating thread 2
Creating thread 3
Creating thread 4
Creating thread 5
Creating thread 6
Creating thread 7
STARTING...
STOPPING...
Thread 0
  #add        : 26379
    #added    : 13113
  #remove     : 26086
    #removed  : 13112
  #contains   : 17692
  #found      : 8919
  #aborts     : 0
    #lock-r   : 0
    #lock-w   : 0
    #val-r    : 0
    #val-w    : 0
    #val-c    : 0
    #inv-mem  : 0
  Max retries : 0
Thread 1
  #add        : 23045
    #added    : 11423
  #remove     : 22771
    #removed  : 11423
  #contains   : 15164
  #found      : 7646
  #aborts     : 0
    #lock-r   : 0
    #lock-w   : 0
    #val-r    : 0
    #val-w    : 0
    #val-c    : 0
    #inv-mem  : 0
  Max retries : 0
Thread 2
  #add        : 24782
    #added    : 12365
  #remove     : 24647
    #removed  : 12364
  #contains   : 16334
  #found      : 8216
  #aborts     : 0
    #lock-r   : 0
    #lock-w   : 0
    #val-r    : 0
    #val-w    : 0
    #val-c    : 0
    #inv-mem  : 0
  Max retries : 0
Thread 3
  #add        : 26377
    #added    : 13075
  #remove     : 26017
    #removed  : 13075
  #contains   : 17513
  #found      : 8859
  #aborts     : 0
    #lock-r   : 0
    #lock-w   : 0
    #val-r    : 0
    #val-w    : 0
    #val-c    : 0
    #inv-mem  : 0
  Max retries : 0
Thread 4
  #add        : 26240
    #added    : 13178
  #remove     : 26147
    #removed  : 13177
  #contains   : 17511
  #found      : 8785
  #aborts     : 0
    #lock-r   : 0
    #lock-w   : 0
    #val-r    : 0
    #val-w    : 0
    #val-c    : 0
    #inv-mem  : 0
  Max retries : 0
Thread 5
  #add        : 26746
    #added    : 13289
  #remove     : 26411
    #removed  : 13289
  #contains   : 17684
  #found      : 8834
  #aborts     : 0
    #lock-r   : 0
    #lock-w   : 0
    #val-r    : 0
    #val-w    : 0
    #val-c    : 0
    #inv-mem  : 0
  Max retries : 0
Thread 6
  #add        : 24639
    #added    : 12330
  #remove     : 24524
    #removed  : 12329
  #contains   : 16467
  #found      : 8287
  #aborts     : 0
    #lock-r   : 0
    #lock-w   : 0
    #val-r    : 0
    #val-w    : 0
    #val-c    : 0
    #inv-mem  : 0
  Max retries : 0
Thread 7
  #add        : 22915
    #added    : 11396
  #remove     : 22637
    #removed  : 11396
  #contains   : 15276
  #found      : 7602
  #aborts     : 0
    #lock-r   : 0
    #lock-w   : 0
    #val-r    : 0
    #val-w    : 0
    #val-c    : 0
    #inv-mem  : 0
  Max retries : 0
Set size      : 1004 (expected: 1004)
Duration      : 5000 (ms)
#txs          : 534004 (106800.800000 / s)
#read txs     : 133641 (26728.200000 / s)
#eff. upd rate: 37.515449 
#update txs   : 400363 (80072.600000 / s)
#aborts       : 0 (0.000000 / s)
  #lock-r     : 0 (0.000000 / s)
  #lock-w     : 0 (0.000000 / s)
  #val-r      : 0 (0.000000 / s)
  #val-w      : 0 (0.000000 / s)
  #val-c      : 0 (0.000000 / s)
  #inv-mem    : 0 (0.000000 / s)
Max retries   : 0
