Set type     : linked list
Length       : 5000
Initial size : 1000
Nb threads   : 16
Value range  : 2000
Seed         : 0
Update rate  : 95
Lock alg     : 1
Alternate    : 0
Effective    : 0
Type sizes   : int=4/long=8/ptr=8/word=8
Initializing STM
Adding 1000 entries to set
Set size     : 1000
Creating thread 0
Creating thread 1
Creating thread 2
Creating thread 3
Creating thread 4
Creating thread 5
Creating thread 6
Creating thread 7
Creating thread 8
Creating thread 9
Creating thread 10
Creating thread 11
Creating thread 12
Creating thread 13
Creating thread 14
Creating thread 15
STARTING...
STOPPING...
Thread 0
  #add        : 40920
    #added    : 20446
  #remove     : 40825
    #removed  : 20446
  #contains   : 4262
  #found      : 2174
  #aborts     : 0
    #lock-r   : 0
    #lock-w   : 0
    #val-r    : 0
    #val-w    : 0
    #val-c    : 0
    #inv-mem  : 0
  Max retries : 0
Thread 1
  #add        : 41025
    #added    : 20539
  #remove     : 40937
    #removed  : 20538
  #contains   : 4272
  #found      : 2209
  #aborts     : 0
    #lock-r   : 0
    #lock-w   : 0
    #val-r    : 0
    #val-w    : 0
    #val-c    : 0
    #inv-mem  : 0
  Max retries : 0
Thread 2
  #add        : 40882
    #added    : 20430
  #remove     : 40454
    #removed  : 20430
  #contains   : 4212
  #found      : 2112
  #aborts     : 0
    #lock-r   : 0
    #lock-w   : 0
    #val-r    : 0
    #val-w    : 0
    #val-c    : 0
    #inv-mem  : 0
  Max retries : 0
Thread 3
  #add        : 41227
    #added    : 20451
  #remove     : 40785
    #removed  : 20451
  #contains   : 4360
  #found      : 2257
  #aborts     : 0
    #lock-r   : 0
    #lock-w   : 0
    #val-r    : 0
    #val-w    : 0
    #val-c    : 0
    #inv-mem  : 0
  Max retries : 0
Thread 4
  #add        : 41108
    #added    : 20411
  #remove     : 40533
    #removed  : 20411
  #contains   : 4172
  #found      : 2063
  #aborts     : 0
    #lock-r   : 0
    #lock-w   : 0
    #val-r    : 0
    #val-w    : 0
    #val-c    : 0
    #inv-mem  : 0
  Max retries : 0
Thread 5
  #add        : 41090
    #added    : 20386
  #remove     : 40332
    #removed  : 20385
  #contains   : 4256
  #found      : 2127
  #aborts     : 0
    #lock-r   : 0
    #lock-w   : 0
    #val-r    : 0
    #val-w    : 0
    #val-c    : 0
    #inv-mem  : 0
  Max retries : 0
Thread 6
  #add        : 41501
    #added    : 20605
  #remove     : 40729
    #removed  : 20605
  #contains   : 4292
  #found      : 2156
  #aborts     : 0
    #lock-r   : 0
    #lock-w   : 0
    #val-r    : 0
    #val-w    : 0
    #val-c    : 0
    #inv-mem  : 0
  Max retries : 0
Thread 7
  #add        : 41249
    #added    : 20342
  #remove     : 40161
    #removed  : 20341
  #contains   : 4331
  #found      : 2153
  #aborts     : 0
    #lock-r   : 0
    #lock-w   : 0
    #val-r    : 0
    #val-w    : 0
    #val-c    : 0
    #inv-mem  : 0
  Max retries : 0
Thread 8
  #add        : 41170
    #added    : 20417
  #remove     : 40259
    #removed  : 20417
  #contains   : 4320
  #found      : 2223
  #aborts     : 0
    #lock-r   : 0
    #lock-w   : 0
    #val-r    : 0
    #val-w    : 0
    #val-c    : 0
    #inv-mem  : 0
  Max retries : 0
Thread 9
  #add        : 41116
    #added    : 20450
  #remove     : 40308
    #removed  : 20450
  #contains   : 4181
  #found      : 2137
  #aborts     : 0
    #lock-r   : 0
    #lock-w   : 0
    #val-r    : 0
    #val-w    : 0
    #val-c    : 0
    #inv-mem  : 0
  Max retries : 0
Thread 10
  #add        : 41640
    #added    : 20535
  #remove     : 40461
    #removed  : 20534
  #contains   : 4199
  #found      : 2159
  #aborts     : 0
    #lock-r   : 0
    #lock-w   : 0
    #val-r    : 0
    #val-w    : 0
    #val-c    : 0
    #inv-mem  : 0
  Max retries : 0
Thread 11
  #add        : 41320
    #added    : 20588
  #remove     : 40727
    #removed  : 20588
  #contains   : 4207
  #found      : 2080
  #aborts     : 0
    #lock-r   : 0
    #lock-w   : 0
    #val-r    : 0
    #val-w    : 0
    #val-c    : 0
    #inv-mem  : 0
  Max retries : 0
Thread 12
  #add        : 41253
    #added    : 20389
  #remove     : 40444
    #removed  : 20389
  #contains   : 4312
  #found      : 2103
  #aborts     : 0
    #lock-r   : 0
    #lock-w   : 0
    #val-r    : 0
    #val-w    : 0
    #val-c    : 0
    #inv-mem  : 0
  Max retries : 0
Thread 13
  #add        : 40686
    #added    : 20410
  #remove     : 40842
    #removed  : 20410
  #contains   : 4276
  #found      : 2211
  #aborts     : 0
    #lock-r   : 0
    #lock-w   : 0
    #val-r    : 0
    #val-w    : 0
    #val-c    : 0
    #inv-mem  : 0
  Max retries : 0
Thread 14
  #add        : 41680
    #added    : 20627
  #remove     : 40712
    #removed  : 20627
  #contains   : 4420
  #found      : 2263
  #aborts     : 0
    #lock-r   : 0
    #lock-w   : 0
    #val-r    : 0
    #val-w    : 0
    #val-c    : 0
    #inv-mem  : 0
  Max retries : 0
Thread 15
  #add        : 41144
    #added    : 20368
  #remove     : 40343
    #removed  : 20368
  #contains   : 4261
  #found      : 2189
  #aborts     : 0
    #lock-r   : 0
    #lock-w   : 0
    #val-r    : 0
    #val-w    : 0
    #val-c    : 0
    #inv-mem  : 0
  Max retries : 0
Set size      : 1004 (expected: 1004)
Duration      : 5001 (ms)
#txs          : 1376196 (275184.163167 / s)
#read txs     : 68333 (13663.867227 / s)
#eff. upd rate: 47.579269 
#update txs   : 1307863 (261520.295941 / s)
#aborts       : 0 (0.000000 / s)
  #lock-r     : 0 (0.000000 / s)
  #lock-w     : 0 (0.000000 / s)
  #val-r      : 0 (0.000000 / s)
  #val-w      : 0 (0.000000 / s)
  #val-c      : 0 (0.000000 / s)
  #inv-mem    : 0 (0.000000 / s)
Max retries   : 0
