Set type     : linked list
Length       : 5000
Initial size : 1000
Nb threads   : 16
Value range  : 2000
Seed         : 0
Update rate  : 85
Lock alg     : 1
Alternate    : 0
Effective    : 0
Type sizes   : int=4/long=8/ptr=8/word=8
Initializing STM
Adding 1000 entries to set
Set size     : 1000
Creating thread 0
Creating thread 1
Creating thread 2
Creating thread 3
Creating thread 4
Creating thread 5
Creating thread 6
Creating thread 7
Creating thread 8
Creating thread 9
Creating thread 10
Creating thread 11
Creating thread 12
Creating thread 13
Creating thread 14
Creating thread 15
STARTING...
STOPPING...
Thread 0
  #add        : 36525
    #added    : 18234
  #remove     : 36023
    #removed  : 18234
  #contains   : 12841
  #found      : 6361
  #aborts     : 0
    #lock-r   : 0
    #lock-w   : 0
    #val-r    : 0
    #val-w    : 0
    #val-c    : 0
    #inv-mem  : 0
  Max retries : 0
Thread 1
  #add        : 36364
    #added    : 18240
  #remove     : 36062
    #removed  : 18239
  #contains   : 12688
  #found      : 6443
  #aborts     : 0
    #lock-r   : 0
    #lock-w   : 0
    #val-r    : 0
    #val-w    : 0
    #val-c    : 0
    #inv-mem  : 0
  Max retries : 0
Thread 2
  #add        : 36744
    #added    : 18288
  #remove     : 36299
    #removed  : 18287
  #contains   : 12822
  #found      : 6606
  #aborts     : 0
    #lock-r   : 0
    #lock-w   : 0
    #val-r    : 0
    #val-w    : 0
    #val-c    : 0
    #inv-mem  : 0
  Max retries : 0
Thread 3
  #add        : 36682
    #added    : 18353
  #remove     : 36313
    #removed  : 18353
  #contains   : 12792
  #found      : 6460
  #aborts     : 0
    #lock-r   : 0
    #lock-w   : 0
    #val-r    : 0
    #val-w    : 0
    #val-c    : 0
    #inv-mem  : 0
  Max retries : 0
Thread 4
  #add        : 36444
    #added    : 18106
  #remove     : 35871
    #removed  : 18106
  #contains   : 12820
  #found      : 6401
  #aborts     : 0
    #lock-r   : 0
    #lock-w   : 0
    #val-r    : 0
    #val-w    : 0
    #val-c    : 0
    #inv-mem  : 0
  Max retries : 0
Thread 5
  #add        : 36348
    #added    : 17965
  #remove     : 35711
    #removed  : 17964
  #contains   : 12679
  #found      : 6428
  #aborts     : 0
    #lock-r   : 0
    #lock-w   : 0
    #val-r    : 0
    #val-w    : 0
    #val-c    : 0
    #inv-mem  : 0
  Max retries : 0
Thread 6
  #add        : 36569
    #added    : 18093
  #remove     : 36017
    #removed  : 18093
  #contains   : 12695
  #found      : 6454
  #aborts     : 0
    #lock-r   : 0
    #lock-w   : 0
    #val-r    : 0
    #val-w    : 0
    #val-c    : 0
    #inv-mem  : 0
  Max retries : 0
Thread 7
  #add        : 36779
    #added    : 18277
  #remove     : 36043
    #removed  : 18277
  #contains   : 12860
  #found      : 6428
  #aborts     : 0
    #lock-r   : 0
    #lock-w   : 0
    #val-r    : 0
    #val-w    : 0
    #val-c    : 0
    #inv-mem  : 0
  Max retries : 0
Thread 8
  #add        : 36324
    #added    : 18159
  #remove     : 36162
    #removed  : 18158
  #contains   : 12792
  #found      : 6345
  #aborts     : 0
    #lock-r   : 0
    #lock-w   : 0
    #val-r    : 0
    #val-w    : 0
    #val-c    : 0
    #inv-mem  : 0
  Max retries : 0
Thread 9
  #add        : 36593
    #added    : 18151
  #remove     : 35892
    #removed  : 18150
  #contains   : 12869
  #found      : 6415
  #aborts     : 0
    #lock-r   : 0
    #lock-w   : 0
    #val-r    : 0
    #val-w    : 0
    #val-c    : 0
    #inv-mem  : 0
  Max retries : 0
Thread 10
  #add        : 36239
    #added    : 18083
  #remove     : 35774
    #removed  : 18082
  #contains   : 12664
  #found      : 6301
  #aborts     : 0
    #lock-r   : 0
    #lock-w   : 0
    #val-r    : 0
    #val-w    : 0
    #val-c    : 0
    #inv-mem  : 0
  Max retries : 0
Thread 11
  #add        : 36370
    #added    : 18069
  #remove     : 35934
    #removed  : 18069
  #contains   : 12963
  #found      : 6461
  #aborts     : 0
    #lock-r   : 0
    #lock-w   : 0
    #val-r    : 0
    #val-w    : 0
    #val-c    : 0
    #inv-mem  : 0
  Max retries : 0
Thread 12
  #add        : 36474
    #added    : 18110
  #remove     : 35798
    #removed  : 18109
  #contains   : 12634
  #found      : 6353
  #aborts     : 0
    #lock-r   : 0
    #lock-w   : 0
    #val-r    : 0
    #val-w    : 0
    #val-c    : 0
    #inv-mem  : 0
  Max retries : 0
Thread 13
  #add        : 36281
    #added    : 18121
  #remove     : 36289
    #removed  : 18121
  #contains   : 12696
  #found      : 6366
  #aborts     : 0
    #lock-r   : 0
    #lock-w   : 0
    #val-r    : 0
    #val-w    : 0
    #val-c    : 0
    #inv-mem  : 0
  Max retries : 0
Thread 14
  #add        : 36501
    #added    : 18089
  #remove     : 35827
    #removed  : 18088
  #contains   : 12795
  #found      : 6367
  #aborts     : 0
    #lock-r   : 0
    #lock-w   : 0
    #val-r    : 0
    #val-w    : 0
    #val-c    : 0
    #inv-mem  : 0
  Max retries : 0
Thread 15
  #add        : 36661
    #added    : 18099
  #remove     : 36092
    #removed  : 18098
  #contains   : 12843
  #found      : 6522
  #aborts     : 0
    #lock-r   : 0
    #lock-w   : 0
    #val-r    : 0
    #val-w    : 0
    #val-c    : 0
    #inv-mem  : 0
  Max retries : 0
Set size      : 1009 (expected: 1009)
Duration      : 5000 (ms)
#txs          : 1364458 (272891.600000 / s)
#read txs     : 204453 (40890.600000 / s)
#eff. upd rate: 42.571116 
#update txs   : 1160005 (232001.000000 / s)
#aborts       : 0 (0.000000 / s)
  #lock-r     : 0 (0.000000 / s)
  #lock-w     : 0 (0.000000 / s)
  #val-r      : 0 (0.000000 / s)
  #val-w      : 0 (0.000000 / s)
  #val-c      : 0 (0.000000 / s)
  #inv-mem    : 0 (0.000000 / s)
Max retries   : 0
