Set type     : linked list
Length       : 5000
Initial size : 1000
Nb threads   : 1
Value range  : 2000
Seed         : 0
Update rate  : 10
Lock alg     : 1
Alternate    : 0
Effective    : 0
Type sizes   : int=4/long=8/ptr=8/word=8
Initializing STM
Adding 1000 entries to set
Set size     : 1000
Creating thread 0
STARTING...
STOPPING...
Thread 0
  #add        : 26846
    #added    : 13563
  #remove     : 26885
    #removed  : 13563
  #contains   : 483749
  #found      : 241567
  #aborts     : 0
    #lock-r   : 0
    #lock-w   : 0
    #val-r    : 0
    #val-w    : 0
    #val-c    : 0
    #inv-mem  : 0
  Max retries : 0
Set size      : 1000 (expected: 1000)
Duration      : 5001 (ms)
#txs          : 537480 (107474.505099 / s)
#read txs     : 483749 (96730.453909 / s)
#eff. upd rate: 5.046885 
#update txs   : 53731 (10744.051190 / s)
#aborts       : 0 (0.000000 / s)
  #lock-r     : 0 (0.000000 / s)
  #lock-w     : 0 (0.000000 / s)
  #val-r      : 0 (0.000000 / s)
  #val-w      : 0 (0.000000 / s)
  #val-c      : 0 (0.000000 / s)
  #inv-mem    : 0 (0.000000 / s)
Max retries   : 0
