Set type     : linked list
Length       : 5000
Initial size : 100
Nb threads   : 12
Value range  : 200
Seed         : 0
Update rate  : 10
Lock alg     : 1
Alternate    : 0
Effective    : 0
Type sizes   : int=4/long=8/ptr=8/word=8
Initializing STM
Adding 100 entries to set
Set size     : 100
Creating thread 0
Creating thread 1
Creating thread 2
Creating thread 3
Creating thread 4
Creating thread 5
Creating thread 6
Creating thread 7
Creating thread 8
Creating thread 9
Creating thread 10
Creating thread 11
STARTING...
STOPPING...
Thread 0
  #add        : 2283
    #added    : 1060
  #remove     : 1984
    #removed  : 1059
  #contains   : 38530
  #found      : 20280
  #aborts     : 0
    #lock-r   : 0
    #lock-w   : 0
    #val-r    : 0
    #val-w    : 0
    #val-c    : 0
    #inv-mem  : 0
  Max retries : 0
Thread 1
  #add        : 2376
    #added    : 1127
  #remove     : 2109
    #removed  : 1126
  #contains   : 40604
  #found      : 21412
  #aborts     : 0
    #lock-r   : 0
    #lock-w   : 0
    #val-r    : 0
    #val-w    : 0
    #val-c    : 0
    #inv-mem  : 0
  Max retries : 0
Thread 2
  #add        : 2296
    #added    : 1086
  #remove     : 2067
    #removed  : 1086
  #contains   : 39462
  #found      : 20940
  #aborts     : 0
    #lock-r   : 0
    #lock-w   : 0
    #val-r    : 0
    #val-w    : 0
    #val-c    : 0
    #inv-mem  : 0
  Max retries : 0
Thread 3
  #add        : 2359
    #added    : 1094
  #remove     : 2074
    #removed  : 1094
  #contains   : 38735
  #found      : 20281
  #aborts     : 0
    #lock-r   : 0
    #lock-w   : 0
    #val-r    : 0
    #val-w    : 0
    #val-c    : 0
    #inv-mem  : 0
  Max retries : 0
Thread 4
  #add        : 2217
    #added    : 1074
  #remove     : 1987
    #removed  : 1073
  #contains   : 39781
  #found      : 21168
  #aborts     : 0
    #lock-r   : 0
    #lock-w   : 0
    #val-r    : 0
    #val-w    : 0
    #val-c    : 0
    #inv-mem  : 0
  Max retries : 0
Thread 5
  #add        : 2404
    #added    : 1169
  #remove     : 2187
    #removed  : 1168
  #contains   : 40370
  #found      : 21572
  #aborts     : 0
    #lock-r   : 0
    #lock-w   : 0
    #val-r    : 0
    #val-w    : 0
    #val-c    : 0
    #inv-mem  : 0
  Max retries : 0
Thread 6
  #add        : 2265
    #added    : 1073
  #remove     : 2031
    #removed  : 1072
  #contains   : 38920
  #found      : 20503
  #aborts     : 0
    #lock-r   : 0
    #lock-w   : 0
    #val-r    : 0
    #val-w    : 0
    #val-c    : 0
    #inv-mem  : 0
  Max retries : 0
Thread 7
  #add        : 2505
    #added    : 1224
  #remove     : 2282
    #removed  : 1223
  #contains   : 43275
  #found      : 22998
  #aborts     : 0
    #lock-r   : 0
    #lock-w   : 0
    #val-r    : 0
    #val-w    : 0
    #val-c    : 0
    #inv-mem  : 0
  Max retries : 0
Thread 8
  #add        : 2349
    #added    : 1121
  #remove     : 2127
    #removed  : 1121
  #contains   : 40656
  #found      : 21463
  #aborts     : 0
    #lock-r   : 0
    #lock-w   : 0
    #val-r    : 0
    #val-w    : 0
    #val-c    : 0
    #inv-mem  : 0
  Max retries : 0
Thread 9
  #add        : 2404
    #added    : 1123
  #remove     : 2142
    #removed  : 1122
  #contains   : 39656
  #found      : 20990
  #aborts     : 0
    #lock-r   : 0
    #lock-w   : 0
    #val-r    : 0
    #val-w    : 0
    #val-c    : 0
    #inv-mem  : 0
  Max retries : 0
Thread 10
  #add        : 2516
    #added    : 1182
  #remove     : 2204
    #removed  : 1182
  #contains   : 42628
  #found      : 22496
  #aborts     : 0
    #lock-r   : 0
    #lock-w   : 0
    #val-r    : 0
    #val-w    : 0
    #val-c    : 0
    #inv-mem  : 0
  Max retries : 0
Thread 11
  #add        : 2365
    #added    : 1115
  #remove     : 2102
    #removed  : 1114
  #contains   : 40167
  #found      : 21282
  #aborts     : 0
    #lock-r   : 0
    #lock-w   : 0
    #val-r    : 0
    #val-w    : 0
    #val-c    : 0
    #inv-mem  : 0
  Max retries : 0
Set size      : 108 (expected: 108)
Duration      : 5000 (ms)
#txs          : 536419 (107283.800000 / s)
#read txs     : 482784 (96556.800000 / s)
#eff. upd rate: 5.012500 
#update txs   : 53635 (10727.000000 / s)
#aborts       : 0 (0.000000 / s)
  #lock-r     : 0 (0.000000 / s)
  #lock-w     : 0 (0.000000 / s)
  #val-r      : 0 (0.000000 / s)
  #val-w      : 0 (0.000000 / s)
  #val-c      : 0 (0.000000 / s)
  #inv-mem    : 0 (0.000000 / s)
Max retries   : 0
