Set type     : linked list
Length       : 5000
Initial size : 1000
Nb threads   : 12
Value range  : 2000
Seed         : 0
Update rate  : 0
Lock alg     : 1
Alternate    : 0
Effective    : 0
Type sizes   : int=4/long=8/ptr=8/word=8
Initializing STM
Adding 1000 entries to set
Set size     : 1000
Creating thread 0
Creating thread 1
Creating thread 2
Creating thread 3
Creating thread 4
Creating thread 5
Creating thread 6
Creating thread 7
Creating thread 8
Creating thread 9
Creating thread 10
Creating thread 11
STARTING...
STOPPING...
Thread 0
  #add        : 0
    #added    : 0
  #remove     : 0
    #removed  : 0
  #contains   : 55306
  #found      : 27494
  #aborts     : 0
    #lock-r   : 0
    #lock-w   : 0
    #val-r    : 0
    #val-w    : 0
    #val-c    : 0
    #inv-mem  : 0
  Max retries : 0
Thread 1
  #add        : 0
    #added    : 0
  #remove     : 0
    #removed  : 0
  #contains   : 56188
  #found      : 28360
  #aborts     : 0
    #lock-r   : 0
    #lock-w   : 0
    #val-r    : 0
    #val-w    : 0
    #val-c    : 0
    #inv-mem  : 0
  Max retries : 0
Thread 2
  #add        : 0
    #added    : 0
  #remove     : 0
    #removed  : 0
  #contains   : 56116
  #found      : 28091
  #aborts     : 0
    #lock-r   : 0
    #lock-w   : 0
    #val-r    : 0
    #val-w    : 0
    #val-c    : 0
    #inv-mem  : 0
  Max retries : 0
Thread 3
  #add        : 0
    #added    : 0
  #remove     : 0
    #removed  : 0
  #contains   : 55755
  #found      : 27689
  #aborts     : 0
    #lock-r   : 0
    #lock-w   : 0
    #val-r    : 0
    #val-w    : 0
    #val-c    : 0
    #inv-mem  : 0
  Max retries : 0
Thread 4
  #add        : 0
    #added    : 0
  #remove     : 0
    #removed  : 0
  #contains   : 56984
  #found      : 28490
  #aborts     : 0
    #lock-r   : 0
    #lock-w   : 0
    #val-r    : 0
    #val-w    : 0
    #val-c    : 0
    #inv-mem  : 0
  Max retries : 0
Thread 5
  #add        : 0
    #added    : 0
  #remove     : 0
    #removed  : 0
  #contains   : 55336
  #found      : 27647
  #aborts     : 0
    #lock-r   : 0
    #lock-w   : 0
    #val-r    : 0
    #val-w    : 0
    #val-c    : 0
    #inv-mem  : 0
  Max retries : 0
Thread 6
  #add        : 0
    #added    : 0
  #remove     : 0
    #removed  : 0
  #contains   : 54967
  #found      : 27385
  #aborts     : 0
    #lock-r   : 0
    #lock-w   : 0
    #val-r    : 0
    #val-w    : 0
    #val-c    : 0
    #inv-mem  : 0
  Max retries : 0
Thread 7
  #add        : 0
    #added    : 0
  #remove     : 0
    #removed  : 0
  #contains   : 55566
  #found      : 28079
  #aborts     : 0
    #lock-r   : 0
    #lock-w   : 0
    #val-r    : 0
    #val-w    : 0
    #val-c    : 0
    #inv-mem  : 0
  Max retries : 0
Thread 8
  #add        : 0
    #added    : 0
  #remove     : 0
    #removed  : 0
  #contains   : 55792
  #found      : 27898
  #aborts     : 0
    #lock-r   : 0
    #lock-w   : 0
    #val-r    : 0
    #val-w    : 0
    #val-c    : 0
    #inv-mem  : 0
  Max retries : 0
Thread 9
  #add        : 0
    #added    : 0
  #remove     : 0
    #removed  : 0
  #contains   : 58406
  #found      : 28971
  #aborts     : 0
    #lock-r   : 0
    #lock-w   : 0
    #val-r    : 0
    #val-w    : 0
    #val-c    : 0
    #inv-mem  : 0
  Max retries : 0
Thread 10
  #add        : 0
    #added    : 0
  #remove     : 0
    #removed  : 0
  #contains   : 57831
  #found      : 28975
  #aborts     : 0
    #lock-r   : 0
    #lock-w   : 0
    #val-r    : 0
    #val-w    : 0
    #val-c    : 0
    #inv-mem  : 0
  Max retries : 0
Thread 11
  #add        : 0
    #added    : 0
  #remove     : 0
    #removed  : 0
  #contains   : 55944
  #found      : 27859
  #aborts     : 0
    #lock-r   : 0
    #lock-w   : 0
    #val-r    : 0
    #val-w    : 0
    #val-c    : 0
    #inv-mem  : 0
  Max retries : 0
Set size      : 1000 (expected: 1000)
Duration      : 5000 (ms)
#txs          : 674191 (134838.200000 / s)
#read txs     : 674191 (134838.200000 / s)
#eff. upd rate: 0.000000 
#update txs   : 0 (0.000000 / s)
#aborts       : 0 (0.000000 / s)
  #lock-r     : 0 (0.000000 / s)
  #lock-w     : 0 (0.000000 / s)
  #val-r      : 0 (0.000000 / s)
  #val-w      : 0 (0.000000 / s)
  #val-c      : 0 (0.000000 / s)
  #inv-mem    : 0 (0.000000 / s)
Max retries   : 0
