Set type     : linked list
Length       : 5000
Initial size : 100
Nb threads   : 4
Value range  : 200
Seed         : 0
Update rate  : 100
Lock alg     : 1
Alternate    : 0
Effective    : 0
Type sizes   : int=4/long=8/ptr=8/word=8
Initializing STM
Adding 100 entries to set
Set size     : 100
Creating thread 0
Creating thread 1
Creating thread 2
Creating thread 3
STARTING...
STOPPING...
Thread 0
  #add        : 770623
    #added    : 379503
  #remove     : 739972
    #removed  : 379503
  #contains   : 0
  #found      : 0
  #aborts     : 0
    #lock-r   : 0
    #lock-w   : 0
    #val-r    : 0
    #val-w    : 0
    #val-c    : 0
    #inv-mem  : 0
  Max retries : 0
Thread 1
  #add        : 421396
    #added    : 207859
  #remove     : 406691
    #removed  : 207859
  #contains   : 0
  #found      : 0
  #aborts     : 0
    #lock-r   : 0
    #lock-w   : 0
    #val-r    : 0
    #val-w    : 0
    #val-c    : 0
    #inv-mem  : 0
  Max retries : 0
Thread 2
  #add        : 832076
    #added    : 409739
  #remove     : 799542
    #removed  : 409739
  #contains   : 0
  #found      : 0
  #aborts     : 0
    #lock-r   : 0
    #lock-w   : 0
    #val-r    : 0
    #val-w    : 0
    #val-c    : 0
    #inv-mem  : 0
  Max retries : 0
Thread 3
  #add        : 440751
    #added    : 217265
  #remove     : 424930
    #removed  : 217265
  #contains   : 0
  #found      : 0
  #aborts     : 0
    #lock-r   : 0
    #lock-w   : 0
    #val-r    : 0
    #val-w    : 0
    #val-c    : 0
    #inv-mem  : 0
  Max retries : 0
Set size      : 100 (expected: 100)
Duration      : 5000 (ms)
#txs          : 4835981 (967196.200000 / s)
#read txs     : 0 (0.000000 / s)
#eff. upd rate: 50.222116 
#update txs   : 4835981 (967196.200000 / s)
#aborts       : 0 (0.000000 / s)
  #lock-r     : 0 (0.000000 / s)
  #lock-w     : 0 (0.000000 / s)
  #val-r      : 0 (0.000000 / s)
  #val-w      : 0 (0.000000 / s)
  #val-c      : 0 (0.000000 / s)
  #inv-mem    : 0 (0.000000 / s)
Max retries   : 0
