Set type     : linked list
Length       : 5000
Initial size : 1000
Nb threads   : 1
Value range  : 2000
Seed         : 0
Update rate  : 85
Lock alg     : 1
Alternate    : 0
Effective    : 0
Type sizes   : int=4/long=8/ptr=8/word=8
Initializing STM
Adding 1000 entries to set
Set size     : 1000
Creating thread 0
STARTING...
STOPPING...
Thread 0
  #add        : 318296
    #added    : 158810
  #remove     : 317206
    #removed  : 158809
  #contains   : 112099
  #found      : 56117
  #aborts     : 0
    #lock-r   : 0
    #lock-w   : 0
    #val-r    : 0
    #val-w    : 0
    #val-c    : 0
    #inv-mem  : 0
  Max retries : 0
Set size      : 1001 (expected: 1001)
Duration      : 5000 (ms)
#txs          : 747601 (149520.200000 / s)
#read txs     : 112099 (22419.800000 / s)
#eff. upd rate: 42.485096 
#update txs   : 635502 (127100.400000 / s)
#aborts       : 0 (0.000000 / s)
  #lock-r     : 0 (0.000000 / s)
  #lock-w     : 0 (0.000000 / s)
  #val-r      : 0 (0.000000 / s)
  #val-w      : 0 (0.000000 / s)
  #val-c      : 0 (0.000000 / s)
  #inv-mem    : 0 (0.000000 / s)
Max retries   : 0
