Set type     : linked list
Length       : 5000
Initial size : 1000
Nb threads   : 16
Value range  : 2000
Seed         : 0
Update rate  : 10
Lock alg     : 1
Alternate    : 0
Effective    : 0
Type sizes   : int=4/long=8/ptr=8/word=8
Initializing STM
Adding 1000 entries to set
Set size     : 1000
Creating thread 0
Creating thread 1
Creating thread 2
Creating thread 3
Creating thread 4
Creating thread 5
Creating thread 6
Creating thread 7
Creating thread 8
Creating thread 9
Creating thread 10
Creating thread 11
Creating thread 12
Creating thread 13
Creating thread 14
Creating thread 15
STARTING...
STOPPING...
Thread 0
  #add        : 1361
    #added    : 698
  #remove     : 1362
    #removed  : 698
  #contains   : 24518
  #found      : 12404
  #aborts     : 0
    #lock-r   : 0
    #lock-w   : 0
    #val-r    : 0
    #val-w    : 0
    #val-c    : 0
    #inv-mem  : 0
  Max retries : 0
Thread 1
  #add        : 1402
    #added    : 728
  #remove     : 1417
    #removed  : 728
  #contains   : 25215
  #found      : 12761
  #aborts     : 0
    #lock-r   : 0
    #lock-w   : 0
    #val-r    : 0
    #val-w    : 0
    #val-c    : 0
    #inv-mem  : 0
  Max retries : 0
Thread 2
  #add        : 1411
    #added    : 736
  #remove     : 1443
    #removed  : 735
  #contains   : 26265
  #found      : 13234
  #aborts     : 0
    #lock-r   : 0
    #lock-w   : 0
    #val-r    : 0
    #val-w    : 0
    #val-c    : 0
    #inv-mem  : 0
  Max retries : 0
Thread 3
  #add        : 1346
    #added    : 647
  #remove     : 1346
    #removed  : 647
  #contains   : 23689
  #found      : 11829
  #aborts     : 0
    #lock-r   : 0
    #lock-w   : 0
    #val-r    : 0
    #val-w    : 0
    #val-c    : 0
    #inv-mem  : 0
  Max retries : 0
Thread 4
  #add        : 1435
    #added    : 725
  #remove     : 1393
    #removed  : 724
  #contains   : 25702
  #found      : 13123
  #aborts     : 0
    #lock-r   : 0
    #lock-w   : 0
    #val-r    : 0
    #val-w    : 0
    #val-c    : 0
    #inv-mem  : 0
  Max retries : 0
Thread 5
  #add        : 1421
    #added    : 726
  #remove     : 1425
    #removed  : 725
  #contains   : 25077
  #found      : 12661
  #aborts     : 0
    #lock-r   : 0
    #lock-w   : 0
    #val-r    : 0
    #val-w    : 0
    #val-c    : 0
    #inv-mem  : 0
  Max retries : 0
Thread 6
  #add        : 1413
    #added    : 699
  #remove     : 1309
    #removed  : 699
  #contains   : 24961
  #found      : 12572
  #aborts     : 0
    #lock-r   : 0
    #lock-w   : 0
    #val-r    : 0
    #val-w    : 0
    #val-c    : 0
    #inv-mem  : 0
  Max retries : 0
Thread 7
  #add        : 1388
    #added    : 695
  #remove     : 1371
    #removed  : 694
  #contains   : 24757
  #found      : 12541
  #aborts     : 0
    #lock-r   : 0
    #lock-w   : 0
    #val-r    : 0
    #val-w    : 0
    #val-c    : 0
    #inv-mem  : 0
  Max retries : 0
Thread 8
  #add        : 1462
    #added    : 717
  #remove     : 1424
    #removed  : 717
  #contains   : 25297
  #found      : 12825
  #aborts     : 0
    #lock-r   : 0
    #lock-w   : 0
    #val-r    : 0
    #val-w    : 0
    #val-c    : 0
    #inv-mem  : 0
  Max retries : 0
Thread 9
  #add        : 1488
    #added    : 745
  #remove     : 1408
    #removed  : 745
  #contains   : 25713
  #found      : 13044
  #aborts     : 0
    #lock-r   : 0
    #lock-w   : 0
    #val-r    : 0
    #val-w    : 0
    #val-c    : 0
    #inv-mem  : 0
  Max retries : 0
Thread 10
  #add        : 1287
    #added    : 620
  #remove     : 1200
    #removed  : 620
  #contains   : 23161
  #found      : 11818
  #aborts     : 0
    #lock-r   : 0
    #lock-w   : 0
    #val-r    : 0
    #val-w    : 0
    #val-c    : 0
    #inv-mem  : 0
  Max retries : 0
Thread 11
  #add        : 1431
    #added    : 702
  #remove     : 1345
    #removed  : 701
  #contains   : 25589
  #found      : 12819
  #aborts     : 0
    #lock-r   : 0
    #lock-w   : 0
    #val-r    : 0
    #val-w    : 0
    #val-c    : 0
    #inv-mem  : 0
  Max retries : 0
Thread 12
  #add        : 1438
    #added    : 734
  #remove     : 1432
    #removed  : 733
  #contains   : 25526
  #found      : 12902
  #aborts     : 0
    #lock-r   : 0
    #lock-w   : 0
    #val-r    : 0
    #val-w    : 0
    #val-c    : 0
    #inv-mem  : 0
  Max retries : 0
Thread 13
  #add        : 1332
    #added    : 648
  #remove     : 1325
    #removed  : 647
  #contains   : 24601
  #found      : 12507
  #aborts     : 0
    #lock-r   : 0
    #lock-w   : 0
    #val-r    : 0
    #val-w    : 0
    #val-c    : 0
    #inv-mem  : 0
  Max retries : 0
Thread 14
  #add        : 1394
    #added    : 730
  #remove     : 1412
    #removed  : 730
  #contains   : 25343
  #found      : 12887
  #aborts     : 0
    #lock-r   : 0
    #lock-w   : 0
    #val-r    : 0
    #val-w    : 0
    #val-c    : 0
    #inv-mem  : 0
  Max retries : 0
Thread 15
  #add        : 1336
    #added    : 678
  #remove     : 1332
    #removed  : 678
  #contains   : 24066
  #found      : 12216
  #aborts     : 0
    #lock-r   : 0
    #lock-w   : 0
    #val-r    : 0
    #val-w    : 0
    #val-c    : 0
    #inv-mem  : 0
  Max retries : 0
Set size      : 1007 (expected: 1007)
Duration      : 5000 (ms)
#txs          : 443769 (88753.800000 / s)
#read txs     : 399480 (79896.000000 / s)
#eff. upd rate: 5.058713 
#update txs   : 44289 (8857.800000 / s)
#aborts       : 0 (0.000000 / s)
  #lock-r     : 0 (0.000000 / s)
  #lock-w     : 0 (0.000000 / s)
  #val-r      : 0 (0.000000 / s)
  #val-w      : 0 (0.000000 / s)
  #val-c      : 0 (0.000000 / s)
  #inv-mem    : 0 (0.000000 / s)
Max retries   : 0
