Set type     : linked list
Length       : 5000
Initial size : 1000
Nb threads   : 8
Value range  : 2000
Seed         : 0
Update rate  : 90
Lock alg     : 1
Alternate    : 0
Effective    : 0
Type sizes   : int=4/long=8/ptr=8/word=8
Initializing STM
Adding 1000 entries to set
Set size     : 1000
Creating thread 0
Creating thread 1
Creating thread 2
Creating thread 3
Creating thread 4
Creating thread 5
Creating thread 6
Creating thread 7
STARTING...
STOPPING...
Thread 0
  #add        : 81202
    #added    : 40553
  #remove     : 80212
    #removed  : 40552
  #contains   : 17978
  #found      : 9121
  #aborts     : 0
    #lock-r   : 0
    #lock-w   : 0
    #val-r    : 0
    #val-w    : 0
    #val-c    : 0
    #inv-mem  : 0
  Max retries : 0
Thread 1
  #add        : 78249
    #added    : 39116
  #remove     : 78294
    #removed  : 39115
  #contains   : 17609
  #found      : 8898
  #aborts     : 0
    #lock-r   : 0
    #lock-w   : 0
    #val-r    : 0
    #val-w    : 0
    #val-c    : 0
    #inv-mem  : 0
  Max retries : 0
Thread 2
  #add        : 71256
    #added    : 35368
  #remove     : 70317
    #removed  : 35368
  #contains   : 15652
  #found      : 7828
  #aborts     : 0
    #lock-r   : 0
    #lock-w   : 0
    #val-r    : 0
    #val-w    : 0
    #val-c    : 0
    #inv-mem  : 0
  Max retries : 0
Thread 3
  #add        : 84425
    #added    : 42052
  #remove     : 83609
    #removed  : 42051
  #contains   : 18752
  #found      : 9503
  #aborts     : 0
    #lock-r   : 0
    #lock-w   : 0
    #val-r    : 0
    #val-w    : 0
    #val-c    : 0
    #inv-mem  : 0
  Max retries : 0
Thread 4
  #add        : 71659
    #added    : 35475
  #remove     : 70608
    #removed  : 35474
  #contains   : 15824
  #found      : 7892
  #aborts     : 0
    #lock-r   : 0
    #lock-w   : 0
    #val-r    : 0
    #val-w    : 0
    #val-c    : 0
    #inv-mem  : 0
  Max retries : 0
Thread 5
  #add        : 70390
    #added    : 35274
  #remove     : 70230
    #removed  : 35274
  #contains   : 15595
  #found      : 7930
  #aborts     : 0
    #lock-r   : 0
    #lock-w   : 0
    #val-r    : 0
    #val-w    : 0
    #val-c    : 0
    #inv-mem  : 0
  Max retries : 0
Thread 6
  #add        : 76787
    #added    : 38293
  #remove     : 76426
    #removed  : 38292
  #contains   : 16984
  #found      : 8454
  #aborts     : 0
    #lock-r   : 0
    #lock-w   : 0
    #val-r    : 0
    #val-w    : 0
    #val-c    : 0
    #inv-mem  : 0
  Max retries : 0
Thread 7
  #add        : 84512
    #added    : 41755
  #remove     : 83130
    #removed  : 41754
  #contains   : 18638
  #found      : 9356
  #aborts     : 0
    #lock-r   : 0
    #lock-w   : 0
    #val-r    : 0
    #val-w    : 0
    #val-c    : 0
    #inv-mem  : 0
  Max retries : 0
Set size      : 1006 (expected: 1006)
Duration      : 5000 (ms)
#txs          : 1368338 (273667.600000 / s)
#read txs     : 137032 (27406.400000 / s)
#eff. upd rate: 45.001016 
#update txs   : 1231306 (246261.200000 / s)
#aborts       : 0 (0.000000 / s)
  #lock-r     : 0 (0.000000 / s)
  #lock-w     : 0 (0.000000 / s)
  #val-r      : 0 (0.000000 / s)
  #val-w      : 0 (0.000000 / s)
  #val-c      : 0 (0.000000 / s)
  #inv-mem    : 0 (0.000000 / s)
Max retries   : 0
