Set type     : linked list
Length       : 5000
Initial size : 100
Nb threads   : 16
Value range  : 200
Seed         : 0
Update rate  : 10
Lock alg     : 1
Alternate    : 0
Effective    : 0
Type sizes   : int=4/long=8/ptr=8/word=8
Initializing STM
Adding 100 entries to set
Set size     : 100
Creating thread 0
Creating thread 1
Creating thread 2
Creating thread 3
Creating thread 4
Creating thread 5
Creating thread 6
Creating thread 7
Creating thread 8
Creating thread 9
Creating thread 10
Creating thread 11
Creating thread 12
Creating thread 13
Creating thread 14
Creating thread 15
STARTING...
STOPPING...
Thread 0
  #add        : 10658
    #added    : 4958
  #remove     : 9185
    #removed  : 4958
  #contains   : 177646
  #found      : 95735
  #aborts     : 0
    #lock-r   : 0
    #lock-w   : 0
    #val-r    : 0
    #val-w    : 0
    #val-c    : 0
    #inv-mem  : 0
  Max retries : 0
Thread 1
  #add        : 10357
    #added    : 4858
  #remove     : 9018
    #removed  : 4857
  #contains   : 175221
  #found      : 93979
  #aborts     : 0
    #lock-r   : 0
    #lock-w   : 0
    #val-r    : 0
    #val-w    : 0
    #val-c    : 0
    #inv-mem  : 0
  Max retries : 0
Thread 2
  #add        : 10657
    #added    : 4976
  #remove     : 9147
    #removed  : 4976
  #contains   : 178924
  #found      : 96186
  #aborts     : 0
    #lock-r   : 0
    #lock-w   : 0
    #val-r    : 0
    #val-w    : 0
    #val-c    : 0
    #inv-mem  : 0
  Max retries : 0
Thread 3
  #add        : 10803
    #added    : 5014
  #remove     : 9195
    #removed  : 5014
  #contains   : 180177
  #found      : 96937
  #aborts     : 0
    #lock-r   : 0
    #lock-w   : 0
    #val-r    : 0
    #val-w    : 0
    #val-c    : 0
    #inv-mem  : 0
  Max retries : 0
Thread 4
  #add        : 10457
    #added    : 4829
  #remove     : 9070
    #removed  : 4829
  #contains   : 175185
  #found      : 93959
  #aborts     : 0
    #lock-r   : 0
    #lock-w   : 0
    #val-r    : 0
    #val-w    : 0
    #val-c    : 0
    #inv-mem  : 0
  Max retries : 0
Thread 5
  #add        : 11088
    #added    : 5008
  #remove     : 9218
    #removed  : 5008
  #contains   : 182565
  #found      : 97939
  #aborts     : 0
    #lock-r   : 0
    #lock-w   : 0
    #val-r    : 0
    #val-w    : 0
    #val-c    : 0
    #inv-mem  : 0
  Max retries : 0
Thread 6
  #add        : 10597
    #added    : 4951
  #remove     : 9389
    #removed  : 4950
  #contains   : 179338
  #found      : 95853
  #aborts     : 0
    #lock-r   : 0
    #lock-w   : 0
    #val-r    : 0
    #val-w    : 0
    #val-c    : 0
    #inv-mem  : 0
  Max retries : 0
Thread 7
  #add        : 10801
    #added    : 5042
  #remove     : 9280
    #removed  : 5042
  #contains   : 177708
  #found      : 95070
  #aborts     : 0
    #lock-r   : 0
    #lock-w   : 0
    #val-r    : 0
    #val-w    : 0
    #val-c    : 0
    #inv-mem  : 0
  Max retries : 0
Thread 8
  #add        : 10915
    #added    : 5155
  #remove     : 9657
    #removed  : 5155
  #contains   : 185492
  #found      : 99931
  #aborts     : 0
    #lock-r   : 0
    #lock-w   : 0
    #val-r    : 0
    #val-w    : 0
    #val-c    : 0
    #inv-mem  : 0
  Max retries : 0
Thread 9
  #add        : 10345
    #added    : 4940
  #remove     : 9264
    #removed  : 4940
  #contains   : 178894
  #found      : 96060
  #aborts     : 0
    #lock-r   : 0
    #lock-w   : 0
    #val-r    : 0
    #val-w    : 0
    #val-c    : 0
    #inv-mem  : 0
  Max retries : 0
Thread 10
  #add        : 10633
    #added    : 4863
  #remove     : 9008
    #removed  : 4863
  #contains   : 177859
  #found      : 95387
  #aborts     : 0
    #lock-r   : 0
    #lock-w   : 0
    #val-r    : 0
    #val-w    : 0
    #val-c    : 0
    #inv-mem  : 0
  Max retries : 0
Thread 11
  #add        : 11129
    #added    : 5178
  #remove     : 9500
    #removed  : 5178
  #contains   : 188088
  #found      : 100743
  #aborts     : 0
    #lock-r   : 0
    #lock-w   : 0
    #val-r    : 0
    #val-w    : 0
    #val-c    : 0
    #inv-mem  : 0
  Max retries : 0
Thread 12
  #add        : 10673
    #added    : 4875
  #remove     : 8945
    #removed  : 4875
  #contains   : 177061
  #found      : 95499
  #aborts     : 0
    #lock-r   : 0
    #lock-w   : 0
    #val-r    : 0
    #val-w    : 0
    #val-c    : 0
    #inv-mem  : 0
  Max retries : 0
Thread 13
  #add        : 10815
    #added    : 5102
  #remove     : 9475
    #removed  : 5102
  #contains   : 182599
  #found      : 97970
  #aborts     : 0
    #lock-r   : 0
    #lock-w   : 0
    #val-r    : 0
    #val-w    : 0
    #val-c    : 0
    #inv-mem  : 0
  Max retries : 0
Thread 14
  #add        : 11025
    #added    : 5199
  #remove     : 9674
    #removed  : 5199
  #contains   : 184246
  #found      : 98890
  #aborts     : 0
    #lock-r   : 0
    #lock-w   : 0
    #val-r    : 0
    #val-w    : 0
    #val-c    : 0
    #inv-mem  : 0
  Max retries : 0
Thread 15
  #add        : 11309
    #added    : 5220
  #remove     : 9717
    #removed  : 5219
  #contains   : 188528
  #found      : 101587
  #aborts     : 0
    #lock-r   : 0
    #lock-w   : 0
    #val-r    : 0
    #val-w    : 0
    #val-c    : 0
    #inv-mem  : 0
  Max retries : 0
Set size      : 103 (expected: 103)
Duration      : 5000 (ms)
#txs          : 3210535 (642107.000000 / s)
#read txs     : 2889531 (577906.200000 / s)
#eff. upd rate: 4.993965 
#update txs   : 321004 (64200.800000 / s)
#aborts       : 0 (0.000000 / s)
  #lock-r     : 0 (0.000000 / s)
  #lock-w     : 0 (0.000000 / s)
  #val-r      : 0 (0.000000 / s)
  #val-w      : 0 (0.000000 / s)
  #val-c      : 0 (0.000000 / s)
  #inv-mem    : 0 (0.000000 / s)
Max retries   : 0
