Set type     : linked list
Length       : 5000
Initial size : 1000
Nb threads   : 16
Value range  : 2000
Seed         : 0
Update rate  : 20
Lock alg     : 1
Alternate    : 0
Effective    : 0
Type sizes   : int=4/long=8/ptr=8/word=8
Initializing STM
Adding 1000 entries to set
Set size     : 1000
Creating thread 0
Creating thread 1
Creating thread 2
Creating thread 3
Creating thread 4
Creating thread 5
Creating thread 6
Creating thread 7
Creating thread 8
Creating thread 9
Creating thread 10
Creating thread 11
Creating thread 12
Creating thread 13
Creating thread 14
Creating thread 15
STARTING...
STOPPING...
Thread 0
  #add        : 8904
    #added    : 4414
  #remove     : 8832
    #removed  : 4413
  #contains   : 70053
  #found      : 35012
  #aborts     : 0
    #lock-r   : 0
    #lock-w   : 0
    #val-r    : 0
    #val-w    : 0
    #val-c    : 0
    #inv-mem  : 0
  Max retries : 0
Thread 1
  #add        : 9006
    #added    : 4488
  #remove     : 9119
    #removed  : 4488
  #contains   : 71817
  #found      : 35996
  #aborts     : 0
    #lock-r   : 0
    #lock-w   : 0
    #val-r    : 0
    #val-w    : 0
    #val-c    : 0
    #inv-mem  : 0
  Max retries : 0
Thread 2
  #add        : 10160
    #added    : 4952
  #remove     : 9815
    #removed  : 4951
  #contains   : 79841
  #found      : 40299
  #aborts     : 0
    #lock-r   : 0
    #lock-w   : 0
    #val-r    : 0
    #val-w    : 0
    #val-c    : 0
    #inv-mem  : 0
  Max retries : 0
Thread 3
  #add        : 9897
    #added    : 4859
  #remove     : 9780
    #removed  : 4858
  #contains   : 79481
  #found      : 40011
  #aborts     : 0
    #lock-r   : 0
    #lock-w   : 0
    #val-r    : 0
    #val-w    : 0
    #val-c    : 0
    #inv-mem  : 0
  Max retries : 0
Thread 4
  #add        : 11680
    #added    : 5872
  #remove     : 11840
    #removed  : 5871
  #contains   : 94215
  #found      : 47463
  #aborts     : 0
    #lock-r   : 0
    #lock-w   : 0
    #val-r    : 0
    #val-w    : 0
    #val-c    : 0
    #inv-mem  : 0
  Max retries : 0
Thread 5
  #add        : 9607
    #added    : 4731
  #remove     : 9197
    #removed  : 4730
  #contains   : 74970
  #found      : 37855
  #aborts     : 0
    #lock-r   : 0
    #lock-w   : 0
    #val-r    : 0
    #val-w    : 0
    #val-c    : 0
    #inv-mem  : 0
  Max retries : 0
Thread 6
  #add        : 10328
    #added    : 5137
  #remove     : 10233
    #removed  : 5136
  #contains   : 82351
  #found      : 41605
  #aborts     : 0
    #lock-r   : 0
    #lock-w   : 0
    #val-r    : 0
    #val-w    : 0
    #val-c    : 0
    #inv-mem  : 0
  Max retries : 0
Thread 7
  #add        : 11558
    #added    : 5806
  #remove     : 11654
    #removed  : 5805
  #contains   : 92083
  #found      : 46482
  #aborts     : 0
    #lock-r   : 0
    #lock-w   : 0
    #val-r    : 0
    #val-w    : 0
    #val-c    : 0
    #inv-mem  : 0
  Max retries : 0
Thread 8
  #add        : 8319
    #added    : 4167
  #remove     : 8271
    #removed  : 4167
  #contains   : 65917
  #found      : 33338
  #aborts     : 0
    #lock-r   : 0
    #lock-w   : 0
    #val-r    : 0
    #val-w    : 0
    #val-c    : 0
    #inv-mem  : 0
  Max retries : 0
Thread 9
  #add        : 10496
    #added    : 5297
  #remove     : 10436
    #removed  : 5296
  #contains   : 83988
  #found      : 42498
  #aborts     : 0
    #lock-r   : 0
    #lock-w   : 0
    #val-r    : 0
    #val-w    : 0
    #val-c    : 0
    #inv-mem  : 0
  Max retries : 0
Thread 10
  #add        : 12196
    #added    : 6099
  #remove     : 12009
    #removed  : 6098
  #contains   : 95906
  #found      : 48367
  #aborts     : 0
    #lock-r   : 0
    #lock-w   : 0
    #val-r    : 0
    #val-w    : 0
    #val-c    : 0
    #inv-mem  : 0
  Max retries : 0
Thread 11
  #add        : 12127
    #added    : 5990
  #remove     : 11884
    #removed  : 5989
  #contains   : 95773
  #found      : 48379
  #aborts     : 0
    #lock-r   : 0
    #lock-w   : 0
    #val-r    : 0
    #val-w    : 0
    #val-c    : 0
    #inv-mem  : 0
  Max retries : 0
Thread 12
  #add        : 11467
    #added    : 5696
  #remove     : 11371
    #removed  : 5695
  #contains   : 92039
  #found      : 46187
  #aborts     : 0
    #lock-r   : 0
    #lock-w   : 0
    #val-r    : 0
    #val-w    : 0
    #val-c    : 0
    #inv-mem  : 0
  Max retries : 0
Thread 13
  #add        : 10441
    #added    : 5120
  #remove     : 10231
    #removed  : 5119
  #contains   : 81867
  #found      : 41365
  #aborts     : 0
    #lock-r   : 0
    #lock-w   : 0
    #val-r    : 0
    #val-w    : 0
    #val-c    : 0
    #inv-mem  : 0
  Max retries : 0
Thread 14
  #add        : 9427
    #added    : 4660
  #remove     : 9318
    #removed  : 4660
  #contains   : 76151
  #found      : 38276
  #aborts     : 0
    #lock-r   : 0
    #lock-w   : 0
    #val-r    : 0
    #val-w    : 0
    #val-c    : 0
    #inv-mem  : 0
  Max retries : 0
Thread 15
  #add        : 7451
    #added    : 3771
  #remove     : 7330
    #removed  : 3771
  #contains   : 59341
  #found      : 29844
  #aborts     : 0
    #lock-r   : 0
    #lock-w   : 0
    #val-r    : 0
    #val-w    : 0
    #val-c    : 0
    #inv-mem  : 0
  Max retries : 0
Set size      : 1012 (expected: 1012)
Duration      : 5000 (ms)
#txs          : 1620177 (324035.400000 / s)
#read txs     : 1295793 (259158.600000 / s)
#eff. upd rate: 10.005450 
#update txs   : 324384 (64876.800000 / s)
#aborts       : 0 (0.000000 / s)
  #lock-r     : 0 (0.000000 / s)
  #lock-w     : 0 (0.000000 / s)
  #val-r      : 0 (0.000000 / s)
  #val-w      : 0 (0.000000 / s)
  #val-c      : 0 (0.000000 / s)
  #inv-mem    : 0 (0.000000 / s)
Max retries   : 0
