Set type     : linked list
Length       : 5000
Initial size : 1000
Nb threads   : 4
Value range  : 2000
Seed         : 0
Update rate  : 25
Lock alg     : 1
Alternate    : 0
Effective    : 0
Type sizes   : int=4/long=8/ptr=8/word=8
Initializing STM
Adding 1000 entries to set
Set size     : 1000
Creating thread 0
Creating thread 1
Creating thread 2
Creating thread 3
STARTING...
STOPPING...
Thread 0
  #add        : 49229
    #added    : 24512
  #remove     : 48558
    #removed  : 24511
  #contains   : 293670
  #found      : 147274
  #aborts     : 0
    #lock-r   : 0
    #lock-w   : 0
    #val-r    : 0
    #val-w    : 0
    #val-c    : 0
    #inv-mem  : 0
  Max retries : 0
Thread 1
  #add        : 47982
    #added    : 24086
  #remove     : 48040
    #removed  : 24086
  #contains   : 289167
  #found      : 144687
  #aborts     : 0
    #lock-r   : 0
    #lock-w   : 0
    #val-r    : 0
    #val-w    : 0
    #val-c    : 0
    #inv-mem  : 0
  Max retries : 0
Thread 2
  #add        : 40674
    #added    : 20418
  #remove     : 40806
    #removed  : 20418
  #contains   : 245014
  #found      : 122653
  #aborts     : 0
    #lock-r   : 0
    #lock-w   : 0
    #val-r    : 0
    #val-w    : 0
    #val-c    : 0
    #inv-mem  : 0
  Max retries : 0
Thread 3
  #add        : 47364
    #added    : 23536
  #remove     : 46890
    #removed  : 23536
  #contains   : 281854
  #found      : 141443
  #aborts     : 0
    #lock-r   : 0
    #lock-w   : 0
    #val-r    : 0
    #val-w    : 0
    #val-c    : 0
    #inv-mem  : 0
  Max retries : 0
Set size      : 1001 (expected: 1001)
Duration      : 5000 (ms)
#txs          : 1479248 (295849.600000 / s)
#read txs     : 1109705 (221941.000000 / s)
#eff. upd rate: 12.513318 
#update txs   : 369543 (73908.600000 / s)
#aborts       : 0 (0.000000 / s)
  #lock-r     : 0 (0.000000 / s)
  #lock-w     : 0 (0.000000 / s)
  #val-r      : 0 (0.000000 / s)
  #val-w      : 0 (0.000000 / s)
  #val-c      : 0 (0.000000 / s)
  #inv-mem    : 0 (0.000000 / s)
Max retries   : 0
