Set type     : linked list
Length       : 5000
Initial size : 8000
Nb threads   : 16
Value range  : 16000
Seed         : 0
Update rate  : 60
Lock alg     : 1
Alternate    : 0
Effective    : 0
Type sizes   : int=4/long=8/ptr=8/word=8
Initializing STM
Adding 8000 entries to set
Set size     : 8000
Creating thread 0
Creating thread 1
Creating thread 2
Creating thread 3
Creating thread 4
Creating thread 5
Creating thread 6
Creating thread 7
Creating thread 8
Creating thread 9
Creating thread 10
Creating thread 11
Creating thread 12
Creating thread 13
Creating thread 14
Creating thread 15
STARTING...
STOPPING...
Thread 0
  #add        : 1820
    #added    : 933
  #remove     : 1864
    #removed  : 933
  #contains   : 2518
  #found      : 1238
  #aborts     : 0
    #lock-r   : 0
    #lock-w   : 0
    #val-r    : 0
    #val-w    : 0
    #val-c    : 0
    #inv-mem  : 0
  Max retries : 0
Thread 1
  #add        : 1885
    #added    : 956
  #remove     : 1890
    #removed  : 956
  #contains   : 2478
  #found      : 1262
  #aborts     : 0
    #lock-r   : 0
    #lock-w   : 0
    #val-r    : 0
    #val-w    : 0
    #val-c    : 0
    #inv-mem  : 0
  Max retries : 0
Thread 2
  #add        : 1828
    #added    : 929
  #remove     : 1847
    #removed  : 929
  #contains   : 2526
  #found      : 1251
  #aborts     : 0
    #lock-r   : 0
    #lock-w   : 0
    #val-r    : 0
    #val-w    : 0
    #val-c    : 0
    #inv-mem  : 0
  Max retries : 0
Thread 3
  #add        : 1920
    #added    : 949
  #remove     : 1801
    #removed  : 948
  #contains   : 2370
  #found      : 1202
  #aborts     : 0
    #lock-r   : 0
    #lock-w   : 0
    #val-r    : 0
    #val-w    : 0
    #val-c    : 0
    #inv-mem  : 0
  Max retries : 0
Thread 4
  #add        : 1261
    #added    : 644
  #remove     : 1302
    #removed  : 644
  #contains   : 1782
  #found      : 891
  #aborts     : 0
    #lock-r   : 0
    #lock-w   : 0
    #val-r    : 0
    #val-w    : 0
    #val-c    : 0
    #inv-mem  : 0
  Max retries : 0
Thread 5
  #add        : 1081
    #added    : 555
  #remove     : 1111
    #removed  : 554
  #contains   : 1522
  #found      : 723
  #aborts     : 0
    #lock-r   : 0
    #lock-w   : 0
    #val-r    : 0
    #val-w    : 0
    #val-c    : 0
    #inv-mem  : 0
  Max retries : 0
Thread 6
  #add        : 1291
    #added    : 658
  #remove     : 1314
    #removed  : 658
  #contains   : 1798
  #found      : 934
  #aborts     : 0
    #lock-r   : 0
    #lock-w   : 0
    #val-r    : 0
    #val-w    : 0
    #val-c    : 0
    #inv-mem  : 0
  Max retries : 0
Thread 7
  #add        : 1212
    #added    : 590
  #remove     : 1138
    #removed  : 590
  #contains   : 1653
  #found      : 797
  #aborts     : 0
    #lock-r   : 0
    #lock-w   : 0
    #val-r    : 0
    #val-w    : 0
    #val-c    : 0
    #inv-mem  : 0
  Max retries : 0
Thread 8
  #add        : 1396
    #added    : 699
  #remove     : 1399
    #removed  : 699
  #contains   : 1905
  #found      : 950
  #aborts     : 0
    #lock-r   : 0
    #lock-w   : 0
    #val-r    : 0
    #val-w    : 0
    #val-c    : 0
    #inv-mem  : 0
  Max retries : 0
Thread 9
  #add        : 1951
    #added    : 984
  #remove     : 1966
    #removed  : 983
  #contains   : 2652
  #found      : 1321
  #aborts     : 0
    #lock-r   : 0
    #lock-w   : 0
    #val-r    : 0
    #val-w    : 0
    #val-c    : 0
    #inv-mem  : 0
  Max retries : 0
Thread 10
  #add        : 1760
    #added    : 888
  #remove     : 1792
    #removed  : 888
  #contains   : 2462
  #found      : 1223
  #aborts     : 0
    #lock-r   : 0
    #lock-w   : 0
    #val-r    : 0
    #val-w    : 0
    #val-c    : 0
    #inv-mem  : 0
  Max retries : 0
Thread 11
  #add        : 2178
    #added    : 1104
  #remove     : 2169
    #removed  : 1104
  #contains   : 3010
  #found      : 1484
  #aborts     : 0
    #lock-r   : 0
    #lock-w   : 0
    #val-r    : 0
    #val-w    : 0
    #val-c    : 0
    #inv-mem  : 0
  Max retries : 0
Thread 12
  #add        : 1223
    #added    : 656
  #remove     : 1333
    #removed  : 656
  #contains   : 1750
  #found      : 891
  #aborts     : 0
    #lock-r   : 0
    #lock-w   : 0
    #val-r    : 0
    #val-w    : 0
    #val-c    : 0
    #inv-mem  : 0
  Max retries : 0
Thread 13
  #add        : 1572
    #added    : 787
  #remove     : 1628
    #removed  : 786
  #contains   : 2145
  #found      : 1069
  #aborts     : 0
    #lock-r   : 0
    #lock-w   : 0
    #val-r    : 0
    #val-w    : 0
    #val-c    : 0
    #inv-mem  : 0
  Max retries : 0
Thread 14
  #add        : 1633
    #added    : 804
  #remove     : 1655
    #removed  : 803
  #contains   : 2209
  #found      : 1054
  #aborts     : 0
    #lock-r   : 0
    #lock-w   : 0
    #val-r    : 0
    #val-w    : 0
    #val-c    : 0
    #inv-mem  : 0
  Max retries : 0
Thread 15
  #add        : 1606
    #added    : 779
  #remove     : 1506
    #removed  : 778
  #contains   : 2019
  #found      : 1020
  #aborts     : 0
    #lock-r   : 0
    #lock-w   : 0
    #val-r    : 0
    #val-w    : 0
    #val-c    : 0
    #inv-mem  : 0
  Max retries : 0
Set size      : 8006 (expected: 8006)
Duration      : 5000 (ms)
#txs          : 86131 (17226.200000 / s)
#read txs     : 34799 (6959.800000 / s)
#eff. upd rate: 29.982236 
#update txs   : 51332 (10266.400000 / s)
#aborts       : 0 (0.000000 / s)
  #lock-r     : 0 (0.000000 / s)
  #lock-w     : 0 (0.000000 / s)
  #val-r      : 0 (0.000000 / s)
  #val-w      : 0 (0.000000 / s)
  #val-c      : 0 (0.000000 / s)
  #inv-mem    : 0 (0.000000 / s)
Max retries   : 0
