Set type     : linked list
Length       : 5000
Initial size : 100
Nb threads   : 16
Value range  : 200
Seed         : 0
Update rate  : 90
Lock alg     : 1
Alternate    : 0
Effective    : 0
Type sizes   : int=4/long=8/ptr=8/word=8
Initializing STM
Adding 100 entries to set
Set size     : 100
Creating thread 0
Creating thread 1
Creating thread 2
Creating thread 3
Creating thread 4
Creating thread 5
Creating thread 6
Creating thread 7
Creating thread 8
Creating thread 9
Creating thread 10
Creating thread 11
Creating thread 12
Creating thread 13
Creating thread 14
Creating thread 15
STARTING...
STOPPING...
Thread 0
  #add        : 482546
    #added    : 224452
  #remove     : 416261
    #removed  : 224452
  #contains   : 99268
  #found      : 53503
  #aborts     : 0
    #lock-r   : 0
    #lock-w   : 0
    #val-r    : 0
    #val-w    : 0
    #val-c    : 0
    #inv-mem  : 0
  Max retries : 0
Thread 1
  #add        : 526453
    #added    : 245207
  #remove     : 455094
    #removed  : 245206
  #contains   : 108724
  #found      : 58374
  #aborts     : 0
    #lock-r   : 0
    #lock-w   : 0
    #val-r    : 0
    #val-w    : 0
    #val-c    : 0
    #inv-mem  : 0
  Max retries : 0
Thread 2
  #add        : 527221
    #added    : 246074
  #remove     : 457380
    #removed  : 246074
  #contains   : 109643
  #found      : 58748
  #aborts     : 0
    #lock-r   : 0
    #lock-w   : 0
    #val-r    : 0
    #val-w    : 0
    #val-c    : 0
    #inv-mem  : 0
  Max retries : 0
Thread 3
  #add        : 354386
    #added    : 166318
  #remove     : 310228
    #removed  : 166317
  #contains   : 74055
  #found      : 39727
  #aborts     : 0
    #lock-r   : 0
    #lock-w   : 0
    #val-r    : 0
    #val-w    : 0
    #val-c    : 0
    #inv-mem  : 0
  Max retries : 0
Thread 4
  #add        : 377858
    #added    : 176687
  #remove     : 328392
    #removed  : 176686
  #contains   : 78242
  #found      : 42106
  #aborts     : 0
    #lock-r   : 0
    #lock-w   : 0
    #val-r    : 0
    #val-w    : 0
    #val-c    : 0
    #inv-mem  : 0
  Max retries : 0
Thread 5
  #add        : 382757
    #added    : 178343
  #remove     : 330808
    #removed  : 178342
  #contains   : 79227
  #found      : 42556
  #aborts     : 0
    #lock-r   : 0
    #lock-w   : 0
    #val-r    : 0
    #val-w    : 0
    #val-c    : 0
    #inv-mem  : 0
  Max retries : 0
Thread 6
  #add        : 392585
    #added    : 183019
  #remove     : 340343
    #removed  : 183018
  #contains   : 82183
  #found      : 43870
  #aborts     : 0
    #lock-r   : 0
    #lock-w   : 0
    #val-r    : 0
    #val-w    : 0
    #val-c    : 0
    #inv-mem  : 0
  Max retries : 0
Thread 7
  #add        : 504472
    #added    : 236140
  #remove     : 440121
    #removed  : 236139
  #contains   : 104743
  #found      : 56244
  #aborts     : 0
    #lock-r   : 0
    #lock-w   : 0
    #val-r    : 0
    #val-w    : 0
    #val-c    : 0
    #inv-mem  : 0
  Max retries : 0
Thread 8
  #add        : 638585
    #added    : 298360
  #remove     : 555760
    #removed  : 298360
  #contains   : 132771
  #found      : 71081
  #aborts     : 0
    #lock-r   : 0
    #lock-w   : 0
    #val-r    : 0
    #val-w    : 0
    #val-c    : 0
    #inv-mem  : 0
  Max retries : 0
Thread 9
  #add        : 516572
    #added    : 239589
  #remove     : 443506
    #removed  : 239589
  #contains   : 106189
  #found      : 56897
  #aborts     : 0
    #lock-r   : 0
    #lock-w   : 0
    #val-r    : 0
    #val-w    : 0
    #val-c    : 0
    #inv-mem  : 0
  Max retries : 0
Thread 10
  #add        : 490640
    #added    : 227492
  #remove     : 421671
    #removed  : 227491
  #contains   : 100862
  #found      : 54813
  #aborts     : 0
    #lock-r   : 0
    #lock-w   : 0
    #val-r    : 0
    #val-w    : 0
    #val-c    : 0
    #inv-mem  : 0
  Max retries : 0
Thread 11
  #add        : 498893
    #added    : 232380
  #remove     : 431220
    #removed  : 232379
  #contains   : 103314
  #found      : 55662
  #aborts     : 0
    #lock-r   : 0
    #lock-w   : 0
    #val-r    : 0
    #val-w    : 0
    #val-c    : 0
    #inv-mem  : 0
  Max retries : 0
Thread 12
  #add        : 373959
    #added    : 174405
  #remove     : 324082
    #removed  : 174405
  #contains   : 77599
  #found      : 41579
  #aborts     : 0
    #lock-r   : 0
    #lock-w   : 0
    #val-r    : 0
    #val-w    : 0
    #val-c    : 0
    #inv-mem  : 0
  Max retries : 0
Thread 13
  #add        : 461173
    #added    : 214466
  #remove     : 398346
    #removed  : 214466
  #contains   : 95598
  #found      : 51388
  #aborts     : 0
    #lock-r   : 0
    #lock-w   : 0
    #val-r    : 0
    #val-w    : 0
    #val-c    : 0
    #inv-mem  : 0
  Max retries : 0
Thread 14
  #add        : 473036
    #added    : 219950
  #remove     : 407880
    #removed  : 219949
  #contains   : 97603
  #found      : 52350
  #aborts     : 0
    #lock-r   : 0
    #lock-w   : 0
    #val-r    : 0
    #val-w    : 0
    #val-c    : 0
    #inv-mem  : 0
  Max retries : 0
Thread 15
  #add        : 626118
    #added    : 290488
  #remove     : 537109
    #removed  : 290487
  #contains   : 128952
  #found      : 69360
  #aborts     : 0
    #lock-r   : 0
    #lock-w   : 0
    #val-r    : 0
    #val-w    : 0
    #val-c    : 0
    #inv-mem  : 0
  Max retries : 0
Set size      : 110 (expected: 110)
Duration      : 5000 (ms)
#txs          : 15804428 (3160885.600000 / s)
#read txs     : 1578973 (315794.600000 / s)
#eff. upd rate: 44.966702 
#update txs   : 14225455 (2845091.000000 / s)
#aborts       : 0 (0.000000 / s)
  #lock-r     : 0 (0.000000 / s)
  #lock-w     : 0 (0.000000 / s)
  #val-r      : 0 (0.000000 / s)
  #val-w      : 0 (0.000000 / s)
  #val-c      : 0 (0.000000 / s)
  #inv-mem    : 0 (0.000000 / s)
Max retries   : 0
