Set type     : linked list
Length       : 5000
Initial size : 8000
Nb threads   : 16
Value range  : 16000
Seed         : 0
Update rate  : 70
Lock alg     : 1
Alternate    : 0
Effective    : 0
Type sizes   : int=4/long=8/ptr=8/word=8
Initializing STM
Adding 8000 entries to set
Set size     : 8000
Creating thread 0
Creating thread 1
Creating thread 2
Creating thread 3
Creating thread 4
Creating thread 5
Creating thread 6
Creating thread 7
Creating thread 8
Creating thread 9
Creating thread 10
Creating thread 11
Creating thread 12
Creating thread 13
Creating thread 14
Creating thread 15
STARTING...
STOPPING...
Thread 0
  #add        : 1592
    #added    : 803
  #remove     : 1678
    #removed  : 802
  #contains   : 1381
  #found      : 698
  #aborts     : 0
    #lock-r   : 0
    #lock-w   : 0
    #val-r    : 0
    #val-w    : 0
    #val-c    : 0
    #inv-mem  : 0
  Max retries : 0
Thread 1
  #add        : 1483
    #added    : 716
  #remove     : 1468
    #removed  : 716
  #contains   : 1331
  #found      : 677
  #aborts     : 0
    #lock-r   : 0
    #lock-w   : 0
    #val-r    : 0
    #val-w    : 0
    #val-c    : 0
    #inv-mem  : 0
  Max retries : 0
Thread 2
  #add        : 2191
    #added    : 1078
  #remove     : 2189
    #removed  : 1078
  #contains   : 1865
  #found      : 920
  #aborts     : 0
    #lock-r   : 0
    #lock-w   : 0
    #val-r    : 0
    #val-w    : 0
    #val-c    : 0
    #inv-mem  : 0
  Max retries : 0
Thread 3
  #add        : 2168
    #added    : 1050
  #remove     : 2115
    #removed  : 1050
  #contains   : 1815
  #found      : 906
  #aborts     : 0
    #lock-r   : 0
    #lock-w   : 0
    #val-r    : 0
    #val-w    : 0
    #val-c    : 0
    #inv-mem  : 0
  Max retries : 0
Thread 4
  #add        : 2000
    #added    : 990
  #remove     : 1990
    #removed  : 990
  #contains   : 1730
  #found      : 852
  #aborts     : 0
    #lock-r   : 0
    #lock-w   : 0
    #val-r    : 0
    #val-w    : 0
    #val-c    : 0
    #inv-mem  : 0
  Max retries : 0
Thread 5
  #add        : 2350
    #added    : 1182
  #remove     : 2385
    #removed  : 1182
  #contains   : 1942
  #found      : 954
  #aborts     : 0
    #lock-r   : 0
    #lock-w   : 0
    #val-r    : 0
    #val-w    : 0
    #val-c    : 0
    #inv-mem  : 0
  Max retries : 0
Thread 6
  #add        : 2240
    #added    : 1118
  #remove     : 2224
    #removed  : 1118
  #contains   : 1928
  #found      : 992
  #aborts     : 0
    #lock-r   : 0
    #lock-w   : 0
    #val-r    : 0
    #val-w    : 0
    #val-c    : 0
    #inv-mem  : 0
  Max retries : 0
Thread 7
  #add        : 1711
    #added    : 876
  #remove     : 1779
    #removed  : 875
  #contains   : 1556
  #found      : 795
  #aborts     : 0
    #lock-r   : 0
    #lock-w   : 0
    #val-r    : 0
    #val-w    : 0
    #val-c    : 0
    #inv-mem  : 0
  Max retries : 0
Thread 8
  #add        : 2090
    #added    : 1090
  #remove     : 2164
    #removed  : 1090
  #contains   : 1859
  #found      : 938
  #aborts     : 0
    #lock-r   : 0
    #lock-w   : 0
    #val-r    : 0
    #val-w    : 0
    #val-c    : 0
    #inv-mem  : 0
  Max retries : 0
Thread 9
  #add        : 2335
    #added    : 1176
  #remove     : 2315
    #removed  : 1176
  #contains   : 1986
  #found      : 1010
  #aborts     : 0
    #lock-r   : 0
    #lock-w   : 0
    #val-r    : 0
    #val-w    : 0
    #val-c    : 0
    #inv-mem  : 0
  Max retries : 0
Thread 10
  #add        : 1834
    #added    : 952
  #remove     : 1954
    #removed  : 951
  #contains   : 1553
  #found      : 781
  #aborts     : 0
    #lock-r   : 0
    #lock-w   : 0
    #val-r    : 0
    #val-w    : 0
    #val-c    : 0
    #inv-mem  : 0
  Max retries : 0
Thread 11
  #add        : 2581
    #added    : 1257
  #remove     : 2514
    #removed  : 1257
  #contains   : 2144
  #found      : 1085
  #aborts     : 0
    #lock-r   : 0
    #lock-w   : 0
    #val-r    : 0
    #val-w    : 0
    #val-c    : 0
    #inv-mem  : 0
  Max retries : 0
Thread 12
  #add        : 1835
    #added    : 941
  #remove     : 1927
    #removed  : 940
  #contains   : 1609
  #found      : 799
  #aborts     : 0
    #lock-r   : 0
    #lock-w   : 0
    #val-r    : 0
    #val-w    : 0
    #val-c    : 0
    #inv-mem  : 0
  Max retries : 0
Thread 13
  #add        : 2120
    #added    : 1064
  #remove     : 2143
    #removed  : 1063
  #contains   : 1847
  #found      : 924
  #aborts     : 0
    #lock-r   : 0
    #lock-w   : 0
    #val-r    : 0
    #val-w    : 0
    #val-c    : 0
    #inv-mem  : 0
  Max retries : 0
Thread 14
  #add        : 826
    #added    : 413
  #remove     : 840
    #removed  : 412
  #contains   : 740
  #found      : 373
  #aborts     : 0
    #lock-r   : 0
    #lock-w   : 0
    #val-r    : 0
    #val-w    : 0
    #val-c    : 0
    #inv-mem  : 0
  Max retries : 0
Thread 15
  #add        : 1987
    #added    : 1022
  #remove     : 2024
    #removed  : 1022
  #contains   : 1705
  #found      : 892
  #aborts     : 0
    #lock-r   : 0
    #lock-w   : 0
    #val-r    : 0
    #val-w    : 0
    #val-c    : 0
    #inv-mem  : 0
  Max retries : 0
Set size      : 8006 (expected: 8006)
Duration      : 5000 (ms)
#txs          : 90043 (18008.600000 / s)
#read txs     : 26991 (5398.200000 / s)
#eff. upd rate: 34.927757 
#update txs   : 63052 (12610.400000 / s)
#aborts       : 0 (0.000000 / s)
  #lock-r     : 0 (0.000000 / s)
  #lock-w     : 0 (0.000000 / s)
  #val-r      : 0 (0.000000 / s)
  #val-w      : 0 (0.000000 / s)
  #val-c      : 0 (0.000000 / s)
  #inv-mem    : 0 (0.000000 / s)
Max retries   : 0
