Set type     : linked list
Length       : 5000
Initial size : 100
Nb threads   : 16
Value range  : 200
Seed         : 0
Update rate  : 20
Lock alg     : 1
Alternate    : 0
Effective    : 0
Type sizes   : int=4/long=8/ptr=8/word=8
Initializing STM
Adding 100 entries to set
Set size     : 100
Creating thread 0
Creating thread 1
Creating thread 2
Creating thread 3
Creating thread 4
Creating thread 5
Creating thread 6
Creating thread 7
Creating thread 8
Creating thread 9
Creating thread 10
Creating thread 11
Creating thread 12
Creating thread 13
Creating thread 14
Creating thread 15
STARTING...
STOPPING...
Thread 0
  #add        : 19601
    #added    : 9140
  #remove     : 16953
    #removed  : 9140
  #contains   : 145064
  #found      : 77966
  #aborts     : 0
    #lock-r   : 0
    #lock-w   : 0
    #val-r    : 0
    #val-w    : 0
    #val-c    : 0
    #inv-mem  : 0
  Max retries : 0
Thread 1
  #add        : 18926
    #added    : 8721
  #remove     : 16263
    #removed  : 8721
  #contains   : 141472
  #found      : 76003
  #aborts     : 0
    #lock-r   : 0
    #lock-w   : 0
    #val-r    : 0
    #val-w    : 0
    #val-c    : 0
    #inv-mem  : 0
  Max retries : 0
Thread 2
  #add        : 20513
    #added    : 9558
  #remove     : 17742
    #removed  : 9558
  #contains   : 152450
  #found      : 81883
  #aborts     : 0
    #lock-r   : 0
    #lock-w   : 0
    #val-r    : 0
    #val-w    : 0
    #val-c    : 0
    #inv-mem  : 0
  Max retries : 0
Thread 3
  #add        : 19675
    #added    : 9198
  #remove     : 17000
    #removed  : 9198
  #contains   : 144839
  #found      : 77797
  #aborts     : 0
    #lock-r   : 0
    #lock-w   : 0
    #val-r    : 0
    #val-w    : 0
    #val-c    : 0
    #inv-mem  : 0
  Max retries : 0
Thread 4
  #add        : 20831
    #added    : 9612
  #remove     : 17685
    #removed  : 9611
  #contains   : 154504
  #found      : 83139
  #aborts     : 0
    #lock-r   : 0
    #lock-w   : 0
    #val-r    : 0
    #val-w    : 0
    #val-c    : 0
    #inv-mem  : 0
  Max retries : 0
Thread 5
  #add        : 20775
    #added    : 9728
  #remove     : 17796
    #removed  : 9728
  #contains   : 153665
  #found      : 82510
  #aborts     : 0
    #lock-r   : 0
    #lock-w   : 0
    #val-r    : 0
    #val-w    : 0
    #val-c    : 0
    #inv-mem  : 0
  Max retries : 0
Thread 6
  #add        : 20726
    #added    : 9559
  #remove     : 17585
    #removed  : 9558
  #contains   : 153619
  #found      : 82153
  #aborts     : 0
    #lock-r   : 0
    #lock-w   : 0
    #val-r    : 0
    #val-w    : 0
    #val-c    : 0
    #inv-mem  : 0
  Max retries : 0
Thread 7
  #add        : 19331
    #added    : 9002
  #remove     : 16540
    #removed  : 9002
  #contains   : 143944
  #found      : 77179
  #aborts     : 0
    #lock-r   : 0
    #lock-w   : 0
    #val-r    : 0
    #val-w    : 0
    #val-c    : 0
    #inv-mem  : 0
  Max retries : 0
Thread 8
  #add        : 19587
    #added    : 9113
  #remove     : 17113
    #removed  : 9113
  #contains   : 147168
  #found      : 79186
  #aborts     : 0
    #lock-r   : 0
    #lock-w   : 0
    #val-r    : 0
    #val-w    : 0
    #val-c    : 0
    #inv-mem  : 0
  Max retries : 0
Thread 9
  #add        : 19281
    #added    : 8964
  #remove     : 16655
    #removed  : 8963
  #contains   : 144332
  #found      : 77338
  #aborts     : 0
    #lock-r   : 0
    #lock-w   : 0
    #val-r    : 0
    #val-w    : 0
    #val-c    : 0
    #inv-mem  : 0
  Max retries : 0
Thread 10
  #add        : 19551
    #added    : 9097
  #remove     : 16914
    #removed  : 9096
  #contains   : 146078
  #found      : 78414
  #aborts     : 0
    #lock-r   : 0
    #lock-w   : 0
    #val-r    : 0
    #val-w    : 0
    #val-c    : 0
    #inv-mem  : 0
  Max retries : 0
Thread 11
  #add        : 19900
    #added    : 9197
  #remove     : 16863
    #removed  : 9196
  #contains   : 146932
  #found      : 79072
  #aborts     : 0
    #lock-r   : 0
    #lock-w   : 0
    #val-r    : 0
    #val-w    : 0
    #val-c    : 0
    #inv-mem  : 0
  Max retries : 0
Thread 12
  #add        : 20223
    #added    : 9493
  #remove     : 17686
    #removed  : 9492
  #contains   : 150859
  #found      : 81182
  #aborts     : 0
    #lock-r   : 0
    #lock-w   : 0
    #val-r    : 0
    #val-w    : 0
    #val-c    : 0
    #inv-mem  : 0
  Max retries : 0
Thread 13
  #add        : 19748
    #added    : 9307
  #remove     : 17236
    #removed  : 9307
  #contains   : 147931
  #found      : 79636
  #aborts     : 0
    #lock-r   : 0
    #lock-w   : 0
    #val-r    : 0
    #val-w    : 0
    #val-c    : 0
    #inv-mem  : 0
  Max retries : 0
Thread 14
  #add        : 20723
    #added    : 9633
  #remove     : 17847
    #removed  : 9632
  #contains   : 155673
  #found      : 83485
  #aborts     : 0
    #lock-r   : 0
    #lock-w   : 0
    #val-r    : 0
    #val-w    : 0
    #val-c    : 0
    #inv-mem  : 0
  Max retries : 0
Thread 15
  #add        : 19927
    #added    : 9258
  #remove     : 17250
    #removed  : 9257
  #contains   : 148770
  #found      : 79812
  #aborts     : 0
    #lock-r   : 0
    #lock-w   : 0
    #val-r    : 0
    #val-w    : 0
    #val-c    : 0
    #inv-mem  : 0
  Max retries : 0
Set size      : 108 (expected: 108)
Duration      : 5000 (ms)
#txs          : 2971746 (594349.200000 / s)
#read txs     : 2377300 (475460.000000 / s)
#eff. upd rate: 9.999240 
#update txs   : 594446 (118889.200000 / s)
#aborts       : 0 (0.000000 / s)
  #lock-r     : 0 (0.000000 / s)
  #lock-w     : 0 (0.000000 / s)
  #val-r      : 0 (0.000000 / s)
  #val-w      : 0 (0.000000 / s)
  #val-c      : 0 (0.000000 / s)
  #inv-mem    : 0 (0.000000 / s)
Max retries   : 0
