Set type     : linked list
Length       : 5000
Initial size : 100
Nb threads   : 1
Value range  : 200
Seed         : 0
Update rate  : 90
Lock alg     : 1
Alternate    : 0
Effective    : 0
Type sizes   : int=4/long=8/ptr=8/word=8
Initializing STM
Adding 100 entries to set
Set size     : 100
Creating thread 0
STARTING...
STOPPING...
Thread 0
  #add        : 23937740
    #added    : 11970824
  #remove     : 23698064
    #removed  : 11970824
  #contains   : 5291407
  #found      : 2657909
  #aborts     : 0
    #lock-r   : 0
    #lock-w   : 0
    #val-r    : 0
    #val-w    : 0
    #val-c    : 0
    #inv-mem  : 0
  Max retries : 0
Set size      : 100 (expected: 100)
Duration      : 5001 (ms)
#txs          : 52927211 (10583325.534893 / s)
#read txs     : 5291407 (1058069.786043 / s)
#eff. upd rate: 45.235046 
#update txs   : 47635804 (9525255.748850 / s)
#aborts       : 0 (0.000000 / s)
  #lock-r     : 0 (0.000000 / s)
  #lock-w     : 0 (0.000000 / s)
  #val-r      : 0 (0.000000 / s)
  #val-w      : 0 (0.000000 / s)
  #val-c      : 0 (0.000000 / s)
  #inv-mem    : 0 (0.000000 / s)
Max retries   : 0
