Set type     : linked list
Length       : 5000
Initial size : 8000
Nb threads   : 8
Value range  : 16000
Seed         : 0
Update rate  : 10
Lock alg     : 1
Alternate    : 0
Effective    : 0
Type sizes   : int=4/long=8/ptr=8/word=8
Initializing STM
Adding 8000 entries to set
Set size     : 8000
Creating thread 0
Creating thread 1
Creating thread 2
Creating thread 3
Creating thread 4
Creating thread 5
Creating thread 6
Creating thread 7
STARTING...
STOPPING...
Thread 0
  #add        : 359
    #added    : 187
  #remove     : 394
    #removed  : 186
  #contains   : 7154
  #found      : 3551
  #aborts     : 0
    #lock-r   : 0
    #lock-w   : 0
    #val-r    : 0
    #val-w    : 0
    #val-c    : 0
    #inv-mem  : 0
  Max retries : 0
Thread 1
  #add        : 416
    #added    : 215
  #remove     : 444
    #removed  : 215
  #contains   : 7887
  #found      : 3857
  #aborts     : 0
    #lock-r   : 0
    #lock-w   : 0
    #val-r    : 0
    #val-w    : 0
    #val-c    : 0
    #inv-mem  : 0
  Max retries : 0
Thread 2
  #add        : 410
    #added    : 225
  #remove     : 425
    #removed  : 224
  #contains   : 7840
  #found      : 3857
  #aborts     : 0
    #lock-r   : 0
    #lock-w   : 0
    #val-r    : 0
    #val-w    : 0
    #val-c    : 0
    #inv-mem  : 0
  Max retries : 0
Thread 3
  #add        : 402
    #added    : 205
  #remove     : 424
    #removed  : 204
  #contains   : 7187
  #found      : 3628
  #aborts     : 0
    #lock-r   : 0
    #lock-w   : 0
    #val-r    : 0
    #val-w    : 0
    #val-c    : 0
    #inv-mem  : 0
  Max retries : 0
Thread 4
  #add        : 389
    #added    : 202
  #remove     : 407
    #removed  : 202
  #contains   : 7352
  #found      : 3703
  #aborts     : 0
    #lock-r   : 0
    #lock-w   : 0
    #val-r    : 0
    #val-w    : 0
    #val-c    : 0
    #inv-mem  : 0
  Max retries : 0
Thread 5
  #add        : 533
    #added    : 273
  #remove     : 529
    #removed  : 272
  #contains   : 9085
  #found      : 4512
  #aborts     : 0
    #lock-r   : 0
    #lock-w   : 0
    #val-r    : 0
    #val-w    : 0
    #val-c    : 0
    #inv-mem  : 0
  Max retries : 0
Thread 6
  #add        : 424
    #added    : 224
  #remove     : 444
    #removed  : 224
  #contains   : 8089
  #found      : 4026
  #aborts     : 0
    #lock-r   : 0
    #lock-w   : 0
    #val-r    : 0
    #val-w    : 0
    #val-c    : 0
    #inv-mem  : 0
  Max retries : 0
Thread 7
  #add        : 413
    #added    : 206
  #remove     : 422
    #removed  : 206
  #contains   : 7796
  #found      : 3805
  #aborts     : 0
    #lock-r   : 0
    #lock-w   : 0
    #val-r    : 0
    #val-w    : 0
    #val-c    : 0
    #inv-mem  : 0
  Max retries : 0
Set size      : 8004 (expected: 8004)
Duration      : 5000 (ms)
#txs          : 69225 (13845.000000 / s)
#read txs     : 62390 (12478.000000 / s)
#eff. upd rate: 5.012640 
#update txs   : 6835 (1367.000000 / s)
#aborts       : 0 (0.000000 / s)
  #lock-r     : 0 (0.000000 / s)
  #lock-w     : 0 (0.000000 / s)
  #val-r      : 0 (0.000000 / s)
  #val-w      : 0 (0.000000 / s)
  #val-c      : 0 (0.000000 / s)
  #inv-mem    : 0 (0.000000 / s)
Max retries   : 0
