Set type     : linked list
Length       : 5000
Initial size : 8000
Nb threads   : 8
Value range  : 16000
Seed         : 0
Update rate  : 45
Lock alg     : 1
Alternate    : 0
Effective    : 0
Type sizes   : int=4/long=8/ptr=8/word=8
Initializing STM
Adding 8000 entries to set
Set size     : 8000
Creating thread 0
Creating thread 1
Creating thread 2
Creating thread 3
Creating thread 4
Creating thread 5
Creating thread 6
Creating thread 7
STARTING...
STOPPING...
Thread 0
  #add        : 3260
    #added    : 1656
  #remove     : 3370
    #removed  : 1655
  #contains   : 7860
  #found      : 3921
  #aborts     : 0
    #lock-r   : 0
    #lock-w   : 0
    #val-r    : 0
    #val-w    : 0
    #val-c    : 0
    #inv-mem  : 0
  Max retries : 0
Thread 1
  #add        : 2939
    #added    : 1463
  #remove     : 3003
    #removed  : 1463
  #contains   : 7498
  #found      : 3737
  #aborts     : 0
    #lock-r   : 0
    #lock-w   : 0
    #val-r    : 0
    #val-w    : 0
    #val-c    : 0
    #inv-mem  : 0
  Max retries : 0
Thread 2
  #add        : 3676
    #added    : 1812
  #remove     : 3716
    #removed  : 1811
  #contains   : 9006
  #found      : 4494
  #aborts     : 0
    #lock-r   : 0
    #lock-w   : 0
    #val-r    : 0
    #val-w    : 0
    #val-c    : 0
    #inv-mem  : 0
  Max retries : 0
Thread 3
  #add        : 3182
    #added    : 1561
  #remove     : 3110
    #removed  : 1561
  #contains   : 7828
  #found      : 3918
  #aborts     : 0
    #lock-r   : 0
    #lock-w   : 0
    #val-r    : 0
    #val-w    : 0
    #val-c    : 0
    #inv-mem  : 0
  Max retries : 0
Thread 4
  #add        : 2730
    #added    : 1377
  #remove     : 2717
    #removed  : 1377
  #contains   : 6597
  #found      : 3298
  #aborts     : 0
    #lock-r   : 0
    #lock-w   : 0
    #val-r    : 0
    #val-w    : 0
    #val-c    : 0
    #inv-mem  : 0
  Max retries : 0
Thread 5
  #add        : 2721
    #added    : 1377
  #remove     : 2736
    #removed  : 1376
  #contains   : 6671
  #found      : 3284
  #aborts     : 0
    #lock-r   : 0
    #lock-w   : 0
    #val-r    : 0
    #val-w    : 0
    #val-c    : 0
    #inv-mem  : 0
  Max retries : 0
Thread 6
  #add        : 3246
    #added    : 1609
  #remove     : 3186
    #removed  : 1608
  #contains   : 7966
  #found      : 4032
  #aborts     : 0
    #lock-r   : 0
    #lock-w   : 0
    #val-r    : 0
    #val-w    : 0
    #val-c    : 0
    #inv-mem  : 0
  Max retries : 0
Thread 7
  #add        : 3337
    #added    : 1675
  #remove     : 3320
    #removed  : 1675
  #contains   : 8255
  #found      : 4074
  #aborts     : 0
    #lock-r   : 0
    #lock-w   : 0
    #val-r    : 0
    #val-w    : 0
    #val-c    : 0
    #inv-mem  : 0
  Max retries : 0
Set size      : 8004 (expected: 8004)
Duration      : 5000 (ms)
#txs          : 111930 (22386.000000 / s)
#read txs     : 61681 (12336.200000 / s)
#eff. upd rate: 22.385419 
#update txs   : 50249 (10049.800000 / s)
#aborts       : 0 (0.000000 / s)
  #lock-r     : 0 (0.000000 / s)
  #lock-w     : 0 (0.000000 / s)
  #val-r      : 0 (0.000000 / s)
  #val-w      : 0 (0.000000 / s)
  #val-c      : 0 (0.000000 / s)
  #inv-mem    : 0 (0.000000 / s)
Max retries   : 0
