Set type     : linked list
Length       : 5000
Initial size : 1000
Nb threads   : 1
Value range  : 2000
Seed         : 0
Update rate  : 25
Lock alg     : 1
Alternate    : 0
Effective    : 0
Type sizes   : int=4/long=8/ptr=8/word=8
Initializing STM
Adding 1000 entries to set
Set size     : 1000
Creating thread 0
STARTING...
STOPPING...
Thread 0
  #add        : 93610
    #added    : 46784
  #remove     : 93027
    #removed  : 46783
  #contains   : 559894
  #found      : 280535
  #aborts     : 0
    #lock-r   : 0
    #lock-w   : 0
    #val-r    : 0
    #val-w    : 0
    #val-c    : 0
    #inv-mem  : 0
  Max retries : 0
Set size      : 1001 (expected: 1001)
Duration      : 5000 (ms)
#txs          : 746531 (149306.200000 / s)
#read txs     : 559894 (111978.800000 / s)
#eff. upd rate: 12.533572 
#update txs   : 186637 (37327.400000 / s)
#aborts       : 0 (0.000000 / s)
  #lock-r     : 0 (0.000000 / s)
  #lock-w     : 0 (0.000000 / s)
  #val-r      : 0 (0.000000 / s)
  #val-w      : 0 (0.000000 / s)
  #val-c      : 0 (0.000000 / s)
  #inv-mem    : 0 (0.000000 / s)
Max retries   : 0
