Set type     : linked list
Length       : 5000
Initial size : 1000
Nb threads   : 16
Value range  : 2000
Seed         : 0
Update rate  : 65
Lock alg     : 1
Alternate    : 0
Effective    : 0
Type sizes   : int=4/long=8/ptr=8/word=8
Initializing STM
Adding 1000 entries to set
Set size     : 1000
Creating thread 0
Creating thread 1
Creating thread 2
Creating thread 3
Creating thread 4
Creating thread 5
Creating thread 6
Creating thread 7
Creating thread 8
Creating thread 9
Creating thread 10
Creating thread 11
Creating thread 12
Creating thread 13
Creating thread 14
Creating thread 15
STARTING...
STOPPING...
Thread 0
  #add        : 30381
    #added    : 15029
  #remove     : 29897
    #removed  : 15029
  #contains   : 32790
  #found      : 16485
  #aborts     : 0
    #lock-r   : 0
    #lock-w   : 0
    #val-r    : 0
    #val-w    : 0
    #val-c    : 0
    #inv-mem  : 0
  Max retries : 0
Thread 1
  #add        : 27841
    #added    : 13648
  #remove     : 27478
    #removed  : 13648
  #contains   : 29888
  #found      : 15216
  #aborts     : 0
    #lock-r   : 0
    #lock-w   : 0
    #val-r    : 0
    #val-w    : 0
    #val-c    : 0
    #inv-mem  : 0
  Max retries : 0
Thread 2
  #add        : 31419
    #added    : 15618
  #remove     : 30821
    #removed  : 15617
  #contains   : 33302
  #found      : 16720
  #aborts     : 0
    #lock-r   : 0
    #lock-w   : 0
    #val-r    : 0
    #val-w    : 0
    #val-c    : 0
    #inv-mem  : 0
  Max retries : 0
Thread 3
  #add        : 32157
    #added    : 16073
  #remove     : 32347
    #removed  : 16072
  #contains   : 34637
  #found      : 17333
  #aborts     : 0
    #lock-r   : 0
    #lock-w   : 0
    #val-r    : 0
    #val-w    : 0
    #val-c    : 0
    #inv-mem  : 0
  Max retries : 0
Thread 4
  #add        : 35439
    #added    : 17609
  #remove     : 35032
    #removed  : 17609
  #contains   : 37797
  #found      : 19001
  #aborts     : 0
    #lock-r   : 0
    #lock-w   : 0
    #val-r    : 0
    #val-w    : 0
    #val-c    : 0
    #inv-mem  : 0
  Max retries : 0
Thread 5
  #add        : 33491
    #added    : 16577
  #remove     : 33214
    #removed  : 16576
  #contains   : 35974
  #found      : 18166
  #aborts     : 0
    #lock-r   : 0
    #lock-w   : 0
    #val-r    : 0
    #val-w    : 0
    #val-c    : 0
    #inv-mem  : 0
  Max retries : 0
Thread 6
  #add        : 33045
    #added    : 16510
  #remove     : 32519
    #removed  : 16510
  #contains   : 35068
  #found      : 17671
  #aborts     : 0
    #lock-r   : 0
    #lock-w   : 0
    #val-r    : 0
    #val-w    : 0
    #val-c    : 0
    #inv-mem  : 0
  Max retries : 0
Thread 7
  #add        : 32059
    #added    : 16048
  #remove     : 31718
    #removed  : 16048
  #contains   : 34471
  #found      : 17454
  #aborts     : 0
    #lock-r   : 0
    #lock-w   : 0
    #val-r    : 0
    #val-w    : 0
    #val-c    : 0
    #inv-mem  : 0
  Max retries : 0
Thread 8
  #add        : 31147
    #added    : 15460
  #remove     : 30735
    #removed  : 15460
  #contains   : 33203
  #found      : 16596
  #aborts     : 0
    #lock-r   : 0
    #lock-w   : 0
    #val-r    : 0
    #val-w    : 0
    #val-c    : 0
    #inv-mem  : 0
  Max retries : 0
Thread 9
  #add        : 30151
    #added    : 15014
  #remove     : 30175
    #removed  : 15014
  #contains   : 32703
  #found      : 16392
  #aborts     : 0
    #lock-r   : 0
    #lock-w   : 0
    #val-r    : 0
    #val-w    : 0
    #val-c    : 0
    #inv-mem  : 0
  Max retries : 0
Thread 10
  #add        : 42053
    #added    : 20786
  #remove     : 41405
    #removed  : 20786
  #contains   : 44862
  #found      : 22745
  #aborts     : 0
    #lock-r   : 0
    #lock-w   : 0
    #val-r    : 0
    #val-w    : 0
    #val-c    : 0
    #inv-mem  : 0
  Max retries : 0
Thread 11
  #add        : 29548
    #added    : 14449
  #remove     : 28798
    #removed  : 14449
  #contains   : 31428
  #found      : 15878
  #aborts     : 0
    #lock-r   : 0
    #lock-w   : 0
    #val-r    : 0
    #val-w    : 0
    #val-c    : 0
    #inv-mem  : 0
  Max retries : 0
Thread 12
  #add        : 26741
    #added    : 13291
  #remove     : 26500
    #removed  : 13290
  #contains   : 28488
  #found      : 14307
  #aborts     : 0
    #lock-r   : 0
    #lock-w   : 0
    #val-r    : 0
    #val-w    : 0
    #val-c    : 0
    #inv-mem  : 0
  Max retries : 0
Thread 13
  #add        : 29894
    #added    : 14888
  #remove     : 29426
    #removed  : 14887
  #contains   : 32010
  #found      : 16104
  #aborts     : 0
    #lock-r   : 0
    #lock-w   : 0
    #val-r    : 0
    #val-w    : 0
    #val-c    : 0
    #inv-mem  : 0
  Max retries : 0
Thread 14
  #add        : 35882
    #added    : 17741
  #remove     : 35251
    #removed  : 17741
  #contains   : 38324
  #found      : 19302
  #aborts     : 0
    #lock-r   : 0
    #lock-w   : 0
    #val-r    : 0
    #val-w    : 0
    #val-c    : 0
    #inv-mem  : 0
  Max retries : 0
Thread 15
  #add        : 37268
    #added    : 18446
  #remove     : 36798
    #removed  : 18445
  #contains   : 39738
  #found      : 19970
  #aborts     : 0
    #lock-r   : 0
    #lock-w   : 0
    #val-r    : 0
    #val-w    : 0
    #val-c    : 0
    #inv-mem  : 0
  Max retries : 0
Set size      : 1006 (expected: 1006)
Duration      : 5000 (ms)
#txs          : 1585313 (317062.600000 / s)
#read txs     : 554683 (110936.600000 / s)
#eff. upd rate: 32.445832 
#update txs   : 1030630 (206126.000000 / s)
#aborts       : 0 (0.000000 / s)
  #lock-r     : 0 (0.000000 / s)
  #lock-w     : 0 (0.000000 / s)
  #val-r      : 0 (0.000000 / s)
  #val-w      : 0 (0.000000 / s)
  #val-c      : 0 (0.000000 / s)
  #inv-mem    : 0 (0.000000 / s)
Max retries   : 0
