Set type     : linked list
Length       : 5000
Initial size : 100
Nb threads   : 16
Value range  : 200
Seed         : 0
Update rate  : 50
Lock alg     : 1
Alternate    : 0
Effective    : 0
Type sizes   : int=4/long=8/ptr=8/word=8
Initializing STM
Adding 100 entries to set
Set size     : 100
Creating thread 0
Creating thread 1
Creating thread 2
Creating thread 3
Creating thread 4
Creating thread 5
Creating thread 6
Creating thread 7
Creating thread 8
Creating thread 9
Creating thread 10
Creating thread 11
Creating thread 12
Creating thread 13
Creating thread 14
Creating thread 15
STARTING...
STOPPING...
Thread 0
  #add        : 27033
    #added    : 12477
  #remove     : 22891
    #removed  : 12476
  #contains   : 49932
  #found      : 26974
  #aborts     : 0
    #lock-r   : 0
    #lock-w   : 0
    #val-r    : 0
    #val-w    : 0
    #val-c    : 0
    #inv-mem  : 0
  Max retries : 0
Thread 1
  #add        : 27342
    #added    : 12698
  #remove     : 23631
    #removed  : 12697
  #contains   : 50866
  #found      : 27096
  #aborts     : 0
    #lock-r   : 0
    #lock-w   : 0
    #val-r    : 0
    #val-w    : 0
    #val-c    : 0
    #inv-mem  : 0
  Max retries : 0
Thread 2
  #add        : 27260
    #added    : 12592
  #remove     : 23367
    #removed  : 12592
  #contains   : 50886
  #found      : 27334
  #aborts     : 0
    #lock-r   : 0
    #lock-w   : 0
    #val-r    : 0
    #val-w    : 0
    #val-c    : 0
    #inv-mem  : 0
  Max retries : 0
Thread 3
  #add        : 27607
    #added    : 12726
  #remove     : 23426
    #removed  : 12726
  #contains   : 50867
  #found      : 27268
  #aborts     : 0
    #lock-r   : 0
    #lock-w   : 0
    #val-r    : 0
    #val-w    : 0
    #val-c    : 0
    #inv-mem  : 0
  Max retries : 0
Thread 4
  #add        : 27120
    #added    : 12732
  #remove     : 23337
    #removed  : 12732
  #contains   : 50138
  #found      : 26870
  #aborts     : 0
    #lock-r   : 0
    #lock-w   : 0
    #val-r    : 0
    #val-w    : 0
    #val-c    : 0
    #inv-mem  : 0
  Max retries : 0
Thread 5
  #add        : 27781
    #added    : 13049
  #remove     : 24431
    #removed  : 13048
  #contains   : 51606
  #found      : 27783
  #aborts     : 0
    #lock-r   : 0
    #lock-w   : 0
    #val-r    : 0
    #val-w    : 0
    #val-c    : 0
    #inv-mem  : 0
  Max retries : 0
Thread 6
  #add        : 26569
    #added    : 12362
  #remove     : 22719
    #removed  : 12362
  #contains   : 49512
  #found      : 26563
  #aborts     : 0
    #lock-r   : 0
    #lock-w   : 0
    #val-r    : 0
    #val-w    : 0
    #val-c    : 0
    #inv-mem  : 0
  Max retries : 0
Thread 7
  #add        : 24660
    #added    : 11455
  #remove     : 21253
    #removed  : 11455
  #contains   : 45868
  #found      : 24559
  #aborts     : 0
    #lock-r   : 0
    #lock-w   : 0
    #val-r    : 0
    #val-w    : 0
    #val-c    : 0
    #inv-mem  : 0
  Max retries : 0
Thread 8
  #add        : 27014
    #added    : 12439
  #remove     : 23046
    #removed  : 12439
  #contains   : 50521
  #found      : 27181
  #aborts     : 0
    #lock-r   : 0
    #lock-w   : 0
    #val-r    : 0
    #val-w    : 0
    #val-c    : 0
    #inv-mem  : 0
  Max retries : 0
Thread 9
  #add        : 26524
    #added    : 12442
  #remove     : 23360
    #removed  : 12442
  #contains   : 49887
  #found      : 26896
  #aborts     : 0
    #lock-r   : 0
    #lock-w   : 0
    #val-r    : 0
    #val-w    : 0
    #val-c    : 0
    #inv-mem  : 0
  Max retries : 0
Thread 10
  #add        : 24755
    #added    : 11695
  #remove     : 21731
    #removed  : 11695
  #contains   : 46834
  #found      : 25198
  #aborts     : 0
    #lock-r   : 0
    #lock-w   : 0
    #val-r    : 0
    #val-w    : 0
    #val-c    : 0
    #inv-mem  : 0
  Max retries : 0
Thread 11
  #add        : 25206
    #added    : 11812
  #remove     : 21926
    #removed  : 11811
  #contains   : 46828
  #found      : 25276
  #aborts     : 0
    #lock-r   : 0
    #lock-w   : 0
    #val-r    : 0
    #val-w    : 0
    #val-c    : 0
    #inv-mem  : 0
  Max retries : 0
Thread 12
  #add        : 24982
    #added    : 11669
  #remove     : 21529
    #removed  : 11669
  #contains   : 46510
  #found      : 24982
  #aborts     : 0
    #lock-r   : 0
    #lock-w   : 0
    #val-r    : 0
    #val-w    : 0
    #val-c    : 0
    #inv-mem  : 0
  Max retries : 0
Thread 13
  #add        : 25110
    #added    : 11558
  #remove     : 21475
    #removed  : 11557
  #contains   : 46247
  #found      : 24666
  #aborts     : 0
    #lock-r   : 0
    #lock-w   : 0
    #val-r    : 0
    #val-w    : 0
    #val-c    : 0
    #inv-mem  : 0
  Max retries : 0
Thread 14
  #add        : 24714
    #added    : 11520
  #remove     : 21347
    #removed  : 11520
  #contains   : 46078
  #found      : 24708
  #aborts     : 0
    #lock-r   : 0
    #lock-w   : 0
    #val-r    : 0
    #val-w    : 0
    #val-c    : 0
    #inv-mem  : 0
  Max retries : 0
Thread 15
  #add        : 24645
    #added    : 11582
  #remove     : 21509
    #removed  : 11582
  #contains   : 46054
  #found      : 24662
  #aborts     : 0
    #lock-r   : 0
    #lock-w   : 0
    #val-r    : 0
    #val-w    : 0
    #val-c    : 0
    #inv-mem  : 0
  Max retries : 0
Set size      : 105 (expected: 105)
Duration      : 5000 (ms)
#txs          : 1557934 (311586.800000 / s)
#read txs     : 778634 (155726.800000 / s)
#eff. upd rate: 25.008184 
#update txs   : 779300 (155860.000000 / s)
#aborts       : 0 (0.000000 / s)
  #lock-r     : 0 (0.000000 / s)
  #lock-w     : 0 (0.000000 / s)
  #val-r      : 0 (0.000000 / s)
  #val-w      : 0 (0.000000 / s)
  #val-c      : 0 (0.000000 / s)
  #inv-mem    : 0 (0.000000 / s)
Max retries   : 0
