Set type     : linked list
Length       : 5000
Initial size : 1000
Nb threads   : 8
Value range  : 2000
Seed         : 0
Update rate  : 55
Lock alg     : 1
Alternate    : 0
Effective    : 0
Type sizes   : int=4/long=8/ptr=8/word=8
Initializing STM
Adding 1000 entries to set
Set size     : 1000
Creating thread 0
Creating thread 1
Creating thread 2
Creating thread 3
Creating thread 4
Creating thread 5
Creating thread 6
Creating thread 7
STARTING...
STOPPING...
Thread 0
  #add        : 51879
    #added    : 25949
  #remove     : 51733
    #removed  : 25948
  #contains   : 85016
  #found      : 42685
  #aborts     : 0
    #lock-r   : 0
    #lock-w   : 0
    #val-r    : 0
    #val-w    : 0
    #val-c    : 0
    #inv-mem  : 0
  Max retries : 0
Thread 1
  #add        : 58110
    #added    : 29002
  #remove     : 57491
    #removed  : 29002
  #contains   : 94227
  #found      : 47161
  #aborts     : 0
    #lock-r   : 0
    #lock-w   : 0
    #val-r    : 0
    #val-w    : 0
    #val-c    : 0
    #inv-mem  : 0
  Max retries : 0
Thread 2
  #add        : 49988
    #added    : 25016
  #remove     : 49950
    #removed  : 25016
  #contains   : 81365
  #found      : 40813
  #aborts     : 0
    #lock-r   : 0
    #lock-w   : 0
    #val-r    : 0
    #val-w    : 0
    #val-c    : 0
    #inv-mem  : 0
  Max retries : 0
Thread 3
  #add        : 64240
    #added    : 31952
  #remove     : 63605
    #removed  : 31951
  #contains   : 104193
  #found      : 52498
  #aborts     : 0
    #lock-r   : 0
    #lock-w   : 0
    #val-r    : 0
    #val-w    : 0
    #val-c    : 0
    #inv-mem  : 0
  Max retries : 0
Thread 4
  #add        : 55751
    #added    : 27816
  #remove     : 55656
    #removed  : 27816
  #contains   : 91588
  #found      : 45944
  #aborts     : 0
    #lock-r   : 0
    #lock-w   : 0
    #val-r    : 0
    #val-w    : 0
    #val-c    : 0
    #inv-mem  : 0
  Max retries : 0
Thread 5
  #add        : 50167
    #added    : 24989
  #remove     : 49928
    #removed  : 24988
  #contains   : 82414
  #found      : 41485
  #aborts     : 0
    #lock-r   : 0
    #lock-w   : 0
    #val-r    : 0
    #val-w    : 0
    #val-c    : 0
    #inv-mem  : 0
  Max retries : 0
Thread 6
  #add        : 53989
    #added    : 27110
  #remove     : 54447
    #removed  : 27110
  #contains   : 88873
  #found      : 44653
  #aborts     : 0
    #lock-r   : 0
    #lock-w   : 0
    #val-r    : 0
    #val-w    : 0
    #val-c    : 0
    #inv-mem  : 0
  Max retries : 0
Thread 7
  #add        : 55002
    #added    : 27384
  #remove     : 54853
    #removed  : 27383
  #contains   : 89819
  #found      : 44978
  #aborts     : 0
    #lock-r   : 0
    #lock-w   : 0
    #val-r    : 0
    #val-w    : 0
    #val-c    : 0
    #inv-mem  : 0
  Max retries : 0
Set size      : 1004 (expected: 1004)
Duration      : 5000 (ms)
#txs          : 1594284 (318856.800000 / s)
#read txs     : 717495 (143499.000000 / s)
#eff. upd rate: 27.500245 
#update txs   : 876789 (175357.800000 / s)
#aborts       : 0 (0.000000 / s)
  #lock-r     : 0 (0.000000 / s)
  #lock-w     : 0 (0.000000 / s)
  #val-r      : 0 (0.000000 / s)
  #val-w      : 0 (0.000000 / s)
  #val-c      : 0 (0.000000 / s)
  #inv-mem    : 0 (0.000000 / s)
Max retries   : 0
