Set type     : linked list
Length       : 5000
Initial size : 100
Nb threads   : 16
Value range  : 200
Seed         : 0
Update rate  : 60
Lock alg     : 1
Alternate    : 0
Effective    : 0
Type sizes   : int=4/long=8/ptr=8/word=8
Initializing STM
Adding 100 entries to set
Set size     : 100
Creating thread 0
Creating thread 1
Creating thread 2
Creating thread 3
Creating thread 4
Creating thread 5
Creating thread 6
Creating thread 7
Creating thread 8
Creating thread 9
Creating thread 10
Creating thread 11
Creating thread 12
Creating thread 13
Creating thread 14
Creating thread 15
STARTING...
STOPPING...
Thread 0
  #add        : 29174
    #added    : 13547
  #remove     : 25406
    #removed  : 13546
  #contains   : 36447
  #found      : 19578
  #aborts     : 0
    #lock-r   : 0
    #lock-w   : 0
    #val-r    : 0
    #val-w    : 0
    #val-c    : 0
    #inv-mem  : 0
  Max retries : 0
Thread 1
  #add        : 29264
    #added    : 13706
  #remove     : 25332
    #removed  : 13706
  #contains   : 36176
  #found      : 19315
  #aborts     : 0
    #lock-r   : 0
    #lock-w   : 0
    #val-r    : 0
    #val-w    : 0
    #val-c    : 0
    #inv-mem  : 0
  Max retries : 0
Thread 2
  #add        : 29276
    #added    : 13766
  #remove     : 25377
    #removed  : 13765
  #contains   : 36725
  #found      : 19759
  #aborts     : 0
    #lock-r   : 0
    #lock-w   : 0
    #val-r    : 0
    #val-w    : 0
    #val-c    : 0
    #inv-mem  : 0
  Max retries : 0
Thread 3
  #add        : 29528
    #added    : 13735
  #remove     : 25137
    #removed  : 13734
  #contains   : 36527
  #found      : 19552
  #aborts     : 0
    #lock-r   : 0
    #lock-w   : 0
    #val-r    : 0
    #val-w    : 0
    #val-c    : 0
    #inv-mem  : 0
  Max retries : 0
Thread 4
  #add        : 29660
    #added    : 13791
  #remove     : 25391
    #removed  : 13791
  #contains   : 36829
  #found      : 19696
  #aborts     : 0
    #lock-r   : 0
    #lock-w   : 0
    #val-r    : 0
    #val-w    : 0
    #val-c    : 0
    #inv-mem  : 0
  Max retries : 0
Thread 5
  #add        : 29940
    #added    : 13833
  #remove     : 25743
    #removed  : 13833
  #contains   : 37067
  #found      : 20041
  #aborts     : 0
    #lock-r   : 0
    #lock-w   : 0
    #val-r    : 0
    #val-w    : 0
    #val-c    : 0
    #inv-mem  : 0
  Max retries : 0
Thread 6
  #add        : 30145
    #added    : 14037
  #remove     : 25959
    #removed  : 14036
  #contains   : 37380
  #found      : 19921
  #aborts     : 0
    #lock-r   : 0
    #lock-w   : 0
    #val-r    : 0
    #val-w    : 0
    #val-c    : 0
    #inv-mem  : 0
  Max retries : 0
Thread 7
  #add        : 29623
    #added    : 13758
  #remove     : 25534
    #removed  : 13757
  #contains   : 37076
  #found      : 19582
  #aborts     : 0
    #lock-r   : 0
    #lock-w   : 0
    #val-r    : 0
    #val-w    : 0
    #val-c    : 0
    #inv-mem  : 0
  Max retries : 0
Thread 8
  #add        : 30791
    #added    : 14311
  #remove     : 26527
    #removed  : 14311
  #contains   : 37731
  #found      : 20106
  #aborts     : 0
    #lock-r   : 0
    #lock-w   : 0
    #val-r    : 0
    #val-w    : 0
    #val-c    : 0
    #inv-mem  : 0
  Max retries : 0
Thread 9
  #add        : 29248
    #added    : 13566
  #remove     : 25270
    #removed  : 13565
  #contains   : 36172
  #found      : 19549
  #aborts     : 0
    #lock-r   : 0
    #lock-w   : 0
    #val-r    : 0
    #val-w    : 0
    #val-c    : 0
    #inv-mem  : 0
  Max retries : 0
Thread 10
  #add        : 29616
    #added    : 13724
  #remove     : 25592
    #removed  : 13723
  #contains   : 36852
  #found      : 19833
  #aborts     : 0
    #lock-r   : 0
    #lock-w   : 0
    #val-r    : 0
    #val-w    : 0
    #val-c    : 0
    #inv-mem  : 0
  Max retries : 0
Thread 11
  #add        : 29508
    #added    : 13649
  #remove     : 25022
    #removed  : 13648
  #contains   : 36171
  #found      : 19449
  #aborts     : 0
    #lock-r   : 0
    #lock-w   : 0
    #val-r    : 0
    #val-w    : 0
    #val-c    : 0
    #inv-mem  : 0
  Max retries : 0
Thread 12
  #add        : 30583
    #added    : 14233
  #remove     : 26433
    #removed  : 14233
  #contains   : 38206
  #found      : 20548
  #aborts     : 0
    #lock-r   : 0
    #lock-w   : 0
    #val-r    : 0
    #val-w    : 0
    #val-c    : 0
    #inv-mem  : 0
  Max retries : 0
Thread 13
  #add        : 28993
    #added    : 13432
  #remove     : 24913
    #removed  : 13431
  #contains   : 36292
  #found      : 19591
  #aborts     : 0
    #lock-r   : 0
    #lock-w   : 0
    #val-r    : 0
    #val-w    : 0
    #val-c    : 0
    #inv-mem  : 0
  Max retries : 0
Thread 14
  #add        : 29199
    #added    : 13734
  #remove     : 25731
    #removed  : 13733
  #contains   : 36561
  #found      : 19650
  #aborts     : 0
    #lock-r   : 0
    #lock-w   : 0
    #val-r    : 0
    #val-w    : 0
    #val-c    : 0
    #inv-mem  : 0
  Max retries : 0
Thread 15
  #add        : 28752
    #added    : 13364
  #remove     : 24976
    #removed  : 13364
  #contains   : 36092
  #found      : 19393
  #aborts     : 0
    #lock-r   : 0
    #lock-w   : 0
    #val-r    : 0
    #val-w    : 0
    #val-c    : 0
    #inv-mem  : 0
  Max retries : 0
Set size      : 110 (expected: 110)
Duration      : 5000 (ms)
#txs          : 1469947 (293989.400000 / s)
#read txs     : 588304 (117660.800000 / s)
#eff. upd rate: 29.957679 
#update txs   : 881643 (176328.600000 / s)
#aborts       : 0 (0.000000 / s)
  #lock-r     : 0 (0.000000 / s)
  #lock-w     : 0 (0.000000 / s)
  #val-r      : 0 (0.000000 / s)
  #val-w      : 0 (0.000000 / s)
  #val-c      : 0 (0.000000 / s)
  #inv-mem    : 0 (0.000000 / s)
Max retries   : 0
