Set type     : linked list
Length       : 5000
Initial size : 100
Nb threads   : 16
Value range  : 200
Seed         : 0
Update rate  : 15
Lock alg     : 1
Alternate    : 0
Effective    : 0
Type sizes   : int=4/long=8/ptr=8/word=8
Initializing STM
Adding 100 entries to set
Set size     : 100
Creating thread 0
Creating thread 1
Creating thread 2
Creating thread 3
Creating thread 4
Creating thread 5
Creating thread 6
Creating thread 7
Creating thread 8
Creating thread 9
Creating thread 10
Creating thread 11
Creating thread 12
Creating thread 13
Creating thread 14
Creating thread 15
STARTING...
STOPPING...
Thread 0
  #add        : 17890
    #added    : 8273
  #remove     : 15247
    #removed  : 8273
  #contains   : 188565
  #found      : 101366
  #aborts     : 0
    #lock-r   : 0
    #lock-w   : 0
    #val-r    : 0
    #val-w    : 0
    #val-c    : 0
    #inv-mem  : 0
  Max retries : 0
Thread 1
  #add        : 17283
    #added    : 7992
  #remove     : 15032
    #removed  : 7991
  #contains   : 184291
  #found      : 99244
  #aborts     : 0
    #lock-r   : 0
    #lock-w   : 0
    #val-r    : 0
    #val-w    : 0
    #val-c    : 0
    #inv-mem  : 0
  Max retries : 0
Thread 2
  #add        : 16875
    #added    : 7892
  #remove     : 14591
    #removed  : 7891
  #contains   : 178074
  #found      : 95890
  #aborts     : 0
    #lock-r   : 0
    #lock-w   : 0
    #val-r    : 0
    #val-w    : 0
    #val-c    : 0
    #inv-mem  : 0
  Max retries : 0
Thread 3
  #add        : 17764
    #added    : 8194
  #remove     : 15203
    #removed  : 8194
  #contains   : 188008
  #found      : 101080
  #aborts     : 0
    #lock-r   : 0
    #lock-w   : 0
    #val-r    : 0
    #val-w    : 0
    #val-c    : 0
    #inv-mem  : 0
  Max retries : 0
Thread 4
  #add        : 16909
    #added    : 7948
  #remove     : 14667
    #removed  : 7947
  #contains   : 180607
  #found      : 97006
  #aborts     : 0
    #lock-r   : 0
    #lock-w   : 0
    #val-r    : 0
    #val-w    : 0
    #val-c    : 0
    #inv-mem  : 0
  Max retries : 0
Thread 5
  #add        : 17287
    #added    : 8081
  #remove     : 14935
    #removed  : 8080
  #contains   : 184295
  #found      : 99107
  #aborts     : 0
    #lock-r   : 0
    #lock-w   : 0
    #val-r    : 0
    #val-w    : 0
    #val-c    : 0
    #inv-mem  : 0
  Max retries : 0
Thread 6
  #add        : 16193
    #added    : 7468
  #remove     : 13831
    #removed  : 7468
  #contains   : 171279
  #found      : 92235
  #aborts     : 0
    #lock-r   : 0
    #lock-w   : 0
    #val-r    : 0
    #val-w    : 0
    #val-c    : 0
    #inv-mem  : 0
  Max retries : 0
Thread 7
  #add        : 16073
    #added    : 7394
  #remove     : 13817
    #removed  : 7394
  #contains   : 171001
  #found      : 91832
  #aborts     : 0
    #lock-r   : 0
    #lock-w   : 0
    #val-r    : 0
    #val-w    : 0
    #val-c    : 0
    #inv-mem  : 0
  Max retries : 0
Thread 8
  #add        : 16409
    #added    : 7643
  #remove     : 14096
    #removed  : 7642
  #contains   : 172452
  #found      : 92850
  #aborts     : 0
    #lock-r   : 0
    #lock-w   : 0
    #val-r    : 0
    #val-w    : 0
    #val-c    : 0
    #inv-mem  : 0
  Max retries : 0
Thread 9
  #add        : 17791
    #added    : 8181
  #remove     : 15013
    #removed  : 8180
  #contains   : 185379
  #found      : 99631
  #aborts     : 0
    #lock-r   : 0
    #lock-w   : 0
    #val-r    : 0
    #val-w    : 0
    #val-c    : 0
    #inv-mem  : 0
  Max retries : 0
Thread 10
  #add        : 16167
    #added    : 7557
  #remove     : 14050
    #removed  : 7557
  #contains   : 171226
  #found      : 91860
  #aborts     : 0
    #lock-r   : 0
    #lock-w   : 0
    #val-r    : 0
    #val-w    : 0
    #val-c    : 0
    #inv-mem  : 0
  Max retries : 0
Thread 11
  #add        : 17298
    #added    : 8002
  #remove     : 14874
    #removed  : 8002
  #contains   : 181527
  #found      : 97267
  #aborts     : 0
    #lock-r   : 0
    #lock-w   : 0
    #val-r    : 0
    #val-w    : 0
    #val-c    : 0
    #inv-mem  : 0
  Max retries : 0
Thread 12
  #add        : 16110
    #added    : 7440
  #remove     : 13873
    #removed  : 7439
  #contains   : 170255
  #found      : 91255
  #aborts     : 0
    #lock-r   : 0
    #lock-w   : 0
    #val-r    : 0
    #val-w    : 0
    #val-c    : 0
    #inv-mem  : 0
  Max retries : 0
Thread 13
  #add        : 17253
    #added    : 8128
  #remove     : 15062
    #removed  : 8128
  #contains   : 183003
  #found      : 98482
  #aborts     : 0
    #lock-r   : 0
    #lock-w   : 0
    #val-r    : 0
    #val-w    : 0
    #val-c    : 0
    #inv-mem  : 0
  Max retries : 0
Thread 14
  #add        : 16752
    #added    : 7698
  #remove     : 14181
    #removed  : 7698
  #contains   : 174804
  #found      : 94137
  #aborts     : 0
    #lock-r   : 0
    #lock-w   : 0
    #val-r    : 0
    #val-w    : 0
    #val-c    : 0
    #inv-mem  : 0
  Max retries : 0
Thread 15
  #add        : 15980
    #added    : 7428
  #remove     : 13825
    #removed  : 7428
  #contains   : 169113
  #found      : 91120
  #aborts     : 0
    #lock-r   : 0
    #lock-w   : 0
    #val-r    : 0
    #val-w    : 0
    #val-c    : 0
    #inv-mem  : 0
  Max retries : 0
Set size      : 107 (expected: 107)
Duration      : 5000 (ms)
#txs          : 3356210 (671242.000000 / s)
#read txs     : 2853879 (570775.800000 / s)
#eff. upd rate: 7.467679 
#update txs   : 502331 (100466.200000 / s)
#aborts       : 0 (0.000000 / s)
  #lock-r     : 0 (0.000000 / s)
  #lock-w     : 0 (0.000000 / s)
  #val-r      : 0 (0.000000 / s)
  #val-w      : 0 (0.000000 / s)
  #val-c      : 0 (0.000000 / s)
  #inv-mem    : 0 (0.000000 / s)
Max retries   : 0
