Set type     : linked list
Length       : 5000
Initial size : 8000
Nb threads   : 2
Value range  : 16000
Seed         : 0
Update rate  : 25
Lock alg     : 1
Alternate    : 0
Effective    : 0
Type sizes   : int=4/long=8/ptr=8/word=8
Initializing STM
Adding 8000 entries to set
Set size     : 8000
Creating thread 0
Creating thread 1
STARTING...
STOPPING...
Thread 0
  #add        : 9647
    #added    : 4795
  #remove     : 9704
    #removed  : 4795
  #contains   : 57795
  #found      : 28891
  #aborts     : 0
    #lock-r   : 0
    #lock-w   : 0
    #val-r    : 0
    #val-w    : 0
    #val-c    : 0
    #inv-mem  : 0
  Max retries : 0
Thread 1
  #add        : 11121
    #added    : 5567
  #remove     : 11385
    #removed  : 5567
  #contains   : 67617
  #found      : 33853
  #aborts     : 0
    #lock-r   : 0
    #lock-w   : 0
    #val-r    : 0
    #val-w    : 0
    #val-c    : 0
    #inv-mem  : 0
  Max retries : 0
Set size      : 8000 (expected: 8000)
Duration      : 5001 (ms)
#txs          : 167269 (33447.110578 / s)
#read txs     : 125412 (25077.384523 / s)
#eff. upd rate: 12.389624 
#update txs   : 41857 (8369.726055 / s)
#aborts       : 0 (0.000000 / s)
  #lock-r     : 0 (0.000000 / s)
  #lock-w     : 0 (0.000000 / s)
  #val-r      : 0 (0.000000 / s)
  #val-w      : 0 (0.000000 / s)
  #val-c      : 0 (0.000000 / s)
  #inv-mem    : 0 (0.000000 / s)
Max retries   : 0
