Set type     : linked list
Length       : 5000
Initial size : 100
Nb threads   : 16
Value range  : 200
Seed         : 0
Update rate  : 65
Lock alg     : 1
Alternate    : 0
Effective    : 0
Type sizes   : int=4/long=8/ptr=8/word=8
Initializing STM
Adding 100 entries to set
Set size     : 100
Creating thread 0
Creating thread 1
Creating thread 2
Creating thread 3
Creating thread 4
Creating thread 5
Creating thread 6
Creating thread 7
Creating thread 8
Creating thread 9
Creating thread 10
Creating thread 11
Creating thread 12
Creating thread 13
Creating thread 14
Creating thread 15
STARTING...
STOPPING...
Thread 0
  #add        : 30833
    #added    : 14407
  #remove     : 26711
    #removed  : 14407
  #contains   : 31096
  #found      : 16726
  #aborts     : 0
    #lock-r   : 0
    #lock-w   : 0
    #val-r    : 0
    #val-w    : 0
    #val-c    : 0
    #inv-mem  : 0
  Max retries : 0
Thread 1
  #add        : 31911
    #added    : 14730
  #remove     : 27246
    #removed  : 14730
  #contains   : 32170
  #found      : 17133
  #aborts     : 0
    #lock-r   : 0
    #lock-w   : 0
    #val-r    : 0
    #val-w    : 0
    #val-c    : 0
    #inv-mem  : 0
  Max retries : 0
Thread 2
  #add        : 32206
    #added    : 15019
  #remove     : 27890
    #removed  : 15018
  #contains   : 32024
  #found      : 17178
  #aborts     : 0
    #lock-r   : 0
    #lock-w   : 0
    #val-r    : 0
    #val-w    : 0
    #val-c    : 0
    #inv-mem  : 0
  Max retries : 0
Thread 3
  #add        : 29679
    #added    : 13967
  #remove     : 25755
    #removed  : 13966
  #contains   : 29583
  #found      : 15838
  #aborts     : 0
    #lock-r   : 0
    #lock-w   : 0
    #val-r    : 0
    #val-w    : 0
    #val-c    : 0
    #inv-mem  : 0
  Max retries : 0
Thread 4
  #add        : 31816
    #added    : 14935
  #remove     : 27904
    #removed  : 14934
  #contains   : 31773
  #found      : 17003
  #aborts     : 0
    #lock-r   : 0
    #lock-w   : 0
    #val-r    : 0
    #val-w    : 0
    #val-c    : 0
    #inv-mem  : 0
  Max retries : 0
Thread 5
  #add        : 31360
    #added    : 14772
  #remove     : 27472
    #removed  : 14772
  #contains   : 32123
  #found      : 17349
  #aborts     : 0
    #lock-r   : 0
    #lock-w   : 0
    #val-r    : 0
    #val-w    : 0
    #val-c    : 0
    #inv-mem  : 0
  Max retries : 0
Thread 6
  #add        : 32183
    #added    : 14973
  #remove     : 27803
    #removed  : 14972
  #contains   : 31942
  #found      : 17151
  #aborts     : 0
    #lock-r   : 0
    #lock-w   : 0
    #val-r    : 0
    #val-w    : 0
    #val-c    : 0
    #inv-mem  : 0
  Max retries : 0
Thread 7
  #add        : 32164
    #added    : 15001
  #remove     : 27700
    #removed  : 15001
  #contains   : 31938
  #found      : 17212
  #aborts     : 0
    #lock-r   : 0
    #lock-w   : 0
    #val-r    : 0
    #val-w    : 0
    #val-c    : 0
    #inv-mem  : 0
  Max retries : 0
Thread 8
  #add        : 29341
    #added    : 13861
  #remove     : 25704
    #removed  : 13861
  #contains   : 29394
  #found      : 15802
  #aborts     : 0
    #lock-r   : 0
    #lock-w   : 0
    #val-r    : 0
    #val-w    : 0
    #val-c    : 0
    #inv-mem  : 0
  Max retries : 0
Thread 9
  #add        : 31732
    #added    : 14654
  #remove     : 27207
    #removed  : 14653
  #contains   : 31849
  #found      : 17277
  #aborts     : 0
    #lock-r   : 0
    #lock-w   : 0
    #val-r    : 0
    #val-w    : 0
    #val-c    : 0
    #inv-mem  : 0
  Max retries : 0
Thread 10
  #add        : 29030
    #added    : 13537
  #remove     : 24907
    #removed  : 13536
  #contains   : 28605
  #found      : 15345
  #aborts     : 0
    #lock-r   : 0
    #lock-w   : 0
    #val-r    : 0
    #val-w    : 0
    #val-c    : 0
    #inv-mem  : 0
  Max retries : 0
Thread 11
  #add        : 31185
    #added    : 14546
  #remove     : 26867
    #removed  : 14546
  #contains   : 31301
  #found      : 16978
  #aborts     : 0
    #lock-r   : 0
    #lock-w   : 0
    #val-r    : 0
    #val-w    : 0
    #val-c    : 0
    #inv-mem  : 0
  Max retries : 0
Thread 12
  #add        : 31347
    #added    : 14630
  #remove     : 27171
    #removed  : 14629
  #contains   : 31457
  #found      : 16812
  #aborts     : 0
    #lock-r   : 0
    #lock-w   : 0
    #val-r    : 0
    #val-w    : 0
    #val-c    : 0
    #inv-mem  : 0
  Max retries : 0
Thread 13
  #add        : 31450
    #added    : 14566
  #remove     : 26881
    #removed  : 14565
  #contains   : 31546
  #found      : 16999
  #aborts     : 0
    #lock-r   : 0
    #lock-w   : 0
    #val-r    : 0
    #val-w    : 0
    #val-c    : 0
    #inv-mem  : 0
  Max retries : 0
Thread 14
  #add        : 29241
    #added    : 13673
  #remove     : 25288
    #removed  : 13672
  #contains   : 29604
  #found      : 15936
  #aborts     : 0
    #lock-r   : 0
    #lock-w   : 0
    #val-r    : 0
    #val-w    : 0
    #val-c    : 0
    #inv-mem  : 0
  Max retries : 0
Thread 15
  #add        : 30538
    #added    : 14175
  #remove     : 25959
    #removed  : 14175
  #contains   : 30541
  #found      : 16479
  #aborts     : 0
    #lock-r   : 0
    #lock-w   : 0
    #val-r    : 0
    #val-w    : 0
    #val-c    : 0
    #inv-mem  : 0
  Max retries : 0
Set size      : 109 (expected: 109)
Duration      : 5001 (ms)
#txs          : 1421427 (284228.554289 / s)
#read txs     : 496946 (99369.326135 / s)
#eff. upd rate: 32.564669 
#update txs   : 924481 (184859.228154 / s)
#aborts       : 0 (0.000000 / s)
  #lock-r     : 0 (0.000000 / s)
  #lock-w     : 0 (0.000000 / s)
  #val-r      : 0 (0.000000 / s)
  #val-w      : 0 (0.000000 / s)
  #val-c      : 0 (0.000000 / s)
  #inv-mem    : 0 (0.000000 / s)
Max retries   : 0
