Set type     : linked list
Length       : 5000
Initial size : 100
Nb threads   : 16
Value range  : 200
Seed         : 0
Update rate  : 100
Lock alg     : 1
Alternate    : 0
Effective    : 0
Type sizes   : int=4/long=8/ptr=8/word=8
Initializing STM
Adding 100 entries to set
Set size     : 100
Creating thread 0
Creating thread 1
Creating thread 2
Creating thread 3
Creating thread 4
Creating thread 5
Creating thread 6
Creating thread 7
Creating thread 8
Creating thread 9
Creating thread 10
Creating thread 11
Creating thread 12
Creating thread 13
Creating thread 14
Creating thread 15
STARTING...
STOPPING...
Thread 0
  #add        : 533578
    #added    : 248588
  #remove     : 461144
    #removed  : 248587
  #contains   : 0
  #found      : 0
  #aborts     : 0
    #lock-r   : 0
    #lock-w   : 0
    #val-r    : 0
    #val-w    : 0
    #val-c    : 0
    #inv-mem  : 0
  Max retries : 0
Thread 1
  #add        : 355962
    #added    : 165509
  #remove     : 306303
    #removed  : 165509
  #contains   : 0
  #found      : 0
  #aborts     : 0
    #lock-r   : 0
    #lock-w   : 0
    #val-r    : 0
    #val-w    : 0
    #val-c    : 0
    #inv-mem  : 0
  Max retries : 0
Thread 2
  #add        : 438435
    #added    : 203428
  #remove     : 375959
    #removed  : 203427
  #contains   : 0
  #found      : 0
  #aborts     : 0
    #lock-r   : 0
    #lock-w   : 0
    #val-r    : 0
    #val-w    : 0
    #val-c    : 0
    #inv-mem  : 0
  Max retries : 0
Thread 3
  #add        : 451320
    #added    : 208214
  #remove     : 383707
    #removed  : 208214
  #contains   : 0
  #found      : 0
  #aborts     : 0
    #lock-r   : 0
    #lock-w   : 0
    #val-r    : 0
    #val-w    : 0
    #val-c    : 0
    #inv-mem  : 0
  Max retries : 0
Thread 4
  #add        : 529903
    #added    : 247931
  #remove     : 460821
    #removed  : 247931
  #contains   : 0
  #found      : 0
  #aborts     : 0
    #lock-r   : 0
    #lock-w   : 0
    #val-r    : 0
    #val-w    : 0
    #val-c    : 0
    #inv-mem  : 0
  Max retries : 0
Thread 5
  #add        : 524072
    #added    : 245426
  #remove     : 458467
    #removed  : 245425
  #contains   : 0
  #found      : 0
  #aborts     : 0
    #lock-r   : 0
    #lock-w   : 0
    #val-r    : 0
    #val-w    : 0
    #val-c    : 0
    #inv-mem  : 0
  Max retries : 0
Thread 6
  #add        : 448321
    #added    : 210120
  #remove     : 392255
    #removed  : 210120
  #contains   : 0
  #found      : 0
  #aborts     : 0
    #lock-r   : 0
    #lock-w   : 0
    #val-r    : 0
    #val-w    : 0
    #val-c    : 0
    #inv-mem  : 0
  Max retries : 0
Thread 7
  #add        : 381501
    #added    : 178163
  #remove     : 331523
    #removed  : 178162
  #contains   : 0
  #found      : 0
  #aborts     : 0
    #lock-r   : 0
    #lock-w   : 0
    #val-r    : 0
    #val-w    : 0
    #val-c    : 0
    #inv-mem  : 0
  Max retries : 0
Thread 8
  #add        : 514597
    #added    : 239845
  #remove     : 445869
    #removed  : 239845
  #contains   : 0
  #found      : 0
  #aborts     : 0
    #lock-r   : 0
    #lock-w   : 0
    #val-r    : 0
    #val-w    : 0
    #val-c    : 0
    #inv-mem  : 0
  Max retries : 0
Thread 9
  #add        : 386384
    #added    : 180306
  #remove     : 335490
    #removed  : 180305
  #contains   : 0
  #found      : 0
  #aborts     : 0
    #lock-r   : 0
    #lock-w   : 0
    #val-r    : 0
    #val-w    : 0
    #val-c    : 0
    #inv-mem  : 0
  Max retries : 0
Thread 10
  #add        : 510897
    #added    : 237931
  #remove     : 443220
    #removed  : 237931
  #contains   : 0
  #found      : 0
  #aborts     : 0
    #lock-r   : 0
    #lock-w   : 0
    #val-r    : 0
    #val-w    : 0
    #val-c    : 0
    #inv-mem  : 0
  Max retries : 0
Thread 11
  #add        : 327602
    #added    : 153755
  #remove     : 286512
    #removed  : 153755
  #contains   : 0
  #found      : 0
  #aborts     : 0
    #lock-r   : 0
    #lock-w   : 0
    #val-r    : 0
    #val-w    : 0
    #val-c    : 0
    #inv-mem  : 0
  Max retries : 0
Thread 12
  #add        : 494820
    #added    : 229287
  #remove     : 423544
    #removed  : 229286
  #contains   : 0
  #found      : 0
  #aborts     : 0
    #lock-r   : 0
    #lock-w   : 0
    #val-r    : 0
    #val-w    : 0
    #val-c    : 0
    #inv-mem  : 0
  Max retries : 0
Thread 13
  #add        : 355367
    #added    : 165889
  #remove     : 308323
    #removed  : 165889
  #contains   : 0
  #found      : 0
  #aborts     : 0
    #lock-r   : 0
    #lock-w   : 0
    #val-r    : 0
    #val-w    : 0
    #val-c    : 0
    #inv-mem  : 0
  Max retries : 0
Thread 14
  #add        : 433140
    #added    : 202449
  #remove     : 375300
    #removed  : 202449
  #contains   : 0
  #found      : 0
  #aborts     : 0
    #lock-r   : 0
    #lock-w   : 0
    #val-r    : 0
    #val-w    : 0
    #val-c    : 0
    #inv-mem  : 0
  Max retries : 0
Thread 15
  #add        : 357371
    #added    : 167027
  #remove     : 311112
    #removed  : 167026
  #contains   : 0
  #found      : 0
  #aborts     : 0
    #lock-r   : 0
    #lock-w   : 0
    #val-r    : 0
    #val-w    : 0
    #val-c    : 0
    #inv-mem  : 0
  Max retries : 0
Set size      : 107 (expected: 107)
Duration      : 5000 (ms)
#txs          : 13142819 (2628563.800000 / s)
#read txs     : 0 (0.000000 / s)
#eff. upd rate: 49.971996 
#update txs   : 13142819 (2628563.800000 / s)
#aborts       : 0 (0.000000 / s)
  #lock-r     : 0 (0.000000 / s)
  #lock-w     : 0 (0.000000 / s)
  #val-r      : 0 (0.000000 / s)
  #val-w      : 0 (0.000000 / s)
  #val-c      : 0 (0.000000 / s)
  #inv-mem    : 0 (0.000000 / s)
Max retries   : 0
