Set type     : linked list
Length       : 5000
Initial size : 1000
Nb threads   : 16
Value range  : 2000
Seed         : 0
Update rate  : 95
Lock alg     : 1
Alternate    : 0
Effective    : 0
Type sizes   : int=4/long=8/ptr=8/word=8
Initializing STM
Adding 1000 entries to set
Set size     : 1000
Creating thread 0
Creating thread 1
Creating thread 2
Creating thread 3
Creating thread 4
Creating thread 5
Creating thread 6
Creating thread 7
Creating thread 8
Creating thread 9
Creating thread 10
Creating thread 11
Creating thread 12
Creating thread 13
Creating thread 14
Creating thread 15
STARTING...
STOPPING...
Thread 0
  #add        : 41388
    #added    : 20655
  #remove     : 41218
    #removed  : 20655
  #contains   : 4233
  #found      : 2119
  #aborts     : 0
    #lock-r   : 0
    #lock-w   : 0
    #val-r    : 0
    #val-w    : 0
    #val-c    : 0
    #inv-mem  : 0
  Max retries : 0
Thread 1
  #add        : 41465
    #added    : 20410
  #remove     : 40353
    #removed  : 20409
  #contains   : 4252
  #found      : 2161
  #aborts     : 0
    #lock-r   : 0
    #lock-w   : 0
    #val-r    : 0
    #val-w    : 0
    #val-c    : 0
    #inv-mem  : 0
  Max retries : 0
Thread 2
  #add        : 41265
    #added    : 20515
  #remove     : 40804
    #removed  : 20515
  #contains   : 4188
  #found      : 2122
  #aborts     : 0
    #lock-r   : 0
    #lock-w   : 0
    #val-r    : 0
    #val-w    : 0
    #val-c    : 0
    #inv-mem  : 0
  Max retries : 0
Thread 3
  #add        : 41844
    #added    : 20478
  #remove     : 40402
    #removed  : 20478
  #contains   : 4340
  #found      : 2226
  #aborts     : 0
    #lock-r   : 0
    #lock-w   : 0
    #val-r    : 0
    #val-w    : 0
    #val-c    : 0
    #inv-mem  : 0
  Max retries : 0
Thread 4
  #add        : 41153
    #added    : 20287
  #remove     : 40391
    #removed  : 20287
  #contains   : 4251
  #found      : 2156
  #aborts     : 0
    #lock-r   : 0
    #lock-w   : 0
    #val-r    : 0
    #val-w    : 0
    #val-c    : 0
    #inv-mem  : 0
  Max retries : 0
Thread 5
  #add        : 41831
    #added    : 20697
  #remove     : 40462
    #removed  : 20697
  #contains   : 4340
  #found      : 2192
  #aborts     : 0
    #lock-r   : 0
    #lock-w   : 0
    #val-r    : 0
    #val-w    : 0
    #val-c    : 0
    #inv-mem  : 0
  Max retries : 0
Thread 6
  #add        : 40796
    #added    : 20414
  #remove     : 41003
    #removed  : 20413
  #contains   : 4219
  #found      : 2092
  #aborts     : 0
    #lock-r   : 0
    #lock-w   : 0
    #val-r    : 0
    #val-w    : 0
    #val-c    : 0
    #inv-mem  : 0
  Max retries : 0
Thread 7
  #add        : 41466
    #added    : 20332
  #remove     : 40052
    #removed  : 20332
  #contains   : 4209
  #found      : 2124
  #aborts     : 0
    #lock-r   : 0
    #lock-w   : 0
    #val-r    : 0
    #val-w    : 0
    #val-c    : 0
    #inv-mem  : 0
  Max retries : 0
Thread 8
  #add        : 41421
    #added    : 20612
  #remove     : 40446
    #removed  : 20612
  #contains   : 4386
  #found      : 2231
  #aborts     : 0
    #lock-r   : 0
    #lock-w   : 0
    #val-r    : 0
    #val-w    : 0
    #val-c    : 0
    #inv-mem  : 0
  Max retries : 0
Thread 9
  #add        : 41195
    #added    : 20316
  #remove     : 40641
    #removed  : 20316
  #contains   : 4323
  #found      : 2149
  #aborts     : 0
    #lock-r   : 0
    #lock-w   : 0
    #val-r    : 0
    #val-w    : 0
    #val-c    : 0
    #inv-mem  : 0
  Max retries : 0
Thread 10
  #add        : 41081
    #added    : 20464
  #remove     : 40465
    #removed  : 20463
  #contains   : 4374
  #found      : 2185
  #aborts     : 0
    #lock-r   : 0
    #lock-w   : 0
    #val-r    : 0
    #val-w    : 0
    #val-c    : 0
    #inv-mem  : 0
  Max retries : 0
Thread 11
  #add        : 40827
    #added    : 20450
  #remove     : 40763
    #removed  : 20450
  #contains   : 4134
  #found      : 2028
  #aborts     : 0
    #lock-r   : 0
    #lock-w   : 0
    #val-r    : 0
    #val-w    : 0
    #val-c    : 0
    #inv-mem  : 0
  Max retries : 0
Thread 12
  #add        : 41111
    #added    : 20305
  #remove     : 40469
    #removed  : 20304
  #contains   : 4346
  #found      : 2173
  #aborts     : 0
    #lock-r   : 0
    #lock-w   : 0
    #val-r    : 0
    #val-w    : 0
    #val-c    : 0
    #inv-mem  : 0
  Max retries : 0
Thread 13
  #add        : 40972
    #added    : 20520
  #remove     : 40742
    #removed  : 20519
  #contains   : 4234
  #found      : 2129
  #aborts     : 0
    #lock-r   : 0
    #lock-w   : 0
    #val-r    : 0
    #val-w    : 0
    #val-c    : 0
    #inv-mem  : 0
  Max retries : 0
Thread 14
  #add        : 40884
    #added    : 20362
  #remove     : 40470
    #removed  : 20362
  #contains   : 4254
  #found      : 2140
  #aborts     : 0
    #lock-r   : 0
    #lock-w   : 0
    #val-r    : 0
    #val-w    : 0
    #val-c    : 0
    #inv-mem  : 0
  Max retries : 0
Thread 15
  #add        : 41006
    #added    : 20526
  #remove     : 40463
    #removed  : 20525
  #contains   : 4230
  #found      : 2110
  #aborts     : 0
    #lock-r   : 0
    #lock-w   : 0
    #val-r    : 0
    #val-w    : 0
    #val-c    : 0
    #inv-mem  : 0
  Max retries : 0
Set size      : 1006 (expected: 1006)
Duration      : 5000 (ms)
#txs          : 1377162 (275432.400000 / s)
#read txs     : 68313 (13662.600000 / s)
#eff. upd rate: 47.538343 
#update txs   : 1308849 (261769.800000 / s)
#aborts       : 0 (0.000000 / s)
  #lock-r     : 0 (0.000000 / s)
  #lock-w     : 0 (0.000000 / s)
  #val-r      : 0 (0.000000 / s)
  #val-w      : 0 (0.000000 / s)
  #val-c      : 0 (0.000000 / s)
  #inv-mem    : 0 (0.000000 / s)
Max retries   : 0
