Set type     : linked list
Length       : 5000
Initial size : 1000
Nb threads   : 16
Value range  : 2000
Seed         : 0
Update rate  : 65
Lock alg     : 1
Alternate    : 0
Effective    : 0
Type sizes   : int=4/long=8/ptr=8/word=8
Initializing STM
Adding 1000 entries to set
Set size     : 1000
Creating thread 0
Creating thread 1
Creating thread 2
Creating thread 3
Creating thread 4
Creating thread 5
Creating thread 6
Creating thread 7
Creating thread 8
Creating thread 9
Creating thread 10
Creating thread 11
Creating thread 12
Creating thread 13
Creating thread 14
Creating thread 15
STARTING...
STOPPING...
Thread 0
  #add        : 37199
    #added    : 18333
  #remove     : 36430
    #removed  : 18333
  #contains   : 39570
  #found      : 20061
  #aborts     : 0
    #lock-r   : 0
    #lock-w   : 0
    #val-r    : 0
    #val-w    : 0
    #val-c    : 0
    #inv-mem  : 0
  Max retries : 0
Thread 1
  #add        : 26980
    #added    : 13489
  #remove     : 26651
    #removed  : 13489
  #contains   : 29255
  #found      : 14583
  #aborts     : 0
    #lock-r   : 0
    #lock-w   : 0
    #val-r    : 0
    #val-w    : 0
    #val-c    : 0
    #inv-mem  : 0
  Max retries : 0
Thread 2
  #add        : 34432
    #added    : 17230
  #remove     : 34798
    #removed  : 17229
  #contains   : 37575
  #found      : 18965
  #aborts     : 0
    #lock-r   : 0
    #lock-w   : 0
    #val-r    : 0
    #val-w    : 0
    #val-c    : 0
    #inv-mem  : 0
  Max retries : 0
Thread 3
  #add        : 29752
    #added    : 14838
  #remove     : 29419
    #removed  : 14838
  #contains   : 32041
  #found      : 16059
  #aborts     : 0
    #lock-r   : 0
    #lock-w   : 0
    #val-r    : 0
    #val-w    : 0
    #val-c    : 0
    #inv-mem  : 0
  Max retries : 0
Thread 4
  #add        : 32772
    #added    : 16411
  #remove     : 32300
    #removed  : 16410
  #contains   : 34911
  #found      : 17742
  #aborts     : 0
    #lock-r   : 0
    #lock-w   : 0
    #val-r    : 0
    #val-w    : 0
    #val-c    : 0
    #inv-mem  : 0
  Max retries : 0
Thread 5
  #add        : 37854
    #added    : 18601
  #remove     : 36938
    #removed  : 18600
  #contains   : 40135
  #found      : 20374
  #aborts     : 0
    #lock-r   : 0
    #lock-w   : 0
    #val-r    : 0
    #val-w    : 0
    #val-c    : 0
    #inv-mem  : 0
  Max retries : 0
Thread 6
  #add        : 43652
    #added    : 21733
  #remove     : 43280
    #removed  : 21732
  #contains   : 47157
  #found      : 23720
  #aborts     : 0
    #lock-r   : 0
    #lock-w   : 0
    #val-r    : 0
    #val-w    : 0
    #val-c    : 0
    #inv-mem  : 0
  Max retries : 0
Thread 7
  #add        : 28774
    #added    : 14128
  #remove     : 27650
    #removed  : 14128
  #contains   : 30338
  #found      : 15300
  #aborts     : 0
    #lock-r   : 0
    #lock-w   : 0
    #val-r    : 0
    #val-w    : 0
    #val-c    : 0
    #inv-mem  : 0
  Max retries : 0
Thread 8
  #add        : 30013
    #added    : 14737
  #remove     : 29267
    #removed  : 14737
  #contains   : 31903
  #found      : 16215
  #aborts     : 0
    #lock-r   : 0
    #lock-w   : 0
    #val-r    : 0
    #val-w    : 0
    #val-c    : 0
    #inv-mem  : 0
  Max retries : 0
Thread 9
  #add        : 39473
    #added    : 19639
  #remove     : 39195
    #removed  : 19639
  #contains   : 42476
  #found      : 21541
  #aborts     : 0
    #lock-r   : 0
    #lock-w   : 0
    #val-r    : 0
    #val-w    : 0
    #val-c    : 0
    #inv-mem  : 0
  Max retries : 0
Thread 10
  #add        : 46034
    #added    : 22834
  #remove     : 45941
    #removed  : 22833
  #contains   : 49684
  #found      : 25052
  #aborts     : 0
    #lock-r   : 0
    #lock-w   : 0
    #val-r    : 0
    #val-w    : 0
    #val-c    : 0
    #inv-mem  : 0
  Max retries : 0
Thread 11
  #add        : 34376
    #added    : 17064
  #remove     : 33916
    #removed  : 17063
  #contains   : 36531
  #found      : 18437
  #aborts     : 0
    #lock-r   : 0
    #lock-w   : 0
    #val-r    : 0
    #val-w    : 0
    #val-c    : 0
    #inv-mem  : 0
  Max retries : 0
Thread 12
  #add        : 30549
    #added    : 15175
  #remove     : 30222
    #removed  : 15175
  #contains   : 32645
  #found      : 16481
  #aborts     : 0
    #lock-r   : 0
    #lock-w   : 0
    #val-r    : 0
    #val-w    : 0
    #val-c    : 0
    #inv-mem  : 0
  Max retries : 0
Thread 13
  #add        : 35397
    #added    : 17512
  #remove     : 34699
    #removed  : 17511
  #contains   : 37518
  #found      : 18958
  #aborts     : 0
    #lock-r   : 0
    #lock-w   : 0
    #val-r    : 0
    #val-w    : 0
    #val-c    : 0
    #inv-mem  : 0
  Max retries : 0
Thread 14
  #add        : 41693
    #added    : 20706
  #remove     : 41025
    #removed  : 20706
  #contains   : 44555
  #found      : 22542
  #aborts     : 0
    #lock-r   : 0
    #lock-w   : 0
    #val-r    : 0
    #val-w    : 0
    #val-c    : 0
    #inv-mem  : 0
  Max retries : 0
Thread 15
  #add        : 32652
    #added    : 16304
  #remove     : 32313
    #removed  : 16304
  #contains   : 35319
  #found      : 17871
  #aborts     : 0
    #lock-r   : 0
    #lock-w   : 0
    #val-r    : 0
    #val-w    : 0
    #val-c    : 0
    #inv-mem  : 0
  Max retries : 0
Set size      : 1007 (expected: 1007)
Duration      : 5000 (ms)
#txs          : 1717259 (343451.800000 / s)
#read txs     : 601613 (120322.600000 / s)
#eff. upd rate: 32.462255 
#update txs   : 1115646 (223129.200000 / s)
#aborts       : 0 (0.000000 / s)
  #lock-r     : 0 (0.000000 / s)
  #lock-w     : 0 (0.000000 / s)
  #val-r      : 0 (0.000000 / s)
  #val-w      : 0 (0.000000 / s)
  #val-c      : 0 (0.000000 / s)
  #inv-mem    : 0 (0.000000 / s)
Max retries   : 0
