Set type     : linked list
Length       : 5000
Initial size : 8000
Nb threads   : 2
Value range  : 16000
Seed         : 0
Update rate  : 10
Lock alg     : 1
Alternate    : 0
Effective    : 0
Type sizes   : int=4/long=8/ptr=8/word=8
Initializing STM
Adding 8000 entries to set
Set size     : 8000
Creating thread 0
Creating thread 1
STARTING...
STOPPING...
Thread 0
  #add        : 4298
    #added    : 2125
  #remove     : 4260
    #removed  : 2125
  #contains   : 76766
  #found      : 38362
  #aborts     : 0
    #lock-r   : 0
    #lock-w   : 0
    #val-r    : 0
    #val-w    : 0
    #val-c    : 0
    #inv-mem  : 0
  Max retries : 0
Thread 1
  #add        : 2988
    #added    : 1516
  #remove     : 2982
    #removed  : 1516
  #contains   : 54600
  #found      : 27334
  #aborts     : 0
    #lock-r   : 0
    #lock-w   : 0
    #val-r    : 0
    #val-w    : 0
    #val-c    : 0
    #inv-mem  : 0
  Max retries : 0
Set size      : 8000 (expected: 8000)
Duration      : 5000 (ms)
#txs          : 145894 (29178.800000 / s)
#read txs     : 131366 (26273.200000 / s)
#eff. upd rate: 4.991295 
#update txs   : 14528 (2905.600000 / s)
#aborts       : 0 (0.000000 / s)
  #lock-r     : 0 (0.000000 / s)
  #lock-w     : 0 (0.000000 / s)
  #val-r      : 0 (0.000000 / s)
  #val-w      : 0 (0.000000 / s)
  #val-c      : 0 (0.000000 / s)
  #inv-mem    : 0 (0.000000 / s)
Max retries   : 0
