Set type     : linked list
Length       : 5000
Initial size : 1000
Nb threads   : 16
Value range  : 2000
Seed         : 0
Update rate  : 25
Lock alg     : 1
Alternate    : 0
Effective    : 0
Type sizes   : int=4/long=8/ptr=8/word=8
Initializing STM
Adding 1000 entries to set
Set size     : 1000
Creating thread 0
Creating thread 1
Creating thread 2
Creating thread 3
Creating thread 4
Creating thread 5
Creating thread 6
Creating thread 7
Creating thread 8
Creating thread 9
Creating thread 10
Creating thread 11
Creating thread 12
Creating thread 13
Creating thread 14
Creating thread 15
STARTING...
STOPPING...
Thread 0
  #add        : 13892
    #added    : 6877
  #remove     : 13703
    #removed  : 6876
  #contains   : 82780
  #found      : 41788
  #aborts     : 0
    #lock-r   : 0
    #lock-w   : 0
    #val-r    : 0
    #val-w    : 0
    #val-c    : 0
    #inv-mem  : 0
  Max retries : 0
Thread 1
  #add        : 9879
    #added    : 4912
  #remove     : 9762
    #removed  : 4912
  #contains   : 59212
  #found      : 29805
  #aborts     : 0
    #lock-r   : 0
    #lock-w   : 0
    #val-r    : 0
    #val-w    : 0
    #val-c    : 0
    #inv-mem  : 0
  Max retries : 0
Thread 2
  #add        : 15692
    #added    : 7738
  #remove     : 15307
    #removed  : 7737
  #contains   : 93066
  #found      : 46976
  #aborts     : 0
    #lock-r   : 0
    #lock-w   : 0
    #val-r    : 0
    #val-w    : 0
    #val-c    : 0
    #inv-mem  : 0
  Max retries : 0
Thread 3
  #add        : 9827
    #added    : 4852
  #remove     : 9472
    #removed  : 4851
  #contains   : 57890
  #found      : 29386
  #aborts     : 0
    #lock-r   : 0
    #lock-w   : 0
    #val-r    : 0
    #val-w    : 0
    #val-c    : 0
    #inv-mem  : 0
  Max retries : 0
Thread 4
  #add        : 10705
    #added    : 5375
  #remove     : 10653
    #removed  : 5374
  #contains   : 64497
  #found      : 32448
  #aborts     : 0
    #lock-r   : 0
    #lock-w   : 0
    #val-r    : 0
    #val-w    : 0
    #val-c    : 0
    #inv-mem  : 0
  Max retries : 0
Thread 5
  #add        : 13112
    #added    : 6561
  #remove     : 12927
    #removed  : 6561
  #contains   : 78178
  #found      : 39390
  #aborts     : 0
    #lock-r   : 0
    #lock-w   : 0
    #val-r    : 0
    #val-w    : 0
    #val-c    : 0
    #inv-mem  : 0
  Max retries : 0
Thread 6
  #add        : 12511
    #added    : 6209
  #remove     : 12230
    #removed  : 6209
  #contains   : 74813
  #found      : 37832
  #aborts     : 0
    #lock-r   : 0
    #lock-w   : 0
    #val-r    : 0
    #val-w    : 0
    #val-c    : 0
    #inv-mem  : 0
  Max retries : 0
Thread 7
  #add        : 13227
    #added    : 6615
  #remove     : 13013
    #removed  : 6615
  #contains   : 79231
  #found      : 40091
  #aborts     : 0
    #lock-r   : 0
    #lock-w   : 0
    #val-r    : 0
    #val-w    : 0
    #val-c    : 0
    #inv-mem  : 0
  Max retries : 0
Thread 8
  #add        : 13269
    #added    : 6579
  #remove     : 13060
    #removed  : 6579
  #contains   : 78912
  #found      : 39872
  #aborts     : 0
    #lock-r   : 0
    #lock-w   : 0
    #val-r    : 0
    #val-w    : 0
    #val-c    : 0
    #inv-mem  : 0
  Max retries : 0
Thread 9
  #add        : 9566
    #added    : 4676
  #remove     : 9281
    #removed  : 4675
  #contains   : 57258
  #found      : 28708
  #aborts     : 0
    #lock-r   : 0
    #lock-w   : 0
    #val-r    : 0
    #val-w    : 0
    #val-c    : 0
    #inv-mem  : 0
  Max retries : 0
Thread 10
  #add        : 11243
    #added    : 5575
  #remove     : 11040
    #removed  : 5575
  #contains   : 66974
  #found      : 33592
  #aborts     : 0
    #lock-r   : 0
    #lock-w   : 0
    #val-r    : 0
    #val-w    : 0
    #val-c    : 0
    #inv-mem  : 0
  Max retries : 0
Thread 11
  #add        : 13059
    #added    : 6465
  #remove     : 12881
    #removed  : 6464
  #contains   : 78017
  #found      : 39299
  #aborts     : 0
    #lock-r   : 0
    #lock-w   : 0
    #val-r    : 0
    #val-w    : 0
    #val-c    : 0
    #inv-mem  : 0
  Max retries : 0
Thread 12
  #add        : 15933
    #added    : 7958
  #remove     : 15631
    #removed  : 7957
  #contains   : 94182
  #found      : 47391
  #aborts     : 0
    #lock-r   : 0
    #lock-w   : 0
    #val-r    : 0
    #val-w    : 0
    #val-c    : 0
    #inv-mem  : 0
  Max retries : 0
Thread 13
  #add        : 16215
    #added    : 7927
  #remove     : 15569
    #removed  : 7926
  #contains   : 95374
  #found      : 48068
  #aborts     : 0
    #lock-r   : 0
    #lock-w   : 0
    #val-r    : 0
    #val-w    : 0
    #val-c    : 0
    #inv-mem  : 0
  Max retries : 0
Thread 14
  #add        : 12574
    #added    : 6183
  #remove     : 12318
    #removed  : 6183
  #contains   : 75167
  #found      : 37808
  #aborts     : 0
    #lock-r   : 0
    #lock-w   : 0
    #val-r    : 0
    #val-w    : 0
    #val-c    : 0
    #inv-mem  : 0
  Max retries : 0
Thread 15
  #add        : 16379
    #added    : 8082
  #remove     : 16110
    #removed  : 8081
  #contains   : 97891
  #found      : 49505
  #aborts     : 0
    #lock-r   : 0
    #lock-w   : 0
    #val-r    : 0
    #val-w    : 0
    #val-c    : 0
    #inv-mem  : 0
  Max retries : 0
Set size      : 1009 (expected: 1009)
Duration      : 5000 (ms)
#txs          : 1643482 (328696.400000 / s)
#read txs     : 1233442 (246688.400000 / s)
#eff. upd rate: 12.483191 
#update txs   : 410040 (82008.000000 / s)
#aborts       : 0 (0.000000 / s)
  #lock-r     : 0 (0.000000 / s)
  #lock-w     : 0 (0.000000 / s)
  #val-r      : 0 (0.000000 / s)
  #val-w      : 0 (0.000000 / s)
  #val-c      : 0 (0.000000 / s)
  #inv-mem    : 0 (0.000000 / s)
Max retries   : 0
