Set type     : linked list
Length       : 5000
Initial size : 1000
Nb threads   : 16
Value range  : 2000
Seed         : 0
Update rate  : 15
Lock alg     : 1
Alternate    : 0
Effective    : 0
Type sizes   : int=4/long=8/ptr=8/word=8
Initializing STM
Adding 1000 entries to set
Set size     : 1000
Creating thread 0
Creating thread 1
Creating thread 2
Creating thread 3
Creating thread 4
Creating thread 5
Creating thread 6
Creating thread 7
Creating thread 8
Creating thread 9
Creating thread 10
Creating thread 11
Creating thread 12
Creating thread 13
Creating thread 14
Creating thread 15
STARTING...
STOPPING...
Thread 0
  #add        : 7437
    #added    : 3662
  #remove     : 7365
    #removed  : 3661
  #contains   : 83802
  #found      : 42371
  #aborts     : 0
    #lock-r   : 0
    #lock-w   : 0
    #val-r    : 0
    #val-w    : 0
    #val-c    : 0
    #inv-mem  : 0
  Max retries : 0
Thread 1
  #add        : 6916
    #added    : 3367
  #remove     : 6538
    #removed  : 3367
  #contains   : 76274
  #found      : 38492
  #aborts     : 0
    #lock-r   : 0
    #lock-w   : 0
    #val-r    : 0
    #val-w    : 0
    #val-c    : 0
    #inv-mem  : 0
  Max retries : 0
Thread 2
  #add        : 10007
    #added    : 4991
  #remove     : 9831
    #removed  : 4990
  #contains   : 112606
  #found      : 56600
  #aborts     : 0
    #lock-r   : 0
    #lock-w   : 0
    #val-r    : 0
    #val-w    : 0
    #val-c    : 0
    #inv-mem  : 0
  Max retries : 0
Thread 3
  #add        : 8865
    #added    : 4378
  #remove     : 8580
    #removed  : 4378
  #contains   : 98556
  #found      : 49512
  #aborts     : 0
    #lock-r   : 0
    #lock-w   : 0
    #val-r    : 0
    #val-w    : 0
    #val-c    : 0
    #inv-mem  : 0
  Max retries : 0
Thread 4
  #add        : 7489
    #added    : 3800
  #remove     : 7567
    #removed  : 3800
  #contains   : 85180
  #found      : 42855
  #aborts     : 0
    #lock-r   : 0
    #lock-w   : 0
    #val-r    : 0
    #val-w    : 0
    #val-c    : 0
    #inv-mem  : 0
  Max retries : 0
Thread 5
  #add        : 7019
    #added    : 3422
  #remove     : 6825
    #removed  : 3421
  #contains   : 78070
  #found      : 39585
  #aborts     : 0
    #lock-r   : 0
    #lock-w   : 0
    #val-r    : 0
    #val-w    : 0
    #val-c    : 0
    #inv-mem  : 0
  Max retries : 0
Thread 6
  #add        : 6941
    #added    : 3432
  #remove     : 6715
    #removed  : 3432
  #contains   : 76046
  #found      : 38399
  #aborts     : 0
    #lock-r   : 0
    #lock-w   : 0
    #val-r    : 0
    #val-w    : 0
    #val-c    : 0
    #inv-mem  : 0
  Max retries : 0
Thread 7
  #add        : 9321
    #added    : 4601
  #remove     : 9120
    #removed  : 4601
  #contains   : 104124
  #found      : 52531
  #aborts     : 0
    #lock-r   : 0
    #lock-w   : 0
    #val-r    : 0
    #val-w    : 0
    #val-c    : 0
    #inv-mem  : 0
  Max retries : 0
Thread 8
  #add        : 7460
    #added    : 3676
  #remove     : 7360
    #removed  : 3675
  #contains   : 83968
  #found      : 42498
  #aborts     : 0
    #lock-r   : 0
    #lock-w   : 0
    #val-r    : 0
    #val-w    : 0
    #val-c    : 0
    #inv-mem  : 0
  Max retries : 0
Thread 9
  #add        : 8775
    #added    : 4353
  #remove     : 8754
    #removed  : 4353
  #contains   : 99278
  #found      : 50049
  #aborts     : 0
    #lock-r   : 0
    #lock-w   : 0
    #val-r    : 0
    #val-w    : 0
    #val-c    : 0
    #inv-mem  : 0
  Max retries : 0
Thread 10
  #add        : 6162
    #added    : 3000
  #remove     : 6057
    #removed  : 3000
  #contains   : 69666
  #found      : 35191
  #aborts     : 0
    #lock-r   : 0
    #lock-w   : 0
    #val-r    : 0
    #val-w    : 0
    #val-c    : 0
    #inv-mem  : 0
  Max retries : 0
Thread 11
  #add        : 7874
    #added    : 3869
  #remove     : 7685
    #removed  : 3868
  #contains   : 88623
  #found      : 44900
  #aborts     : 0
    #lock-r   : 0
    #lock-w   : 0
    #val-r    : 0
    #val-w    : 0
    #val-c    : 0
    #inv-mem  : 0
  Max retries : 0
Thread 12
  #add        : 7701
    #added    : 3773
  #remove     : 7576
    #removed  : 3773
  #contains   : 86554
  #found      : 43541
  #aborts     : 0
    #lock-r   : 0
    #lock-w   : 0
    #val-r    : 0
    #val-w    : 0
    #val-c    : 0
    #inv-mem  : 0
  Max retries : 0
Thread 13
  #add        : 6604
    #added    : 3184
  #remove     : 6131
    #removed  : 3184
  #contains   : 71134
  #found      : 35794
  #aborts     : 0
    #lock-r   : 0
    #lock-w   : 0
    #val-r    : 0
    #val-w    : 0
    #val-c    : 0
    #inv-mem  : 0
  Max retries : 0
Thread 14
  #add        : 7985
    #added    : 3928
  #remove     : 7684
    #removed  : 3927
  #contains   : 88813
  #found      : 44793
  #aborts     : 0
    #lock-r   : 0
    #lock-w   : 0
    #val-r    : 0
    #val-w    : 0
    #val-c    : 0
    #inv-mem  : 0
  Max retries : 0
Thread 15
  #add        : 7934
    #added    : 3944
  #remove     : 7773
    #removed  : 3944
  #contains   : 90454
  #found      : 45509
  #aborts     : 0
    #lock-r   : 0
    #lock-w   : 0
    #val-r    : 0
    #val-w    : 0
    #val-c    : 0
    #inv-mem  : 0
  Max retries : 0
Set size      : 1006 (expected: 1006)
Duration      : 5000 (ms)
#txs          : 1639199 (327839.800000 / s)
#read txs     : 1393148 (278629.600000 / s)
#eff. upd rate: 7.488658 
#update txs   : 246051 (49210.200000 / s)
#aborts       : 0 (0.000000 / s)
  #lock-r     : 0 (0.000000 / s)
  #lock-w     : 0 (0.000000 / s)
  #val-r      : 0 (0.000000 / s)
  #val-w      : 0 (0.000000 / s)
  #val-c      : 0 (0.000000 / s)
  #inv-mem    : 0 (0.000000 / s)
Max retries   : 0
