Set type     : linked list
Length       : 5000
Initial size : 100
Nb threads   : 1
Value range  : 200
Seed         : 0
Update rate  : 15
Lock alg     : 1
Alternate    : 0
Effective    : 0
Type sizes   : int=4/long=8/ptr=8/word=8
Initializing STM
Adding 100 entries to set
Set size     : 100
Creating thread 0
STARTING...
STOPPING...
Thread 0
  #add        : 4419668
    #added    : 2209574
  #remove     : 4377812
    #removed  : 2209574
  #contains   : 49848503
  #found      : 25052035
  #aborts     : 0
    #lock-r   : 0
    #lock-w   : 0
    #val-r    : 0
    #val-w    : 0
    #val-c    : 0
    #inv-mem  : 0
  Max retries : 0
Set size      : 100 (expected: 100)
Duration      : 5000 (ms)
#txs          : 58645983 (11729196.600000 / s)
#read txs     : 49848503 (9969700.600000 / s)
#eff. upd rate: 7.535295 
#update txs   : 8797480 (1759496.000000 / s)
#aborts       : 0 (0.000000 / s)
  #lock-r     : 0 (0.000000 / s)
  #lock-w     : 0 (0.000000 / s)
  #val-r      : 0 (0.000000 / s)
  #val-w      : 0 (0.000000 / s)
  #val-c      : 0 (0.000000 / s)
  #inv-mem    : 0 (0.000000 / s)
Max retries   : 0
