Set type     : linked list
Length       : 5000
Initial size : 1000
Nb threads   : 2
Value range  : 2000
Seed         : 0
Update rate  : 85
Lock alg     : 1
Alternate    : 0
Effective    : 0
Type sizes   : int=4/long=8/ptr=8/word=8
Initializing STM
Adding 1000 entries to set
Set size     : 1000
Creating thread 0
Creating thread 1
STARTING...
STOPPING...
Thread 0
  #add        : 192030
    #added    : 95891
  #remove     : 190793
    #removed  : 95890
  #contains   : 67134
  #found      : 33664
  #aborts     : 0
    #lock-r   : 0
    #lock-w   : 0
    #val-r    : 0
    #val-w    : 0
    #val-c    : 0
    #inv-mem  : 0
  Max retries : 0
Thread 1
  #add        : 184814
    #added    : 92247
  #remove     : 184626
    #removed  : 92246
  #contains   : 64800
  #found      : 32568
  #aborts     : 0
    #lock-r   : 0
    #lock-w   : 0
    #val-r    : 0
    #val-w    : 0
    #val-c    : 0
    #inv-mem  : 0
  Max retries : 0
Set size      : 1002 (expected: 1002)
Duration      : 5000 (ms)
#txs          : 884197 (176839.400000 / s)
#read txs     : 131934 (26386.800000 / s)
#eff. upd rate: 42.555449 
#update txs   : 752263 (150452.600000 / s)
#aborts       : 0 (0.000000 / s)
  #lock-r     : 0 (0.000000 / s)
  #lock-w     : 0 (0.000000 / s)
  #val-r      : 0 (0.000000 / s)
  #val-w      : 0 (0.000000 / s)
  #val-c      : 0 (0.000000 / s)
  #inv-mem    : 0 (0.000000 / s)
Max retries   : 0
