Set type     : linked list
Length       : 5000
Initial size : 100
Nb threads   : 2
Value range  : 200
Seed         : 0
Update rate  : 70
Lock alg     : 1
Alternate    : 0
Effective    : 0
Type sizes   : int=4/long=8/ptr=8/word=8
Initializing STM
Adding 100 entries to set
Set size     : 100
Creating thread 0
Creating thread 1
STARTING...
STOPPING...
Thread 0
  #add        : 1445815
    #added    : 718949
  #remove     : 1418158
    #removed  : 718948
  #contains   : 1229483
  #found      : 620544
  #aborts     : 0
    #lock-r   : 0
    #lock-w   : 0
    #val-r    : 0
    #val-w    : 0
    #val-c    : 0
    #inv-mem  : 0
  Max retries : 0
Thread 1
  #add        : 1486253
    #added    : 738587
  #remove     : 1456317
    #removed  : 738586
  #contains   : 1261544
  #found      : 637318
  #aborts     : 0
    #lock-r   : 0
    #lock-w   : 0
    #val-r    : 0
    #val-w    : 0
    #val-c    : 0
    #inv-mem  : 0
  Max retries : 0
Set size      : 102 (expected: 102)
Duration      : 5000 (ms)
#txs          : 8297570 (1659514.000000 / s)
#read txs     : 2491027 (498205.400000 / s)
#eff. upd rate: 35.131611 
#update txs   : 5806543 (1161308.600000 / s)
#aborts       : 0 (0.000000 / s)
  #lock-r     : 0 (0.000000 / s)
  #lock-w     : 0 (0.000000 / s)
  #val-r      : 0 (0.000000 / s)
  #val-w      : 0 (0.000000 / s)
  #val-c      : 0 (0.000000 / s)
  #inv-mem    : 0 (0.000000 / s)
Max retries   : 0
