Set type     : linked list
Length       : 5000
Initial size : 1000
Nb threads   : 4
Value range  : 2000
Seed         : 0
Update rate  : 35
Lock alg     : 1
Alternate    : 0
Effective    : 0
Type sizes   : int=4/long=8/ptr=8/word=8
Initializing STM
Adding 1000 entries to set
Set size     : 1000
Creating thread 0
Creating thread 1
Creating thread 2
Creating thread 3
STARTING...
STOPPING...
Thread 0
  #add        : 61267
    #added    : 30680
  #remove     : 61649
    #removed  : 30680
  #contains   : 230013
  #found      : 114884
  #aborts     : 0
    #lock-r   : 0
    #lock-w   : 0
    #val-r    : 0
    #val-w    : 0
    #val-c    : 0
    #inv-mem  : 0
  Max retries : 0
Thread 1
  #add        : 72215
    #added    : 36188
  #remove     : 72483
    #removed  : 36187
  #contains   : 269249
  #found      : 135011
  #aborts     : 0
    #lock-r   : 0
    #lock-w   : 0
    #val-r    : 0
    #val-w    : 0
    #val-c    : 0
    #inv-mem  : 0
  Max retries : 0
Thread 2
  #add        : 77388
    #added    : 38640
  #remove     : 76956
    #removed  : 38639
  #contains   : 286967
  #found      : 143510
  #aborts     : 0
    #lock-r   : 0
    #lock-w   : 0
    #val-r    : 0
    #val-w    : 0
    #val-c    : 0
    #inv-mem  : 0
  Max retries : 0
Thread 3
  #add        : 68682
    #added    : 34246
  #remove     : 68015
    #removed  : 34245
  #contains   : 253370
  #found      : 127152
  #aborts     : 0
    #lock-r   : 0
    #lock-w   : 0
    #val-r    : 0
    #val-w    : 0
    #val-c    : 0
    #inv-mem  : 0
  Max retries : 0
Set size      : 1003 (expected: 1003)
Duration      : 5000 (ms)
#txs          : 1598254 (319650.800000 / s)
#read txs     : 1039599 (207919.800000 / s)
#eff. upd rate: 17.488146 
#update txs   : 558655 (111731.000000 / s)
#aborts       : 0 (0.000000 / s)
  #lock-r     : 0 (0.000000 / s)
  #lock-w     : 0 (0.000000 / s)
  #val-r      : 0 (0.000000 / s)
  #val-w      : 0 (0.000000 / s)
  #val-c      : 0 (0.000000 / s)
  #inv-mem    : 0 (0.000000 / s)
Max retries   : 0
