Set type     : linked list
Length       : 5000
Initial size : 1000
Nb threads   : 16
Value range  : 2000
Seed         : 0
Update rate  : 25
Lock alg     : 1
Alternate    : 0
Effective    : 0
Type sizes   : int=4/long=8/ptr=8/word=8
Initializing STM
Adding 1000 entries to set
Set size     : 1000
Creating thread 0
Creating thread 1
Creating thread 2
Creating thread 3
Creating thread 4
Creating thread 5
Creating thread 6
Creating thread 7
Creating thread 8
Creating thread 9
Creating thread 10
Creating thread 11
Creating thread 12
Creating thread 13
Creating thread 14
Creating thread 15
STARTING...
STOPPING...
Thread 0
  #add        : 12906
    #added    : 6341
  #remove     : 12639
    #removed  : 6341
  #contains   : 77069
  #found      : 38914
  #aborts     : 0
    #lock-r   : 0
    #lock-w   : 0
    #val-r    : 0
    #val-w    : 0
    #val-c    : 0
    #inv-mem  : 0
  Max retries : 0
Thread 1
  #add        : 10680
    #added    : 5406
  #remove     : 10650
    #removed  : 5405
  #contains   : 63814
  #found      : 32125
  #aborts     : 0
    #lock-r   : 0
    #lock-w   : 0
    #val-r    : 0
    #val-w    : 0
    #val-c    : 0
    #inv-mem  : 0
  Max retries : 0
Thread 2
  #add        : 9800
    #added    : 4906
  #remove     : 9657
    #removed  : 4905
  #contains   : 58508
  #found      : 29701
  #aborts     : 0
    #lock-r   : 0
    #lock-w   : 0
    #val-r    : 0
    #val-w    : 0
    #val-c    : 0
    #inv-mem  : 0
  Max retries : 0
Thread 3
  #add        : 15471
    #added    : 7608
  #remove     : 14954
    #removed  : 7608
  #contains   : 90744
  #found      : 45456
  #aborts     : 0
    #lock-r   : 0
    #lock-w   : 0
    #val-r    : 0
    #val-w    : 0
    #val-c    : 0
    #inv-mem  : 0
  Max retries : 0
Thread 4
  #add        : 10930
    #added    : 5457
  #remove     : 10912
    #removed  : 5456
  #contains   : 65687
  #found      : 33092
  #aborts     : 0
    #lock-r   : 0
    #lock-w   : 0
    #val-r    : 0
    #val-w    : 0
    #val-c    : 0
    #inv-mem  : 0
  Max retries : 0
Thread 5
  #add        : 13525
    #added    : 6671
  #remove     : 13245
    #removed  : 6670
  #contains   : 80600
  #found      : 40499
  #aborts     : 0
    #lock-r   : 0
    #lock-w   : 0
    #val-r    : 0
    #val-w    : 0
    #val-c    : 0
    #inv-mem  : 0
  Max retries : 0
Thread 6
  #add        : 11443
    #added    : 5744
  #remove     : 11347
    #removed  : 5743
  #contains   : 68131
  #found      : 34272
  #aborts     : 0
    #lock-r   : 0
    #lock-w   : 0
    #val-r    : 0
    #val-w    : 0
    #val-c    : 0
    #inv-mem  : 0
  Max retries : 0
Thread 7
  #add        : 12029
    #added    : 5937
  #remove     : 11602
    #removed  : 5937
  #contains   : 71190
  #found      : 36170
  #aborts     : 0
    #lock-r   : 0
    #lock-w   : 0
    #val-r    : 0
    #val-w    : 0
    #val-c    : 0
    #inv-mem  : 0
  Max retries : 0
Thread 8
  #add        : 14093
    #added    : 6928
  #remove     : 13730
    #removed  : 6927
  #contains   : 83775
  #found      : 42259
  #aborts     : 0
    #lock-r   : 0
    #lock-w   : 0
    #val-r    : 0
    #val-w    : 0
    #val-c    : 0
    #inv-mem  : 0
  Max retries : 0
Thread 9
  #add        : 12114
    #added    : 5954
  #remove     : 11640
    #removed  : 5954
  #contains   : 70429
  #found      : 35675
  #aborts     : 0
    #lock-r   : 0
    #lock-w   : 0
    #val-r    : 0
    #val-w    : 0
    #val-c    : 0
    #inv-mem  : 0
  Max retries : 0
Thread 10
  #add        : 12089
    #added    : 6047
  #remove     : 12118
    #removed  : 6047
  #contains   : 72067
  #found      : 36561
  #aborts     : 0
    #lock-r   : 0
    #lock-w   : 0
    #val-r    : 0
    #val-w    : 0
    #val-c    : 0
    #inv-mem  : 0
  Max retries : 0
Thread 11
  #add        : 11950
    #added    : 5977
  #remove     : 11857
    #removed  : 5976
  #contains   : 71269
  #found      : 36132
  #aborts     : 0
    #lock-r   : 0
    #lock-w   : 0
    #val-r    : 0
    #val-w    : 0
    #val-c    : 0
    #inv-mem  : 0
  Max retries : 0
Thread 12
  #add        : 9393
    #added    : 4682
  #remove     : 9283
    #removed  : 4681
  #contains   : 55414
  #found      : 27890
  #aborts     : 0
    #lock-r   : 0
    #lock-w   : 0
    #val-r    : 0
    #val-w    : 0
    #val-c    : 0
    #inv-mem  : 0
  Max retries : 0
Thread 13
  #add        : 13157
    #added    : 6573
  #remove     : 13133
    #removed  : 6573
  #contains   : 79912
  #found      : 40469
  #aborts     : 0
    #lock-r   : 0
    #lock-w   : 0
    #val-r    : 0
    #val-w    : 0
    #val-c    : 0
    #inv-mem  : 0
  Max retries : 0
Thread 14
  #add        : 13721
    #added    : 6802
  #remove     : 13526
    #removed  : 6802
  #contains   : 81625
  #found      : 41185
  #aborts     : 0
    #lock-r   : 0
    #lock-w   : 0
    #val-r    : 0
    #val-w    : 0
    #val-c    : 0
    #inv-mem  : 0
  Max retries : 0
Thread 15
  #add        : 14637
    #added    : 7279
  #remove     : 14670
    #removed  : 7279
  #contains   : 88435
  #found      : 44577
  #aborts     : 0
    #lock-r   : 0
    #lock-w   : 0
    #val-r    : 0
    #val-w    : 0
    #val-c    : 0
    #inv-mem  : 0
  Max retries : 0
Set size      : 1008 (expected: 1008)
Duration      : 5000 (ms)
#txs          : 1571570 (314314.000000 / s)
#read txs     : 1178669 (235733.800000 / s)
#eff. upd rate: 12.510801 
#update txs   : 392901 (78580.200000 / s)
#aborts       : 0 (0.000000 / s)
  #lock-r     : 0 (0.000000 / s)
  #lock-w     : 0 (0.000000 / s)
  #val-r      : 0 (0.000000 / s)
  #val-w      : 0 (0.000000 / s)
  #val-c      : 0 (0.000000 / s)
  #inv-mem    : 0 (0.000000 / s)
Max retries   : 0
