Set type     : linked list
Length       : 5000
Initial size : 1000
Nb threads   : 16
Value range  : 2000
Seed         : 0
Update rate  : 75
Lock alg     : 1
Alternate    : 0
Effective    : 0
Type sizes   : int=4/long=8/ptr=8/word=8
Initializing STM
Adding 1000 entries to set
Set size     : 1000
Creating thread 0
Creating thread 1
Creating thread 2
Creating thread 3
Creating thread 4
Creating thread 5
Creating thread 6
Creating thread 7
Creating thread 8
Creating thread 9
Creating thread 10
Creating thread 11
Creating thread 12
Creating thread 13
Creating thread 14
Creating thread 15
STARTING...
STOPPING...
Thread 0
  #add        : 10819
    #added    : 5381
  #remove     : 10718
    #removed  : 5380
  #contains   : 7049
  #found      : 3530
  #aborts     : 0
    #lock-r   : 0
    #lock-w   : 0
    #val-r    : 0
    #val-w    : 0
    #val-c    : 0
    #inv-mem  : 0
  Max retries : 0
Thread 1
  #add        : 9769
    #added    : 4877
  #remove     : 9908
    #removed  : 4877
  #contains   : 6462
  #found      : 3256
  #aborts     : 0
    #lock-r   : 0
    #lock-w   : 0
    #val-r    : 0
    #val-w    : 0
    #val-c    : 0
    #inv-mem  : 0
  Max retries : 0
Thread 2
  #add        : 9394
    #added    : 4673
  #remove     : 9228
    #removed  : 4673
  #contains   : 6291
  #found      : 3149
  #aborts     : 0
    #lock-r   : 0
    #lock-w   : 0
    #val-r    : 0
    #val-w    : 0
    #val-c    : 0
    #inv-mem  : 0
  Max retries : 0
Thread 3
  #add        : 10023
    #added    : 4989
  #remove     : 9804
    #removed  : 4988
  #contains   : 6671
  #found      : 3364
  #aborts     : 0
    #lock-r   : 0
    #lock-w   : 0
    #val-r    : 0
    #val-w    : 0
    #val-c    : 0
    #inv-mem  : 0
  Max retries : 0
Thread 4
  #add        : 9603
    #added    : 4851
  #remove     : 9853
    #removed  : 4850
  #contains   : 6495
  #found      : 3233
  #aborts     : 0
    #lock-r   : 0
    #lock-w   : 0
    #val-r    : 0
    #val-w    : 0
    #val-c    : 0
    #inv-mem  : 0
  Max retries : 0
Thread 5
  #add        : 9569
    #added    : 4721
  #remove     : 9381
    #removed  : 4720
  #contains   : 6216
  #found      : 3129
  #aborts     : 0
    #lock-r   : 0
    #lock-w   : 0
    #val-r    : 0
    #val-w    : 0
    #val-c    : 0
    #inv-mem  : 0
  Max retries : 0
Thread 6
  #add        : 10082
    #added    : 5112
  #remove     : 10189
    #removed  : 5111
  #contains   : 6651
  #found      : 3370
  #aborts     : 0
    #lock-r   : 0
    #lock-w   : 0
    #val-r    : 0
    #val-w    : 0
    #val-c    : 0
    #inv-mem  : 0
  Max retries : 0
Thread 7
  #add        : 9832
    #added    : 4825
  #remove     : 9519
    #removed  : 4824
  #contains   : 6533
  #found      : 3312
  #aborts     : 0
    #lock-r   : 0
    #lock-w   : 0
    #val-r    : 0
    #val-w    : 0
    #val-c    : 0
    #inv-mem  : 0
  Max retries : 0
Thread 8
  #add        : 9225
    #added    : 4562
  #remove     : 9025
    #removed  : 4561
  #contains   : 6167
  #found      : 3123
  #aborts     : 0
    #lock-r   : 0
    #lock-w   : 0
    #val-r    : 0
    #val-w    : 0
    #val-c    : 0
    #inv-mem  : 0
  Max retries : 0
Thread 9
  #add        : 9847
    #added    : 4881
  #remove     : 9768
    #removed  : 4880
  #contains   : 6550
  #found      : 3341
  #aborts     : 0
    #lock-r   : 0
    #lock-w   : 0
    #val-r    : 0
    #val-w    : 0
    #val-c    : 0
    #inv-mem  : 0
  Max retries : 0
Thread 10
  #add        : 9652
    #added    : 4852
  #remove     : 9334
    #removed  : 4851
  #contains   : 6330
  #found      : 3220
  #aborts     : 0
    #lock-r   : 0
    #lock-w   : 0
    #val-r    : 0
    #val-w    : 0
    #val-c    : 0
    #inv-mem  : 0
  Max retries : 0
Thread 11
  #add        : 9717
    #added    : 4812
  #remove     : 9566
    #removed  : 4811
  #contains   : 6481
  #found      : 3238
  #aborts     : 0
    #lock-r   : 0
    #lock-w   : 0
    #val-r    : 0
    #val-w    : 0
    #val-c    : 0
    #inv-mem  : 0
  Max retries : 0
Thread 12
  #add        : 8768
    #added    : 4344
  #remove     : 8736
    #removed  : 4343
  #contains   : 5835
  #found      : 2908
  #aborts     : 0
    #lock-r   : 0
    #lock-w   : 0
    #val-r    : 0
    #val-w    : 0
    #val-c    : 0
    #inv-mem  : 0
  Max retries : 0
Thread 13
  #add        : 9886
    #added    : 4864
  #remove     : 9514
    #removed  : 4863
  #contains   : 6441
  #found      : 3313
  #aborts     : 0
    #lock-r   : 0
    #lock-w   : 0
    #val-r    : 0
    #val-w    : 0
    #val-c    : 0
    #inv-mem  : 0
  Max retries : 0
Thread 14
  #add        : 9402
    #added    : 4633
  #remove     : 9094
    #removed  : 4633
  #contains   : 6116
  #found      : 3170
  #aborts     : 0
    #lock-r   : 0
    #lock-w   : 0
    #val-r    : 0
    #val-w    : 0
    #val-c    : 0
    #inv-mem  : 0
  Max retries : 0
Thread 15
  #add        : 9901
    #added    : 4905
  #remove     : 9765
    #removed  : 4904
  #contains   : 6684
  #found      : 3415
  #aborts     : 0
    #lock-r   : 0
    #lock-w   : 0
    #val-r    : 0
    #val-w    : 0
    #val-c    : 0
    #inv-mem  : 0
  Max retries : 0
Set size      : 1013 (expected: 1013)
Duration      : 5000 (ms)
#txs          : 411863 (82372.600000 / s)
#read txs     : 102972 (20594.400000 / s)
#eff. upd rate: 37.524857 
#update txs   : 308891 (61778.200000 / s)
#aborts       : 0 (0.000000 / s)
  #lock-r     : 0 (0.000000 / s)
  #lock-w     : 0 (0.000000 / s)
  #val-r      : 0 (0.000000 / s)
  #val-w      : 0 (0.000000 / s)
  #val-c      : 0 (0.000000 / s)
  #inv-mem    : 0 (0.000000 / s)
Max retries   : 0
