Set type     : linked list
Length       : 5000
Initial size : 1000
Nb threads   : 16
Value range  : 2000
Seed         : 0
Update rate  : 5
Lock alg     : 1
Alternate    : 0
Effective    : 0
Type sizes   : int=4/long=8/ptr=8/word=8
Initializing STM
Adding 1000 entries to set
Set size     : 1000
Creating thread 0
Creating thread 1
Creating thread 2
Creating thread 3
Creating thread 4
Creating thread 5
Creating thread 6
Creating thread 7
Creating thread 8
Creating thread 9
Creating thread 10
Creating thread 11
Creating thread 12
Creating thread 13
Creating thread 14
Creating thread 15
STARTING...
STOPPING...
Thread 0
  #add        : 2793
    #added    : 1420
  #remove     : 2829
    #removed  : 1420
  #contains   : 105001
  #found      : 52998
  #aborts     : 0
    #lock-r   : 0
    #lock-w   : 0
    #val-r    : 0
    #val-w    : 0
    #val-c    : 0
    #inv-mem  : 0
  Max retries : 0
Thread 1
  #add        : 2524
    #added    : 1283
  #remove     : 2566
    #removed  : 1282
  #contains   : 97263
  #found      : 49027
  #aborts     : 0
    #lock-r   : 0
    #lock-w   : 0
    #val-r    : 0
    #val-w    : 0
    #val-c    : 0
    #inv-mem  : 0
  Max retries : 0
Thread 2
  #add        : 2960
    #added    : 1504
  #remove     : 2914
    #removed  : 1503
  #contains   : 110343
  #found      : 55663
  #aborts     : 0
    #lock-r   : 0
    #lock-w   : 0
    #val-r    : 0
    #val-w    : 0
    #val-c    : 0
    #inv-mem  : 0
  Max retries : 0
Thread 3
  #add        : 2501
    #added    : 1241
  #remove     : 2471
    #removed  : 1240
  #contains   : 93318
  #found      : 46905
  #aborts     : 0
    #lock-r   : 0
    #lock-w   : 0
    #val-r    : 0
    #val-w    : 0
    #val-c    : 0
    #inv-mem  : 0
  Max retries : 0
Thread 4
  #add        : 2166
    #added    : 1056
  #remove     : 2129
    #removed  : 1056
  #contains   : 81140
  #found      : 40800
  #aborts     : 0
    #lock-r   : 0
    #lock-w   : 0
    #val-r    : 0
    #val-w    : 0
    #val-c    : 0
    #inv-mem  : 0
  Max retries : 0
Thread 5
  #add        : 2070
    #added    : 1052
  #remove     : 1978
    #removed  : 1051
  #contains   : 76450
  #found      : 38378
  #aborts     : 0
    #lock-r   : 0
    #lock-w   : 0
    #val-r    : 0
    #val-w    : 0
    #val-c    : 0
    #inv-mem  : 0
  Max retries : 0
Thread 6
  #add        : 2238
    #added    : 1061
  #remove     : 2058
    #removed  : 1061
  #contains   : 81974
  #found      : 41210
  #aborts     : 0
    #lock-r   : 0
    #lock-w   : 0
    #val-r    : 0
    #val-w    : 0
    #val-c    : 0
    #inv-mem  : 0
  Max retries : 0
Thread 7
  #add        : 2690
    #added    : 1347
  #remove     : 2586
    #removed  : 1347
  #contains   : 100038
  #found      : 50222
  #aborts     : 0
    #lock-r   : 0
    #lock-w   : 0
    #val-r    : 0
    #val-w    : 0
    #val-c    : 0
    #inv-mem  : 0
  Max retries : 0
Thread 8
  #add        : 2620
    #added    : 1280
  #remove     : 2536
    #removed  : 1279
  #contains   : 96667
  #found      : 48892
  #aborts     : 0
    #lock-r   : 0
    #lock-w   : 0
    #val-r    : 0
    #val-w    : 0
    #val-c    : 0
    #inv-mem  : 0
  Max retries : 0
Thread 9
  #add        : 2502
    #added    : 1254
  #remove     : 2521
    #removed  : 1254
  #contains   : 96941
  #found      : 48635
  #aborts     : 0
    #lock-r   : 0
    #lock-w   : 0
    #val-r    : 0
    #val-w    : 0
    #val-c    : 0
    #inv-mem  : 0
  Max retries : 0
Thread 10
  #add        : 1977
    #added    : 956
  #remove     : 1870
    #removed  : 956
  #contains   : 72946
  #found      : 36815
  #aborts     : 0
    #lock-r   : 0
    #lock-w   : 0
    #val-r    : 0
    #val-w    : 0
    #val-c    : 0
    #inv-mem  : 0
  Max retries : 0
Thread 11
  #add        : 2841
    #added    : 1357
  #remove     : 2681
    #removed  : 1356
  #contains   : 105648
  #found      : 53137
  #aborts     : 0
    #lock-r   : 0
    #lock-w   : 0
    #val-r    : 0
    #val-w    : 0
    #val-c    : 0
    #inv-mem  : 0
  Max retries : 0
Thread 12
  #add        : 2852
    #added    : 1346
  #remove     : 2678
    #removed  : 1345
  #contains   : 107139
  #found      : 53719
  #aborts     : 0
    #lock-r   : 0
    #lock-w   : 0
    #val-r    : 0
    #val-w    : 0
    #val-c    : 0
    #inv-mem  : 0
  Max retries : 0
Thread 13
  #add        : 2606
    #added    : 1255
  #remove     : 2380
    #removed  : 1255
  #contains   : 94077
  #found      : 47320
  #aborts     : 0
    #lock-r   : 0
    #lock-w   : 0
    #val-r    : 0
    #val-w    : 0
    #val-c    : 0
    #inv-mem  : 0
  Max retries : 0
Thread 14
  #add        : 2436
    #added    : 1210
  #remove     : 2417
    #removed  : 1209
  #contains   : 89266
  #found      : 45198
  #aborts     : 0
    #lock-r   : 0
    #lock-w   : 0
    #val-r    : 0
    #val-w    : 0
    #val-c    : 0
    #inv-mem  : 0
  Max retries : 0
Thread 15
  #add        : 2947
    #added    : 1426
  #remove     : 2815
    #removed  : 1426
  #contains   : 109008
  #found      : 55261
  #aborts     : 0
    #lock-r   : 0
    #lock-w   : 0
    #val-r    : 0
    #val-w    : 0
    #val-c    : 0
    #inv-mem  : 0
  Max retries : 0
Set size      : 1008 (expected: 1008)
Duration      : 5000 (ms)
#txs          : 1597371 (319474.200000 / s)
#read txs     : 1517219 (303443.800000 / s)
#eff. upd rate: 2.509624 
#update txs   : 80152 (16030.400000 / s)
#aborts       : 0 (0.000000 / s)
  #lock-r     : 0 (0.000000 / s)
  #lock-w     : 0 (0.000000 / s)
  #val-r      : 0 (0.000000 / s)
  #val-w      : 0 (0.000000 / s)
  #val-c      : 0 (0.000000 / s)
  #inv-mem    : 0 (0.000000 / s)
Max retries   : 0
