Set type     : linked list
Length       : 5000
Initial size : 1000
Nb threads   : 4
Value range  : 2000
Seed         : 0
Update rate  : 20
Lock alg     : 1
Alternate    : 0
Effective    : 0
Type sizes   : int=4/long=8/ptr=8/word=8
Initializing STM
Adding 1000 entries to set
Set size     : 1000
Creating thread 0
Creating thread 1
Creating thread 2
Creating thread 3
STARTING...
STOPPING...
Thread 0
  #add        : 30274
    #added    : 15030
  #remove     : 30092
    #removed  : 15030
  #contains   : 240789
  #found      : 120671
  #aborts     : 0
    #lock-r   : 0
    #lock-w   : 0
    #val-r    : 0
    #val-w    : 0
    #val-c    : 0
    #inv-mem  : 0
  Max retries : 0
Thread 1
  #add        : 34645
    #added    : 17392
  #remove     : 34612
    #removed  : 17392
  #contains   : 274483
  #found      : 137232
  #aborts     : 0
    #lock-r   : 0
    #lock-w   : 0
    #val-r    : 0
    #val-w    : 0
    #val-c    : 0
    #inv-mem  : 0
  Max retries : 0
Thread 2
  #add        : 30370
    #added    : 15143
  #remove     : 30515
    #removed  : 15142
  #contains   : 243901
  #found      : 122186
  #aborts     : 0
    #lock-r   : 0
    #lock-w   : 0
    #val-r    : 0
    #val-w    : 0
    #val-c    : 0
    #inv-mem  : 0
  Max retries : 0
Thread 3
  #add        : 34956
    #added    : 17375
  #remove     : 34535
    #removed  : 17374
  #contains   : 279128
  #found      : 140036
  #aborts     : 0
    #lock-r   : 0
    #lock-w   : 0
    #val-r    : 0
    #val-w    : 0
    #val-c    : 0
    #inv-mem  : 0
  Max retries : 0
Set size      : 1002 (expected: 1002)
Duration      : 5000 (ms)
#txs          : 1298300 (259660.000000 / s)
#read txs     : 1038301 (207660.200000 / s)
#eff. upd rate: 10.003697 
#update txs   : 259999 (51999.800000 / s)
#aborts       : 0 (0.000000 / s)
  #lock-r     : 0 (0.000000 / s)
  #lock-w     : 0 (0.000000 / s)
  #val-r      : 0 (0.000000 / s)
  #val-w      : 0 (0.000000 / s)
  #val-c      : 0 (0.000000 / s)
  #inv-mem    : 0 (0.000000 / s)
Max retries   : 0
