Set type     : linked list
Length       : 5000
Initial size : 1000
Nb threads   : 16
Value range  : 2000
Seed         : 0
Update rate  : 20
Lock alg     : 1
Alternate    : 0
Effective    : 0
Type sizes   : int=4/long=8/ptr=8/word=8
Initializing STM
Adding 1000 entries to set
Set size     : 1000
Creating thread 0
Creating thread 1
Creating thread 2
Creating thread 3
Creating thread 4
Creating thread 5
Creating thread 6
Creating thread 7
Creating thread 8
Creating thread 9
Creating thread 10
Creating thread 11
Creating thread 12
Creating thread 13
Creating thread 14
Creating thread 15
STARTING...
STOPPING...
Thread 0
  #add        : 3165
    #added    : 1592
  #remove     : 3198
    #removed  : 1591
  #contains   : 25960
  #found      : 13224
  #aborts     : 0
    #lock-r   : 0
    #lock-w   : 0
    #val-r    : 0
    #val-w    : 0
    #val-c    : 0
    #inv-mem  : 0
  Max retries : 0
Thread 1
  #add        : 3701
    #added    : 1857
  #remove     : 3657
    #removed  : 1856
  #contains   : 29333
  #found      : 14720
  #aborts     : 0
    #lock-r   : 0
    #lock-w   : 0
    #val-r    : 0
    #val-w    : 0
    #val-c    : 0
    #inv-mem  : 0
  Max retries : 0
Thread 2
  #add        : 3162
    #added    : 1548
  #remove     : 3199
    #removed  : 1547
  #contains   : 25824
  #found      : 13078
  #aborts     : 0
    #lock-r   : 0
    #lock-w   : 0
    #val-r    : 0
    #val-w    : 0
    #val-c    : 0
    #inv-mem  : 0
  Max retries : 0
Thread 3
  #add        : 3522
    #added    : 1719
  #remove     : 3390
    #removed  : 1718
  #contains   : 27089
  #found      : 13618
  #aborts     : 0
    #lock-r   : 0
    #lock-w   : 0
    #val-r    : 0
    #val-w    : 0
    #val-c    : 0
    #inv-mem  : 0
  Max retries : 0
Thread 4
  #add        : 3420
    #added    : 1645
  #remove     : 3250
    #removed  : 1644
  #contains   : 26445
  #found      : 13411
  #aborts     : 0
    #lock-r   : 0
    #lock-w   : 0
    #val-r    : 0
    #val-w    : 0
    #val-c    : 0
    #inv-mem  : 0
  Max retries : 0
Thread 5
  #add        : 3263
    #added    : 1605
  #remove     : 3145
    #removed  : 1604
  #contains   : 25926
  #found      : 12931
  #aborts     : 0
    #lock-r   : 0
    #lock-w   : 0
    #val-r    : 0
    #val-w    : 0
    #val-c    : 0
    #inv-mem  : 0
  Max retries : 0
Thread 6
  #add        : 2798
    #added    : 1427
  #remove     : 2822
    #removed  : 1427
  #contains   : 22590
  #found      : 11332
  #aborts     : 0
    #lock-r   : 0
    #lock-w   : 0
    #val-r    : 0
    #val-w    : 0
    #val-c    : 0
    #inv-mem  : 0
  Max retries : 0
Thread 7
  #add        : 3213
    #added    : 1608
  #remove     : 3226
    #removed  : 1608
  #contains   : 26020
  #found      : 13180
  #aborts     : 0
    #lock-r   : 0
    #lock-w   : 0
    #val-r    : 0
    #val-w    : 0
    #val-c    : 0
    #inv-mem  : 0
  Max retries : 0
Thread 8
  #add        : 3108
    #added    : 1554
  #remove     : 3147
    #removed  : 1554
  #contains   : 25035
  #found      : 12570
  #aborts     : 0
    #lock-r   : 0
    #lock-w   : 0
    #val-r    : 0
    #val-w    : 0
    #val-c    : 0
    #inv-mem  : 0
  Max retries : 0
Thread 9
  #add        : 3331
    #added    : 1696
  #remove     : 3382
    #removed  : 1695
  #contains   : 26837
  #found      : 13321
  #aborts     : 0
    #lock-r   : 0
    #lock-w   : 0
    #val-r    : 0
    #val-w    : 0
    #val-c    : 0
    #inv-mem  : 0
  Max retries : 0
Thread 10
  #add        : 3112
    #added    : 1543
  #remove     : 3069
    #removed  : 1542
  #contains   : 25174
  #found      : 12639
  #aborts     : 0
    #lock-r   : 0
    #lock-w   : 0
    #val-r    : 0
    #val-w    : 0
    #val-c    : 0
    #inv-mem  : 0
  Max retries : 0
Thread 11
  #add        : 3374
    #added    : 1715
  #remove     : 3413
    #removed  : 1715
  #contains   : 27539
  #found      : 13880
  #aborts     : 0
    #lock-r   : 0
    #lock-w   : 0
    #val-r    : 0
    #val-w    : 0
    #val-c    : 0
    #inv-mem  : 0
  Max retries : 0
Thread 12
  #add        : 3251
    #added    : 1628
  #remove     : 3221
    #removed  : 1628
  #contains   : 26226
  #found      : 13257
  #aborts     : 0
    #lock-r   : 0
    #lock-w   : 0
    #val-r    : 0
    #val-w    : 0
    #val-c    : 0
    #inv-mem  : 0
  Max retries : 0
Thread 13
  #add        : 3448
    #added    : 1806
  #remove     : 3626
    #removed  : 1806
  #contains   : 28020
  #found      : 14062
  #aborts     : 0
    #lock-r   : 0
    #lock-w   : 0
    #val-r    : 0
    #val-w    : 0
    #val-c    : 0
    #inv-mem  : 0
  Max retries : 0
Thread 14
  #add        : 3364
    #added    : 1742
  #remove     : 3364
    #removed  : 1741
  #contains   : 27488
  #found      : 13898
  #aborts     : 0
    #lock-r   : 0
    #lock-w   : 0
    #val-r    : 0
    #val-w    : 0
    #val-c    : 0
    #inv-mem  : 0
  Max retries : 0
Thread 15
  #add        : 2965
    #added    : 1449
  #remove     : 2950
    #removed  : 1449
  #contains   : 23167
  #found      : 11677
  #aborts     : 0
    #lock-r   : 0
    #lock-w   : 0
    #val-r    : 0
    #val-w    : 0
    #val-c    : 0
    #inv-mem  : 0
  Max retries : 0
Set size      : 1009 (expected: 1009)
Duration      : 5000 (ms)
#txs          : 522929 (104585.800000 / s)
#read txs     : 418673 (83734.600000 / s)
#eff. upd rate: 9.993517 
#update txs   : 104256 (20851.200000 / s)
#aborts       : 0 (0.000000 / s)
  #lock-r     : 0 (0.000000 / s)
  #lock-w     : 0 (0.000000 / s)
  #val-r      : 0 (0.000000 / s)
  #val-w      : 0 (0.000000 / s)
  #val-c      : 0 (0.000000 / s)
  #inv-mem    : 0 (0.000000 / s)
Max retries   : 0
