Set type     : linked list
Length       : 5000
Initial size : 100
Nb threads   : 16
Value range  : 200
Seed         : 0
Update rate  : 15
Lock alg     : 1
Alternate    : 0
Effective    : 0
Type sizes   : int=4/long=8/ptr=8/word=8
Initializing STM
Adding 100 entries to set
Set size     : 100
Creating thread 0
Creating thread 1
Creating thread 2
Creating thread 3
Creating thread 4
Creating thread 5
Creating thread 6
Creating thread 7
Creating thread 8
Creating thread 9
Creating thread 10
Creating thread 11
Creating thread 12
Creating thread 13
Creating thread 14
Creating thread 15
STARTING...
STOPPING...
Thread 0
  #add        : 18339
    #added    : 8541
  #remove     : 15863
    #removed  : 8540
  #contains   : 192701
  #found      : 103507
  #aborts     : 0
    #lock-r   : 0
    #lock-w   : 0
    #val-r    : 0
    #val-w    : 0
    #val-c    : 0
    #inv-mem  : 0
  Max retries : 0
Thread 1
  #add        : 16686
    #added    : 7763
  #remove     : 14508
    #removed  : 7763
  #contains   : 177609
  #found      : 95379
  #aborts     : 0
    #lock-r   : 0
    #lock-w   : 0
    #val-r    : 0
    #val-w    : 0
    #val-c    : 0
    #inv-mem  : 0
  Max retries : 0
Thread 2
  #add        : 18039
    #added    : 8381
  #remove     : 15596
    #removed  : 8381
  #contains   : 191846
  #found      : 103379
  #aborts     : 0
    #lock-r   : 0
    #lock-w   : 0
    #val-r    : 0
    #val-w    : 0
    #val-c    : 0
    #inv-mem  : 0
  Max retries : 0
Thread 3
  #add        : 17480
    #added    : 8094
  #remove     : 14787
    #removed  : 8094
  #contains   : 183849
  #found      : 98896
  #aborts     : 0
    #lock-r   : 0
    #lock-w   : 0
    #val-r    : 0
    #val-w    : 0
    #val-c    : 0
    #inv-mem  : 0
  Max retries : 0
Thread 4
  #add        : 17657
    #added    : 8233
  #remove     : 15143
    #removed  : 8233
  #contains   : 186947
  #found      : 100342
  #aborts     : 0
    #lock-r   : 0
    #lock-w   : 0
    #val-r    : 0
    #val-w    : 0
    #val-c    : 0
    #inv-mem  : 0
  Max retries : 0
Thread 5
  #add        : 17755
    #added    : 8132
  #remove     : 15067
    #removed  : 8131
  #contains   : 187184
  #found      : 100425
  #aborts     : 0
    #lock-r   : 0
    #lock-w   : 0
    #val-r    : 0
    #val-w    : 0
    #val-c    : 0
    #inv-mem  : 0
  Max retries : 0
Thread 6
  #add        : 17386
    #added    : 8127
  #remove     : 15015
    #removed  : 8126
  #contains   : 183535
  #found      : 98264
  #aborts     : 0
    #lock-r   : 0
    #lock-w   : 0
    #val-r    : 0
    #val-w    : 0
    #val-c    : 0
    #inv-mem  : 0
  Max retries : 0
Thread 7
  #add        : 17074
    #added    : 7900
  #remove     : 14661
    #removed  : 7899
  #contains   : 181381
  #found      : 97277
  #aborts     : 0
    #lock-r   : 0
    #lock-w   : 0
    #val-r    : 0
    #val-w    : 0
    #val-c    : 0
    #inv-mem  : 0
  Max retries : 0
Thread 8
  #add        : 17206
    #added    : 7999
  #remove     : 15007
    #removed  : 7998
  #contains   : 185297
  #found      : 99536
  #aborts     : 0
    #lock-r   : 0
    #lock-w   : 0
    #val-r    : 0
    #val-w    : 0
    #val-c    : 0
    #inv-mem  : 0
  Max retries : 0
Thread 9
  #add        : 17315
    #added    : 8032
  #remove     : 14876
    #removed  : 8031
  #contains   : 184890
  #found      : 99075
  #aborts     : 0
    #lock-r   : 0
    #lock-w   : 0
    #val-r    : 0
    #val-w    : 0
    #val-c    : 0
    #inv-mem  : 0
  Max retries : 0
Thread 10
  #add        : 18025
    #added    : 8417
  #remove     : 15661
    #removed  : 8416
  #contains   : 190376
  #found      : 102642
  #aborts     : 0
    #lock-r   : 0
    #lock-w   : 0
    #val-r    : 0
    #val-w    : 0
    #val-c    : 0
    #inv-mem  : 0
  Max retries : 0
Thread 11
  #add        : 17572
    #added    : 8141
  #remove     : 15206
    #removed  : 8141
  #contains   : 184428
  #found      : 98835
  #aborts     : 0
    #lock-r   : 0
    #lock-w   : 0
    #val-r    : 0
    #val-w    : 0
    #val-c    : 0
    #inv-mem  : 0
  Max retries : 0
Thread 12
  #add        : 17162
    #added    : 7887
  #remove     : 14776
    #removed  : 7886
  #contains   : 181892
  #found      : 97828
  #aborts     : 0
    #lock-r   : 0
    #lock-w   : 0
    #val-r    : 0
    #val-w    : 0
    #val-c    : 0
    #inv-mem  : 0
  Max retries : 0
Thread 13
  #add        : 17536
    #added    : 8233
  #remove     : 15249
    #removed  : 8232
  #contains   : 187154
  #found      : 100397
  #aborts     : 0
    #lock-r   : 0
    #lock-w   : 0
    #val-r    : 0
    #val-w    : 0
    #val-c    : 0
    #inv-mem  : 0
  Max retries : 0
Thread 14
  #add        : 18097
    #added    : 8449
  #remove     : 15680
    #removed  : 8448
  #contains   : 190340
  #found      : 102004
  #aborts     : 0
    #lock-r   : 0
    #lock-w   : 0
    #val-r    : 0
    #val-w    : 0
    #val-c    : 0
    #inv-mem  : 0
  Max retries : 0
Thread 15
  #add        : 18006
    #added    : 8373
  #remove     : 15412
    #removed  : 8372
  #contains   : 189278
  #found      : 101766
  #aborts     : 0
    #lock-r   : 0
    #lock-w   : 0
    #val-r    : 0
    #val-w    : 0
    #val-c    : 0
    #inv-mem  : 0
  Max retries : 0
Set size      : 111 (expected: 111)
Duration      : 5000 (ms)
#txs          : 3502549 (700509.800000 / s)
#read txs     : 2978707 (595741.400000 / s)
#eff. upd rate: 7.462936 
#update txs   : 523842 (104768.400000 / s)
#aborts       : 0 (0.000000 / s)
  #lock-r     : 0 (0.000000 / s)
  #lock-w     : 0 (0.000000 / s)
  #val-r      : 0 (0.000000 / s)
  #val-w      : 0 (0.000000 / s)
  #val-c      : 0 (0.000000 / s)
  #inv-mem    : 0 (0.000000 / s)
Max retries   : 0
