Set type     : linked list
Length       : 5000
Initial size : 1000
Nb threads   : 2
Value range  : 2000
Seed         : 0
Update rate  : 25
Lock alg     : 1
Alternate    : 0
Effective    : 0
Type sizes   : int=4/long=8/ptr=8/word=8
Initializing STM
Adding 1000 entries to set
Set size     : 1000
Creating thread 0
Creating thread 1
STARTING...
STOPPING...
Thread 0
  #add        : 81870
    #added    : 41107
  #remove     : 82372
    #removed  : 41106
  #contains   : 491208
  #found      : 245381
  #aborts     : 0
    #lock-r   : 0
    #lock-w   : 0
    #val-r    : 0
    #val-w    : 0
    #val-c    : 0
    #inv-mem  : 0
  Max retries : 0
Thread 1
  #add        : 78643
    #added    : 39106
  #remove     : 78224
    #removed  : 39106
  #contains   : 471866
  #found      : 236343
  #aborts     : 0
    #lock-r   : 0
    #lock-w   : 0
    #val-r    : 0
    #val-w    : 0
    #val-c    : 0
    #inv-mem  : 0
  Max retries : 0
Set size      : 1001 (expected: 1001)
Duration      : 5000 (ms)
#txs          : 1284183 (256836.600000 / s)
#read txs     : 963074 (192614.800000 / s)
#eff. upd rate: 12.492378 
#update txs   : 321109 (64221.800000 / s)
#aborts       : 0 (0.000000 / s)
  #lock-r     : 0 (0.000000 / s)
  #lock-w     : 0 (0.000000 / s)
  #val-r      : 0 (0.000000 / s)
  #val-w      : 0 (0.000000 / s)
  #val-c      : 0 (0.000000 / s)
  #inv-mem    : 0 (0.000000 / s)
Max retries   : 0
