Set type     : linked list
Length       : 5000
Initial size : 100
Nb threads   : 16
Value range  : 200
Seed         : 0
Update rate  : 10
Lock alg     : 1
Alternate    : 0
Effective    : 0
Type sizes   : int=4/long=8/ptr=8/word=8
Initializing STM
Adding 100 entries to set
Set size     : 100
Creating thread 0
Creating thread 1
Creating thread 2
Creating thread 3
Creating thread 4
Creating thread 5
Creating thread 6
Creating thread 7
Creating thread 8
Creating thread 9
Creating thread 10
Creating thread 11
Creating thread 12
Creating thread 13
Creating thread 14
Creating thread 15
STARTING...
STOPPING...
Thread 0
  #add        : 11583
    #added    : 5404
  #remove     : 10131
    #removed  : 5404
  #contains   : 193937
  #found      : 104125
  #aborts     : 0
    #lock-r   : 0
    #lock-w   : 0
    #val-r    : 0
    #val-w    : 0
    #val-c    : 0
    #inv-mem  : 0
  Max retries : 0
Thread 1
  #add        : 12309
    #added    : 5730
  #remove     : 10646
    #removed  : 5730
  #contains   : 205706
  #found      : 110818
  #aborts     : 0
    #lock-r   : 0
    #lock-w   : 0
    #val-r    : 0
    #val-w    : 0
    #val-c    : 0
    #inv-mem  : 0
  Max retries : 0
Thread 2
  #add        : 11485
    #added    : 5297
  #remove     : 9993
    #removed  : 5296
  #contains   : 191281
  #found      : 102902
  #aborts     : 0
    #lock-r   : 0
    #lock-w   : 0
    #val-r    : 0
    #val-w    : 0
    #val-c    : 0
    #inv-mem  : 0
  Max retries : 0
Thread 3
  #add        : 11326
    #added    : 5241
  #remove     : 9768
    #removed  : 5240
  #contains   : 190077
  #found      : 102046
  #aborts     : 0
    #lock-r   : 0
    #lock-w   : 0
    #val-r    : 0
    #val-w    : 0
    #val-c    : 0
    #inv-mem  : 0
  Max retries : 0
Thread 4
  #add        : 12275
    #added    : 5731
  #remove     : 10493
    #removed  : 5730
  #contains   : 206980
  #found      : 111264
  #aborts     : 0
    #lock-r   : 0
    #lock-w   : 0
    #val-r    : 0
    #val-w    : 0
    #val-c    : 0
    #inv-mem  : 0
  Max retries : 0
Thread 5
  #add        : 11436
    #added    : 5356
  #remove     : 9983
    #removed  : 5355
  #contains   : 192391
  #found      : 103488
  #aborts     : 0
    #lock-r   : 0
    #lock-w   : 0
    #val-r    : 0
    #val-w    : 0
    #val-c    : 0
    #inv-mem  : 0
  Max retries : 0
Thread 6
  #add        : 11379
    #added    : 5361
  #remove     : 9907
    #removed  : 5360
  #contains   : 190040
  #found      : 102156
  #aborts     : 0
    #lock-r   : 0
    #lock-w   : 0
    #val-r    : 0
    #val-w    : 0
    #val-c    : 0
    #inv-mem  : 0
  Max retries : 0
Thread 7
  #add        : 12301
    #added    : 5718
  #remove     : 10757
    #removed  : 5718
  #contains   : 206133
  #found      : 110702
  #aborts     : 0
    #lock-r   : 0
    #lock-w   : 0
    #val-r    : 0
    #val-w    : 0
    #val-c    : 0
    #inv-mem  : 0
  Max retries : 0
Thread 8
  #add        : 11746
    #added    : 5440
  #remove     : 10157
    #removed  : 5440
  #contains   : 196015
  #found      : 105859
  #aborts     : 0
    #lock-r   : 0
    #lock-w   : 0
    #val-r    : 0
    #val-w    : 0
    #val-c    : 0
    #inv-mem  : 0
  Max retries : 0
Thread 9
  #add        : 12041
    #added    : 5629
  #remove     : 10298
    #removed  : 5628
  #contains   : 199632
  #found      : 107322
  #aborts     : 0
    #lock-r   : 0
    #lock-w   : 0
    #val-r    : 0
    #val-w    : 0
    #val-c    : 0
    #inv-mem  : 0
  Max retries : 0
Thread 10
  #add        : 11747
    #added    : 5415
  #remove     : 9967
    #removed  : 5415
  #contains   : 197622
  #found      : 106092
  #aborts     : 0
    #lock-r   : 0
    #lock-w   : 0
    #val-r    : 0
    #val-w    : 0
    #val-c    : 0
    #inv-mem  : 0
  Max retries : 0
Thread 11
  #add        : 12520
    #added    : 5839
  #remove     : 10616
    #removed  : 5838
  #contains   : 206976
  #found      : 111095
  #aborts     : 0
    #lock-r   : 0
    #lock-w   : 0
    #val-r    : 0
    #val-w    : 0
    #val-c    : 0
    #inv-mem  : 0
  Max retries : 0
Thread 12
  #add        : 11854
    #added    : 5499
  #remove     : 10170
    #removed  : 5498
  #contains   : 196898
  #found      : 105492
  #aborts     : 0
    #lock-r   : 0
    #lock-w   : 0
    #val-r    : 0
    #val-w    : 0
    #val-c    : 0
    #inv-mem  : 0
  Max retries : 0
Thread 13
  #add        : 11798
    #added    : 5446
  #remove     : 10153
    #removed  : 5446
  #contains   : 199041
  #found      : 106847
  #aborts     : 0
    #lock-r   : 0
    #lock-w   : 0
    #val-r    : 0
    #val-w    : 0
    #val-c    : 0
    #inv-mem  : 0
  Max retries : 0
Thread 14
  #add        : 11847
    #added    : 5538
  #remove     : 10209
    #removed  : 5537
  #contains   : 200728
  #found      : 107669
  #aborts     : 0
    #lock-r   : 0
    #lock-w   : 0
    #val-r    : 0
    #val-w    : 0
    #val-c    : 0
    #inv-mem  : 0
  Max retries : 0
Thread 15
  #add        : 12012
    #added    : 5625
  #remove     : 10517
    #removed  : 5624
  #contains   : 202328
  #found      : 108683
  #aborts     : 0
    #lock-r   : 0
    #lock-w   : 0
    #val-r    : 0
    #val-w    : 0
    #val-c    : 0
    #inv-mem  : 0
  Max retries : 0
Set size      : 110 (expected: 110)
Duration      : 5001 (ms)
#txs          : 3529209 (705700.659868 / s)
#read txs     : 3175785 (635029.994001 / s)
#eff. upd rate: 5.001914 
#update txs   : 353424 (70670.665867 / s)
#aborts       : 0 (0.000000 / s)
  #lock-r     : 0 (0.000000 / s)
  #lock-w     : 0 (0.000000 / s)
  #val-r      : 0 (0.000000 / s)
  #val-w      : 0 (0.000000 / s)
  #val-c      : 0 (0.000000 / s)
  #inv-mem    : 0 (0.000000 / s)
Max retries   : 0
