Set type     : linked list
Length       : 5000
Initial size : 8000
Nb threads   : 8
Value range  : 16000
Seed         : 0
Update rate  : 70
Lock alg     : 1
Alternate    : 0
Effective    : 0
Type sizes   : int=4/long=8/ptr=8/word=8
Initializing STM
Adding 8000 entries to set
Set size     : 8000
Creating thread 0
Creating thread 1
Creating thread 2
Creating thread 3
Creating thread 4
Creating thread 5
Creating thread 6
Creating thread 7
STARTING...
STOPPING...
Thread 0
  #add        : 1845
    #added    : 924
  #remove     : 1840
    #removed  : 923
  #contains   : 1603
  #found      : 818
  #aborts     : 0
    #lock-r   : 0
    #lock-w   : 0
    #val-r    : 0
    #val-w    : 0
    #val-c    : 0
    #inv-mem  : 0
  Max retries : 0
Thread 1
  #add        : 2451
    #added    : 1248
  #remove     : 2439
    #removed  : 1248
  #contains   : 2026
  #found      : 1000
  #aborts     : 0
    #lock-r   : 0
    #lock-w   : 0
    #val-r    : 0
    #val-w    : 0
    #val-c    : 0
    #inv-mem  : 0
  Max retries : 0
Thread 2
  #add        : 1468
    #added    : 715
  #remove     : 1393
    #removed  : 714
  #contains   : 1260
  #found      : 642
  #aborts     : 0
    #lock-r   : 0
    #lock-w   : 0
    #val-r    : 0
    #val-w    : 0
    #val-c    : 0
    #inv-mem  : 0
  Max retries : 0
Thread 3
  #add        : 1806
    #added    : 910
  #remove     : 1761
    #removed  : 910
  #contains   : 1504
  #found      : 758
  #aborts     : 0
    #lock-r   : 0
    #lock-w   : 0
    #val-r    : 0
    #val-w    : 0
    #val-c    : 0
    #inv-mem  : 0
  Max retries : 0
Thread 4
  #add        : 1551
    #added    : 780
  #remove     : 1542
    #removed  : 780
  #contains   : 1382
  #found      : 676
  #aborts     : 0
    #lock-r   : 0
    #lock-w   : 0
    #val-r    : 0
    #val-w    : 0
    #val-c    : 0
    #inv-mem  : 0
  Max retries : 0
Thread 5
  #add        : 1971
    #added    : 984
  #remove     : 1918
    #removed  : 983
  #contains   : 1705
  #found      : 890
  #aborts     : 0
    #lock-r   : 0
    #lock-w   : 0
    #val-r    : 0
    #val-w    : 0
    #val-c    : 0
    #inv-mem  : 0
  Max retries : 0
Thread 6
  #add        : 2300
    #added    : 1173
  #remove     : 2367
    #removed  : 1172
  #contains   : 2045
  #found      : 1027
  #aborts     : 0
    #lock-r   : 0
    #lock-w   : 0
    #val-r    : 0
    #val-w    : 0
    #val-c    : 0
    #inv-mem  : 0
  Max retries : 0
Thread 7
  #add        : 1508
    #added    : 794
  #remove     : 1514
    #removed  : 793
  #contains   : 1299
  #found      : 671
  #aborts     : 0
    #lock-r   : 0
    #lock-w   : 0
    #val-r    : 0
    #val-w    : 0
    #val-c    : 0
    #inv-mem  : 0
  Max retries : 0
Set size      : 8005 (expected: 8005)
Duration      : 5000 (ms)
#txs          : 42498 (8499.600000 / s)
#read txs     : 12824 (2564.800000 / s)
#eff. upd rate: 35.415784 
#update txs   : 29674 (5934.800000 / s)
#aborts       : 0 (0.000000 / s)
  #lock-r     : 0 (0.000000 / s)
  #lock-w     : 0 (0.000000 / s)
  #val-r      : 0 (0.000000 / s)
  #val-w      : 0 (0.000000 / s)
  #val-c      : 0 (0.000000 / s)
  #inv-mem    : 0 (0.000000 / s)
Max retries   : 0
