Set type     : linked list
Length       : 5000
Initial size : 100
Nb threads   : 16
Value range  : 200
Seed         : 0
Update rate  : 65
Lock alg     : 1
Alternate    : 0
Effective    : 0
Type sizes   : int=4/long=8/ptr=8/word=8
Initializing STM
Adding 100 entries to set
Set size     : 100
Creating thread 0
Creating thread 1
Creating thread 2
Creating thread 3
Creating thread 4
Creating thread 5
Creating thread 6
Creating thread 7
Creating thread 8
Creating thread 9
Creating thread 10
Creating thread 11
Creating thread 12
Creating thread 13
Creating thread 14
Creating thread 15
STARTING...
STOPPING...
Thread 0
  #add        : 51880
    #added    : 24102
  #remove     : 44202
    #removed  : 24101
  #contains   : 51359
  #found      : 27592
  #aborts     : 0
    #lock-r   : 0
    #lock-w   : 0
    #val-r    : 0
    #val-w    : 0
    #val-c    : 0
    #inv-mem  : 0
  Max retries : 0
Thread 1
  #add        : 51590
    #added    : 24118
  #remove     : 44722
    #removed  : 24117
  #contains   : 51725
  #found      : 27838
  #aborts     : 0
    #lock-r   : 0
    #lock-w   : 0
    #val-r    : 0
    #val-w    : 0
    #val-c    : 0
    #inv-mem  : 0
  Max retries : 0
Thread 2
  #add        : 51641
    #added    : 24039
  #remove     : 44585
    #removed  : 24039
  #contains   : 51442
  #found      : 27536
  #aborts     : 0
    #lock-r   : 0
    #lock-w   : 0
    #val-r    : 0
    #val-w    : 0
    #val-c    : 0
    #inv-mem  : 0
  Max retries : 0
Thread 3
  #add        : 51472
    #added    : 23812
  #remove     : 43875
    #removed  : 23811
  #contains   : 51550
  #found      : 27729
  #aborts     : 0
    #lock-r   : 0
    #lock-w   : 0
    #val-r    : 0
    #val-w    : 0
    #val-c    : 0
    #inv-mem  : 0
  Max retries : 0
Thread 4
  #add        : 53144
    #added    : 24584
  #remove     : 45384
    #removed  : 24583
  #contains   : 52925
  #found      : 28445
  #aborts     : 0
    #lock-r   : 0
    #lock-w   : 0
    #val-r    : 0
    #val-w    : 0
    #val-c    : 0
    #inv-mem  : 0
  Max retries : 0
Thread 5
  #add        : 51349
    #added    : 23881
  #remove     : 44431
    #removed  : 23881
  #contains   : 51859
  #found      : 27940
  #aborts     : 0
    #lock-r   : 0
    #lock-w   : 0
    #val-r    : 0
    #val-w    : 0
    #val-c    : 0
    #inv-mem  : 0
  Max retries : 0
Thread 6
  #add        : 51998
    #added    : 24154
  #remove     : 44491
    #removed  : 24154
  #contains   : 51675
  #found      : 27837
  #aborts     : 0
    #lock-r   : 0
    #lock-w   : 0
    #val-r    : 0
    #val-w    : 0
    #val-c    : 0
    #inv-mem  : 0
  Max retries : 0
Thread 7
  #add        : 51454
    #added    : 23661
  #remove     : 43784
    #removed  : 23660
  #contains   : 51308
  #found      : 27488
  #aborts     : 0
    #lock-r   : 0
    #lock-w   : 0
    #val-r    : 0
    #val-w    : 0
    #val-c    : 0
    #inv-mem  : 0
  Max retries : 0
Thread 8
  #add        : 51356
    #added    : 23968
  #remove     : 44984
    #removed  : 23967
  #contains   : 51928
  #found      : 28024
  #aborts     : 0
    #lock-r   : 0
    #lock-w   : 0
    #val-r    : 0
    #val-w    : 0
    #val-c    : 0
    #inv-mem  : 0
  Max retries : 0
Thread 9
  #add        : 51475
    #added    : 24034
  #remove     : 44317
    #removed  : 24034
  #contains   : 51927
  #found      : 27902
  #aborts     : 0
    #lock-r   : 0
    #lock-w   : 0
    #val-r    : 0
    #val-w    : 0
    #val-c    : 0
    #inv-mem  : 0
  Max retries : 0
Thread 10
  #add        : 51538
    #added    : 24037
  #remove     : 44613
    #removed  : 24036
  #contains   : 51540
  #found      : 27540
  #aborts     : 0
    #lock-r   : 0
    #lock-w   : 0
    #val-r    : 0
    #val-w    : 0
    #val-c    : 0
    #inv-mem  : 0
  Max retries : 0
Thread 11
  #add        : 50808
    #added    : 23698
  #remove     : 43745
    #removed  : 23697
  #contains   : 51218
  #found      : 27244
  #aborts     : 0
    #lock-r   : 0
    #lock-w   : 0
    #val-r    : 0
    #val-w    : 0
    #val-c    : 0
    #inv-mem  : 0
  Max retries : 0
Thread 12
  #add        : 51501
    #added    : 24052
  #remove     : 44550
    #removed  : 24051
  #contains   : 51821
  #found      : 28005
  #aborts     : 0
    #lock-r   : 0
    #lock-w   : 0
    #val-r    : 0
    #val-w    : 0
    #val-c    : 0
    #inv-mem  : 0
  Max retries : 0
Thread 13
  #add        : 51115
    #added    : 23947
  #remove     : 44494
    #removed  : 23947
  #contains   : 51589
  #found      : 27637
  #aborts     : 0
    #lock-r   : 0
    #lock-w   : 0
    #val-r    : 0
    #val-w    : 0
    #val-c    : 0
    #inv-mem  : 0
  Max retries : 0
Thread 14
  #add        : 52039
    #added    : 24154
  #remove     : 44542
    #removed  : 24154
  #contains   : 51765
  #found      : 27797
  #aborts     : 0
    #lock-r   : 0
    #lock-w   : 0
    #val-r    : 0
    #val-w    : 0
    #val-c    : 0
    #inv-mem  : 0
  Max retries : 0
Thread 15
  #add        : 51658
    #added    : 23880
  #remove     : 44233
    #removed  : 23879
  #contains   : 51784
  #found      : 27759
  #aborts     : 0
    #lock-r   : 0
    #lock-w   : 0
    #val-r    : 0
    #val-w    : 0
    #val-c    : 0
    #inv-mem  : 0
  Max retries : 0
Set size      : 110 (expected: 110)
Duration      : 5000 (ms)
#txs          : 2364385 (472877.000000 / s)
#read txs     : 827415 (165483.000000 / s)
#eff. upd rate: 32.491832 
#update txs   : 1536970 (307394.000000 / s)
#aborts       : 0 (0.000000 / s)
  #lock-r     : 0 (0.000000 / s)
  #lock-w     : 0 (0.000000 / s)
  #val-r      : 0 (0.000000 / s)
  #val-w      : 0 (0.000000 / s)
  #val-c      : 0 (0.000000 / s)
  #inv-mem    : 0 (0.000000 / s)
Max retries   : 0
