Set type     : linked list
Length       : 5000
Initial size : 100
Nb threads   : 16
Value range  : 200
Seed         : 0
Update rate  : 5
Lock alg     : 1
Alternate    : 0
Effective    : 0
Type sizes   : int=4/long=8/ptr=8/word=8
Initializing STM
Adding 100 entries to set
Set size     : 100
Creating thread 0
Creating thread 1
Creating thread 2
Creating thread 3
Creating thread 4
Creating thread 5
Creating thread 6
Creating thread 7
Creating thread 8
Creating thread 9
Creating thread 10
Creating thread 11
Creating thread 12
Creating thread 13
Creating thread 14
Creating thread 15
STARTING...
STOPPING...
Thread 0
  #add        : 8549
    #added    : 3991
  #remove     : 7414
    #removed  : 3990
  #contains   : 306727
  #found      : 164904
  #aborts     : 0
    #lock-r   : 0
    #lock-w   : 0
    #val-r    : 0
    #val-w    : 0
    #val-c    : 0
    #inv-mem  : 0
  Max retries : 0
Thread 1
  #add        : 8652
    #added    : 4069
  #remove     : 7472
    #removed  : 4068
  #contains   : 305775
  #found      : 164470
  #aborts     : 0
    #lock-r   : 0
    #lock-w   : 0
    #val-r    : 0
    #val-w    : 0
    #val-c    : 0
    #inv-mem  : 0
  Max retries : 0
Thread 2
  #add        : 8343
    #added    : 3984
  #remove     : 7416
    #removed  : 3984
  #contains   : 300117
  #found      : 160540
  #aborts     : 0
    #lock-r   : 0
    #lock-w   : 0
    #val-r    : 0
    #val-w    : 0
    #val-c    : 0
    #inv-mem  : 0
  Max retries : 0
Thread 3
  #add        : 8522
    #added    : 3988
  #remove     : 7357
    #removed  : 3988
  #contains   : 306110
  #found      : 164929
  #aborts     : 0
    #lock-r   : 0
    #lock-w   : 0
    #val-r    : 0
    #val-w    : 0
    #val-c    : 0
    #inv-mem  : 0
  Max retries : 0
Thread 4
  #add        : 8859
    #added    : 4084
  #remove     : 7594
    #removed  : 4084
  #contains   : 309922
  #found      : 166767
  #aborts     : 0
    #lock-r   : 0
    #lock-w   : 0
    #val-r    : 0
    #val-w    : 0
    #val-c    : 0
    #inv-mem  : 0
  Max retries : 0
Thread 5
  #add        : 8440
    #added    : 3880
  #remove     : 7155
    #removed  : 3880
  #contains   : 302220
  #found      : 162036
  #aborts     : 0
    #lock-r   : 0
    #lock-w   : 0
    #val-r    : 0
    #val-w    : 0
    #val-c    : 0
    #inv-mem  : 0
  Max retries : 0
Thread 6
  #add        : 8617
    #added    : 4009
  #remove     : 7388
    #removed  : 4009
  #contains   : 303484
  #found      : 162958
  #aborts     : 0
    #lock-r   : 0
    #lock-w   : 0
    #val-r    : 0
    #val-w    : 0
    #val-c    : 0
    #inv-mem  : 0
  Max retries : 0
Thread 7
  #add        : 8637
    #added    : 4007
  #remove     : 7466
    #removed  : 4007
  #contains   : 307859
  #found      : 165157
  #aborts     : 0
    #lock-r   : 0
    #lock-w   : 0
    #val-r    : 0
    #val-w    : 0
    #val-c    : 0
    #inv-mem  : 0
  Max retries : 0
Thread 8
  #add        : 8892
    #added    : 4128
  #remove     : 7523
    #removed  : 4127
  #contains   : 307723
  #found      : 165443
  #aborts     : 0
    #lock-r   : 0
    #lock-w   : 0
    #val-r    : 0
    #val-w    : 0
    #val-c    : 0
    #inv-mem  : 0
  Max retries : 0
Thread 9
  #add        : 8641
    #added    : 4007
  #remove     : 7360
    #removed  : 4007
  #contains   : 305171
  #found      : 164092
  #aborts     : 0
    #lock-r   : 0
    #lock-w   : 0
    #val-r    : 0
    #val-w    : 0
    #val-c    : 0
    #inv-mem  : 0
  Max retries : 0
Thread 10
  #add        : 8437
    #added    : 3967
  #remove     : 7393
    #removed  : 3967
  #contains   : 305123
  #found      : 164229
  #aborts     : 0
    #lock-r   : 0
    #lock-w   : 0
    #val-r    : 0
    #val-w    : 0
    #val-c    : 0
    #inv-mem  : 0
  Max retries : 0
Thread 11
  #add        : 8815
    #added    : 4010
  #remove     : 7557
    #removed  : 4010
  #contains   : 310790
  #found      : 167434
  #aborts     : 0
    #lock-r   : 0
    #lock-w   : 0
    #val-r    : 0
    #val-w    : 0
    #val-c    : 0
    #inv-mem  : 0
  Max retries : 0
Thread 12
  #add        : 8653
    #added    : 3934
  #remove     : 7135
    #removed  : 3934
  #contains   : 302878
  #found      : 162669
  #aborts     : 0
    #lock-r   : 0
    #lock-w   : 0
    #val-r    : 0
    #val-w    : 0
    #val-c    : 0
    #inv-mem  : 0
  Max retries : 0
Thread 13
  #add        : 8914
    #added    : 4155
  #remove     : 7676
    #removed  : 4155
  #contains   : 316173
  #found      : 169688
  #aborts     : 0
    #lock-r   : 0
    #lock-w   : 0
    #val-r    : 0
    #val-w    : 0
    #val-c    : 0
    #inv-mem  : 0
  Max retries : 0
Thread 14
  #add        : 8764
    #added    : 4047
  #remove     : 7462
    #removed  : 4047
  #contains   : 311417
  #found      : 167194
  #aborts     : 0
    #lock-r   : 0
    #lock-w   : 0
    #val-r    : 0
    #val-w    : 0
    #val-c    : 0
    #inv-mem  : 0
  Max retries : 0
Thread 15
  #add        : 8752
    #added    : 4023
  #remove     : 7404
    #removed  : 4022
  #contains   : 307853
  #found      : 164637
  #aborts     : 0
    #lock-r   : 0
    #lock-w   : 0
    #val-r    : 0
    #val-w    : 0
    #val-c    : 0
    #inv-mem  : 0
  Max retries : 0
Set size      : 104 (expected: 104)
Duration      : 5000 (ms)
#txs          : 5166601 (1033320.200000 / s)
#read txs     : 4909342 (981868.400000 / s)
#eff. upd rate: 2.488328 
#update txs   : 257259 (51451.800000 / s)
#aborts       : 0 (0.000000 / s)
  #lock-r     : 0 (0.000000 / s)
  #lock-w     : 0 (0.000000 / s)
  #val-r      : 0 (0.000000 / s)
  #val-w      : 0 (0.000000 / s)
  #val-c      : 0 (0.000000 / s)
  #inv-mem    : 0 (0.000000 / s)
Max retries   : 0
