Set type     : linked list
Length       : 5000
Initial size : 1000
Nb threads   : 8
Value range  : 2000
Seed         : 0
Update rate  : 60
Lock alg     : 1
Alternate    : 0
Effective    : 0
Type sizes   : int=4/long=8/ptr=8/word=8
Initializing STM
Adding 1000 entries to set
Set size     : 1000
Creating thread 0
Creating thread 1
Creating thread 2
Creating thread 3
Creating thread 4
Creating thread 5
Creating thread 6
Creating thread 7
STARTING...
STOPPING...
Thread 0
  #add        : 17372
    #added    : 8705
  #remove     : 17213
    #removed  : 8704
  #contains   : 23196
  #found      : 11721
  #aborts     : 0
    #lock-r   : 0
    #lock-w   : 0
    #val-r    : 0
    #val-w    : 0
    #val-c    : 0
    #inv-mem  : 0
  Max retries : 0
Thread 1
  #add        : 16686
    #added    : 8378
  #remove     : 16849
    #removed  : 8377
  #contains   : 22532
  #found      : 11302
  #aborts     : 0
    #lock-r   : 0
    #lock-w   : 0
    #val-r    : 0
    #val-w    : 0
    #val-c    : 0
    #inv-mem  : 0
  Max retries : 0
Thread 2
  #add        : 19012
    #added    : 9447
  #remove     : 18885
    #removed  : 9447
  #contains   : 25151
  #found      : 12655
  #aborts     : 0
    #lock-r   : 0
    #lock-w   : 0
    #val-r    : 0
    #val-w    : 0
    #val-c    : 0
    #inv-mem  : 0
  Max retries : 0
Thread 3
  #add        : 17850
    #added    : 8778
  #remove     : 17387
    #removed  : 8778
  #contains   : 23454
  #found      : 11751
  #aborts     : 0
    #lock-r   : 0
    #lock-w   : 0
    #val-r    : 0
    #val-w    : 0
    #val-c    : 0
    #inv-mem  : 0
  Max retries : 0
Thread 4
  #add        : 16945
    #added    : 8434
  #remove     : 16879
    #removed  : 8434
  #contains   : 22541
  #found      : 11277
  #aborts     : 0
    #lock-r   : 0
    #lock-w   : 0
    #val-r    : 0
    #val-w    : 0
    #val-c    : 0
    #inv-mem  : 0
  Max retries : 0
Thread 5
  #add        : 16906
    #added    : 8497
  #remove     : 17081
    #removed  : 8496
  #contains   : 22883
  #found      : 11414
  #aborts     : 0
    #lock-r   : 0
    #lock-w   : 0
    #val-r    : 0
    #val-w    : 0
    #val-c    : 0
    #inv-mem  : 0
  Max retries : 0
Thread 6
  #add        : 18121
    #added    : 9000
  #remove     : 17878
    #removed  : 8999
  #contains   : 24121
  #found      : 12048
  #aborts     : 0
    #lock-r   : 0
    #lock-w   : 0
    #val-r    : 0
    #val-w    : 0
    #val-c    : 0
    #inv-mem  : 0
  Max retries : 0
Thread 7
  #add        : 15588
    #added    : 7699
  #remove     : 15627
    #removed  : 7698
  #contains   : 20753
  #found      : 10366
  #aborts     : 0
    #lock-r   : 0
    #lock-w   : 0
    #val-r    : 0
    #val-w    : 0
    #val-c    : 0
    #inv-mem  : 0
  Max retries : 0
Set size      : 1005 (expected: 1005)
Duration      : 5000 (ms)
#txs          : 460910 (92182.000000 / s)
#read txs     : 184631 (36926.200000 / s)
#eff. upd rate: 29.912781 
#update txs   : 276279 (55255.800000 / s)
#aborts       : 0 (0.000000 / s)
  #lock-r     : 0 (0.000000 / s)
  #lock-w     : 0 (0.000000 / s)
  #val-r      : 0 (0.000000 / s)
  #val-w      : 0 (0.000000 / s)
  #val-c      : 0 (0.000000 / s)
  #inv-mem    : 0 (0.000000 / s)
Max retries   : 0
