Set type     : linked list
Length       : 5000
Initial size : 1000
Nb threads   : 8
Value range  : 2000
Seed         : 0
Update rate  : 50
Lock alg     : 1
Alternate    : 0
Effective    : 0
Type sizes   : int=4/long=8/ptr=8/word=8
Initializing STM
Adding 1000 entries to set
Set size     : 1000
Creating thread 0
Creating thread 1
Creating thread 2
Creating thread 3
Creating thread 4
Creating thread 5
Creating thread 6
Creating thread 7
STARTING...
STOPPING...
Thread 0
  #add        : 13858
    #added    : 6940
  #remove     : 13734
    #removed  : 6940
  #contains   : 27286
  #found      : 13689
  #aborts     : 0
    #lock-r   : 0
    #lock-w   : 0
    #val-r    : 0
    #val-w    : 0
    #val-c    : 0
    #inv-mem  : 0
  Max retries : 0
Thread 1
  #add        : 13691
    #added    : 6697
  #remove     : 13316
    #removed  : 6697
  #contains   : 26982
  #found      : 13455
  #aborts     : 0
    #lock-r   : 0
    #lock-w   : 0
    #val-r    : 0
    #val-w    : 0
    #val-c    : 0
    #inv-mem  : 0
  Max retries : 0
Thread 2
  #add        : 15020
    #added    : 7581
  #remove     : 15215
    #removed  : 7580
  #contains   : 29788
  #found      : 14880
  #aborts     : 0
    #lock-r   : 0
    #lock-w   : 0
    #val-r    : 0
    #val-w    : 0
    #val-c    : 0
    #inv-mem  : 0
  Max retries : 0
Thread 3
  #add        : 14658
    #added    : 7203
  #remove     : 14270
    #removed  : 7203
  #contains   : 29137
  #found      : 14679
  #aborts     : 0
    #lock-r   : 0
    #lock-w   : 0
    #val-r    : 0
    #val-w    : 0
    #val-c    : 0
    #inv-mem  : 0
  Max retries : 0
Thread 4
  #add        : 14146
    #added    : 7100
  #remove     : 14049
    #removed  : 7099
  #contains   : 28132
  #found      : 14221
  #aborts     : 0
    #lock-r   : 0
    #lock-w   : 0
    #val-r    : 0
    #val-w    : 0
    #val-c    : 0
    #inv-mem  : 0
  Max retries : 0
Thread 5
  #add        : 14794
    #added    : 7289
  #remove     : 14668
    #removed  : 7288
  #contains   : 28829
  #found      : 14583
  #aborts     : 0
    #lock-r   : 0
    #lock-w   : 0
    #val-r    : 0
    #val-w    : 0
    #val-c    : 0
    #inv-mem  : 0
  Max retries : 0
Thread 6
  #add        : 14085
    #added    : 7066
  #remove     : 13936
    #removed  : 7065
  #contains   : 28022
  #found      : 14078
  #aborts     : 0
    #lock-r   : 0
    #lock-w   : 0
    #val-r    : 0
    #val-w    : 0
    #val-c    : 0
    #inv-mem  : 0
  Max retries : 0
Thread 7
  #add        : 14784
    #added    : 7464
  #remove     : 14860
    #removed  : 7463
  #contains   : 29548
  #found      : 14772
  #aborts     : 0
    #lock-r   : 0
    #lock-w   : 0
    #val-r    : 0
    #val-w    : 0
    #val-c    : 0
    #inv-mem  : 0
  Max retries : 0
Set size      : 1005 (expected: 1005)
Duration      : 5000 (ms)
#txs          : 456808 (91361.600000 / s)
#read txs     : 227724 (45544.800000 / s)
#eff. upd rate: 25.103545 
#update txs   : 229084 (45816.800000 / s)
#aborts       : 0 (0.000000 / s)
  #lock-r     : 0 (0.000000 / s)
  #lock-w     : 0 (0.000000 / s)
  #val-r      : 0 (0.000000 / s)
  #val-w      : 0 (0.000000 / s)
  #val-c      : 0 (0.000000 / s)
  #inv-mem    : 0 (0.000000 / s)
Max retries   : 0
