Set type     : linked list
Length       : 5000
Initial size : 100
Nb threads   : 4
Value range  : 200
Seed         : 0
Update rate  : 10
Lock alg     : 1
Alternate    : 0
Effective    : 0
Type sizes   : int=4/long=8/ptr=8/word=8
Initializing STM
Adding 100 entries to set
Set size     : 100
Creating thread 0
Creating thread 1
Creating thread 2
Creating thread 3
STARTING...
STOPPING...
Thread 0
  #add        : 65191
    #added    : 32045
  #remove     : 62352
    #removed  : 32045
  #contains   : 1151503
  #found      : 588508
  #aborts     : 0
    #lock-r   : 0
    #lock-w   : 0
    #val-r    : 0
    #val-w    : 0
    #val-c    : 0
    #inv-mem  : 0
  Max retries : 0
Thread 1
  #add        : 71593
    #added    : 35245
  #remove     : 68681
    #removed  : 35245
  #contains   : 1268589
  #found      : 646515
  #aborts     : 0
    #lock-r   : 0
    #lock-w   : 0
    #val-r    : 0
    #val-w    : 0
    #val-c    : 0
    #inv-mem  : 0
  Max retries : 0
Thread 2
  #add        : 64791
    #added    : 32044
  #remove     : 62664
    #removed  : 32044
  #contains   : 1150061
  #found      : 586098
  #aborts     : 0
    #lock-r   : 0
    #lock-w   : 0
    #val-r    : 0
    #val-w    : 0
    #val-c    : 0
    #inv-mem  : 0
  Max retries : 0
Thread 3
  #add        : 71817
    #added    : 35294
  #remove     : 69024
    #removed  : 35294
  #contains   : 1266860
  #found      : 645176
  #aborts     : 0
    #lock-r   : 0
    #lock-w   : 0
    #val-r    : 0
    #val-w    : 0
    #val-c    : 0
    #inv-mem  : 0
  Max retries : 0
Set size      : 100 (expected: 100)
Duration      : 5000 (ms)
#txs          : 5373126 (1074625.200000 / s)
#read txs     : 4837013 (967402.600000 / s)
#eff. upd rate: 5.011161 
#update txs   : 536113 (107222.600000 / s)
#aborts       : 0 (0.000000 / s)
  #lock-r     : 0 (0.000000 / s)
  #lock-w     : 0 (0.000000 / s)
  #val-r      : 0 (0.000000 / s)
  #val-w      : 0 (0.000000 / s)
  #val-c      : 0 (0.000000 / s)
  #inv-mem    : 0 (0.000000 / s)
Max retries   : 0
