Set type     : linked list
Length       : 5000
Initial size : 8000
Nb threads   : 16
Value range  : 16000
Seed         : 0
Update rate  : 90
Lock alg     : 1
Alternate    : 0
Effective    : 0
Type sizes   : int=4/long=8/ptr=8/word=8
Initializing STM
Adding 8000 entries to set
Set size     : 8000
Creating thread 0
Creating thread 1
Creating thread 2
Creating thread 3
Creating thread 4
Creating thread 5
Creating thread 6
Creating thread 7
Creating thread 8
Creating thread 9
Creating thread 10
Creating thread 11
Creating thread 12
Creating thread 13
Creating thread 14
Creating thread 15
STARTING...
STOPPING...
Thread 0
  #add        : 1289
    #added    : 656
  #remove     : 1316
    #removed  : 655
  #contains   : 316
  #found      : 156
  #aborts     : 0
    #lock-r   : 0
    #lock-w   : 0
    #val-r    : 0
    #val-w    : 0
    #val-c    : 0
    #inv-mem  : 0
  Max retries : 0
Thread 1
  #add        : 1610
    #added    : 804
  #remove     : 1577
    #removed  : 803
  #contains   : 354
  #found      : 195
  #aborts     : 0
    #lock-r   : 0
    #lock-w   : 0
    #val-r    : 0
    #val-w    : 0
    #val-c    : 0
    #inv-mem  : 0
  Max retries : 0
Thread 2
  #add        : 1278
    #added    : 643
  #remove     : 1287
    #removed  : 642
  #contains   : 270
  #found      : 127
  #aborts     : 0
    #lock-r   : 0
    #lock-w   : 0
    #val-r    : 0
    #val-w    : 0
    #val-c    : 0
    #inv-mem  : 0
  Max retries : 0
Thread 3
  #add        : 649
    #added    : 320
  #remove     : 641
    #removed  : 319
  #contains   : 127
  #found      : 60
  #aborts     : 0
    #lock-r   : 0
    #lock-w   : 0
    #val-r    : 0
    #val-w    : 0
    #val-c    : 0
    #inv-mem  : 0
  Max retries : 0
Thread 4
  #add        : 1116
    #added    : 526
  #remove     : 1022
    #removed  : 525
  #contains   : 223
  #found      : 123
  #aborts     : 0
    #lock-r   : 0
    #lock-w   : 0
    #val-r    : 0
    #val-w    : 0
    #val-c    : 0
    #inv-mem  : 0
  Max retries : 0
Thread 5
  #add        : 878
    #added    : 428
  #remove     : 856
    #removed  : 428
  #contains   : 193
  #found      : 94
  #aborts     : 0
    #lock-r   : 0
    #lock-w   : 0
    #val-r    : 0
    #val-w    : 0
    #val-c    : 0
    #inv-mem  : 0
  Max retries : 0
Thread 6
  #add        : 1052
    #added    : 523
  #remove     : 1059
    #removed  : 523
  #contains   : 273
  #found      : 133
  #aborts     : 0
    #lock-r   : 0
    #lock-w   : 0
    #val-r    : 0
    #val-w    : 0
    #val-c    : 0
    #inv-mem  : 0
  Max retries : 0
Thread 7
  #add        : 981
    #added    : 482
  #remove     : 970
    #removed  : 481
  #contains   : 219
  #found      : 113
  #aborts     : 0
    #lock-r   : 0
    #lock-w   : 0
    #val-r    : 0
    #val-w    : 0
    #val-c    : 0
    #inv-mem  : 0
  Max retries : 0
Thread 8
  #add        : 1738
    #added    : 873
  #remove     : 1735
    #removed  : 873
  #contains   : 377
  #found      : 194
  #aborts     : 0
    #lock-r   : 0
    #lock-w   : 0
    #val-r    : 0
    #val-w    : 0
    #val-c    : 0
    #inv-mem  : 0
  Max retries : 0
Thread 9
  #add        : 1375
    #added    : 664
  #remove     : 1358
    #removed  : 664
  #contains   : 283
  #found      : 145
  #aborts     : 0
    #lock-r   : 0
    #lock-w   : 0
    #val-r    : 0
    #val-w    : 0
    #val-c    : 0
    #inv-mem  : 0
  Max retries : 0
Thread 10
  #add        : 649
    #added    : 348
  #remove     : 703
    #removed  : 347
  #contains   : 154
  #found      : 70
  #aborts     : 0
    #lock-r   : 0
    #lock-w   : 0
    #val-r    : 0
    #val-w    : 0
    #val-c    : 0
    #inv-mem  : 0
  Max retries : 0
Thread 11
  #add        : 907
    #added    : 423
  #remove     : 825
    #removed  : 423
  #contains   : 220
  #found      : 116
  #aborts     : 0
    #lock-r   : 0
    #lock-w   : 0
    #val-r    : 0
    #val-w    : 0
    #val-c    : 0
    #inv-mem  : 0
  Max retries : 0
Thread 12
  #add        : 1219
    #added    : 614
  #remove     : 1227
    #removed  : 614
  #contains   : 285
  #found      : 131
  #aborts     : 0
    #lock-r   : 0
    #lock-w   : 0
    #val-r    : 0
    #val-w    : 0
    #val-c    : 0
    #inv-mem  : 0
  Max retries : 0
Thread 13
  #add        : 560
    #added    : 288
  #remove     : 562
    #removed  : 288
  #contains   : 138
  #found      : 63
  #aborts     : 0
    #lock-r   : 0
    #lock-w   : 0
    #val-r    : 0
    #val-w    : 0
    #val-c    : 0
    #inv-mem  : 0
  Max retries : 0
Thread 14
  #add        : 1708
    #added    : 824
  #remove     : 1656
    #removed  : 824
  #contains   : 409
  #found      : 216
  #aborts     : 0
    #lock-r   : 0
    #lock-w   : 0
    #val-r    : 0
    #val-w    : 0
    #val-c    : 0
    #inv-mem  : 0
  Max retries : 0
Thread 15
  #add        : 1575
    #added    : 813
  #remove     : 1620
    #removed  : 813
  #contains   : 361
  #found      : 173
  #aborts     : 0
    #lock-r   : 0
    #lock-w   : 0
    #val-r    : 0
    #val-w    : 0
    #val-c    : 0
    #inv-mem  : 0
  Max retries : 0
Set size      : 8007 (expected: 8007)
Duration      : 5000 (ms)
#txs          : 41200 (8240.000000 / s)
#read txs     : 4202 (840.400000 / s)
#eff. upd rate: 44.783981 
#update txs   : 36998 (7399.600000 / s)
#aborts       : 0 (0.000000 / s)
  #lock-r     : 0 (0.000000 / s)
  #lock-w     : 0 (0.000000 / s)
  #val-r      : 0 (0.000000 / s)
  #val-w      : 0 (0.000000 / s)
  #val-c      : 0 (0.000000 / s)
  #inv-mem    : 0 (0.000000 / s)
Max retries   : 0
