Set type     : linked list
Length       : 5000
Initial size : 100
Nb threads   : 8
Value range  : 200
Seed         : 0
Update rate  : 45
Lock alg     : 1
Alternate    : 0
Effective    : 0
Type sizes   : int=4/long=8/ptr=8/word=8
Initializing STM
Adding 100 entries to set
Set size     : 100
Creating thread 0
Creating thread 1
Creating thread 2
Creating thread 3
Creating thread 4
Creating thread 5
Creating thread 6
Creating thread 7
STARTING...
STOPPING...
Thread 0
  #add        : 132844
    #added    : 63933
  #remove     : 122747
    #removed  : 63933
  #contains   : 312703
  #found      : 162395
  #aborts     : 0
    #lock-r   : 0
    #lock-w   : 0
    #val-r    : 0
    #val-w    : 0
    #val-c    : 0
    #inv-mem  : 0
  Max retries : 0
Thread 1
  #add        : 131845
    #added    : 63783
  #remove     : 122281
    #removed  : 63783
  #contains   : 310910
  #found      : 160907
  #aborts     : 0
    #lock-r   : 0
    #lock-w   : 0
    #val-r    : 0
    #val-w    : 0
    #val-c    : 0
    #inv-mem  : 0
  Max retries : 0
Thread 2
  #add        : 127959
    #added    : 61655
  #remove     : 118562
    #removed  : 61655
  #contains   : 301713
  #found      : 156101
  #aborts     : 0
    #lock-r   : 0
    #lock-w   : 0
    #val-r    : 0
    #val-w    : 0
    #val-c    : 0
    #inv-mem  : 0
  Max retries : 0
Thread 3
  #add        : 127209
    #added    : 61319
  #remove     : 117285
    #removed  : 61318
  #contains   : 299935
  #found      : 155849
  #aborts     : 0
    #lock-r   : 0
    #lock-w   : 0
    #val-r    : 0
    #val-w    : 0
    #val-c    : 0
    #inv-mem  : 0
  Max retries : 0
Thread 4
  #add        : 120176
    #added    : 58074
  #remove     : 111301
    #removed  : 58074
  #contains   : 282349
  #found      : 146907
  #aborts     : 0
    #lock-r   : 0
    #lock-w   : 0
    #val-r    : 0
    #val-w    : 0
    #val-c    : 0
    #inv-mem  : 0
  Max retries : 0
Thread 5
  #add        : 136254
    #added    : 65524
  #remove     : 125201
    #removed  : 65523
  #contains   : 320585
  #found      : 166531
  #aborts     : 0
    #lock-r   : 0
    #lock-w   : 0
    #val-r    : 0
    #val-w    : 0
    #val-c    : 0
    #inv-mem  : 0
  Max retries : 0
Thread 6
  #add        : 139146
    #added    : 67233
  #remove     : 128737
    #removed  : 67232
  #contains   : 327907
  #found      : 170115
  #aborts     : 0
    #lock-r   : 0
    #lock-w   : 0
    #val-r    : 0
    #val-w    : 0
    #val-c    : 0
    #inv-mem  : 0
  Max retries : 0
Thread 7
  #add        : 125506
    #added    : 60706
  #remove     : 117180
    #removed  : 60705
  #contains   : 295425
  #found      : 153769
  #aborts     : 0
    #lock-r   : 0
    #lock-w   : 0
    #val-r    : 0
    #val-w    : 0
    #val-c    : 0
    #inv-mem  : 0
  Max retries : 0
Set size      : 104 (expected: 104)
Duration      : 5000 (ms)
#txs          : 4455760 (891152.000000 / s)
#read txs     : 2451527 (490305.400000 / s)
#eff. upd rate: 22.542731 
#update txs   : 2004233 (400846.600000 / s)
#aborts       : 0 (0.000000 / s)
  #lock-r     : 0 (0.000000 / s)
  #lock-w     : 0 (0.000000 / s)
  #val-r      : 0 (0.000000 / s)
  #val-w      : 0 (0.000000 / s)
  #val-c      : 0 (0.000000 / s)
  #inv-mem    : 0 (0.000000 / s)
Max retries   : 0
