Set type     : linked list
Length       : 5000
Initial size : 100
Nb threads   : 16
Value range  : 200
Seed         : 0
Update rate  : 35
Lock alg     : 1
Alternate    : 0
Effective    : 0
Type sizes   : int=4/long=8/ptr=8/word=8
Initializing STM
Adding 100 entries to set
Set size     : 100
Creating thread 0
Creating thread 1
Creating thread 2
Creating thread 3
Creating thread 4
Creating thread 5
Creating thread 6
Creating thread 7
Creating thread 8
Creating thread 9
Creating thread 10
Creating thread 11
Creating thread 12
Creating thread 13
Creating thread 14
Creating thread 15
STARTING...
STOPPING...
Thread 0
  #add        : 49131
    #added    : 22816
  #remove     : 42287
    #removed  : 22815
  #contains   : 170117
  #found      : 91739
  #aborts     : 0
    #lock-r   : 0
    #lock-w   : 0
    #val-r    : 0
    #val-w    : 0
    #val-c    : 0
    #inv-mem  : 0
  Max retries : 0
Thread 1
  #add        : 49721
    #added    : 23152
  #remove     : 43097
    #removed  : 23152
  #contains   : 171712
  #found      : 92175
  #aborts     : 0
    #lock-r   : 0
    #lock-w   : 0
    #val-r    : 0
    #val-w    : 0
    #val-c    : 0
    #inv-mem  : 0
  Max retries : 0
Thread 2
  #add        : 48739
    #added    : 22686
  #remove     : 42017
    #removed  : 22686
  #contains   : 168226
  #found      : 90235
  #aborts     : 0
    #lock-r   : 0
    #lock-w   : 0
    #val-r    : 0
    #val-w    : 0
    #val-c    : 0
    #inv-mem  : 0
  Max retries : 0
Thread 3
  #add        : 49369
    #added    : 22754
  #remove     : 41993
    #removed  : 22753
  #contains   : 170411
  #found      : 91694
  #aborts     : 0
    #lock-r   : 0
    #lock-w   : 0
    #val-r    : 0
    #val-w    : 0
    #val-c    : 0
    #inv-mem  : 0
  Max retries : 0
Thread 4
  #add        : 48717
    #added    : 22695
  #remove     : 42064
    #removed  : 22694
  #contains   : 168687
  #found      : 90486
  #aborts     : 0
    #lock-r   : 0
    #lock-w   : 0
    #val-r    : 0
    #val-w    : 0
    #val-c    : 0
    #inv-mem  : 0
  Max retries : 0
Thread 5
  #add        : 49743
    #added    : 23265
  #remove     : 43006
    #removed  : 23264
  #contains   : 172572
  #found      : 92761
  #aborts     : 0
    #lock-r   : 0
    #lock-w   : 0
    #val-r    : 0
    #val-w    : 0
    #val-c    : 0
    #inv-mem  : 0
  Max retries : 0
Thread 6
  #add        : 48974
    #added    : 22866
  #remove     : 42525
    #removed  : 22865
  #contains   : 169989
  #found      : 91253
  #aborts     : 0
    #lock-r   : 0
    #lock-w   : 0
    #val-r    : 0
    #val-w    : 0
    #val-c    : 0
    #inv-mem  : 0
  Max retries : 0
Thread 7
  #add        : 48907
    #added    : 22616
  #remove     : 41895
    #removed  : 22616
  #contains   : 169199
  #found      : 91033
  #aborts     : 0
    #lock-r   : 0
    #lock-w   : 0
    #val-r    : 0
    #val-w    : 0
    #val-c    : 0
    #inv-mem  : 0
  Max retries : 0
Thread 8
  #add        : 49294
    #added    : 22800
  #remove     : 42262
    #removed  : 22800
  #contains   : 169753
  #found      : 91318
  #aborts     : 0
    #lock-r   : 0
    #lock-w   : 0
    #val-r    : 0
    #val-w    : 0
    #val-c    : 0
    #inv-mem  : 0
  Max retries : 0
Thread 9
  #add        : 45544
    #added    : 21135
  #remove     : 39247
    #removed  : 21135
  #contains   : 157952
  #found      : 85045
  #aborts     : 0
    #lock-r   : 0
    #lock-w   : 0
    #val-r    : 0
    #val-w    : 0
    #val-c    : 0
    #inv-mem  : 0
  Max retries : 0
Thread 10
  #add        : 49164
    #added    : 22641
  #remove     : 41905
    #removed  : 22640
  #contains   : 169596
  #found      : 91113
  #aborts     : 0
    #lock-r   : 0
    #lock-w   : 0
    #val-r    : 0
    #val-w    : 0
    #val-c    : 0
    #inv-mem  : 0
  Max retries : 0
Thread 11
  #add        : 49179
    #added    : 22789
  #remove     : 42088
    #removed  : 22789
  #contains   : 169933
  #found      : 91360
  #aborts     : 0
    #lock-r   : 0
    #lock-w   : 0
    #val-r    : 0
    #val-w    : 0
    #val-c    : 0
    #inv-mem  : 0
  Max retries : 0
Thread 12
  #add        : 41835
    #added    : 19538
  #remove     : 36174
    #removed  : 19537
  #contains   : 145360
  #found      : 78201
  #aborts     : 0
    #lock-r   : 0
    #lock-w   : 0
    #val-r    : 0
    #val-w    : 0
    #val-c    : 0
    #inv-mem  : 0
  Max retries : 0
Thread 13
  #add        : 48541
    #added    : 22535
  #remove     : 41878
    #removed  : 22535
  #contains   : 168067
  #found      : 90190
  #aborts     : 0
    #lock-r   : 0
    #lock-w   : 0
    #val-r    : 0
    #val-w    : 0
    #val-c    : 0
    #inv-mem  : 0
  Max retries : 0
Thread 14
  #add        : 48902
    #added    : 22802
  #remove     : 42457
    #removed  : 22801
  #contains   : 170453
  #found      : 91727
  #aborts     : 0
    #lock-r   : 0
    #lock-w   : 0
    #val-r    : 0
    #val-w    : 0
    #val-c    : 0
    #inv-mem  : 0
  Max retries : 0
Thread 15
  #add        : 48628
    #added    : 22520
  #remove     : 41817
    #removed  : 22519
  #contains   : 167216
  #found      : 89707
  #aborts     : 0
    #lock-r   : 0
    #lock-w   : 0
    #val-r    : 0
    #val-w    : 0
    #val-c    : 0
    #inv-mem  : 0
  Max retries : 0
Set size      : 109 (expected: 109)
Duration      : 5000 (ms)
#txs          : 4120343 (824068.600000 / s)
#read txs     : 2679243 (535848.600000 / s)
#eff. upd rate: 17.455124 
#update txs   : 1441100 (288220.000000 / s)
#aborts       : 0 (0.000000 / s)
  #lock-r     : 0 (0.000000 / s)
  #lock-w     : 0 (0.000000 / s)
  #val-r      : 0 (0.000000 / s)
  #val-w      : 0 (0.000000 / s)
  #val-c      : 0 (0.000000 / s)
  #inv-mem    : 0 (0.000000 / s)
Max retries   : 0
