Set type     : linked list
Length       : 5000
Initial size : 100
Nb threads   : 4
Value range  : 200
Seed         : 0
Update rate  : 5
Lock alg     : 1
Alternate    : 0
Effective    : 0
Type sizes   : int=4/long=8/ptr=8/word=8
Initializing STM
Adding 100 entries to set
Set size     : 100
Creating thread 0
Creating thread 1
Creating thread 2
Creating thread 3
STARTING...
STOPPING...
Thread 0
  #add        : 43976
    #added    : 21652
  #remove     : 42077
    #removed  : 21651
  #contains   : 1628660
  #found      : 831235
  #aborts     : 0
    #lock-r   : 0
    #lock-w   : 0
    #val-r    : 0
    #val-w    : 0
    #val-c    : 0
    #inv-mem  : 0
  Max retries : 0
Thread 1
  #add        : 49047
    #added    : 24134
  #remove     : 47098
    #removed  : 24133
  #contains   : 1821869
  #found      : 928837
  #aborts     : 0
    #lock-r   : 0
    #lock-w   : 0
    #val-r    : 0
    #val-w    : 0
    #val-c    : 0
    #inv-mem  : 0
  Max retries : 0
Thread 2
  #add        : 46691
    #added    : 22968
  #remove     : 44992
    #removed  : 22967
  #contains   : 1743554
  #found      : 889118
  #aborts     : 0
    #lock-r   : 0
    #lock-w   : 0
    #val-r    : 0
    #val-w    : 0
    #val-c    : 0
    #inv-mem  : 0
  Max retries : 0
Thread 3
  #add        : 44948
    #added    : 22135
  #remove     : 43193
    #removed  : 22134
  #contains   : 1682168
  #found      : 856949
  #aborts     : 0
    #lock-r   : 0
    #lock-w   : 0
    #val-r    : 0
    #val-w    : 0
    #val-c    : 0
    #inv-mem  : 0
  Max retries : 0
Set size      : 104 (expected: 104)
Duration      : 5000 (ms)
#txs          : 7238273 (1447654.600000 / s)
#read txs     : 6876251 (1375250.200000 / s)
#eff. upd rate: 2.511290 
#update txs   : 362022 (72404.400000 / s)
#aborts       : 0 (0.000000 / s)
  #lock-r     : 0 (0.000000 / s)
  #lock-w     : 0 (0.000000 / s)
  #val-r      : 0 (0.000000 / s)
  #val-w      : 0 (0.000000 / s)
  #val-c      : 0 (0.000000 / s)
  #inv-mem    : 0 (0.000000 / s)
Max retries   : 0
