Set type     : linked list
Length       : 5000
Initial size : 100
Nb threads   : 8
Value range  : 200
Seed         : 0
Update rate  : 40
Lock alg     : 1
Alternate    : 0
Effective    : 0
Type sizes   : int=4/long=8/ptr=8/word=8
Initializing STM
Adding 100 entries to set
Set size     : 100
Creating thread 0
Creating thread 1
Creating thread 2
Creating thread 3
Creating thread 4
Creating thread 5
Creating thread 6
Creating thread 7
STARTING...
STOPPING...
Thread 0
  #add        : 92066
    #added    : 44285
  #remove     : 84941
    #removed  : 44284
  #contains   : 264101
  #found      : 137128
  #aborts     : 0
    #lock-r   : 0
    #lock-w   : 0
    #val-r    : 0
    #val-w    : 0
    #val-c    : 0
    #inv-mem  : 0
  Max retries : 0
Thread 1
  #add        : 90321
    #added    : 43600
  #remove     : 83547
    #removed  : 43599
  #contains   : 261826
  #found      : 136274
  #aborts     : 0
    #lock-r   : 0
    #lock-w   : 0
    #val-r    : 0
    #val-w    : 0
    #val-c    : 0
    #inv-mem  : 0
  Max retries : 0
Thread 2
  #add        : 88835
    #added    : 42759
  #remove     : 81619
    #removed  : 42758
  #contains   : 256235
  #found      : 132828
  #aborts     : 0
    #lock-r   : 0
    #lock-w   : 0
    #val-r    : 0
    #val-w    : 0
    #val-c    : 0
    #inv-mem  : 0
  Max retries : 0
Thread 3
  #add        : 90943
    #added    : 43766
  #remove     : 84052
    #removed  : 43765
  #contains   : 262825
  #found      : 136942
  #aborts     : 0
    #lock-r   : 0
    #lock-w   : 0
    #val-r    : 0
    #val-w    : 0
    #val-c    : 0
    #inv-mem  : 0
  Max retries : 0
Thread 4
  #add        : 89363
    #added    : 43104
  #remove     : 82643
    #removed  : 43103
  #contains   : 257085
  #found      : 133333
  #aborts     : 0
    #lock-r   : 0
    #lock-w   : 0
    #val-r    : 0
    #val-w    : 0
    #val-c    : 0
    #inv-mem  : 0
  Max retries : 0
Thread 5
  #add        : 89857
    #added    : 43255
  #remove     : 82889
    #removed  : 43255
  #contains   : 258370
  #found      : 134533
  #aborts     : 0
    #lock-r   : 0
    #lock-w   : 0
    #val-r    : 0
    #val-w    : 0
    #val-c    : 0
    #inv-mem  : 0
  Max retries : 0
Thread 6
  #add        : 90182
    #added    : 43370
  #remove     : 83435
    #removed  : 43369
  #contains   : 259572
  #found      : 134753
  #aborts     : 0
    #lock-r   : 0
    #lock-w   : 0
    #val-r    : 0
    #val-w    : 0
    #val-c    : 0
    #inv-mem  : 0
  Max retries : 0
Thread 7
  #add        : 89372
    #added    : 43285
  #remove     : 82766
    #removed  : 43285
  #contains   : 257711
  #found      : 133825
  #aborts     : 0
    #lock-r   : 0
    #lock-w   : 0
    #val-r    : 0
    #val-w    : 0
    #val-c    : 0
    #inv-mem  : 0
  Max retries : 0
Set size      : 106 (expected: 106)
Duration      : 5000 (ms)
#txs          : 3464556 (692911.200000 / s)
#read txs     : 2077725 (415545.000000 / s)
#eff. upd rate: 20.055730 
#update txs   : 1386831 (277366.200000 / s)
#aborts       : 0 (0.000000 / s)
  #lock-r     : 0 (0.000000 / s)
  #lock-w     : 0 (0.000000 / s)
  #val-r      : 0 (0.000000 / s)
  #val-w      : 0 (0.000000 / s)
  #val-c      : 0 (0.000000 / s)
  #inv-mem    : 0 (0.000000 / s)
Max retries   : 0
