Set type     : linked list
Length       : 5000
Initial size : 100
Nb threads   : 8
Value range  : 200
Seed         : 0
Update rate  : 55
Lock alg     : 1
Alternate    : 0
Effective    : 0
Type sizes   : int=4/long=8/ptr=8/word=8
Initializing STM
Adding 100 entries to set
Set size     : 100
Creating thread 0
Creating thread 1
Creating thread 2
Creating thread 3
Creating thread 4
Creating thread 5
Creating thread 6
Creating thread 7
STARTING...
STOPPING...
Thread 0
  #add        : 107629
    #added    : 51917
  #remove     : 99362
    #removed  : 51916
  #contains   : 169197
  #found      : 87856
  #aborts     : 0
    #lock-r   : 0
    #lock-w   : 0
    #val-r    : 0
    #val-w    : 0
    #val-c    : 0
    #inv-mem  : 0
  Max retries : 0
Thread 1
  #add        : 109013
    #added    : 52643
  #remove     : 100852
    #removed  : 52643
  #contains   : 171065
  #found      : 88648
  #aborts     : 0
    #lock-r   : 0
    #lock-w   : 0
    #val-r    : 0
    #val-w    : 0
    #val-c    : 0
    #inv-mem  : 0
  Max retries : 0
Thread 2
  #add        : 107755
    #added    : 51835
  #remove     : 99467
    #removed  : 51834
  #contains   : 168694
  #found      : 87656
  #aborts     : 0
    #lock-r   : 0
    #lock-w   : 0
    #val-r    : 0
    #val-w    : 0
    #val-c    : 0
    #inv-mem  : 0
  Max retries : 0
Thread 3
  #add        : 127519
    #added    : 61325
  #remove     : 117642
    #removed  : 61324
  #contains   : 200594
  #found      : 103913
  #aborts     : 0
    #lock-r   : 0
    #lock-w   : 0
    #val-r    : 0
    #val-w    : 0
    #val-c    : 0
    #inv-mem  : 0
  Max retries : 0
Thread 4
  #add        : 106854
    #added    : 51578
  #remove     : 98973
    #removed  : 51578
  #contains   : 168412
  #found      : 87577
  #aborts     : 0
    #lock-r   : 0
    #lock-w   : 0
    #val-r    : 0
    #val-w    : 0
    #val-c    : 0
    #inv-mem  : 0
  Max retries : 0
Thread 5
  #add        : 105149
    #added    : 50804
  #remove     : 97433
    #removed  : 50804
  #contains   : 165188
  #found      : 85366
  #aborts     : 0
    #lock-r   : 0
    #lock-w   : 0
    #val-r    : 0
    #val-w    : 0
    #val-c    : 0
    #inv-mem  : 0
  Max retries : 0
Thread 6
  #add        : 109111
    #added    : 52566
  #remove     : 100820
    #removed  : 52565
  #contains   : 171726
  #found      : 89137
  #aborts     : 0
    #lock-r   : 0
    #lock-w   : 0
    #val-r    : 0
    #val-w    : 0
    #val-c    : 0
    #inv-mem  : 0
  Max retries : 0
Thread 7
  #add        : 105718
    #added    : 51252
  #remove     : 98448
    #removed  : 51252
  #contains   : 167564
  #found      : 86897
  #aborts     : 0
    #lock-r   : 0
    #lock-w   : 0
    #val-r    : 0
    #val-w    : 0
    #val-c    : 0
    #inv-mem  : 0
  Max retries : 0
Set size      : 104 (expected: 104)
Duration      : 5000 (ms)
#txs          : 3074185 (614837.000000 / s)
#read txs     : 1382440 (276488.000000 / s)
#eff. upd rate: 27.579212 
#update txs   : 1691745 (338349.000000 / s)
#aborts       : 0 (0.000000 / s)
  #lock-r     : 0 (0.000000 / s)
  #lock-w     : 0 (0.000000 / s)
  #val-r      : 0 (0.000000 / s)
  #val-w      : 0 (0.000000 / s)
  #val-c      : 0 (0.000000 / s)
  #inv-mem    : 0 (0.000000 / s)
Max retries   : 0
