Set type     : linked list
Length       : 5000
Initial size : 1000
Nb threads   : 16
Value range  : 2000
Seed         : 0
Update rate  : 75
Lock alg     : 1
Alternate    : 0
Effective    : 0
Type sizes   : int=4/long=8/ptr=8/word=8
Initializing STM
Adding 1000 entries to set
Set size     : 1000
Creating thread 0
Creating thread 1
Creating thread 2
Creating thread 3
Creating thread 4
Creating thread 5
Creating thread 6
Creating thread 7
Creating thread 8
Creating thread 9
Creating thread 10
Creating thread 11
Creating thread 12
Creating thread 13
Creating thread 14
Creating thread 15
STARTING...
STOPPING...
Thread 0
  #add        : 12608
    #added    : 6246
  #remove     : 12528
    #removed  : 6246
  #contains   : 8473
  #found      : 4242
  #aborts     : 0
    #lock-r   : 0
    #lock-w   : 0
    #val-r    : 0
    #val-w    : 0
    #val-c    : 0
    #inv-mem  : 0
  Max retries : 0
Thread 1
  #add        : 11655
    #added    : 5822
  #remove     : 11685
    #removed  : 5821
  #contains   : 7779
  #found      : 3982
  #aborts     : 0
    #lock-r   : 0
    #lock-w   : 0
    #val-r    : 0
    #val-w    : 0
    #val-c    : 0
    #inv-mem  : 0
  Max retries : 0
Thread 2
  #add        : 13289
    #added    : 6653
  #remove     : 13182
    #removed  : 6652
  #contains   : 8960
  #found      : 4479
  #aborts     : 0
    #lock-r   : 0
    #lock-w   : 0
    #val-r    : 0
    #val-w    : 0
    #val-c    : 0
    #inv-mem  : 0
  Max retries : 0
Thread 3
  #add        : 10662
    #added    : 5276
  #remove     : 10554
    #removed  : 5275
  #contains   : 7100
  #found      : 3521
  #aborts     : 0
    #lock-r   : 0
    #lock-w   : 0
    #val-r    : 0
    #val-w    : 0
    #val-c    : 0
    #inv-mem  : 0
  Max retries : 0
Thread 4
  #add        : 10791
    #added    : 5296
  #remove     : 10555
    #removed  : 5295
  #contains   : 7102
  #found      : 3605
  #aborts     : 0
    #lock-r   : 0
    #lock-w   : 0
    #val-r    : 0
    #val-w    : 0
    #val-c    : 0
    #inv-mem  : 0
  Max retries : 0
Thread 5
  #add        : 11610
    #added    : 5728
  #remove     : 11295
    #removed  : 5727
  #contains   : 7623
  #found      : 3815
  #aborts     : 0
    #lock-r   : 0
    #lock-w   : 0
    #val-r    : 0
    #val-w    : 0
    #val-c    : 0
    #inv-mem  : 0
  Max retries : 0
Thread 6
  #add        : 14000
    #added    : 6862
  #remove     : 13539
    #removed  : 6862
  #contains   : 9097
  #found      : 4611
  #aborts     : 0
    #lock-r   : 0
    #lock-w   : 0
    #val-r    : 0
    #val-w    : 0
    #val-c    : 0
    #inv-mem  : 0
  Max retries : 0
Thread 7
  #add        : 12690
    #added    : 6322
  #remove     : 12513
    #removed  : 6322
  #contains   : 8398
  #found      : 4284
  #aborts     : 0
    #lock-r   : 0
    #lock-w   : 0
    #val-r    : 0
    #val-w    : 0
    #val-c    : 0
    #inv-mem  : 0
  Max retries : 0
Thread 8
  #add        : 10336
    #added    : 5114
  #remove     : 10084
    #removed  : 5113
  #contains   : 6777
  #found      : 3474
  #aborts     : 0
    #lock-r   : 0
    #lock-w   : 0
    #val-r    : 0
    #val-w    : 0
    #val-c    : 0
    #inv-mem  : 0
  Max retries : 0
Thread 9
  #add        : 10798
    #added    : 5399
  #remove     : 10670
    #removed  : 5399
  #contains   : 7162
  #found      : 3650
  #aborts     : 0
    #lock-r   : 0
    #lock-w   : 0
    #val-r    : 0
    #val-w    : 0
    #val-c    : 0
    #inv-mem  : 0
  Max retries : 0
Thread 10
  #add        : 10995
    #added    : 5414
  #remove     : 10769
    #removed  : 5413
  #contains   : 7282
  #found      : 3641
  #aborts     : 0
    #lock-r   : 0
    #lock-w   : 0
    #val-r    : 0
    #val-w    : 0
    #val-c    : 0
    #inv-mem  : 0
  Max retries : 0
Thread 11
  #add        : 12178
    #added    : 6147
  #remove     : 12109
    #removed  : 6146
  #contains   : 8007
  #found      : 3997
  #aborts     : 0
    #lock-r   : 0
    #lock-w   : 0
    #val-r    : 0
    #val-w    : 0
    #val-c    : 0
    #inv-mem  : 0
  Max retries : 0
Thread 12
  #add        : 11128
    #added    : 5487
  #remove     : 10913
    #removed  : 5486
  #contains   : 7329
  #found      : 3674
  #aborts     : 0
    #lock-r   : 0
    #lock-w   : 0
    #val-r    : 0
    #val-w    : 0
    #val-c    : 0
    #inv-mem  : 0
  Max retries : 0
Thread 13
  #add        : 11211
    #added    : 5560
  #remove     : 11107
    #removed  : 5560
  #contains   : 7278
  #found      : 3626
  #aborts     : 0
    #lock-r   : 0
    #lock-w   : 0
    #val-r    : 0
    #val-w    : 0
    #val-c    : 0
    #inv-mem  : 0
  Max retries : 0
Thread 14
  #add        : 10973
    #added    : 5518
  #remove     : 10941
    #removed  : 5517
  #contains   : 7365
  #found      : 3714
  #aborts     : 0
    #lock-r   : 0
    #lock-w   : 0
    #val-r    : 0
    #val-w    : 0
    #val-c    : 0
    #inv-mem  : 0
  Max retries : 0
Thread 15
  #add        : 11428
    #added    : 5755
  #remove     : 11444
    #removed  : 5755
  #contains   : 7496
  #found      : 3838
  #aborts     : 0
    #lock-r   : 0
    #lock-w   : 0
    #val-r    : 0
    #val-w    : 0
    #val-c    : 0
    #inv-mem  : 0
  Max retries : 0
Set size      : 1010 (expected: 1010)
Duration      : 5000 (ms)
#txs          : 493468 (98693.600000 / s)
#read txs     : 123228 (24645.600000 / s)
#eff. upd rate: 37.527864 
#update txs   : 370240 (74048.000000 / s)
#aborts       : 0 (0.000000 / s)
  #lock-r     : 0 (0.000000 / s)
  #lock-w     : 0 (0.000000 / s)
  #val-r      : 0 (0.000000 / s)
  #val-w      : 0 (0.000000 / s)
  #val-c      : 0 (0.000000 / s)
  #inv-mem    : 0 (0.000000 / s)
Max retries   : 0
