Set type     : linked list
Length       : 5000
Initial size : 1000
Nb threads   : 8
Value range  : 2000
Seed         : 0
Update rate  : 35
Lock alg     : 1
Alternate    : 0
Effective    : 0
Type sizes   : int=4/long=8/ptr=8/word=8
Initializing STM
Adding 1000 entries to set
Set size     : 1000
Creating thread 0
Creating thread 1
Creating thread 2
Creating thread 3
Creating thread 4
Creating thread 5
Creating thread 6
Creating thread 7
STARTING...
STOPPING...
Thread 0
  #add        : 9953
    #added    : 4921
  #remove     : 9795
    #removed  : 4921
  #contains   : 36488
  #found      : 18197
  #aborts     : 0
    #lock-r   : 0
    #lock-w   : 0
    #val-r    : 0
    #val-w    : 0
    #val-c    : 0
    #inv-mem  : 0
  Max retries : 0
Thread 1
  #add        : 10077
    #added    : 5053
  #remove     : 10106
    #removed  : 5053
  #contains   : 37455
  #found      : 18634
  #aborts     : 0
    #lock-r   : 0
    #lock-w   : 0
    #val-r    : 0
    #val-w    : 0
    #val-c    : 0
    #inv-mem  : 0
  Max retries : 0
Thread 2
  #add        : 11048
    #added    : 5475
  #remove     : 10866
    #removed  : 5475
  #contains   : 40500
  #found      : 20425
  #aborts     : 0
    #lock-r   : 0
    #lock-w   : 0
    #val-r    : 0
    #val-w    : 0
    #val-c    : 0
    #inv-mem  : 0
  Max retries : 0
Thread 3
  #add        : 10179
    #added    : 5111
  #remove     : 10328
    #removed  : 5110
  #contains   : 37747
  #found      : 18986
  #aborts     : 0
    #lock-r   : 0
    #lock-w   : 0
    #val-r    : 0
    #val-w    : 0
    #val-c    : 0
    #inv-mem  : 0
  Max retries : 0
Thread 4
  #add        : 10029
    #added    : 4972
  #remove     : 9835
    #removed  : 4971
  #contains   : 36869
  #found      : 18459
  #aborts     : 0
    #lock-r   : 0
    #lock-w   : 0
    #val-r    : 0
    #val-w    : 0
    #val-c    : 0
    #inv-mem  : 0
  Max retries : 0
Thread 5
  #add        : 9296
    #added    : 4685
  #remove     : 9407
    #removed  : 4684
  #contains   : 35045
  #found      : 17422
  #aborts     : 0
    #lock-r   : 0
    #lock-w   : 0
    #val-r    : 0
    #val-w    : 0
    #val-c    : 0
    #inv-mem  : 0
  Max retries : 0
Thread 6
  #add        : 10541
    #added    : 5249
  #remove     : 10363
    #removed  : 5249
  #contains   : 38766
  #found      : 19476
  #aborts     : 0
    #lock-r   : 0
    #lock-w   : 0
    #val-r    : 0
    #val-w    : 0
    #val-c    : 0
    #inv-mem  : 0
  Max retries : 0
Thread 7
  #add        : 10041
    #added    : 5049
  #remove     : 10028
    #removed  : 5049
  #contains   : 37099
  #found      : 18535
  #aborts     : 0
    #lock-r   : 0
    #lock-w   : 0
    #val-r    : 0
    #val-w    : 0
    #val-c    : 0
    #inv-mem  : 0
  Max retries : 0
Set size      : 1003 (expected: 1003)
Duration      : 5000 (ms)
#txs          : 461861 (92372.200000 / s)
#read txs     : 299969 (59993.800000 / s)
#eff. upd rate: 17.543590 
#update txs   : 161892 (32378.400000 / s)
#aborts       : 0 (0.000000 / s)
  #lock-r     : 0 (0.000000 / s)
  #lock-w     : 0 (0.000000 / s)
  #val-r      : 0 (0.000000 / s)
  #val-w      : 0 (0.000000 / s)
  #val-c      : 0 (0.000000 / s)
  #inv-mem    : 0 (0.000000 / s)
Max retries   : 0
