Set type     : linked list
Length       : 5000
Initial size : 1000
Nb threads   : 2
Value range  : 2000
Seed         : 0
Update rate  : 25
Lock alg     : 1
Alternate    : 0
Effective    : 0
Type sizes   : int=4/long=8/ptr=8/word=8
Initializing STM
Adding 1000 entries to set
Set size     : 1000
Creating thread 0
Creating thread 1
STARTING...
STOPPING...
Thread 0
  #add        : 38512
    #added    : 19379
  #remove     : 38528
    #removed  : 19378
  #contains   : 231288
  #found      : 115571
  #aborts     : 0
    #lock-r   : 0
    #lock-w   : 0
    #val-r    : 0
    #val-w    : 0
    #val-c    : 0
    #inv-mem  : 0
  Max retries : 0
Thread 1
  #add        : 59305
    #added    : 29708
  #remove     : 59268
    #removed  : 29708
  #contains   : 356086
  #found      : 178745
  #aborts     : 0
    #lock-r   : 0
    #lock-w   : 0
    #val-r    : 0
    #val-w    : 0
    #val-c    : 0
    #inv-mem  : 0
  Max retries : 0
Set size      : 1001 (expected: 1001)
Duration      : 5000 (ms)
#txs          : 782987 (156597.400000 / s)
#read txs     : 587374 (117474.800000 / s)
#eff. upd rate: 12.538267 
#update txs   : 195613 (39122.600000 / s)
#aborts       : 0 (0.000000 / s)
  #lock-r     : 0 (0.000000 / s)
  #lock-w     : 0 (0.000000 / s)
  #val-r      : 0 (0.000000 / s)
  #val-w      : 0 (0.000000 / s)
  #val-c      : 0 (0.000000 / s)
  #inv-mem    : 0 (0.000000 / s)
Max retries   : 0
