Set type     : linked list
Length       : 5000
Initial size : 8000
Nb threads   : 2
Value range  : 16000
Seed         : 0
Update rate  : 55
Lock alg     : 1
Alternate    : 0
Effective    : 0
Type sizes   : int=4/long=8/ptr=8/word=8
Initializing STM
Adding 8000 entries to set
Set size     : 8000
Creating thread 0
Creating thread 1
STARTING...
STOPPING...
Thread 0
  #add        : 6952
    #added    : 3472
  #remove     : 6915
    #removed  : 3472
  #contains   : 11331
  #found      : 5578
  #aborts     : 0
    #lock-r   : 0
    #lock-w   : 0
    #val-r    : 0
    #val-w    : 0
    #val-c    : 0
    #inv-mem  : 0
  Max retries : 0
Thread 1
  #add        : 7061
    #added    : 3497
  #remove     : 7040
    #removed  : 3497
  #contains   : 11420
  #found      : 5733
  #aborts     : 0
    #lock-r   : 0
    #lock-w   : 0
    #val-r    : 0
    #val-w    : 0
    #val-c    : 0
    #inv-mem  : 0
  Max retries : 0
Set size      : 8000 (expected: 8000)
Duration      : 5000 (ms)
#txs          : 50719 (10143.800000 / s)
#read txs     : 22751 (4550.200000 / s)
#eff. upd rate: 27.480826 
#update txs   : 27968 (5593.600000 / s)
#aborts       : 0 (0.000000 / s)
  #lock-r     : 0 (0.000000 / s)
  #lock-w     : 0 (0.000000 / s)
  #val-r      : 0 (0.000000 / s)
  #val-w      : 0 (0.000000 / s)
  #val-c      : 0 (0.000000 / s)
  #inv-mem    : 0 (0.000000 / s)
Max retries   : 0
