Set type     : linked list
Length       : 5000
Initial size : 100
Nb threads   : 16
Value range  : 200
Seed         : 0
Update rate  : 50
Lock alg     : 1
Alternate    : 0
Effective    : 0
Type sizes   : int=4/long=8/ptr=8/word=8
Initializing STM
Adding 100 entries to set
Set size     : 100
Creating thread 0
Creating thread 1
Creating thread 2
Creating thread 3
Creating thread 4
Creating thread 5
Creating thread 6
Creating thread 7
Creating thread 8
Creating thread 9
Creating thread 10
Creating thread 11
Creating thread 12
Creating thread 13
Creating thread 14
Creating thread 15
STARTING...
STOPPING...
Thread 0
  #add        : 51745
    #added    : 24056
  #remove     : 44627
    #removed  : 24056
  #contains   : 96894
  #found      : 52083
  #aborts     : 0
    #lock-r   : 0
    #lock-w   : 0
    #val-r    : 0
    #val-w    : 0
    #val-c    : 0
    #inv-mem  : 0
  Max retries : 0
Thread 1
  #add        : 51466
    #added    : 24023
  #remove     : 44350
    #removed  : 24022
  #contains   : 95889
  #found      : 51356
  #aborts     : 0
    #lock-r   : 0
    #lock-w   : 0
    #val-r    : 0
    #val-w    : 0
    #val-c    : 0
    #inv-mem  : 0
  Max retries : 0
Thread 2
  #add        : 51726
    #added    : 23909
  #remove     : 44201
    #removed  : 23908
  #contains   : 95692
  #found      : 51604
  #aborts     : 0
    #lock-r   : 0
    #lock-w   : 0
    #val-r    : 0
    #val-w    : 0
    #val-c    : 0
    #inv-mem  : 0
  Max retries : 0
Thread 3
  #add        : 52345
    #added    : 24291
  #remove     : 45070
    #removed  : 24290
  #contains   : 96865
  #found      : 52278
  #aborts     : 0
    #lock-r   : 0
    #lock-w   : 0
    #val-r    : 0
    #val-w    : 0
    #val-c    : 0
    #inv-mem  : 0
  Max retries : 0
Thread 4
  #add        : 51702
    #added    : 24324
  #remove     : 44607
    #removed  : 24324
  #contains   : 96332
  #found      : 52022
  #aborts     : 0
    #lock-r   : 0
    #lock-w   : 0
    #val-r    : 0
    #val-w    : 0
    #val-c    : 0
    #inv-mem  : 0
  Max retries : 0
Thread 5
  #add        : 51622
    #added    : 23941
  #remove     : 44357
    #removed  : 23941
  #contains   : 95974
  #found      : 51902
  #aborts     : 0
    #lock-r   : 0
    #lock-w   : 0
    #val-r    : 0
    #val-w    : 0
    #val-c    : 0
    #inv-mem  : 0
  Max retries : 0
Thread 6
  #add        : 52340
    #added    : 24085
  #remove     : 44777
    #removed  : 24085
  #contains   : 97210
  #found      : 51845
  #aborts     : 0
    #lock-r   : 0
    #lock-w   : 0
    #val-r    : 0
    #val-w    : 0
    #val-c    : 0
    #inv-mem  : 0
  Max retries : 0
Thread 7
  #add        : 51447
    #added    : 23913
  #remove     : 44486
    #removed  : 23913
  #contains   : 96047
  #found      : 51630
  #aborts     : 0
    #lock-r   : 0
    #lock-w   : 0
    #val-r    : 0
    #val-w    : 0
    #val-c    : 0
    #inv-mem  : 0
  Max retries : 0
Thread 8
  #add        : 51741
    #added    : 24004
  #remove     : 44313
    #removed  : 24004
  #contains   : 95704
  #found      : 51293
  #aborts     : 0
    #lock-r   : 0
    #lock-w   : 0
    #val-r    : 0
    #val-w    : 0
    #val-c    : 0
    #inv-mem  : 0
  Max retries : 0
Thread 9
  #add        : 51510
    #added    : 23607
  #remove     : 43840
    #removed  : 23606
  #contains   : 95227
  #found      : 50917
  #aborts     : 0
    #lock-r   : 0
    #lock-w   : 0
    #val-r    : 0
    #val-w    : 0
    #val-c    : 0
    #inv-mem  : 0
  Max retries : 0
Thread 10
  #add        : 51333
    #added    : 23971
  #remove     : 44628
    #removed  : 23971
  #contains   : 96222
  #found      : 51635
  #aborts     : 0
    #lock-r   : 0
    #lock-w   : 0
    #val-r    : 0
    #val-w    : 0
    #val-c    : 0
    #inv-mem  : 0
  Max retries : 0
Thread 11
  #add        : 51259
    #added    : 23847
  #remove     : 44378
    #removed  : 23847
  #contains   : 95520
  #found      : 51511
  #aborts     : 0
    #lock-r   : 0
    #lock-w   : 0
    #val-r    : 0
    #val-w    : 0
    #val-c    : 0
    #inv-mem  : 0
  Max retries : 0
Thread 12
  #add        : 51768
    #added    : 23956
  #remove     : 44390
    #removed  : 23955
  #contains   : 96381
  #found      : 51842
  #aborts     : 0
    #lock-r   : 0
    #lock-w   : 0
    #val-r    : 0
    #val-w    : 0
    #val-c    : 0
    #inv-mem  : 0
  Max retries : 0
Thread 13
  #add        : 52096
    #added    : 24100
  #remove     : 44463
    #removed  : 24099
  #contains   : 95755
  #found      : 51624
  #aborts     : 0
    #lock-r   : 0
    #lock-w   : 0
    #val-r    : 0
    #val-w    : 0
    #val-c    : 0
    #inv-mem  : 0
  Max retries : 0
Thread 14
  #add        : 51647
    #added    : 23915
  #remove     : 44353
    #removed  : 23915
  #contains   : 96463
  #found      : 51801
  #aborts     : 0
    #lock-r   : 0
    #lock-w   : 0
    #val-r    : 0
    #val-w    : 0
    #val-c    : 0
    #inv-mem  : 0
  Max retries : 0
Thread 15
  #add        : 51210
    #added    : 23813
  #remove     : 44206
    #removed  : 23813
  #contains   : 95543
  #found      : 51190
  #aborts     : 0
    #lock-r   : 0
    #lock-w   : 0
    #val-r    : 0
    #val-w    : 0
    #val-c    : 0
    #inv-mem  : 0
  Max retries : 0
Set size      : 106 (expected: 106)
Duration      : 5000 (ms)
#txs          : 3075721 (615144.200000 / s)
#read txs     : 1537718 (307543.600000 / s)
#eff. upd rate: 24.953629 
#update txs   : 1538003 (307600.600000 / s)
#aborts       : 0 (0.000000 / s)
  #lock-r     : 0 (0.000000 / s)
  #lock-w     : 0 (0.000000 / s)
  #val-r      : 0 (0.000000 / s)
  #val-w      : 0 (0.000000 / s)
  #val-c      : 0 (0.000000 / s)
  #inv-mem    : 0 (0.000000 / s)
Max retries   : 0
