Set type     : linked list
Length       : 5000
Initial size : 1000
Nb threads   : 16
Value range  : 2000
Seed         : 0
Update rate  : 15
Lock alg     : 1
Alternate    : 0
Effective    : 0
Type sizes   : int=4/long=8/ptr=8/word=8
Initializing STM
Adding 1000 entries to set
Set size     : 1000
Creating thread 0
Creating thread 1
Creating thread 2
Creating thread 3
Creating thread 4
Creating thread 5
Creating thread 6
Creating thread 7
Creating thread 8
Creating thread 9
Creating thread 10
Creating thread 11
Creating thread 12
Creating thread 13
Creating thread 14
Creating thread 15
STARTING...
STOPPING...
Thread 0
  #add        : 8233
    #added    : 4088
  #remove     : 8051
    #removed  : 4087
  #contains   : 93636
  #found      : 47305
  #aborts     : 0
    #lock-r   : 0
    #lock-w   : 0
    #val-r    : 0
    #val-w    : 0
    #val-c    : 0
    #inv-mem  : 0
  Max retries : 0
Thread 1
  #add        : 7940
    #added    : 3946
  #remove     : 7913
    #removed  : 3946
  #contains   : 88529
  #found      : 44357
  #aborts     : 0
    #lock-r   : 0
    #lock-w   : 0
    #val-r    : 0
    #val-w    : 0
    #val-c    : 0
    #inv-mem  : 0
  Max retries : 0
Thread 2
  #add        : 9397
    #added    : 4700
  #remove     : 9283
    #removed  : 4700
  #contains   : 105250
  #found      : 53007
  #aborts     : 0
    #lock-r   : 0
    #lock-w   : 0
    #val-r    : 0
    #val-w    : 0
    #val-c    : 0
    #inv-mem  : 0
  Max retries : 0
Thread 3
  #add        : 6364
    #added    : 3146
  #remove     : 6260
    #removed  : 3145
  #contains   : 71278
  #found      : 35894
  #aborts     : 0
    #lock-r   : 0
    #lock-w   : 0
    #val-r    : 0
    #val-w    : 0
    #val-c    : 0
    #inv-mem  : 0
  Max retries : 0
Thread 4
  #add        : 8291
    #added    : 4086
  #remove     : 8156
    #removed  : 4085
  #contains   : 90853
  #found      : 45744
  #aborts     : 0
    #lock-r   : 0
    #lock-w   : 0
    #val-r    : 0
    #val-w    : 0
    #val-c    : 0
    #inv-mem  : 0
  Max retries : 0
Thread 5
  #add        : 8534
    #added    : 4202
  #remove     : 8244
    #removed  : 4201
  #contains   : 95682
  #found      : 48140
  #aborts     : 0
    #lock-r   : 0
    #lock-w   : 0
    #val-r    : 0
    #val-w    : 0
    #val-c    : 0
    #inv-mem  : 0
  Max retries : 0
Thread 6
  #add        : 8681
    #added    : 4316
  #remove     : 8496
    #removed  : 4315
  #contains   : 95989
  #found      : 48359
  #aborts     : 0
    #lock-r   : 0
    #lock-w   : 0
    #val-r    : 0
    #val-w    : 0
    #val-c    : 0
    #inv-mem  : 0
  Max retries : 0
Thread 7
  #add        : 8316
    #added    : 4205
  #remove     : 8408
    #removed  : 4205
  #contains   : 94552
  #found      : 47888
  #aborts     : 0
    #lock-r   : 0
    #lock-w   : 0
    #val-r    : 0
    #val-w    : 0
    #val-c    : 0
    #inv-mem  : 0
  Max retries : 0
Thread 8
  #add        : 7495
    #added    : 3705
  #remove     : 7305
    #removed  : 3705
  #contains   : 85508
  #found      : 43208
  #aborts     : 0
    #lock-r   : 0
    #lock-w   : 0
    #val-r    : 0
    #val-w    : 0
    #val-c    : 0
    #inv-mem  : 0
  Max retries : 0
Thread 9
  #add        : 7003
    #added    : 3458
  #remove     : 6885
    #removed  : 3457
  #contains   : 78562
  #found      : 39485
  #aborts     : 0
    #lock-r   : 0
    #lock-w   : 0
    #val-r    : 0
    #val-w    : 0
    #val-c    : 0
    #inv-mem  : 0
  Max retries : 0
Thread 10
  #add        : 10312
    #added    : 5088
  #remove     : 9993
    #removed  : 5087
  #contains   : 114928
  #found      : 58001
  #aborts     : 0
    #lock-r   : 0
    #lock-w   : 0
    #val-r    : 0
    #val-w    : 0
    #val-c    : 0
    #inv-mem  : 0
  Max retries : 0
Thread 11
  #add        : 8654
    #added    : 4292
  #remove     : 8494
    #removed  : 4291
  #contains   : 95833
  #found      : 48393
  #aborts     : 0
    #lock-r   : 0
    #lock-w   : 0
    #val-r    : 0
    #val-w    : 0
    #val-c    : 0
    #inv-mem  : 0
  Max retries : 0
Thread 12
  #add        : 9094
    #added    : 4492
  #remove     : 8950
    #removed  : 4491
  #contains   : 101321
  #found      : 51138
  #aborts     : 0
    #lock-r   : 0
    #lock-w   : 0
    #val-r    : 0
    #val-w    : 0
    #val-c    : 0
    #inv-mem  : 0
  Max retries : 0
Thread 13
  #add        : 7785
    #added    : 3905
  #remove     : 7691
    #removed  : 3904
  #contains   : 88535
  #found      : 44618
  #aborts     : 0
    #lock-r   : 0
    #lock-w   : 0
    #val-r    : 0
    #val-w    : 0
    #val-c    : 0
    #inv-mem  : 0
  Max retries : 0
Thread 14
  #add        : 6936
    #added    : 3436
  #remove     : 6859
    #removed  : 3435
  #contains   : 78328
  #found      : 39387
  #aborts     : 0
    #lock-r   : 0
    #lock-w   : 0
    #val-r    : 0
    #val-w    : 0
    #val-c    : 0
    #inv-mem  : 0
  Max retries : 0
Thread 15
  #add        : 7040
    #added    : 3526
  #remove     : 6967
    #removed  : 3525
  #contains   : 79401
  #found      : 39900
  #aborts     : 0
    #lock-r   : 0
    #lock-w   : 0
    #val-r    : 0
    #val-w    : 0
    #val-c    : 0
    #inv-mem  : 0
  Max retries : 0
Set size      : 1012 (expected: 1012)
Duration      : 5000 (ms)
#txs          : 1716215 (343243.000000 / s)
#read txs     : 1458185 (291637.000000 / s)
#eff. upd rate: 7.526446 
#update txs   : 258030 (51606.000000 / s)
#aborts       : 0 (0.000000 / s)
  #lock-r     : 0 (0.000000 / s)
  #lock-w     : 0 (0.000000 / s)
  #val-r      : 0 (0.000000 / s)
  #val-w      : 0 (0.000000 / s)
  #val-c      : 0 (0.000000 / s)
  #inv-mem    : 0 (0.000000 / s)
Max retries   : 0
