Set type     : linked list
Length       : 5000
Initial size : 1000
Nb threads   : 1
Value range  : 2000
Seed         : 0
Update rate  : 15
Lock alg     : 1
Alternate    : 0
Effective    : 0
Type sizes   : int=4/long=8/ptr=8/word=8
Initializing STM
Adding 1000 entries to set
Set size     : 1000
Creating thread 0
STARTING...
STOPPING...
Thread 0
  #add        : 133229
    #added    : 66504
  #remove     : 133281
    #removed  : 66503
  #contains   : 1510333
  #found      : 755678
  #aborts     : 0
    #lock-r   : 0
    #lock-w   : 0
    #val-r    : 0
    #val-w    : 0
    #val-c    : 0
    #inv-mem  : 0
  Max retries : 0
Set size      : 1001 (expected: 1001)
Duration      : 5000 (ms)
#txs          : 1776843 (355368.600000 / s)
#read txs     : 1510333 (302066.600000 / s)
#eff. upd rate: 7.485580 
#update txs   : 266510 (53302.000000 / s)
#aborts       : 0 (0.000000 / s)
  #lock-r     : 0 (0.000000 / s)
  #lock-w     : 0 (0.000000 / s)
  #val-r      : 0 (0.000000 / s)
  #val-w      : 0 (0.000000 / s)
  #val-c      : 0 (0.000000 / s)
  #inv-mem    : 0 (0.000000 / s)
Max retries   : 0
