Set type     : linked list
Length       : 5000
Initial size : 1000
Nb threads   : 16
Value range  : 2000
Seed         : 0
Update rate  : 30
Lock alg     : 1
Alternate    : 0
Effective    : 0
Type sizes   : int=4/long=8/ptr=8/word=8
Initializing STM
Adding 1000 entries to set
Set size     : 1000
Creating thread 0
Creating thread 1
Creating thread 2
Creating thread 3
Creating thread 4
Creating thread 5
Creating thread 6
Creating thread 7
Creating thread 8
Creating thread 9
Creating thread 10
Creating thread 11
Creating thread 12
Creating thread 13
Creating thread 14
Creating thread 15
STARTING...
STOPPING...
Thread 0
  #add        : 17597
    #added    : 8694
  #remove     : 17049
    #removed  : 8693
  #contains   : 80426
  #found      : 40713
  #aborts     : 0
    #lock-r   : 0
    #lock-w   : 0
    #val-r    : 0
    #val-w    : 0
    #val-c    : 0
    #inv-mem  : 0
  Max retries : 0
Thread 1
  #add        : 13364
    #added    : 6603
  #remove     : 13397
    #removed  : 6603
  #contains   : 62575
  #found      : 31768
  #aborts     : 0
    #lock-r   : 0
    #lock-w   : 0
    #val-r    : 0
    #val-w    : 0
    #val-c    : 0
    #inv-mem  : 0
  Max retries : 0
Thread 2
  #add        : 15550
    #added    : 7708
  #remove     : 15223
    #removed  : 7707
  #contains   : 71171
  #found      : 35944
  #aborts     : 0
    #lock-r   : 0
    #lock-w   : 0
    #val-r    : 0
    #val-w    : 0
    #val-c    : 0
    #inv-mem  : 0
  Max retries : 0
Thread 3
  #add        : 16605
    #added    : 8244
  #remove     : 16399
    #removed  : 8244
  #contains   : 75881
  #found      : 38443
  #aborts     : 0
    #lock-r   : 0
    #lock-w   : 0
    #val-r    : 0
    #val-w    : 0
    #val-c    : 0
    #inv-mem  : 0
  Max retries : 0
Thread 4
  #add        : 13801
    #added    : 6873
  #remove     : 13672
    #removed  : 6872
  #contains   : 63922
  #found      : 32183
  #aborts     : 0
    #lock-r   : 0
    #lock-w   : 0
    #val-r    : 0
    #val-w    : 0
    #val-c    : 0
    #inv-mem  : 0
  Max retries : 0
Thread 5
  #add        : 14458
    #added    : 7213
  #remove     : 14277
    #removed  : 7213
  #contains   : 67052
  #found      : 33933
  #aborts     : 0
    #lock-r   : 0
    #lock-w   : 0
    #val-r    : 0
    #val-w    : 0
    #val-c    : 0
    #inv-mem  : 0
  Max retries : 0
Thread 6
  #add        : 13579
    #added    : 6797
  #remove     : 13384
    #removed  : 6796
  #contains   : 62703
  #found      : 31579
  #aborts     : 0
    #lock-r   : 0
    #lock-w   : 0
    #val-r    : 0
    #val-w    : 0
    #val-c    : 0
    #inv-mem  : 0
  Max retries : 0
Thread 7
  #add        : 15580
    #added    : 7661
  #remove     : 15176
    #removed  : 7660
  #contains   : 72218
  #found      : 36614
  #aborts     : 0
    #lock-r   : 0
    #lock-w   : 0
    #val-r    : 0
    #val-w    : 0
    #val-c    : 0
    #inv-mem  : 0
  Max retries : 0
Thread 8
  #add        : 15073
    #added    : 7516
  #remove     : 15069
    #removed  : 7515
  #contains   : 70961
  #found      : 35739
  #aborts     : 0
    #lock-r   : 0
    #lock-w   : 0
    #val-r    : 0
    #val-w    : 0
    #val-c    : 0
    #inv-mem  : 0
  Max retries : 0
Thread 9
  #add        : 16598
    #added    : 8327
  #remove     : 16443
    #removed  : 8327
  #contains   : 76935
  #found      : 38827
  #aborts     : 0
    #lock-r   : 0
    #lock-w   : 0
    #val-r    : 0
    #val-w    : 0
    #val-c    : 0
    #inv-mem  : 0
  Max retries : 0
Thread 10
  #add        : 14350
    #added    : 7238
  #remove     : 14208
    #removed  : 7237
  #contains   : 66614
  #found      : 33610
  #aborts     : 0
    #lock-r   : 0
    #lock-w   : 0
    #val-r    : 0
    #val-w    : 0
    #val-c    : 0
    #inv-mem  : 0
  Max retries : 0
Thread 11
  #add        : 13949
    #added    : 6962
  #remove     : 13772
    #removed  : 6961
  #contains   : 64011
  #found      : 32361
  #aborts     : 0
    #lock-r   : 0
    #lock-w   : 0
    #val-r    : 0
    #val-w    : 0
    #val-c    : 0
    #inv-mem  : 0
  Max retries : 0
Thread 12
  #add        : 15800
    #added    : 7889
  #remove     : 15797
    #removed  : 7889
  #contains   : 73776
  #found      : 37366
  #aborts     : 0
    #lock-r   : 0
    #lock-w   : 0
    #val-r    : 0
    #val-w    : 0
    #val-c    : 0
    #inv-mem  : 0
  Max retries : 0
Thread 13
  #add        : 11847
    #added    : 5842
  #remove     : 11458
    #removed  : 5841
  #contains   : 55134
  #found      : 27845
  #aborts     : 0
    #lock-r   : 0
    #lock-w   : 0
    #val-r    : 0
    #val-w    : 0
    #val-c    : 0
    #inv-mem  : 0
  Max retries : 0
Thread 14
  #add        : 19520
    #added    : 9784
  #remove     : 19662
    #removed  : 9784
  #contains   : 91359
  #found      : 45923
  #aborts     : 0
    #lock-r   : 0
    #lock-w   : 0
    #val-r    : 0
    #val-w    : 0
    #val-c    : 0
    #inv-mem  : 0
  Max retries : 0
Thread 15
  #add        : 13347
    #added    : 6587
  #remove     : 13140
    #removed  : 6586
  #contains   : 61690
  #found      : 31053
  #aborts     : 0
    #lock-r   : 0
    #lock-w   : 0
    #val-r    : 0
    #val-w    : 0
    #val-c    : 0
    #inv-mem  : 0
  Max retries : 0
Set size      : 1010 (expected: 1010)
Duration      : 5001 (ms)
#txs          : 1595572 (319050.589882 / s)
#read txs     : 1116428 (223240.951810 / s)
#eff. upd rate: 15.033229 
#update txs   : 479144 (95809.638072 / s)
#aborts       : 0 (0.000000 / s)
  #lock-r     : 0 (0.000000 / s)
  #lock-w     : 0 (0.000000 / s)
  #val-r      : 0 (0.000000 / s)
  #val-w      : 0 (0.000000 / s)
  #val-c      : 0 (0.000000 / s)
  #inv-mem    : 0 (0.000000 / s)
Max retries   : 0
