Set type     : linked list
Length       : 5000
Initial size : 100
Nb threads   : 8
Value range  : 200
Seed         : 0
Update rate  : 20
Lock alg     : 1
Alternate    : 0
Effective    : 0
Type sizes   : int=4/long=8/ptr=8/word=8
Initializing STM
Adding 100 entries to set
Set size     : 100
Creating thread 0
Creating thread 1
Creating thread 2
Creating thread 3
Creating thread 4
Creating thread 5
Creating thread 6
Creating thread 7
STARTING...
STOPPING...
Thread 0
  #add        : 60762
    #added    : 29431
  #remove     : 56307
    #removed  : 29430
  #contains   : 469748
  #found      : 243837
  #aborts     : 0
    #lock-r   : 0
    #lock-w   : 0
    #val-r    : 0
    #val-w    : 0
    #val-c    : 0
    #inv-mem  : 0
  Max retries : 0
Thread 1
  #add        : 59145
    #added    : 28571
  #remove     : 54756
    #removed  : 28570
  #contains   : 455710
  #found      : 237351
  #aborts     : 0
    #lock-r   : 0
    #lock-w   : 0
    #val-r    : 0
    #val-w    : 0
    #val-c    : 0
    #inv-mem  : 0
  Max retries : 0
Thread 2
  #add        : 55057
    #added    : 26688
  #remove     : 51081
    #removed  : 26688
  #contains   : 422604
  #found      : 219212
  #aborts     : 0
    #lock-r   : 0
    #lock-w   : 0
    #val-r    : 0
    #val-w    : 0
    #val-c    : 0
    #inv-mem  : 0
  Max retries : 0
Thread 3
  #add        : 48402
    #added    : 23385
  #remove     : 44857
    #removed  : 23384
  #contains   : 373309
  #found      : 194211
  #aborts     : 0
    #lock-r   : 0
    #lock-w   : 0
    #val-r    : 0
    #val-w    : 0
    #val-c    : 0
    #inv-mem  : 0
  Max retries : 0
Thread 4
  #add        : 55248
    #added    : 26843
  #remove     : 51170
    #removed  : 26843
  #contains   : 425096
  #found      : 220455
  #aborts     : 0
    #lock-r   : 0
    #lock-w   : 0
    #val-r    : 0
    #val-w    : 0
    #val-c    : 0
    #inv-mem  : 0
  Max retries : 0
Thread 5
  #add        : 47103
    #added    : 22692
  #remove     : 43362
    #removed  : 22692
  #contains   : 358980
  #found      : 186699
  #aborts     : 0
    #lock-r   : 0
    #lock-w   : 0
    #val-r    : 0
    #val-w    : 0
    #val-c    : 0
    #inv-mem  : 0
  Max retries : 0
Thread 6
  #add        : 55142
    #added    : 26558
  #remove     : 50561
    #removed  : 26557
  #contains   : 423196
  #found      : 219701
  #aborts     : 0
    #lock-r   : 0
    #lock-w   : 0
    #val-r    : 0
    #val-w    : 0
    #val-c    : 0
    #inv-mem  : 0
  Max retries : 0
Thread 7
  #add        : 48967
    #added    : 23695
  #remove     : 45523
    #removed  : 23694
  #contains   : 376421
  #found      : 195704
  #aborts     : 0
    #lock-r   : 0
    #lock-w   : 0
    #val-r    : 0
    #val-w    : 0
    #val-c    : 0
    #inv-mem  : 0
  Max retries : 0
Set size      : 105 (expected: 105)
Duration      : 5000 (ms)
#txs          : 4132507 (826501.400000 / s)
#read txs     : 3305064 (661012.800000 / s)
#eff. upd rate: 10.059777 
#update txs   : 827443 (165488.600000 / s)
#aborts       : 0 (0.000000 / s)
  #lock-r     : 0 (0.000000 / s)
  #lock-w     : 0 (0.000000 / s)
  #val-r      : 0 (0.000000 / s)
  #val-w      : 0 (0.000000 / s)
  #val-c      : 0 (0.000000 / s)
  #inv-mem    : 0 (0.000000 / s)
Max retries   : 0
