Set type     : linked list
Length       : 5000
Initial size : 1000
Nb threads   : 16
Value range  : 2000
Seed         : 0
Update rate  : 5
Lock alg     : 1
Alternate    : 0
Effective    : 0
Type sizes   : int=4/long=8/ptr=8/word=8
Initializing STM
Adding 1000 entries to set
Set size     : 1000
Creating thread 0
Creating thread 1
Creating thread 2
Creating thread 3
Creating thread 4
Creating thread 5
Creating thread 6
Creating thread 7
Creating thread 8
Creating thread 9
Creating thread 10
Creating thread 11
Creating thread 12
Creating thread 13
Creating thread 14
Creating thread 15
STARTING...
STOPPING...
Thread 0
  #add        : 867
    #added    : 442
  #remove     : 886
    #removed  : 441
  #contains   : 33705
  #found      : 17074
  #aborts     : 0
    #lock-r   : 0
    #lock-w   : 0
    #val-r    : 0
    #val-w    : 0
    #val-c    : 0
    #inv-mem  : 0
  Max retries : 0
Thread 1
  #add        : 815
    #added    : 403
  #remove     : 784
    #removed  : 403
  #contains   : 30154
  #found      : 15241
  #aborts     : 0
    #lock-r   : 0
    #lock-w   : 0
    #val-r    : 0
    #val-w    : 0
    #val-c    : 0
    #inv-mem  : 0
  Max retries : 0
Thread 2
  #add        : 880
    #added    : 432
  #remove     : 841
    #removed  : 432
  #contains   : 31540
  #found      : 15932
  #aborts     : 0
    #lock-r   : 0
    #lock-w   : 0
    #val-r    : 0
    #val-w    : 0
    #val-c    : 0
    #inv-mem  : 0
  Max retries : 0
Thread 3
  #add        : 910
    #added    : 453
  #remove     : 882
    #removed  : 452
  #contains   : 33592
  #found      : 17004
  #aborts     : 0
    #lock-r   : 0
    #lock-w   : 0
    #val-r    : 0
    #val-w    : 0
    #val-c    : 0
    #inv-mem  : 0
  Max retries : 0
Thread 4
  #add        : 779
    #added    : 399
  #remove     : 830
    #removed  : 399
  #contains   : 31243
  #found      : 15856
  #aborts     : 0
    #lock-r   : 0
    #lock-w   : 0
    #val-r    : 0
    #val-w    : 0
    #val-c    : 0
    #inv-mem  : 0
  Max retries : 0
Thread 5
  #add        : 781
    #added    : 401
  #remove     : 825
    #removed  : 400
  #contains   : 28637
  #found      : 14341
  #aborts     : 0
    #lock-r   : 0
    #lock-w   : 0
    #val-r    : 0
    #val-w    : 0
    #val-c    : 0
    #inv-mem  : 0
  Max retries : 0
Thread 6
  #add        : 884
    #added    : 423
  #remove     : 803
    #removed  : 423
  #contains   : 33187
  #found      : 16720
  #aborts     : 0
    #lock-r   : 0
    #lock-w   : 0
    #val-r    : 0
    #val-w    : 0
    #val-c    : 0
    #inv-mem  : 0
  Max retries : 0
Thread 7
  #add        : 829
    #added    : 412
  #remove     : 812
    #removed  : 411
  #contains   : 30110
  #found      : 15193
  #aborts     : 0
    #lock-r   : 0
    #lock-w   : 0
    #val-r    : 0
    #val-w    : 0
    #val-c    : 0
    #inv-mem  : 0
  Max retries : 0
Thread 8
  #add        : 745
    #added    : 361
  #remove     : 723
    #removed  : 361
  #contains   : 28838
  #found      : 14610
  #aborts     : 0
    #lock-r   : 0
    #lock-w   : 0
    #val-r    : 0
    #val-w    : 0
    #val-c    : 0
    #inv-mem  : 0
  Max retries : 0
Thread 9
  #add        : 720
    #added    : 380
  #remove     : 787
    #removed  : 379
  #contains   : 29143
  #found      : 14745
  #aborts     : 0
    #lock-r   : 0
    #lock-w   : 0
    #val-r    : 0
    #val-w    : 0
    #val-c    : 0
    #inv-mem  : 0
  Max retries : 0
Thread 10
  #add        : 898
    #added    : 424
  #remove     : 771
    #removed  : 424
  #contains   : 31500
  #found      : 15945
  #aborts     : 0
    #lock-r   : 0
    #lock-w   : 0
    #val-r    : 0
    #val-w    : 0
    #val-c    : 0
    #inv-mem  : 0
  Max retries : 0
Thread 11
  #add        : 860
    #added    : 423
  #remove     : 854
    #removed  : 422
  #contains   : 32591
  #found      : 16355
  #aborts     : 0
    #lock-r   : 0
    #lock-w   : 0
    #val-r    : 0
    #val-w    : 0
    #val-c    : 0
    #inv-mem  : 0
  Max retries : 0
Thread 12
  #add        : 871
    #added    : 444
  #remove     : 867
    #removed  : 444
  #contains   : 32217
  #found      : 16205
  #aborts     : 0
    #lock-r   : 0
    #lock-w   : 0
    #val-r    : 0
    #val-w    : 0
    #val-c    : 0
    #inv-mem  : 0
  Max retries : 0
Thread 13
  #add        : 823
    #added    : 402
  #remove     : 783
    #removed  : 401
  #contains   : 31268
  #found      : 15823
  #aborts     : 0
    #lock-r   : 0
    #lock-w   : 0
    #val-r    : 0
    #val-w    : 0
    #val-c    : 0
    #inv-mem  : 0
  Max retries : 0
Thread 14
  #add        : 795
    #added    : 399
  #remove     : 819
    #removed  : 399
  #contains   : 30901
  #found      : 15592
  #aborts     : 0
    #lock-r   : 0
    #lock-w   : 0
    #val-r    : 0
    #val-w    : 0
    #val-c    : 0
    #inv-mem  : 0
  Max retries : 0
Thread 15
  #add        : 817
    #added    : 456
  #remove     : 950
    #removed  : 455
  #contains   : 34820
  #found      : 17592
  #aborts     : 0
    #lock-r   : 0
    #lock-w   : 0
    #val-r    : 0
    #val-w    : 0
    #val-c    : 0
    #inv-mem  : 0
  Max retries : 0
Set size      : 1008 (expected: 1008)
Duration      : 5000 (ms)
#txs          : 529937 (105987.400000 / s)
#read txs     : 503446 (100689.200000 / s)
#eff. upd rate: 2.509732 
#update txs   : 26491 (5298.200000 / s)
#aborts       : 0 (0.000000 / s)
  #lock-r     : 0 (0.000000 / s)
  #lock-w     : 0 (0.000000 / s)
  #val-r      : 0 (0.000000 / s)
  #val-w      : 0 (0.000000 / s)
  #val-c      : 0 (0.000000 / s)
  #inv-mem    : 0 (0.000000 / s)
Max retries   : 0
