Set type     : linked list
Length       : 5000
Initial size : 1000
Nb threads   : 8
Value range  : 2000
Seed         : 0
Update rate  : 50
Lock alg     : 1
Alternate    : 0
Effective    : 0
Type sizes   : int=4/long=8/ptr=8/word=8
Initializing STM
Adding 1000 entries to set
Set size     : 1000
Creating thread 0
Creating thread 1
Creating thread 2
Creating thread 3
Creating thread 4
Creating thread 5
Creating thread 6
Creating thread 7
STARTING...
STOPPING...
Thread 0
  #add        : 14191
    #added    : 7090
  #remove     : 14147
    #removed  : 7089
  #contains   : 28392
  #found      : 14324
  #aborts     : 0
    #lock-r   : 0
    #lock-w   : 0
    #val-r    : 0
    #val-w    : 0
    #val-c    : 0
    #inv-mem  : 0
  Max retries : 0
Thread 1
  #add        : 14057
    #added    : 7030
  #remove     : 13888
    #removed  : 7030
  #contains   : 27765
  #found      : 13978
  #aborts     : 0
    #lock-r   : 0
    #lock-w   : 0
    #val-r    : 0
    #val-w    : 0
    #val-c    : 0
    #inv-mem  : 0
  Max retries : 0
Thread 2
  #add        : 14292
    #added    : 7095
  #remove     : 14009
    #removed  : 7095
  #contains   : 28154
  #found      : 14138
  #aborts     : 0
    #lock-r   : 0
    #lock-w   : 0
    #val-r    : 0
    #val-w    : 0
    #val-c    : 0
    #inv-mem  : 0
  Max retries : 0
Thread 3
  #add        : 14643
    #added    : 7251
  #remove     : 14550
    #removed  : 7250
  #contains   : 28782
  #found      : 14437
  #aborts     : 0
    #lock-r   : 0
    #lock-w   : 0
    #val-r    : 0
    #val-w    : 0
    #val-c    : 0
    #inv-mem  : 0
  Max retries : 0
Thread 4
  #add        : 14229
    #added    : 7084
  #remove     : 14194
    #removed  : 7083
  #contains   : 28856
  #found      : 14379
  #aborts     : 0
    #lock-r   : 0
    #lock-w   : 0
    #val-r    : 0
    #val-w    : 0
    #val-c    : 0
    #inv-mem  : 0
  Max retries : 0
Thread 5
  #add        : 14090
    #added    : 7109
  #remove     : 14077
    #removed  : 7109
  #contains   : 28485
  #found      : 14326
  #aborts     : 0
    #lock-r   : 0
    #lock-w   : 0
    #val-r    : 0
    #val-w    : 0
    #val-c    : 0
    #inv-mem  : 0
  Max retries : 0
Thread 6
  #add        : 14287
    #added    : 6980
  #remove     : 13900
    #removed  : 6980
  #contains   : 28318
  #found      : 14287
  #aborts     : 0
    #lock-r   : 0
    #lock-w   : 0
    #val-r    : 0
    #val-w    : 0
    #val-c    : 0
    #inv-mem  : 0
  Max retries : 0
Thread 7
  #add        : 14267
    #added    : 7213
  #remove     : 14464
    #removed  : 7212
  #contains   : 28238
  #found      : 14299
  #aborts     : 0
    #lock-r   : 0
    #lock-w   : 0
    #val-r    : 0
    #val-w    : 0
    #val-c    : 0
    #inv-mem  : 0
  Max retries : 0
Set size      : 1004 (expected: 1004)
Duration      : 5000 (ms)
#txs          : 454275 (90855.000000 / s)
#read txs     : 226990 (45398.000000 / s)
#eff. upd rate: 25.028892 
#update txs   : 227285 (45457.000000 / s)
#aborts       : 0 (0.000000 / s)
  #lock-r     : 0 (0.000000 / s)
  #lock-w     : 0 (0.000000 / s)
  #val-r      : 0 (0.000000 / s)
  #val-w      : 0 (0.000000 / s)
  #val-c      : 0 (0.000000 / s)
  #inv-mem    : 0 (0.000000 / s)
Max retries   : 0
