Set type     : linked list
Length       : 5000
Initial size : 8000
Nb threads   : 4
Value range  : 16000
Seed         : 0
Update rate  : 55
Lock alg     : 1
Alternate    : 0
Effective    : 0
Type sizes   : int=4/long=8/ptr=8/word=8
Initializing STM
Adding 8000 entries to set
Set size     : 8000
Creating thread 0
Creating thread 1
Creating thread 2
Creating thread 3
STARTING...
STOPPING...
Thread 0
  #add        : 8045
    #added    : 3998
  #remove     : 7749
    #removed  : 3998
  #contains   : 12791
  #found      : 6447
  #aborts     : 0
    #lock-r   : 0
    #lock-w   : 0
    #val-r    : 0
    #val-w    : 0
    #val-c    : 0
    #inv-mem  : 0
  Max retries : 0
Thread 1
  #add        : 7677
    #added    : 3891
  #remove     : 7716
    #removed  : 3890
  #contains   : 12581
  #found      : 6222
  #aborts     : 0
    #lock-r   : 0
    #lock-w   : 0
    #val-r    : 0
    #val-w    : 0
    #val-c    : 0
    #inv-mem  : 0
  Max retries : 0
Thread 2
  #add        : 6089
    #added    : 3075
  #remove     : 6287
    #removed  : 3074
  #contains   : 10364
  #found      : 5208
  #aborts     : 0
    #lock-r   : 0
    #lock-w   : 0
    #val-r    : 0
    #val-w    : 0
    #val-c    : 0
    #inv-mem  : 0
  Max retries : 0
Thread 3
  #add        : 6257
    #added    : 3136
  #remove     : 6280
    #removed  : 3136
  #contains   : 10430
  #found      : 5226
  #aborts     : 0
    #lock-r   : 0
    #lock-w   : 0
    #val-r    : 0
    #val-w    : 0
    #val-c    : 0
    #inv-mem  : 0
  Max retries : 0
Set size      : 8002 (expected: 8002)
Duration      : 5000 (ms)
#txs          : 102266 (20453.200000 / s)
#read txs     : 46166 (9233.200000 / s)
#eff. upd rate: 27.573191 
#update txs   : 56100 (11220.000000 / s)
#aborts       : 0 (0.000000 / s)
  #lock-r     : 0 (0.000000 / s)
  #lock-w     : 0 (0.000000 / s)
  #val-r      : 0 (0.000000 / s)
  #val-w      : 0 (0.000000 / s)
  #val-c      : 0 (0.000000 / s)
  #inv-mem    : 0 (0.000000 / s)
Max retries   : 0
