Set type     : linked list
Length       : 5000
Initial size : 100
Nb threads   : 8
Value range  : 200
Seed         : 0
Update rate  : 40
Lock alg     : 1
Alternate    : 0
Effective    : 0
Type sizes   : int=4/long=8/ptr=8/word=8
Initializing STM
Adding 100 entries to set
Set size     : 100
Creating thread 0
Creating thread 1
Creating thread 2
Creating thread 3
Creating thread 4
Creating thread 5
Creating thread 6
Creating thread 7
STARTING...
STOPPING...
Thread 0
  #add        : 105102
    #added    : 50839
  #remove     : 97725
    #removed  : 50838
  #contains   : 305630
  #found      : 158634
  #aborts     : 0
    #lock-r   : 0
    #lock-w   : 0
    #val-r    : 0
    #val-w    : 0
    #val-c    : 0
    #inv-mem  : 0
  Max retries : 0
Thread 1
  #add        : 107225
    #added    : 51878
  #remove     : 99480
    #removed  : 51877
  #contains   : 308876
  #found      : 160615
  #aborts     : 0
    #lock-r   : 0
    #lock-w   : 0
    #val-r    : 0
    #val-w    : 0
    #val-c    : 0
    #inv-mem  : 0
  Max retries : 0
Thread 2
  #add        : 106851
    #added    : 51966
  #remove     : 99458
    #removed  : 51966
  #contains   : 309764
  #found      : 161159
  #aborts     : 0
    #lock-r   : 0
    #lock-w   : 0
    #val-r    : 0
    #val-w    : 0
    #val-c    : 0
    #inv-mem  : 0
  Max retries : 0
Thread 3
  #add        : 114251
    #added    : 55201
  #remove     : 105697
    #removed  : 55200
  #contains   : 328943
  #found      : 170336
  #aborts     : 0
    #lock-r   : 0
    #lock-w   : 0
    #val-r    : 0
    #val-w    : 0
    #val-c    : 0
    #inv-mem  : 0
  Max retries : 0
Thread 4
  #add        : 105094
    #added    : 50483
  #remove     : 97155
    #removed  : 50482
  #contains   : 303760
  #found      : 157802
  #aborts     : 0
    #lock-r   : 0
    #lock-w   : 0
    #val-r    : 0
    #val-w    : 0
    #val-c    : 0
    #inv-mem  : 0
  Max retries : 0
Thread 5
  #add        : 104248
    #added    : 50363
  #remove     : 95727
    #removed  : 50362
  #contains   : 299979
  #found      : 155777
  #aborts     : 0
    #lock-r   : 0
    #lock-w   : 0
    #val-r    : 0
    #val-w    : 0
    #val-c    : 0
    #inv-mem  : 0
  Max retries : 0
Thread 6
  #add        : 99488
    #added    : 48005
  #remove     : 92521
    #removed  : 48005
  #contains   : 289121
  #found      : 150239
  #aborts     : 0
    #lock-r   : 0
    #lock-w   : 0
    #val-r    : 0
    #val-w    : 0
    #val-c    : 0
    #inv-mem  : 0
  Max retries : 0
Thread 7
  #add        : 103962
    #added    : 50083
  #remove     : 96335
    #removed  : 50083
  #contains   : 299998
  #found      : 155526
  #aborts     : 0
    #lock-r   : 0
    #lock-w   : 0
    #val-r    : 0
    #val-w    : 0
    #val-c    : 0
    #inv-mem  : 0
  Max retries : 0
Set size      : 105 (expected: 105)
Duration      : 5000 (ms)
#txs          : 4076390 (815278.000000 / s)
#read txs     : 2446071 (489214.200000 / s)
#eff. upd rate: 20.057723 
#update txs   : 1630319 (326063.800000 / s)
#aborts       : 0 (0.000000 / s)
  #lock-r     : 0 (0.000000 / s)
  #lock-w     : 0 (0.000000 / s)
  #val-r      : 0 (0.000000 / s)
  #val-w      : 0 (0.000000 / s)
  #val-c      : 0 (0.000000 / s)
  #inv-mem    : 0 (0.000000 / s)
Max retries   : 0
