Set type     : linked list
Length       : 5000
Initial size : 100
Nb threads   : 16
Value range  : 200
Seed         : 0
Update rate  : 70
Lock alg     : 1
Alternate    : 0
Effective    : 0
Type sizes   : int=4/long=8/ptr=8/word=8
Initializing STM
Adding 100 entries to set
Set size     : 100
Creating thread 0
Creating thread 1
Creating thread 2
Creating thread 3
Creating thread 4
Creating thread 5
Creating thread 6
Creating thread 7
Creating thread 8
Creating thread 9
Creating thread 10
Creating thread 11
Creating thread 12
Creating thread 13
Creating thread 14
Creating thread 15
STARTING...
STOPPING...
Thread 0
  #add        : 71974
    #added    : 33704
  #remove     : 62489
    #removed  : 33704
  #contains   : 57282
  #found      : 30784
  #aborts     : 0
    #lock-r   : 0
    #lock-w   : 0
    #val-r    : 0
    #val-w    : 0
    #val-c    : 0
    #inv-mem  : 0
  Max retries : 0
Thread 1
  #add        : 71175
    #added    : 33108
  #remove     : 61742
    #removed  : 33108
  #contains   : 57082
  #found      : 30504
  #aborts     : 0
    #lock-r   : 0
    #lock-w   : 0
    #val-r    : 0
    #val-w    : 0
    #val-c    : 0
    #inv-mem  : 0
  Max retries : 0
Thread 2
  #add        : 71690
    #added    : 33342
  #remove     : 61059
    #removed  : 33342
  #contains   : 57172
  #found      : 30736
  #aborts     : 0
    #lock-r   : 0
    #lock-w   : 0
    #val-r    : 0
    #val-w    : 0
    #val-c    : 0
    #inv-mem  : 0
  Max retries : 0
Thread 3
  #add        : 72840
    #added    : 33833
  #remove     : 62813
    #removed  : 33832
  #contains   : 57888
  #found      : 31043
  #aborts     : 0
    #lock-r   : 0
    #lock-w   : 0
    #val-r    : 0
    #val-w    : 0
    #val-c    : 0
    #inv-mem  : 0
  Max retries : 0
Thread 4
  #add        : 70516
    #added    : 33064
  #remove     : 61691
    #removed  : 33064
  #contains   : 56962
  #found      : 30522
  #aborts     : 0
    #lock-r   : 0
    #lock-w   : 0
    #val-r    : 0
    #val-w    : 0
    #val-c    : 0
    #inv-mem  : 0
  Max retries : 0
Thread 5
  #add        : 70750
    #added    : 33093
  #remove     : 61313
    #removed  : 33093
  #contains   : 56923
  #found      : 30723
  #aborts     : 0
    #lock-r   : 0
    #lock-w   : 0
    #val-r    : 0
    #val-w    : 0
    #val-c    : 0
    #inv-mem  : 0
  Max retries : 0
Thread 6
  #add        : 71795
    #added    : 33407
  #remove     : 62055
    #removed  : 33407
  #contains   : 57865
  #found      : 31134
  #aborts     : 0
    #lock-r   : 0
    #lock-w   : 0
    #val-r    : 0
    #val-w    : 0
    #val-c    : 0
    #inv-mem  : 0
  Max retries : 0
Thread 7
  #add        : 71144
    #added    : 33141
  #remove     : 61659
    #removed  : 33140
  #contains   : 57455
  #found      : 30891
  #aborts     : 0
    #lock-r   : 0
    #lock-w   : 0
    #val-r    : 0
    #val-w    : 0
    #val-c    : 0
    #inv-mem  : 0
  Max retries : 0
Thread 8
  #add        : 71293
    #added    : 33221
  #remove     : 61737
    #removed  : 33220
  #contains   : 56916
  #found      : 30523
  #aborts     : 0
    #lock-r   : 0
    #lock-w   : 0
    #val-r    : 0
    #val-w    : 0
    #val-c    : 0
    #inv-mem  : 0
  Max retries : 0
Thread 9
  #add        : 73059
    #added    : 33979
  #remove     : 63234
    #removed  : 33978
  #contains   : 58048
  #found      : 31236
  #aborts     : 0
    #lock-r   : 0
    #lock-w   : 0
    #val-r    : 0
    #val-w    : 0
    #val-c    : 0
    #inv-mem  : 0
  Max retries : 0
Thread 10
  #add        : 70816
    #added    : 33017
  #remove     : 61365
    #removed  : 33017
  #contains   : 56401
  #found      : 30307
  #aborts     : 0
    #lock-r   : 0
    #lock-w   : 0
    #val-r    : 0
    #val-w    : 0
    #val-c    : 0
    #inv-mem  : 0
  Max retries : 0
Thread 11
  #add        : 72408
    #added    : 33699
  #remove     : 62519
    #removed  : 33698
  #contains   : 57492
  #found      : 30863
  #aborts     : 0
    #lock-r   : 0
    #lock-w   : 0
    #val-r    : 0
    #val-w    : 0
    #val-c    : 0
    #inv-mem  : 0
  Max retries : 0
Thread 12
  #add        : 71125
    #added    : 32996
  #remove     : 61072
    #removed  : 32996
  #contains   : 57005
  #found      : 30607
  #aborts     : 0
    #lock-r   : 0
    #lock-w   : 0
    #val-r    : 0
    #val-w    : 0
    #val-c    : 0
    #inv-mem  : 0
  Max retries : 0
Thread 13
  #add        : 72818
    #added    : 33781
  #remove     : 62606
    #removed  : 33781
  #contains   : 58283
  #found      : 31298
  #aborts     : 0
    #lock-r   : 0
    #lock-w   : 0
    #val-r    : 0
    #val-w    : 0
    #val-c    : 0
    #inv-mem  : 0
  Max retries : 0
Thread 14
  #add        : 70922
    #added    : 33162
  #remove     : 61417
    #removed  : 33162
  #contains   : 56650
  #found      : 30489
  #aborts     : 0
    #lock-r   : 0
    #lock-w   : 0
    #val-r    : 0
    #val-w    : 0
    #val-c    : 0
    #inv-mem  : 0
  Max retries : 0
Thread 15
  #add        : 72270
    #added    : 33496
  #remove     : 62237
    #removed  : 33495
  #contains   : 57666
  #found      : 31164
  #aborts     : 0
    #lock-r   : 0
    #lock-w   : 0
    #val-r    : 0
    #val-w    : 0
    #val-c    : 0
    #inv-mem  : 0
  Max retries : 0
Set size      : 106 (expected: 106)
Duration      : 5000 (ms)
#txs          : 3054693 (610938.600000 / s)
#read txs     : 917090 (183418.000000 / s)
#eff. upd rate: 34.965216 
#update txs   : 2137603 (427520.600000 / s)
#aborts       : 0 (0.000000 / s)
  #lock-r     : 0 (0.000000 / s)
  #lock-w     : 0 (0.000000 / s)
  #val-r      : 0 (0.000000 / s)
  #val-w      : 0 (0.000000 / s)
  #val-c      : 0 (0.000000 / s)
  #inv-mem    : 0 (0.000000 / s)
Max retries   : 0
