Set type     : linked list
Length       : 5000
Initial size : 100
Nb threads   : 4
Value range  : 200
Seed         : 0
Update rate  : 95
Lock alg     : 1
Alternate    : 0
Effective    : 0
Type sizes   : int=4/long=8/ptr=8/word=8
Initializing STM
Adding 100 entries to set
Set size     : 100
Creating thread 0
Creating thread 1
Creating thread 2
Creating thread 3
STARTING...
STOPPING...
Thread 0
  #add        : 2397683
    #added    : 1183462
  #remove     : 2311218
    #removed  : 1183462
  #contains   : 247825
  #found      : 126531
  #aborts     : 0
    #lock-r   : 0
    #lock-w   : 0
    #val-r    : 0
    #val-w    : 0
    #val-c    : 0
    #inv-mem  : 0
  Max retries : 0
Thread 1
  #add        : 2512451
    #added    : 1238676
  #remove     : 2418856
    #removed  : 1238676
  #contains   : 259362
  #found      : 132062
  #aborts     : 0
    #lock-r   : 0
    #lock-w   : 0
    #val-r    : 0
    #val-w    : 0
    #val-c    : 0
    #inv-mem  : 0
  Max retries : 0
Thread 2
  #add        : 2316196
    #added    : 1142473
  #remove     : 2231641
    #removed  : 1142472
  #contains   : 238896
  #found      : 121694
  #aborts     : 0
    #lock-r   : 0
    #lock-w   : 0
    #val-r    : 0
    #val-w    : 0
    #val-c    : 0
    #inv-mem  : 0
  Max retries : 0
Thread 3
  #add        : 2222494
    #added    : 1093582
  #remove     : 2134953
    #removed  : 1093581
  #contains   : 229499
  #found      : 116629
  #aborts     : 0
    #lock-r   : 0
    #lock-w   : 0
    #val-r    : 0
    #val-w    : 0
    #val-c    : 0
    #inv-mem  : 0
  Max retries : 0
Set size      : 102 (expected: 102)
Duration      : 5000 (ms)
#txs          : 19521074 (3904214.800000 / s)
#read txs     : 975582 (195116.400000 / s)
#eff. upd rate: 47.724751 
#update txs   : 18545492 (3709098.400000 / s)
#aborts       : 0 (0.000000 / s)
  #lock-r     : 0 (0.000000 / s)
  #lock-w     : 0 (0.000000 / s)
  #val-r      : 0 (0.000000 / s)
  #val-w      : 0 (0.000000 / s)
  #val-c      : 0 (0.000000 / s)
  #inv-mem    : 0 (0.000000 / s)
Max retries   : 0
