Set type     : linked list
Length       : 5000
Initial size : 100
Nb threads   : 16
Value range  : 200
Seed         : 0
Update rate  : 60
Lock alg     : 1
Alternate    : 0
Effective    : 0
Type sizes   : int=4/long=8/ptr=8/word=8
Initializing STM
Adding 100 entries to set
Set size     : 100
Creating thread 0
Creating thread 1
Creating thread 2
Creating thread 3
Creating thread 4
Creating thread 5
Creating thread 6
Creating thread 7
Creating thread 8
Creating thread 9
Creating thread 10
Creating thread 11
Creating thread 12
Creating thread 13
Creating thread 14
Creating thread 15
STARTING...
STOPPING...
Thread 0
  #add        : 59491
    #added    : 27537
  #remove     : 50947
    #removed  : 27536
  #contains   : 73746
  #found      : 39537
  #aborts     : 0
    #lock-r   : 0
    #lock-w   : 0
    #val-r    : 0
    #val-w    : 0
    #val-c    : 0
    #inv-mem  : 0
  Max retries : 0
Thread 1
  #add        : 57180
    #added    : 26713
  #remove     : 49718
    #removed  : 26713
  #contains   : 70915
  #found      : 38204
  #aborts     : 0
    #lock-r   : 0
    #lock-w   : 0
    #val-r    : 0
    #val-w    : 0
    #val-c    : 0
    #inv-mem  : 0
  Max retries : 0
Thread 2
  #add        : 58006
    #added    : 26891
  #remove     : 50092
    #removed  : 26890
  #contains   : 71870
  #found      : 38692
  #aborts     : 0
    #lock-r   : 0
    #lock-w   : 0
    #val-r    : 0
    #val-w    : 0
    #val-c    : 0
    #inv-mem  : 0
  Max retries : 0
Thread 3
  #add        : 57275
    #added    : 26767
  #remove     : 49854
    #removed  : 26767
  #contains   : 71599
  #found      : 38377
  #aborts     : 0
    #lock-r   : 0
    #lock-w   : 0
    #val-r    : 0
    #val-w    : 0
    #val-c    : 0
    #inv-mem  : 0
  Max retries : 0
Thread 4
  #add        : 57106
    #added    : 26643
  #remove     : 49131
    #removed  : 26643
  #contains   : 70921
  #found      : 38013
  #aborts     : 0
    #lock-r   : 0
    #lock-w   : 0
    #val-r    : 0
    #val-w    : 0
    #val-c    : 0
    #inv-mem  : 0
  Max retries : 0
Thread 5
  #add        : 58055
    #added    : 26839
  #remove     : 49750
    #removed  : 26839
  #contains   : 71931
  #found      : 38751
  #aborts     : 0
    #lock-r   : 0
    #lock-w   : 0
    #val-r    : 0
    #val-w    : 0
    #val-c    : 0
    #inv-mem  : 0
  Max retries : 0
Thread 6
  #add        : 58060
    #added    : 27013
  #remove     : 50497
    #removed  : 27012
  #contains   : 71485
  #found      : 38710
  #aborts     : 0
    #lock-r   : 0
    #lock-w   : 0
    #val-r    : 0
    #val-w    : 0
    #val-c    : 0
    #inv-mem  : 0
  Max retries : 0
Thread 7
  #add        : 57470
    #added    : 26588
  #remove     : 49538
    #removed  : 26588
  #contains   : 71238
  #found      : 38127
  #aborts     : 0
    #lock-r   : 0
    #lock-w   : 0
    #val-r    : 0
    #val-w    : 0
    #val-c    : 0
    #inv-mem  : 0
  Max retries : 0
Thread 8
  #add        : 56812
    #added    : 26330
  #remove     : 48709
    #removed  : 26329
  #contains   : 70597
  #found      : 37973
  #aborts     : 0
    #lock-r   : 0
    #lock-w   : 0
    #val-r    : 0
    #val-w    : 0
    #val-c    : 0
    #inv-mem  : 0
  Max retries : 0
Thread 9
  #add        : 56385
    #added    : 26305
  #remove     : 48944
    #removed  : 26305
  #contains   : 70368
  #found      : 37757
  #aborts     : 0
    #lock-r   : 0
    #lock-w   : 0
    #val-r    : 0
    #val-w    : 0
    #val-c    : 0
    #inv-mem  : 0
  Max retries : 0
Thread 10
  #add        : 56589
    #added    : 26228
  #remove     : 48805
    #removed  : 26227
  #contains   : 71037
  #found      : 38135
  #aborts     : 0
    #lock-r   : 0
    #lock-w   : 0
    #val-r    : 0
    #val-w    : 0
    #val-c    : 0
    #inv-mem  : 0
  Max retries : 0
Thread 11
  #add        : 56710
    #added    : 26303
  #remove     : 48699
    #removed  : 26302
  #contains   : 70508
  #found      : 37679
  #aborts     : 0
    #lock-r   : 0
    #lock-w   : 0
    #val-r    : 0
    #val-w    : 0
    #val-c    : 0
    #inv-mem  : 0
  Max retries : 0
Thread 12
  #add        : 58376
    #added    : 27011
  #remove     : 50466
    #removed  : 27010
  #contains   : 72787
  #found      : 39323
  #aborts     : 0
    #lock-r   : 0
    #lock-w   : 0
    #val-r    : 0
    #val-w    : 0
    #val-c    : 0
    #inv-mem  : 0
  Max retries : 0
Thread 13
  #add        : 56812
    #added    : 26353
  #remove     : 48942
    #removed  : 26353
  #contains   : 70722
  #found      : 37962
  #aborts     : 0
    #lock-r   : 0
    #lock-w   : 0
    #val-r    : 0
    #val-w    : 0
    #val-c    : 0
    #inv-mem  : 0
  Max retries : 0
Thread 14
  #add        : 57067
    #added    : 26469
  #remove     : 48993
    #removed  : 26468
  #contains   : 70813
  #found      : 37967
  #aborts     : 0
    #lock-r   : 0
    #lock-w   : 0
    #val-r    : 0
    #val-w    : 0
    #val-c    : 0
    #inv-mem  : 0
  Max retries : 0
Thread 15
  #add        : 55995
    #added    : 26109
  #remove     : 48363
    #removed  : 26109
  #contains   : 68730
  #found      : 36920
  #aborts     : 0
    #lock-r   : 0
    #lock-w   : 0
    #val-r    : 0
    #val-w    : 0
    #val-c    : 0
    #inv-mem  : 0
  Max retries : 0
Set size      : 108 (expected: 108)
Duration      : 5001 (ms)
#txs          : 2848104 (569506.898620 / s)
#read txs     : 1139267 (227807.838432 / s)
#eff. upd rate: 29.921309 
#update txs   : 1708837 (341699.060188 / s)
#aborts       : 0 (0.000000 / s)
  #lock-r     : 0 (0.000000 / s)
  #lock-w     : 0 (0.000000 / s)
  #val-r      : 0 (0.000000 / s)
  #val-w      : 0 (0.000000 / s)
  #val-c      : 0 (0.000000 / s)
  #inv-mem    : 0 (0.000000 / s)
Max retries   : 0
