Set type     : linked list
Length       : 5000
Initial size : 8000
Nb threads   : 1
Value range  : 16000
Seed         : 0
Update rate  : 50
Lock alg     : 1
Alternate    : 0
Effective    : 0
Type sizes   : int=4/long=8/ptr=8/word=8
Initializing STM
Adding 8000 entries to set
Set size     : 8000
Creating thread 0
STARTING...
STOPPING...
Thread 0
  #add        : 49006
    #added    : 24369
  #remove     : 49111
    #removed  : 24369
  #contains   : 99058
  #found      : 49412
  #aborts     : 0
    #lock-r   : 0
    #lock-w   : 0
    #val-r    : 0
    #val-w    : 0
    #val-c    : 0
    #inv-mem  : 0
  Max retries : 0
Set size      : 8000 (expected: 8000)
Duration      : 5000 (ms)
#txs          : 197175 (39435.000000 / s)
#read txs     : 99058 (19811.600000 / s)
#eff. upd rate: 24.718144 
#update txs   : 98117 (19623.400000 / s)
#aborts       : 0 (0.000000 / s)
  #lock-r     : 0 (0.000000 / s)
  #lock-w     : 0 (0.000000 / s)
  #val-r      : 0 (0.000000 / s)
  #val-w      : 0 (0.000000 / s)
  #val-c      : 0 (0.000000 / s)
  #inv-mem    : 0 (0.000000 / s)
Max retries   : 0
