Set type     : linked list
Length       : 5000
Initial size : 100
Nb threads   : 8
Value range  : 200
Seed         : 0
Update rate  : 60
Lock alg     : 1
Alternate    : 0
Effective    : 0
Type sizes   : int=4/long=8/ptr=8/word=8
Initializing STM
Adding 100 entries to set
Set size     : 100
Creating thread 0
Creating thread 1
Creating thread 2
Creating thread 3
Creating thread 4
Creating thread 5
Creating thread 6
Creating thread 7
STARTING...
STOPPING...
Thread 0
  #add        : 121282
    #added    : 58387
  #remove     : 112038
    #removed  : 58386
  #contains   : 156053
  #found      : 81378
  #aborts     : 0
    #lock-r   : 0
    #lock-w   : 0
    #val-r    : 0
    #val-w    : 0
    #val-c    : 0
    #inv-mem  : 0
  Max retries : 0
Thread 1
  #add        : 116623
    #added    : 56246
  #remove     : 107447
    #removed  : 56245
  #contains   : 149100
  #found      : 77275
  #aborts     : 0
    #lock-r   : 0
    #lock-w   : 0
    #val-r    : 0
    #val-w    : 0
    #val-c    : 0
    #inv-mem  : 0
  Max retries : 0
Thread 2
  #add        : 113456
    #added    : 54851
  #remove     : 105630
    #removed  : 54850
  #contains   : 145514
  #found      : 75745
  #aborts     : 0
    #lock-r   : 0
    #lock-w   : 0
    #val-r    : 0
    #val-w    : 0
    #val-c    : 0
    #inv-mem  : 0
  Max retries : 0
Thread 3
  #add        : 117759
    #added    : 56870
  #remove     : 109184
    #removed  : 56869
  #contains   : 152611
  #found      : 79162
  #aborts     : 0
    #lock-r   : 0
    #lock-w   : 0
    #val-r    : 0
    #val-w    : 0
    #val-c    : 0
    #inv-mem  : 0
  Max retries : 0
Thread 4
  #add        : 117713
    #added    : 57031
  #remove     : 108853
    #removed  : 57030
  #contains   : 151279
  #found      : 78400
  #aborts     : 0
    #lock-r   : 0
    #lock-w   : 0
    #val-r    : 0
    #val-w    : 0
    #val-c    : 0
    #inv-mem  : 0
  Max retries : 0
Thread 5
  #add        : 116541
    #added    : 56327
  #remove     : 108127
    #removed  : 56326
  #contains   : 149410
  #found      : 77324
  #aborts     : 0
    #lock-r   : 0
    #lock-w   : 0
    #val-r    : 0
    #val-w    : 0
    #val-c    : 0
    #inv-mem  : 0
  Max retries : 0
Thread 6
  #add        : 119338
    #added    : 57521
  #remove     : 110248
    #removed  : 57520
  #contains   : 152850
  #found      : 79396
  #aborts     : 0
    #lock-r   : 0
    #lock-w   : 0
    #val-r    : 0
    #val-w    : 0
    #val-c    : 0
    #inv-mem  : 0
  Max retries : 0
Thread 7
  #add        : 118926
    #added    : 57378
  #remove     : 110201
    #removed  : 57378
  #contains   : 153224
  #found      : 79487
  #aborts     : 0
    #lock-r   : 0
    #lock-w   : 0
    #val-r    : 0
    #val-w    : 0
    #val-c    : 0
    #inv-mem  : 0
  Max retries : 0
Set size      : 107 (expected: 107)
Duration      : 5000 (ms)
#txs          : 3023407 (604681.400000 / s)
#read txs     : 1210041 (242008.200000 / s)
#eff. upd rate: 30.072531 
#update txs   : 1813366 (362673.200000 / s)
#aborts       : 0 (0.000000 / s)
  #lock-r     : 0 (0.000000 / s)
  #lock-w     : 0 (0.000000 / s)
  #val-r      : 0 (0.000000 / s)
  #val-w      : 0 (0.000000 / s)
  #val-c      : 0 (0.000000 / s)
  #inv-mem    : 0 (0.000000 / s)
Max retries   : 0
