Set type     : linked list
Length       : 5000
Initial size : 8000
Nb threads   : 2
Value range  : 16000
Seed         : 0
Update rate  : 10
Lock alg     : 1
Alternate    : 0
Effective    : 0
Type sizes   : int=4/long=8/ptr=8/word=8
Initializing STM
Adding 8000 entries to set
Set size     : 8000
Creating thread 0
Creating thread 1
STARTING...
STOPPING...
Thread 0
  #add        : 1262
    #added    : 628
  #remove     : 1276
    #removed  : 628
  #contains   : 23253
  #found      : 11728
  #aborts     : 0
    #lock-r   : 0
    #lock-w   : 0
    #val-r    : 0
    #val-w    : 0
    #val-c    : 0
    #inv-mem  : 0
  Max retries : 0
Thread 1
  #add        : 1381
    #added    : 684
  #remove     : 1403
    #removed  : 683
  #contains   : 24630
  #found      : 12248
  #aborts     : 0
    #lock-r   : 0
    #lock-w   : 0
    #val-r    : 0
    #val-w    : 0
    #val-c    : 0
    #inv-mem  : 0
  Max retries : 0
Set size      : 8001 (expected: 8001)
Duration      : 5000 (ms)
#txs          : 53205 (10641.000000 / s)
#read txs     : 47883 (9576.600000 / s)
#eff. upd rate: 4.929988 
#update txs   : 5322 (1064.400000 / s)
#aborts       : 0 (0.000000 / s)
  #lock-r     : 0 (0.000000 / s)
  #lock-w     : 0 (0.000000 / s)
  #val-r      : 0 (0.000000 / s)
  #val-w      : 0 (0.000000 / s)
  #val-c      : 0 (0.000000 / s)
  #inv-mem    : 0 (0.000000 / s)
Max retries   : 0
