Set type     : linked list
Length       : 5000
Initial size : 100
Nb threads   : 1
Value range  : 200
Seed         : 0
Update rate  : 40
Lock alg     : 1
Alternate    : 0
Effective    : 0
Type sizes   : int=4/long=8/ptr=8/word=8
Initializing STM
Adding 100 entries to set
Set size     : 100
Creating thread 0
STARTING...
STOPPING...
Thread 0
  #add        : 10980511
    #added    : 5491014
  #remove     : 10872863
    #removed  : 5491014
  #contains   : 32775322
  #found      : 16464075
  #aborts     : 0
    #lock-r   : 0
    #lock-w   : 0
    #val-r    : 0
    #val-w    : 0
    #val-c    : 0
    #inv-mem  : 0
  Max retries : 0
Set size      : 100 (expected: 100)
Duration      : 5000 (ms)
#txs          : 54628696 (10925739.200000 / s)
#read txs     : 32775322 (6555064.400000 / s)
#eff. upd rate: 20.103039 
#update txs   : 21853374 (4370674.800000 / s)
#aborts       : 0 (0.000000 / s)
  #lock-r     : 0 (0.000000 / s)
  #lock-w     : 0 (0.000000 / s)
  #val-r      : 0 (0.000000 / s)
  #val-w      : 0 (0.000000 / s)
  #val-c      : 0 (0.000000 / s)
  #inv-mem    : 0 (0.000000 / s)
Max retries   : 0
