Set type     : linked list
Length       : 5000
Initial size : 1000
Nb threads   : 8
Value range  : 2000
Seed         : 0
Update rate  : 85
Lock alg     : 1
Alternate    : 0
Effective    : 0
Type sizes   : int=4/long=8/ptr=8/word=8
Initializing STM
Adding 1000 entries to set
Set size     : 1000
Creating thread 0
Creating thread 1
Creating thread 2
Creating thread 3
Creating thread 4
Creating thread 5
Creating thread 6
Creating thread 7
STARTING...
STOPPING...
Thread 0
  #add        : 24301
    #added    : 12151
  #remove     : 24498
    #removed  : 12151
  #contains   : 8707
  #found      : 4424
  #aborts     : 0
    #lock-r   : 0
    #lock-w   : 0
    #val-r    : 0
    #val-w    : 0
    #val-c    : 0
    #inv-mem  : 0
  Max retries : 0
Thread 1
  #add        : 25976
    #added    : 13043
  #remove     : 26085
    #removed  : 13043
  #contains   : 9191
  #found      : 4646
  #aborts     : 0
    #lock-r   : 0
    #lock-w   : 0
    #val-r    : 0
    #val-w    : 0
    #val-c    : 0
    #inv-mem  : 0
  Max retries : 0
Thread 2
  #add        : 22964
    #added    : 11573
  #remove     : 23079
    #removed  : 11573
  #contains   : 8072
  #found      : 4054
  #aborts     : 0
    #lock-r   : 0
    #lock-w   : 0
    #val-r    : 0
    #val-w    : 0
    #val-c    : 0
    #inv-mem  : 0
  Max retries : 0
Thread 3
  #add        : 24798
    #added    : 12391
  #remove     : 24414
    #removed  : 12390
  #contains   : 8844
  #found      : 4442
  #aborts     : 0
    #lock-r   : 0
    #lock-w   : 0
    #val-r    : 0
    #val-w    : 0
    #val-c    : 0
    #inv-mem  : 0
  Max retries : 0
Thread 4
  #add        : 25873
    #added    : 12894
  #remove     : 25734
    #removed  : 12893
  #contains   : 9053
  #found      : 4584
  #aborts     : 0
    #lock-r   : 0
    #lock-w   : 0
    #val-r    : 0
    #val-w    : 0
    #val-c    : 0
    #inv-mem  : 0
  Max retries : 0
Thread 5
  #add        : 23755
    #added    : 11851
  #remove     : 23694
    #removed  : 11850
  #contains   : 8242
  #found      : 4246
  #aborts     : 0
    #lock-r   : 0
    #lock-w   : 0
    #val-r    : 0
    #val-w    : 0
    #val-c    : 0
    #inv-mem  : 0
  Max retries : 0
Thread 6
  #add        : 22000
    #added    : 10929
  #remove     : 21886
    #removed  : 10929
  #contains   : 7713
  #found      : 3824
  #aborts     : 0
    #lock-r   : 0
    #lock-w   : 0
    #val-r    : 0
    #val-w    : 0
    #val-c    : 0
    #inv-mem  : 0
  Max retries : 0
Thread 7
  #add        : 23438
    #added    : 11679
  #remove     : 23279
    #removed  : 11678
  #contains   : 8332
  #found      : 4197
  #aborts     : 0
    #lock-r   : 0
    #lock-w   : 0
    #val-r    : 0
    #val-w    : 0
    #val-c    : 0
    #inv-mem  : 0
  Max retries : 0
Set size      : 1004 (expected: 1004)
Duration      : 5000 (ms)
#txs          : 453928 (90785.600000 / s)
#read txs     : 68154 (13630.800000 / s)
#eff. upd rate: 42.521722 
#update txs   : 385774 (77154.800000 / s)
#aborts       : 0 (0.000000 / s)
  #lock-r     : 0 (0.000000 / s)
  #lock-w     : 0 (0.000000 / s)
  #val-r      : 0 (0.000000 / s)
  #val-w      : 0 (0.000000 / s)
  #val-c      : 0 (0.000000 / s)
  #inv-mem    : 0 (0.000000 / s)
Max retries   : 0
