Set type     : linked list
Length       : 5000
Initial size : 8000
Nb threads   : 4
Value range  : 16000
Seed         : 0
Update rate  : 65
Lock alg     : 1
Alternate    : 0
Effective    : 0
Type sizes   : int=4/long=8/ptr=8/word=8
Initializing STM
Adding 8000 entries to set
Set size     : 8000
Creating thread 0
Creating thread 1
Creating thread 2
Creating thread 3
STARTING...
STOPPING...
Thread 0
  #add        : 6891
    #added    : 3456
  #remove     : 6954
    #removed  : 3456
  #contains   : 7513
  #found      : 3688
  #aborts     : 0
    #lock-r   : 0
    #lock-w   : 0
    #val-r    : 0
    #val-w    : 0
    #val-c    : 0
    #inv-mem  : 0
  Max retries : 0
Thread 1
  #add        : 7240
    #added    : 3587
  #remove     : 7294
    #removed  : 3587
  #contains   : 7809
  #found      : 3926
  #aborts     : 0
    #lock-r   : 0
    #lock-w   : 0
    #val-r    : 0
    #val-w    : 0
    #val-c    : 0
    #inv-mem  : 0
  Max retries : 0
Thread 2
  #add        : 7110
    #added    : 3569
  #remove     : 7165
    #removed  : 3569
  #contains   : 7496
  #found      : 3729
  #aborts     : 0
    #lock-r   : 0
    #lock-w   : 0
    #val-r    : 0
    #val-w    : 0
    #val-c    : 0
    #inv-mem  : 0
  Max retries : 0
Thread 3
  #add        : 7124
    #added    : 3601
  #remove     : 7151
    #removed  : 3601
  #contains   : 7705
  #found      : 3880
  #aborts     : 0
    #lock-r   : 0
    #lock-w   : 0
    #val-r    : 0
    #val-w    : 0
    #val-c    : 0
    #inv-mem  : 0
  Max retries : 0
Set size      : 8000 (expected: 8000)
Duration      : 5000 (ms)
#txs          : 87452 (17490.400000 / s)
#read txs     : 30523 (6104.600000 / s)
#eff. upd rate: 32.504688 
#update txs   : 56929 (11385.800000 / s)
#aborts       : 0 (0.000000 / s)
  #lock-r     : 0 (0.000000 / s)
  #lock-w     : 0 (0.000000 / s)
  #val-r      : 0 (0.000000 / s)
  #val-w      : 0 (0.000000 / s)
  #val-c      : 0 (0.000000 / s)
  #inv-mem    : 0 (0.000000 / s)
Max retries   : 0
