Set type     : linked list
Length       : 5000
Initial size : 1000
Nb threads   : 4
Value range  : 2000
Seed         : 0
Update rate  : 80
Lock alg     : 1
Alternate    : 0
Effective    : 0
Type sizes   : int=4/long=8/ptr=8/word=8
Initializing STM
Adding 1000 entries to set
Set size     : 1000
Creating thread 0
Creating thread 1
Creating thread 2
Creating thread 3
STARTING...
STOPPING...
Thread 0
  #add        : 91451
    #added    : 45268
  #remove     : 89545
    #removed  : 45267
  #contains   : 44890
  #found      : 22513
  #aborts     : 0
    #lock-r   : 0
    #lock-w   : 0
    #val-r    : 0
    #val-w    : 0
    #val-c    : 0
    #inv-mem  : 0
  Max retries : 0
Thread 1
  #add        : 92935
    #added    : 46304
  #remove     : 92062
    #removed  : 46303
  #contains   : 46164
  #found      : 23108
  #aborts     : 0
    #lock-r   : 0
    #lock-w   : 0
    #val-r    : 0
    #val-w    : 0
    #val-c    : 0
    #inv-mem  : 0
  Max retries : 0
Thread 2
  #add        : 88752
    #added    : 44502
  #remove     : 89216
    #removed  : 44502
  #contains   : 44605
  #found      : 22281
  #aborts     : 0
    #lock-r   : 0
    #lock-w   : 0
    #val-r    : 0
    #val-w    : 0
    #val-c    : 0
    #inv-mem  : 0
  Max retries : 0
Thread 3
  #add        : 92610
    #added    : 46060
  #remove     : 92266
    #removed  : 46059
  #contains   : 46169
  #found      : 23113
  #aborts     : 0
    #lock-r   : 0
    #lock-w   : 0
    #val-r    : 0
    #val-w    : 0
    #val-c    : 0
    #inv-mem  : 0
  Max retries : 0
Set size      : 1003 (expected: 1003)
Duration      : 5000 (ms)
#txs          : 910665 (182133.000000 / s)
#read txs     : 181828 (36365.600000 / s)
#eff. upd rate: 39.999890 
#update txs   : 728837 (145767.400000 / s)
#aborts       : 0 (0.000000 / s)
  #lock-r     : 0 (0.000000 / s)
  #lock-w     : 0 (0.000000 / s)
  #val-r      : 0 (0.000000 / s)
  #val-w      : 0 (0.000000 / s)
  #val-c      : 0 (0.000000 / s)
  #inv-mem    : 0 (0.000000 / s)
Max retries   : 0
