Set type     : linked list
Length       : 5000
Initial size : 1000
Nb threads   : 16
Value range  : 2000
Seed         : 0
Update rate  : 50
Lock alg     : 1
Alternate    : 0
Effective    : 0
Type sizes   : int=4/long=8/ptr=8/word=8
Initializing STM
Adding 1000 entries to set
Set size     : 1000
Creating thread 0
Creating thread 1
Creating thread 2
Creating thread 3
Creating thread 4
Creating thread 5
Creating thread 6
Creating thread 7
Creating thread 8
Creating thread 9
Creating thread 10
Creating thread 11
Creating thread 12
Creating thread 13
Creating thread 14
Creating thread 15
STARTING...
STOPPING...
Thread 0
  #add        : 26227
    #added    : 13038
  #remove     : 25767
    #removed  : 13038
  #contains   : 51810
  #found      : 26232
  #aborts     : 0
    #lock-r   : 0
    #lock-w   : 0
    #val-r    : 0
    #val-w    : 0
    #val-c    : 0
    #inv-mem  : 0
  Max retries : 0
Thread 1
  #add        : 23053
    #added    : 11303
  #remove     : 22354
    #removed  : 11303
  #contains   : 45570
  #found      : 22883
  #aborts     : 0
    #lock-r   : 0
    #lock-w   : 0
    #val-r    : 0
    #val-w    : 0
    #val-c    : 0
    #inv-mem  : 0
  Max retries : 0
Thread 2
  #add        : 24437
    #added    : 12090
  #remove     : 24051
    #removed  : 12089
  #contains   : 48800
  #found      : 24737
  #aborts     : 0
    #lock-r   : 0
    #lock-w   : 0
    #val-r    : 0
    #val-w    : 0
    #val-c    : 0
    #inv-mem  : 0
  Max retries : 0
Thread 3
  #add        : 25827
    #added    : 12879
  #remove     : 25585
    #removed  : 12878
  #contains   : 51493
  #found      : 25988
  #aborts     : 0
    #lock-r   : 0
    #lock-w   : 0
    #val-r    : 0
    #val-w    : 0
    #val-c    : 0
    #inv-mem  : 0
  Max retries : 0
Thread 4
  #add        : 19045
    #added    : 9484
  #remove     : 19016
    #removed  : 9483
  #contains   : 37762
  #found      : 19018
  #aborts     : 0
    #lock-r   : 0
    #lock-w   : 0
    #val-r    : 0
    #val-w    : 0
    #val-c    : 0
    #inv-mem  : 0
  Max retries : 0
Thread 5
  #add        : 20175
    #added    : 9974
  #remove     : 19577
    #removed  : 9974
  #contains   : 39960
  #found      : 20129
  #aborts     : 0
    #lock-r   : 0
    #lock-w   : 0
    #val-r    : 0
    #val-w    : 0
    #val-c    : 0
    #inv-mem  : 0
  Max retries : 0
Thread 6
  #add        : 28141
    #added    : 13917
  #remove     : 27673
    #removed  : 13916
  #contains   : 55963
  #found      : 28104
  #aborts     : 0
    #lock-r   : 0
    #lock-w   : 0
    #val-r    : 0
    #val-w    : 0
    #val-c    : 0
    #inv-mem  : 0
  Max retries : 0
Thread 7
  #add        : 23727
    #added    : 11656
  #remove     : 23009
    #removed  : 11656
  #contains   : 47150
  #found      : 23624
  #aborts     : 0
    #lock-r   : 0
    #lock-w   : 0
    #val-r    : 0
    #val-w    : 0
    #val-c    : 0
    #inv-mem  : 0
  Max retries : 0
Thread 8
  #add        : 27737
    #added    : 13790
  #remove     : 27433
    #removed  : 13790
  #contains   : 55430
  #found      : 28015
  #aborts     : 0
    #lock-r   : 0
    #lock-w   : 0
    #val-r    : 0
    #val-w    : 0
    #val-c    : 0
    #inv-mem  : 0
  Max retries : 0
Thread 9
  #add        : 25474
    #added    : 12596
  #remove     : 24936
    #removed  : 12596
  #contains   : 50996
  #found      : 25743
  #aborts     : 0
    #lock-r   : 0
    #lock-w   : 0
    #val-r    : 0
    #val-w    : 0
    #val-c    : 0
    #inv-mem  : 0
  Max retries : 0
Thread 10
  #add        : 28460
    #added    : 14165
  #remove     : 28149
    #removed  : 14165
  #contains   : 57167
  #found      : 28851
  #aborts     : 0
    #lock-r   : 0
    #lock-w   : 0
    #val-r    : 0
    #val-w    : 0
    #val-c    : 0
    #inv-mem  : 0
  Max retries : 0
Thread 11
  #add        : 20187
    #added    : 9884
  #remove     : 19452
    #removed  : 9883
  #contains   : 39908
  #found      : 20054
  #aborts     : 0
    #lock-r   : 0
    #lock-w   : 0
    #val-r    : 0
    #val-w    : 0
    #val-c    : 0
    #inv-mem  : 0
  Max retries : 0
Thread 12
  #add        : 24029
    #added    : 11901
  #remove     : 23748
    #removed  : 11901
  #contains   : 47560
  #found      : 24055
  #aborts     : 0
    #lock-r   : 0
    #lock-w   : 0
    #val-r    : 0
    #val-w    : 0
    #val-c    : 0
    #inv-mem  : 0
  Max retries : 0
Thread 13
  #add        : 26185
    #added    : 12895
  #remove     : 25498
    #removed  : 12894
  #contains   : 52187
  #found      : 26334
  #aborts     : 0
    #lock-r   : 0
    #lock-w   : 0
    #val-r    : 0
    #val-w    : 0
    #val-c    : 0
    #inv-mem  : 0
  Max retries : 0
Thread 14
  #add        : 21110
    #added    : 10492
  #remove     : 20891
    #removed  : 10491
  #contains   : 41876
  #found      : 21133
  #aborts     : 0
    #lock-r   : 0
    #lock-w   : 0
    #val-r    : 0
    #val-w    : 0
    #val-c    : 0
    #inv-mem  : 0
  Max retries : 0
Thread 15
  #add        : 27399
    #added    : 13522
  #remove     : 26614
    #removed  : 13522
  #contains   : 54450
  #found      : 27374
  #aborts     : 0
    #lock-r   : 0
    #lock-w   : 0
    #val-r    : 0
    #val-w    : 0
    #val-c    : 0
    #inv-mem  : 0
  Max retries : 0
Set size      : 1007 (expected: 1007)
Duration      : 5000 (ms)
#txs          : 1553048 (310609.600000 / s)
#read txs     : 778082 (155616.400000 / s)
#eff. upd rate: 24.929365 
#update txs   : 774966 (154993.200000 / s)
#aborts       : 0 (0.000000 / s)
  #lock-r     : 0 (0.000000 / s)
  #lock-w     : 0 (0.000000 / s)
  #val-r      : 0 (0.000000 / s)
  #val-w      : 0 (0.000000 / s)
  #val-c      : 0 (0.000000 / s)
  #inv-mem    : 0 (0.000000 / s)
Max retries   : 0
