Set type     : linked list
Length       : 5000
Initial size : 8000
Nb threads   : 8
Value range  : 16000
Seed         : 0
Update rate  : 15
Lock alg     : 1
Alternate    : 0
Effective    : 0
Type sizes   : int=4/long=8/ptr=8/word=8
Initializing STM
Adding 8000 entries to set
Set size     : 8000
Creating thread 0
Creating thread 1
Creating thread 2
Creating thread 3
Creating thread 4
Creating thread 5
Creating thread 6
Creating thread 7
STARTING...
STOPPING...
Thread 0
  #add        : 429
    #added    : 217
  #remove     : 471
    #removed  : 217
  #contains   : 4808
  #found      : 2353
  #aborts     : 0
    #lock-r   : 0
    #lock-w   : 0
    #val-r    : 0
    #val-w    : 0
    #val-c    : 0
    #inv-mem  : 0
  Max retries : 0
Thread 1
  #add        : 357
    #added    : 185
  #remove     : 339
    #removed  : 184
  #contains   : 3823
  #found      : 1879
  #aborts     : 0
    #lock-r   : 0
    #lock-w   : 0
    #val-r    : 0
    #val-w    : 0
    #val-c    : 0
    #inv-mem  : 0
  Max retries : 0
Thread 2
  #add        : 470
    #added    : 230
  #remove     : 465
    #removed  : 229
  #contains   : 5239
  #found      : 2656
  #aborts     : 0
    #lock-r   : 0
    #lock-w   : 0
    #val-r    : 0
    #val-w    : 0
    #val-c    : 0
    #inv-mem  : 0
  Max retries : 0
Thread 3
  #add        : 409
    #added    : 213
  #remove     : 442
    #removed  : 213
  #contains   : 4894
  #found      : 2476
  #aborts     : 0
    #lock-r   : 0
    #lock-w   : 0
    #val-r    : 0
    #val-w    : 0
    #val-c    : 0
    #inv-mem  : 0
  Max retries : 0
Thread 4
  #add        : 326
    #added    : 166
  #remove     : 325
    #removed  : 166
  #contains   : 3706
  #found      : 1837
  #aborts     : 0
    #lock-r   : 0
    #lock-w   : 0
    #val-r    : 0
    #val-w    : 0
    #val-c    : 0
    #inv-mem  : 0
  Max retries : 0
Thread 5
  #add        : 365
    #added    : 177
  #remove     : 358
    #removed  : 177
  #contains   : 4055
  #found      : 2010
  #aborts     : 0
    #lock-r   : 0
    #lock-w   : 0
    #val-r    : 0
    #val-w    : 0
    #val-c    : 0
    #inv-mem  : 0
  Max retries : 0
Thread 6
  #add        : 379
    #added    : 191
  #remove     : 353
    #removed  : 190
  #contains   : 4108
  #found      : 2041
  #aborts     : 0
    #lock-r   : 0
    #lock-w   : 0
    #val-r    : 0
    #val-w    : 0
    #val-c    : 0
    #inv-mem  : 0
  Max retries : 0
Thread 7
  #add        : 435
    #added    : 212
  #remove     : 437
    #removed  : 211
  #contains   : 5058
  #found      : 2551
  #aborts     : 0
    #lock-r   : 0
    #lock-w   : 0
    #val-r    : 0
    #val-w    : 0
    #val-c    : 0
    #inv-mem  : 0
  Max retries : 0
Set size      : 8004 (expected: 8004)
Duration      : 5000 (ms)
#txs          : 42051 (8410.200000 / s)
#read txs     : 35691 (7138.200000 / s)
#eff. upd rate: 7.557490 
#update txs   : 6360 (1272.000000 / s)
#aborts       : 0 (0.000000 / s)
  #lock-r     : 0 (0.000000 / s)
  #lock-w     : 0 (0.000000 / s)
  #val-r      : 0 (0.000000 / s)
  #val-w      : 0 (0.000000 / s)
  #val-c      : 0 (0.000000 / s)
  #inv-mem    : 0 (0.000000 / s)
Max retries   : 0
