Set type     : linked list
Length       : 5000
Initial size : 100
Nb threads   : 16
Value range  : 200
Seed         : 0
Update rate  : 60
Lock alg     : 1
Alternate    : 0
Effective    : 0
Type sizes   : int=4/long=8/ptr=8/word=8
Initializing STM
Adding 100 entries to set
Set size     : 100
Creating thread 0
Creating thread 1
Creating thread 2
Creating thread 3
Creating thread 4
Creating thread 5
Creating thread 6
Creating thread 7
Creating thread 8
Creating thread 9
Creating thread 10
Creating thread 11
Creating thread 12
Creating thread 13
Creating thread 14
Creating thread 15
STARTING...
STOPPING...
Thread 0
  #add        : 49347
    #added    : 22903
  #remove     : 42352
    #removed  : 22903
  #contains   : 61317
  #found      : 32796
  #aborts     : 0
    #lock-r   : 0
    #lock-w   : 0
    #val-r    : 0
    #val-w    : 0
    #val-c    : 0
    #inv-mem  : 0
  Max retries : 0
Thread 1
  #add        : 49933
    #added    : 23223
  #remove     : 42819
    #removed  : 23223
  #contains   : 62091
  #found      : 33410
  #aborts     : 0
    #lock-r   : 0
    #lock-w   : 0
    #val-r    : 0
    #val-w    : 0
    #val-c    : 0
    #inv-mem  : 0
  Max retries : 0
Thread 2
  #add        : 50052
    #added    : 23118
  #remove     : 42601
    #removed  : 23117
  #contains   : 61964
  #found      : 33165
  #aborts     : 0
    #lock-r   : 0
    #lock-w   : 0
    #val-r    : 0
    #val-w    : 0
    #val-c    : 0
    #inv-mem  : 0
  Max retries : 0
Thread 3
  #add        : 50088
    #added    : 23288
  #remove     : 43295
    #removed  : 23288
  #contains   : 62107
  #found      : 33395
  #aborts     : 0
    #lock-r   : 0
    #lock-w   : 0
    #val-r    : 0
    #val-w    : 0
    #val-c    : 0
    #inv-mem  : 0
  Max retries : 0
Thread 4
  #add        : 49142
    #added    : 22807
  #remove     : 42133
    #removed  : 22806
  #contains   : 60788
  #found      : 32587
  #aborts     : 0
    #lock-r   : 0
    #lock-w   : 0
    #val-r    : 0
    #val-w    : 0
    #val-c    : 0
    #inv-mem  : 0
  Max retries : 0
Thread 5
  #add        : 49375
    #added    : 23061
  #remove     : 42722
    #removed  : 23061
  #contains   : 62038
  #found      : 33361
  #aborts     : 0
    #lock-r   : 0
    #lock-w   : 0
    #val-r    : 0
    #val-w    : 0
    #val-c    : 0
    #inv-mem  : 0
  Max retries : 0
Thread 6
  #add        : 49526
    #added    : 23020
  #remove     : 42991
    #removed  : 23019
  #contains   : 61924
  #found      : 33259
  #aborts     : 0
    #lock-r   : 0
    #lock-w   : 0
    #val-r    : 0
    #val-w    : 0
    #val-c    : 0
    #inv-mem  : 0
  Max retries : 0
Thread 7
  #add        : 49352
    #added    : 23031
  #remove     : 42644
    #removed  : 23030
  #contains   : 61551
  #found      : 33116
  #aborts     : 0
    #lock-r   : 0
    #lock-w   : 0
    #val-r    : 0
    #val-w    : 0
    #val-c    : 0
    #inv-mem  : 0
  Max retries : 0
Thread 8
  #add        : 49595
    #added    : 23122
  #remove     : 43140
    #removed  : 23122
  #contains   : 62132
  #found      : 33202
  #aborts     : 0
    #lock-r   : 0
    #lock-w   : 0
    #val-r    : 0
    #val-w    : 0
    #val-c    : 0
    #inv-mem  : 0
  Max retries : 0
Thread 9
  #add        : 49164
    #added    : 23072
  #remove     : 43177
    #removed  : 23072
  #contains   : 61173
  #found      : 32782
  #aborts     : 0
    #lock-r   : 0
    #lock-w   : 0
    #val-r    : 0
    #val-w    : 0
    #val-c    : 0
    #inv-mem  : 0
  Max retries : 0
Thread 10
  #add        : 49510
    #added    : 22963
  #remove     : 42763
    #removed  : 22963
  #contains   : 61234
  #found      : 32796
  #aborts     : 0
    #lock-r   : 0
    #lock-w   : 0
    #val-r    : 0
    #val-w    : 0
    #val-c    : 0
    #inv-mem  : 0
  Max retries : 0
Thread 11
  #add        : 49601
    #added    : 23001
  #remove     : 42514
    #removed  : 23001
  #contains   : 61372
  #found      : 32866
  #aborts     : 0
    #lock-r   : 0
    #lock-w   : 0
    #val-r    : 0
    #val-w    : 0
    #val-c    : 0
    #inv-mem  : 0
  Max retries : 0
Thread 12
  #add        : 48720
    #added    : 22672
  #remove     : 42040
    #removed  : 22672
  #contains   : 60632
  #found      : 32352
  #aborts     : 0
    #lock-r   : 0
    #lock-w   : 0
    #val-r    : 0
    #val-w    : 0
    #val-c    : 0
    #inv-mem  : 0
  Max retries : 0
Thread 13
  #add        : 49706
    #added    : 23124
  #remove     : 42925
    #removed  : 23123
  #contains   : 61757
  #found      : 33099
  #aborts     : 0
    #lock-r   : 0
    #lock-w   : 0
    #val-r    : 0
    #val-w    : 0
    #val-c    : 0
    #inv-mem  : 0
  Max retries : 0
Thread 14
  #add        : 49682
    #added    : 22908
  #remove     : 42028
    #removed  : 22907
  #contains   : 61247
  #found      : 32936
  #aborts     : 0
    #lock-r   : 0
    #lock-w   : 0
    #val-r    : 0
    #val-w    : 0
    #val-c    : 0
    #inv-mem  : 0
  Max retries : 0
Thread 15
  #add        : 48921
    #added    : 22588
  #remove     : 41802
    #removed  : 22587
  #contains   : 60001
  #found      : 32284
  #aborts     : 0
    #lock-r   : 0
    #lock-w   : 0
    #val-r    : 0
    #val-w    : 0
    #val-c    : 0
    #inv-mem  : 0
  Max retries : 0
Set size      : 107 (expected: 107)
Duration      : 5000 (ms)
#txs          : 2456988 (491397.600000 / s)
#read txs     : 983328 (196665.600000 / s)
#eff. upd rate: 29.947033 
#update txs   : 1473660 (294732.000000 / s)
#aborts       : 0 (0.000000 / s)
  #lock-r     : 0 (0.000000 / s)
  #lock-w     : 0 (0.000000 / s)
  #val-r      : 0 (0.000000 / s)
  #val-w      : 0 (0.000000 / s)
  #val-c      : 0 (0.000000 / s)
  #inv-mem    : 0 (0.000000 / s)
Max retries   : 0
