Set type     : linked list
Length       : 5000
Initial size : 1000
Nb threads   : 8
Value range  : 2000
Seed         : 0
Update rate  : 50
Lock alg     : 1
Alternate    : 0
Effective    : 0
Type sizes   : int=4/long=8/ptr=8/word=8
Initializing STM
Adding 1000 entries to set
Set size     : 1000
Creating thread 0
Creating thread 1
Creating thread 2
Creating thread 3
Creating thread 4
Creating thread 5
Creating thread 6
Creating thread 7
STARTING...
STOPPING...
Thread 0
  #add        : 53824
    #added    : 26708
  #remove     : 53432
    #removed  : 26707
  #contains   : 106154
  #found      : 53196
  #aborts     : 0
    #lock-r   : 0
    #lock-w   : 0
    #val-r    : 0
    #val-w    : 0
    #val-c    : 0
    #inv-mem  : 0
  Max retries : 0
Thread 1
  #add        : 53127
    #added    : 26549
  #remove     : 52500
    #removed  : 26549
  #contains   : 104741
  #found      : 52560
  #aborts     : 0
    #lock-r   : 0
    #lock-w   : 0
    #val-r    : 0
    #val-w    : 0
    #val-c    : 0
    #inv-mem  : 0
  Max retries : 0
Thread 2
  #add        : 53954
    #added    : 26919
  #remove     : 53689
    #removed  : 26918
  #contains   : 107795
  #found      : 54429
  #aborts     : 0
    #lock-r   : 0
    #lock-w   : 0
    #val-r    : 0
    #val-w    : 0
    #val-c    : 0
    #inv-mem  : 0
  Max retries : 0
Thread 3
  #add        : 48491
    #added    : 24200
  #remove     : 47807
    #removed  : 24200
  #contains   : 95911
  #found      : 48279
  #aborts     : 0
    #lock-r   : 0
    #lock-w   : 0
    #val-r    : 0
    #val-w    : 0
    #val-c    : 0
    #inv-mem  : 0
  Max retries : 0
Thread 4
  #add        : 48970
    #added    : 24486
  #remove     : 48511
    #removed  : 24486
  #contains   : 96774
  #found      : 48585
  #aborts     : 0
    #lock-r   : 0
    #lock-w   : 0
    #val-r    : 0
    #val-w    : 0
    #val-c    : 0
    #inv-mem  : 0
  Max retries : 0
Thread 5
  #add        : 50796
    #added    : 25303
  #remove     : 50332
    #removed  : 25303
  #contains   : 100691
  #found      : 50206
  #aborts     : 0
    #lock-r   : 0
    #lock-w   : 0
    #val-r    : 0
    #val-w    : 0
    #val-c    : 0
    #inv-mem  : 0
  Max retries : 0
Thread 6
  #add        : 54243
    #added    : 26961
  #remove     : 53442
    #removed  : 26960
  #contains   : 107415
  #found      : 53908
  #aborts     : 0
    #lock-r   : 0
    #lock-w   : 0
    #val-r    : 0
    #val-w    : 0
    #val-c    : 0
    #inv-mem  : 0
  Max retries : 0
Thread 7
  #add        : 51192
    #added    : 25736
  #remove     : 51119
    #removed  : 25735
  #contains   : 102043
  #found      : 51098
  #aborts     : 0
    #lock-r   : 0
    #lock-w   : 0
    #val-r    : 0
    #val-w    : 0
    #val-c    : 0
    #inv-mem  : 0
  Max retries : 0
Set size      : 1004 (expected: 1004)
Duration      : 5000 (ms)
#txs          : 1646953 (329390.600000 / s)
#read txs     : 821524 (164304.800000 / s)
#eff. upd rate: 25.120328 
#update txs   : 825429 (165085.800000 / s)
#aborts       : 0 (0.000000 / s)
  #lock-r     : 0 (0.000000 / s)
  #lock-w     : 0 (0.000000 / s)
  #val-r      : 0 (0.000000 / s)
  #val-w      : 0 (0.000000 / s)
  #val-c      : 0 (0.000000 / s)
  #inv-mem    : 0 (0.000000 / s)
Max retries   : 0
