Set type     : linked list
Length       : 5000
Initial size : 8000
Nb threads   : 8
Value range  : 16000
Seed         : 0
Update rate  : 25
Lock alg     : 1
Alternate    : 0
Effective    : 0
Type sizes   : int=4/long=8/ptr=8/word=8
Initializing STM
Adding 8000 entries to set
Set size     : 8000
Creating thread 0
Creating thread 1
Creating thread 2
Creating thread 3
Creating thread 4
Creating thread 5
Creating thread 6
Creating thread 7
STARTING...
STOPPING...
Thread 0
  #add        : 584
    #added    : 286
  #remove     : 577
    #removed  : 285
  #contains   : 3651
  #found      : 1794
  #aborts     : 0
    #lock-r   : 0
    #lock-w   : 0
    #val-r    : 0
    #val-w    : 0
    #val-c    : 0
    #inv-mem  : 0
  Max retries : 0
Thread 1
  #add        : 701
    #added    : 345
  #remove     : 698
    #removed  : 344
  #contains   : 4521
  #found      : 2298
  #aborts     : 0
    #lock-r   : 0
    #lock-w   : 0
    #val-r    : 0
    #val-w    : 0
    #val-c    : 0
    #inv-mem  : 0
  Max retries : 0
Thread 2
  #add        : 822
    #added    : 392
  #remove     : 780
    #removed  : 392
  #contains   : 4823
  #found      : 2389
  #aborts     : 0
    #lock-r   : 0
    #lock-w   : 0
    #val-r    : 0
    #val-w    : 0
    #val-c    : 0
    #inv-mem  : 0
  Max retries : 0
Thread 3
  #add        : 666
    #added    : 343
  #remove     : 695
    #removed  : 342
  #contains   : 4066
  #found      : 2016
  #aborts     : 0
    #lock-r   : 0
    #lock-w   : 0
    #val-r    : 0
    #val-w    : 0
    #val-c    : 0
    #inv-mem  : 0
  Max retries : 0
Thread 4
  #add        : 587
    #added    : 287
  #remove     : 578
    #removed  : 286
  #contains   : 3498
  #found      : 1766
  #aborts     : 0
    #lock-r   : 0
    #lock-w   : 0
    #val-r    : 0
    #val-w    : 0
    #val-c    : 0
    #inv-mem  : 0
  Max retries : 0
Thread 5
  #add        : 416
    #added    : 224
  #remove     : 453
    #removed  : 224
  #contains   : 2685
  #found      : 1342
  #aborts     : 0
    #lock-r   : 0
    #lock-w   : 0
    #val-r    : 0
    #val-w    : 0
    #val-c    : 0
    #inv-mem  : 0
  Max retries : 0
Thread 6
  #add        : 964
    #added    : 516
  #remove     : 995
    #removed  : 515
  #contains   : 5930
  #found      : 2946
  #aborts     : 0
    #lock-r   : 0
    #lock-w   : 0
    #val-r    : 0
    #val-w    : 0
    #val-c    : 0
    #inv-mem  : 0
  Max retries : 0
Thread 7
  #add        : 583
    #added    : 304
  #remove     : 609
    #removed  : 304
  #contains   : 3680
  #found      : 1856
  #aborts     : 0
    #lock-r   : 0
    #lock-w   : 0
    #val-r    : 0
    #val-w    : 0
    #val-c    : 0
    #inv-mem  : 0
  Max retries : 0
Set size      : 8005 (expected: 8005)
Duration      : 5000 (ms)
#txs          : 43562 (8712.400000 / s)
#read txs     : 32854 (6570.800000 / s)
#eff. upd rate: 12.370874 
#update txs   : 10708 (2141.600000 / s)
#aborts       : 0 (0.000000 / s)
  #lock-r     : 0 (0.000000 / s)
  #lock-w     : 0 (0.000000 / s)
  #val-r      : 0 (0.000000 / s)
  #val-w      : 0 (0.000000 / s)
  #val-c      : 0 (0.000000 / s)
  #inv-mem    : 0 (0.000000 / s)
Max retries   : 0
