Set type     : linked list
Length       : 5000
Initial size : 100
Nb threads   : 16
Value range  : 200
Seed         : 0
Update rate  : 90
Lock alg     : 1
Alternate    : 0
Effective    : 0
Type sizes   : int=4/long=8/ptr=8/word=8
Initializing STM
Adding 100 entries to set
Set size     : 100
Creating thread 0
Creating thread 1
Creating thread 2
Creating thread 3
Creating thread 4
Creating thread 5
Creating thread 6
Creating thread 7
Creating thread 8
Creating thread 9
Creating thread 10
Creating thread 11
Creating thread 12
Creating thread 13
Creating thread 14
Creating thread 15
STARTING...
STOPPING...
Thread 0
  #add        : 55296
    #added    : 25685
  #remove     : 47952
    #removed  : 25685
  #contains   : 11514
  #found      : 6143
  #aborts     : 0
    #lock-r   : 0
    #lock-w   : 0
    #val-r    : 0
    #val-w    : 0
    #val-c    : 0
    #inv-mem  : 0
  Max retries : 0
Thread 1
  #add        : 54631
    #added    : 25168
  #remove     : 46855
    #removed  : 25168
  #contains   : 11359
  #found      : 6089
  #aborts     : 0
    #lock-r   : 0
    #lock-w   : 0
    #val-r    : 0
    #val-w    : 0
    #val-c    : 0
    #inv-mem  : 0
  Max retries : 0
Thread 2
  #add        : 54313
    #added    : 25366
  #remove     : 46920
    #removed  : 25366
  #contains   : 11269
  #found      : 6089
  #aborts     : 0
    #lock-r   : 0
    #lock-w   : 0
    #val-r    : 0
    #val-w    : 0
    #val-c    : 0
    #inv-mem  : 0
  Max retries : 0
Thread 3
  #add        : 54994
    #added    : 25567
  #remove     : 47293
    #removed  : 25566
  #contains   : 11525
  #found      : 6192
  #aborts     : 0
    #lock-r   : 0
    #lock-w   : 0
    #val-r    : 0
    #val-w    : 0
    #val-c    : 0
    #inv-mem  : 0
  Max retries : 0
Thread 4
  #add        : 55088
    #added    : 25588
  #remove     : 47021
    #removed  : 25588
  #contains   : 11405
  #found      : 6204
  #aborts     : 0
    #lock-r   : 0
    #lock-w   : 0
    #val-r    : 0
    #val-w    : 0
    #val-c    : 0
    #inv-mem  : 0
  Max retries : 0
Thread 5
  #add        : 54484
    #added    : 25293
  #remove     : 46866
    #removed  : 25293
  #contains   : 11423
  #found      : 6170
  #aborts     : 0
    #lock-r   : 0
    #lock-w   : 0
    #val-r    : 0
    #val-w    : 0
    #val-c    : 0
    #inv-mem  : 0
  Max retries : 0
Thread 6
  #add        : 54990
    #added    : 25668
  #remove     : 47466
    #removed  : 25667
  #contains   : 11495
  #found      : 6163
  #aborts     : 0
    #lock-r   : 0
    #lock-w   : 0
    #val-r    : 0
    #val-w    : 0
    #val-c    : 0
    #inv-mem  : 0
  Max retries : 0
Thread 7
  #add        : 55223
    #added    : 25791
  #remove     : 47853
    #removed  : 25791
  #contains   : 11729
  #found      : 6143
  #aborts     : 0
    #lock-r   : 0
    #lock-w   : 0
    #val-r    : 0
    #val-w    : 0
    #val-c    : 0
    #inv-mem  : 0
  Max retries : 0
Thread 8
  #add        : 55083
    #added    : 25404
  #remove     : 46726
    #removed  : 25403
  #contains   : 11335
  #found      : 6063
  #aborts     : 0
    #lock-r   : 0
    #lock-w   : 0
    #val-r    : 0
    #val-w    : 0
    #val-c    : 0
    #inv-mem  : 0
  Max retries : 0
Thread 9
  #add        : 53764
    #added    : 24901
  #remove     : 46425
    #removed  : 24901
  #contains   : 11141
  #found      : 5959
  #aborts     : 0
    #lock-r   : 0
    #lock-w   : 0
    #val-r    : 0
    #val-w    : 0
    #val-c    : 0
    #inv-mem  : 0
  Max retries : 0
Thread 10
  #add        : 53944
    #added    : 25107
  #remove     : 46671
    #removed  : 25107
  #contains   : 11188
  #found      : 5909
  #aborts     : 0
    #lock-r   : 0
    #lock-w   : 0
    #val-r    : 0
    #val-w    : 0
    #val-c    : 0
    #inv-mem  : 0
  Max retries : 0
Thread 11
  #add        : 54657
    #added    : 25451
  #remove     : 47686
    #removed  : 25451
  #contains   : 11220
  #found      : 5997
  #aborts     : 0
    #lock-r   : 0
    #lock-w   : 0
    #val-r    : 0
    #val-w    : 0
    #val-c    : 0
    #inv-mem  : 0
  Max retries : 0
Thread 12
  #add        : 54119
    #added    : 25188
  #remove     : 46806
    #removed  : 25188
  #contains   : 11293
  #found      : 6047
  #aborts     : 0
    #lock-r   : 0
    #lock-w   : 0
    #val-r    : 0
    #val-w    : 0
    #val-c    : 0
    #inv-mem  : 0
  Max retries : 0
Thread 13
  #add        : 55143
    #added    : 25433
  #remove     : 47306
    #removed  : 25432
  #contains   : 11324
  #found      : 6070
  #aborts     : 0
    #lock-r   : 0
    #lock-w   : 0
    #val-r    : 0
    #val-w    : 0
    #val-c    : 0
    #inv-mem  : 0
  Max retries : 0
Thread 14
  #add        : 54279
    #added    : 25264
  #remove     : 46617
    #removed  : 25264
  #contains   : 11409
  #found      : 6183
  #aborts     : 0
    #lock-r   : 0
    #lock-w   : 0
    #val-r    : 0
    #val-w    : 0
    #val-c    : 0
    #inv-mem  : 0
  Max retries : 0
Thread 15
  #add        : 54848
    #added    : 25567
  #remove     : 47234
    #removed  : 25566
  #contains   : 11480
  #found      : 6237
  #aborts     : 0
    #lock-r   : 0
    #lock-w   : 0
    #val-r    : 0
    #val-w    : 0
    #val-c    : 0
    #inv-mem  : 0
  Max retries : 0
Set size      : 105 (expected: 105)
Duration      : 5000 (ms)
#txs          : 1810662 (362132.400000 / s)
#read txs     : 182109 (36421.800000 / s)
#eff. upd rate: 44.893912 
#update txs   : 1628553 (325710.600000 / s)
#aborts       : 0 (0.000000 / s)
  #lock-r     : 0 (0.000000 / s)
  #lock-w     : 0 (0.000000 / s)
  #val-r      : 0 (0.000000 / s)
  #val-w      : 0 (0.000000 / s)
  #val-c      : 0 (0.000000 / s)
  #inv-mem    : 0 (0.000000 / s)
Max retries   : 0
