Set type     : linked list
Length       : 5000
Initial size : 100
Nb threads   : 2
Value range  : 200
Seed         : 0
Update rate  : 30
Lock alg     : 1
Alternate    : 0
Effective    : 0
Type sizes   : int=4/long=8/ptr=8/word=8
Initializing STM
Adding 100 entries to set
Set size     : 100
Creating thread 0
Creating thread 1
STARTING...
STOPPING...
Thread 0
  #add        : 534613
    #added    : 266125
  #remove     : 524156
    #removed  : 266125
  #contains   : 2476020
  #found      : 1251373
  #aborts     : 0
    #lock-r   : 0
    #lock-w   : 0
    #val-r    : 0
    #val-w    : 0
    #val-c    : 0
    #inv-mem  : 0
  Max retries : 0
Thread 1
  #add        : 566818
    #added    : 282719
  #remove     : 558175
    #removed  : 282718
  #contains   : 2628367
  #found      : 1328120
  #aborts     : 0
    #lock-r   : 0
    #lock-w   : 0
    #val-r    : 0
    #val-w    : 0
    #val-c    : 0
    #inv-mem  : 0
  Max retries : 0
Set size      : 101 (expected: 101)
Duration      : 5000 (ms)
#txs          : 7288149 (1457629.800000 / s)
#read txs     : 5104387 (1020877.400000 / s)
#eff. upd rate: 15.061259 
#update txs   : 2183762 (436752.400000 / s)
#aborts       : 0 (0.000000 / s)
  #lock-r     : 0 (0.000000 / s)
  #lock-w     : 0 (0.000000 / s)
  #val-r      : 0 (0.000000 / s)
  #val-w      : 0 (0.000000 / s)
  #val-c      : 0 (0.000000 / s)
  #inv-mem    : 0 (0.000000 / s)
Max retries   : 0
