Set type     : linked list
Length       : 5000
Initial size : 1000
Nb threads   : 16
Value range  : 2000
Seed         : 0
Update rate  : 60
Lock alg     : 1
Alternate    : 0
Effective    : 0
Type sizes   : int=4/long=8/ptr=8/word=8
Initializing STM
Adding 1000 entries to set
Set size     : 1000
Creating thread 0
Creating thread 1
Creating thread 2
Creating thread 3
Creating thread 4
Creating thread 5
Creating thread 6
Creating thread 7
Creating thread 8
Creating thread 9
Creating thread 10
Creating thread 11
Creating thread 12
Creating thread 13
Creating thread 14
Creating thread 15
STARTING...
STOPPING...
Thread 0
  #add        : 9000
    #added    : 4403
  #remove     : 8711
    #removed  : 4403
  #contains   : 11669
  #found      : 5778
  #aborts     : 0
    #lock-r   : 0
    #lock-w   : 0
    #val-r    : 0
    #val-w    : 0
    #val-c    : 0
    #inv-mem  : 0
  Max retries : 0
Thread 1
  #add        : 10423
    #added    : 5216
  #remove     : 10369
    #removed  : 5216
  #contains   : 13865
  #found      : 7003
  #aborts     : 0
    #lock-r   : 0
    #lock-w   : 0
    #val-r    : 0
    #val-w    : 0
    #val-c    : 0
    #inv-mem  : 0
  Max retries : 0
Thread 2
  #add        : 8199
    #added    : 4148
  #remove     : 8235
    #removed  : 4147
  #contains   : 10752
  #found      : 5443
  #aborts     : 0
    #lock-r   : 0
    #lock-w   : 0
    #val-r    : 0
    #val-w    : 0
    #val-c    : 0
    #inv-mem  : 0
  Max retries : 0
Thread 3
  #add        : 10132
    #added    : 4961
  #remove     : 9824
    #removed  : 4961
  #contains   : 13226
  #found      : 6766
  #aborts     : 0
    #lock-r   : 0
    #lock-w   : 0
    #val-r    : 0
    #val-w    : 0
    #val-c    : 0
    #inv-mem  : 0
  Max retries : 0
Thread 4
  #add        : 9430
    #added    : 4649
  #remove     : 9141
    #removed  : 4648
  #contains   : 12316
  #found      : 6195
  #aborts     : 0
    #lock-r   : 0
    #lock-w   : 0
    #val-r    : 0
    #val-w    : 0
    #val-c    : 0
    #inv-mem  : 0
  Max retries : 0
Thread 5
  #add        : 8219
    #added    : 4044
  #remove     : 7937
    #removed  : 4043
  #contains   : 10753
  #found      : 5444
  #aborts     : 0
    #lock-r   : 0
    #lock-w   : 0
    #val-r    : 0
    #val-w    : 0
    #val-c    : 0
    #inv-mem  : 0
  Max retries : 0
Thread 6
  #add        : 10232
    #added    : 5086
  #remove     : 10003
    #removed  : 5085
  #contains   : 13474
  #found      : 6837
  #aborts     : 0
    #lock-r   : 0
    #lock-w   : 0
    #val-r    : 0
    #val-w    : 0
    #val-c    : 0
    #inv-mem  : 0
  Max retries : 0
Thread 7
  #add        : 10162
    #added    : 5065
  #remove     : 10232
    #removed  : 5065
  #contains   : 13359
  #found      : 6668
  #aborts     : 0
    #lock-r   : 0
    #lock-w   : 0
    #val-r    : 0
    #val-w    : 0
    #val-c    : 0
    #inv-mem  : 0
  Max retries : 0
Thread 8
  #add        : 9930
    #added    : 4922
  #remove     : 9784
    #removed  : 4922
  #contains   : 13039
  #found      : 6574
  #aborts     : 0
    #lock-r   : 0
    #lock-w   : 0
    #val-r    : 0
    #val-w    : 0
    #val-c    : 0
    #inv-mem  : 0
  Max retries : 0
Thread 9
  #add        : 9012
    #added    : 4488
  #remove     : 8846
    #removed  : 4488
  #contains   : 12092
  #found      : 6053
  #aborts     : 0
    #lock-r   : 0
    #lock-w   : 0
    #val-r    : 0
    #val-w    : 0
    #val-c    : 0
    #inv-mem  : 0
  Max retries : 0
Thread 10
  #add        : 8834
    #added    : 4408
  #remove     : 8670
    #removed  : 4407
  #contains   : 11398
  #found      : 5794
  #aborts     : 0
    #lock-r   : 0
    #lock-w   : 0
    #val-r    : 0
    #val-w    : 0
    #val-c    : 0
    #inv-mem  : 0
  Max retries : 0
Thread 11
  #add        : 8541
    #added    : 4209
  #remove     : 8525
    #removed  : 4209
  #contains   : 11433
  #found      : 5836
  #aborts     : 0
    #lock-r   : 0
    #lock-w   : 0
    #val-r    : 0
    #val-w    : 0
    #val-c    : 0
    #inv-mem  : 0
  Max retries : 0
Thread 12
  #add        : 8814
    #added    : 4464
  #remove     : 8753
    #removed  : 4463
  #contains   : 11411
  #found      : 5699
  #aborts     : 0
    #lock-r   : 0
    #lock-w   : 0
    #val-r    : 0
    #val-w    : 0
    #val-c    : 0
    #inv-mem  : 0
  Max retries : 0
Thread 13
  #add        : 9356
    #added    : 4653
  #remove     : 9117
    #removed  : 4652
  #contains   : 12418
  #found      : 6256
  #aborts     : 0
    #lock-r   : 0
    #lock-w   : 0
    #val-r    : 0
    #val-w    : 0
    #val-c    : 0
    #inv-mem  : 0
  Max retries : 0
Thread 14
  #add        : 9244
    #added    : 4554
  #remove     : 9070
    #removed  : 4554
  #contains   : 12289
  #found      : 6182
  #aborts     : 0
    #lock-r   : 0
    #lock-w   : 0
    #val-r    : 0
    #val-w    : 0
    #val-c    : 0
    #inv-mem  : 0
  Max retries : 0
Thread 15
  #add        : 9475
    #added    : 4649
  #remove     : 9152
    #removed  : 4649
  #contains   : 12599
  #found      : 6345
  #aborts     : 0
    #lock-r   : 0
    #lock-w   : 0
    #val-r    : 0
    #val-w    : 0
    #val-c    : 0
    #inv-mem  : 0
  Max retries : 0
Set size      : 1007 (expected: 1007)
Duration      : 5000 (ms)
#txs          : 491465 (98293.000000 / s)
#read txs     : 196093 (39218.600000 / s)
#eff. upd rate: 30.079660 
#update txs   : 295372 (59074.400000 / s)
#aborts       : 0 (0.000000 / s)
  #lock-r     : 0 (0.000000 / s)
  #lock-w     : 0 (0.000000 / s)
  #val-r      : 0 (0.000000 / s)
  #val-w      : 0 (0.000000 / s)
  #val-c      : 0 (0.000000 / s)
  #inv-mem    : 0 (0.000000 / s)
Max retries   : 0
