Set type     : linked list
Length       : 5000
Initial size : 100
Nb threads   : 8
Value range  : 200
Seed         : 0
Update rate  : 90
Lock alg     : 1
Alternate    : 0
Effective    : 0
Type sizes   : int=4/long=8/ptr=8/word=8
Initializing STM
Adding 100 entries to set
Set size     : 100
Creating thread 0
Creating thread 1
Creating thread 2
Creating thread 3
Creating thread 4
Creating thread 5
Creating thread 6
Creating thread 7
STARTING...
STOPPING...
Thread 0
  #add        : 242773
    #added    : 116969
  #remove     : 223624
    #removed  : 116969
  #contains   : 52273
  #found      : 27202
  #aborts     : 0
    #lock-r   : 0
    #lock-w   : 0
    #val-r    : 0
    #val-w    : 0
    #val-c    : 0
    #inv-mem  : 0
  Max retries : 0
Thread 1
  #add        : 249918
    #added    : 120820
  #remove     : 231510
    #removed  : 120820
  #contains   : 53242
  #found      : 27500
  #aborts     : 0
    #lock-r   : 0
    #lock-w   : 0
    #val-r    : 0
    #val-w    : 0
    #val-c    : 0
    #inv-mem  : 0
  Max retries : 0
Thread 2
  #add        : 278700
    #added    : 134666
  #remove     : 257301
    #removed  : 134665
  #contains   : 59287
  #found      : 30932
  #aborts     : 0
    #lock-r   : 0
    #lock-w   : 0
    #val-r    : 0
    #val-w    : 0
    #val-c    : 0
    #inv-mem  : 0
  Max retries : 0
Thread 3
  #add        : 270713
    #added    : 130506
  #remove     : 250372
    #removed  : 130506
  #contains   : 57637
  #found      : 30010
  #aborts     : 0
    #lock-r   : 0
    #lock-w   : 0
    #val-r    : 0
    #val-w    : 0
    #val-c    : 0
    #inv-mem  : 0
  Max retries : 0
Thread 4
  #add        : 229294
    #added    : 110853
  #remove     : 211785
    #removed  : 110852
  #contains   : 49094
  #found      : 25416
  #aborts     : 0
    #lock-r   : 0
    #lock-w   : 0
    #val-r    : 0
    #val-w    : 0
    #val-c    : 0
    #inv-mem  : 0
  Max retries : 0
Thread 5
  #add        : 235430
    #added    : 114151
  #remove     : 218898
    #removed  : 114150
  #contains   : 50491
  #found      : 26214
  #aborts     : 0
    #lock-r   : 0
    #lock-w   : 0
    #val-r    : 0
    #val-w    : 0
    #val-c    : 0
    #inv-mem  : 0
  Max retries : 0
Thread 6
  #add        : 218883
    #added    : 105758
  #remove     : 202808
    #removed  : 105758
  #contains   : 46768
  #found      : 24157
  #aborts     : 0
    #lock-r   : 0
    #lock-w   : 0
    #val-r    : 0
    #val-w    : 0
    #val-c    : 0
    #inv-mem  : 0
  Max retries : 0
Thread 7
  #add        : 276617
    #added    : 133784
  #remove     : 257028
    #removed  : 133783
  #contains   : 59395
  #found      : 30637
  #aborts     : 0
    #lock-r   : 0
    #lock-w   : 0
    #val-r    : 0
    #val-w    : 0
    #val-c    : 0
    #inv-mem  : 0
  Max retries : 0
Set size      : 104 (expected: 104)
Duration      : 5000 (ms)
#txs          : 4283841 (856768.200000 / s)
#read txs     : 428187 (85637.400000 / s)
#eff. upd rate: 45.169977 
#update txs   : 3855654 (771130.800000 / s)
#aborts       : 0 (0.000000 / s)
  #lock-r     : 0 (0.000000 / s)
  #lock-w     : 0 (0.000000 / s)
  #val-r      : 0 (0.000000 / s)
  #val-w      : 0 (0.000000 / s)
  #val-c      : 0 (0.000000 / s)
  #inv-mem    : 0 (0.000000 / s)
Max retries   : 0
