Set type     : linked list
Length       : 5000
Initial size : 1000
Nb threads   : 16
Value range  : 2000
Seed         : 0
Update rate  : 80
Lock alg     : 1
Alternate    : 0
Effective    : 0
Type sizes   : int=4/long=8/ptr=8/word=8
Initializing STM
Adding 1000 entries to set
Set size     : 1000
Creating thread 0
Creating thread 1
Creating thread 2
Creating thread 3
Creating thread 4
Creating thread 5
Creating thread 6
Creating thread 7
Creating thread 8
Creating thread 9
Creating thread 10
Creating thread 11
Creating thread 12
Creating thread 13
Creating thread 14
Creating thread 15
STARTING...
STOPPING...
Thread 0
  #add        : 13066
    #added    : 6458
  #remove     : 12872
    #removed  : 6458
  #contains   : 6369
  #found      : 3228
  #aborts     : 0
    #lock-r   : 0
    #lock-w   : 0
    #val-r    : 0
    #val-w    : 0
    #val-c    : 0
    #inv-mem  : 0
  Max retries : 0
Thread 1
  #add        : 12331
    #added    : 6144
  #remove     : 12326
    #removed  : 6144
  #contains   : 6028
  #found      : 3090
  #aborts     : 0
    #lock-r   : 0
    #lock-w   : 0
    #val-r    : 0
    #val-w    : 0
    #val-c    : 0
    #inv-mem  : 0
  Max retries : 0
Thread 2
  #add        : 13233
    #added    : 6551
  #remove     : 12868
    #removed  : 6551
  #contains   : 6543
  #found      : 3365
  #aborts     : 0
    #lock-r   : 0
    #lock-w   : 0
    #val-r    : 0
    #val-w    : 0
    #val-c    : 0
    #inv-mem  : 0
  Max retries : 0
Thread 3
  #add        : 11164
    #added    : 5580
  #remove     : 10937
    #removed  : 5579
  #contains   : 5334
  #found      : 2699
  #aborts     : 0
    #lock-r   : 0
    #lock-w   : 0
    #val-r    : 0
    #val-w    : 0
    #val-c    : 0
    #inv-mem  : 0
  Max retries : 0
Thread 4
  #add        : 13164
    #added    : 6420
  #remove     : 12842
    #removed  : 6419
  #contains   : 6510
  #found      : 3275
  #aborts     : 0
    #lock-r   : 0
    #lock-w   : 0
    #val-r    : 0
    #val-w    : 0
    #val-c    : 0
    #inv-mem  : 0
  Max retries : 0
Thread 5
  #add        : 13270
    #added    : 6558
  #remove     : 13068
    #removed  : 6558
  #contains   : 6715
  #found      : 3324
  #aborts     : 0
    #lock-r   : 0
    #lock-w   : 0
    #val-r    : 0
    #val-w    : 0
    #val-c    : 0
    #inv-mem  : 0
  Max retries : 0
Thread 6
  #add        : 11954
    #added    : 5880
  #remove     : 11702
    #removed  : 5879
  #contains   : 5952
  #found      : 3041
  #aborts     : 0
    #lock-r   : 0
    #lock-w   : 0
    #val-r    : 0
    #val-w    : 0
    #val-c    : 0
    #inv-mem  : 0
  Max retries : 0
Thread 7
  #add        : 11935
    #added    : 5920
  #remove     : 11632
    #removed  : 5919
  #contains   : 5896
  #found      : 2988
  #aborts     : 0
    #lock-r   : 0
    #lock-w   : 0
    #val-r    : 0
    #val-w    : 0
    #val-c    : 0
    #inv-mem  : 0
  Max retries : 0
Thread 8
  #add        : 11533
    #added    : 5686
  #remove     : 11413
    #removed  : 5686
  #contains   : 5854
  #found      : 2965
  #aborts     : 0
    #lock-r   : 0
    #lock-w   : 0
    #val-r    : 0
    #val-w    : 0
    #val-c    : 0
    #inv-mem  : 0
  Max retries : 0
Thread 9
  #add        : 12094
    #added    : 6138
  #remove     : 12157
    #removed  : 6137
  #contains   : 6015
  #found      : 3000
  #aborts     : 0
    #lock-r   : 0
    #lock-w   : 0
    #val-r    : 0
    #val-w    : 0
    #val-c    : 0
    #inv-mem  : 0
  Max retries : 0
Thread 10
  #add        : 12094
    #added    : 6153
  #remove     : 12285
    #removed  : 6153
  #contains   : 6021
  #found      : 3006
  #aborts     : 0
    #lock-r   : 0
    #lock-w   : 0
    #val-r    : 0
    #val-w    : 0
    #val-c    : 0
    #inv-mem  : 0
  Max retries : 0
Thread 11
  #add        : 11697
    #added    : 5899
  #remove     : 11692
    #removed  : 5898
  #contains   : 5863
  #found      : 3047
  #aborts     : 0
    #lock-r   : 0
    #lock-w   : 0
    #val-r    : 0
    #val-w    : 0
    #val-c    : 0
    #inv-mem  : 0
  Max retries : 0
Thread 12
  #add        : 11384
    #added    : 5642
  #remove     : 11090
    #removed  : 5641
  #contains   : 5654
  #found      : 2899
  #aborts     : 0
    #lock-r   : 0
    #lock-w   : 0
    #val-r    : 0
    #val-w    : 0
    #val-c    : 0
    #inv-mem  : 0
  Max retries : 0
Thread 13
  #add        : 11341
    #added    : 5625
  #remove     : 11008
    #removed  : 5624
  #contains   : 5557
  #found      : 2803
  #aborts     : 0
    #lock-r   : 0
    #lock-w   : 0
    #val-r    : 0
    #val-w    : 0
    #val-c    : 0
    #inv-mem  : 0
  Max retries : 0
Thread 14
  #add        : 12502
    #added    : 6249
  #remove     : 12384
    #removed  : 6248
  #contains   : 6221
  #found      : 3123
  #aborts     : 0
    #lock-r   : 0
    #lock-w   : 0
    #val-r    : 0
    #val-w    : 0
    #val-c    : 0
    #inv-mem  : 0
  Max retries : 0
Thread 15
  #add        : 11627
    #added    : 5789
  #remove     : 11432
    #removed  : 5788
  #contains   : 5829
  #found      : 2943
  #aborts     : 0
    #lock-r   : 0
    #lock-w   : 0
    #val-r    : 0
    #val-w    : 0
    #val-c    : 0
    #inv-mem  : 0
  Max retries : 0
Set size      : 1010 (expected: 1010)
Duration      : 5000 (ms)
#txs          : 482458 (96491.600000 / s)
#read txs     : 96361 (19272.200000 / s)
#eff. upd rate: 40.081002 
#update txs   : 386097 (77219.400000 / s)
#aborts       : 0 (0.000000 / s)
  #lock-r     : 0 (0.000000 / s)
  #lock-w     : 0 (0.000000 / s)
  #val-r      : 0 (0.000000 / s)
  #val-w      : 0 (0.000000 / s)
  #val-c      : 0 (0.000000 / s)
  #inv-mem    : 0 (0.000000 / s)
Max retries   : 0
