Set type     : linked list
Length       : 5000
Initial size : 8000
Nb threads   : 1
Value range  : 16000
Seed         : 0
Update rate  : 90
Lock alg     : 1
Alternate    : 0
Effective    : 0
Type sizes   : int=4/long=8/ptr=8/word=8
Initializing STM
Adding 8000 entries to set
Set size     : 8000
Creating thread 0
STARTING...
STOPPING...
Thread 0
  #add        : 37329
    #added    : 18791
  #remove     : 37311
    #removed  : 18790
  #contains   : 8210
  #found      : 4076
  #aborts     : 0
    #lock-r   : 0
    #lock-w   : 0
    #val-r    : 0
    #val-w    : 0
    #val-c    : 0
    #inv-mem  : 0
  Max retries : 0
Set size      : 8001 (expected: 8001)
Duration      : 5000 (ms)
#txs          : 82850 (16570.000000 / s)
#read txs     : 8210 (1642.000000 / s)
#eff. upd rate: 45.360290 
#update txs   : 74640 (14928.000000 / s)
#aborts       : 0 (0.000000 / s)
  #lock-r     : 0 (0.000000 / s)
  #lock-w     : 0 (0.000000 / s)
  #val-r      : 0 (0.000000 / s)
  #val-w      : 0 (0.000000 / s)
  #val-c      : 0 (0.000000 / s)
  #inv-mem    : 0 (0.000000 / s)
Max retries   : 0
