Set type     : linked list
Length       : 5000
Initial size : 1000
Nb threads   : 2
Value range  : 2000
Seed         : 0
Update rate  : 30
Lock alg     : 1
Alternate    : 0
Effective    : 0
Type sizes   : int=4/long=8/ptr=8/word=8
Initializing STM
Adding 1000 entries to set
Set size     : 1000
Creating thread 0
Creating thread 1
STARTING...
STOPPING...
Thread 0
  #add        : 63042
    #added    : 31498
  #remove     : 62956
    #removed  : 31497
  #contains   : 293903
  #found      : 147232
  #aborts     : 0
    #lock-r   : 0
    #lock-w   : 0
    #val-r    : 0
    #val-w    : 0
    #val-c    : 0
    #inv-mem  : 0
  Max retries : 0
Thread 1
  #add        : 57179
    #added    : 28739
  #remove     : 57109
    #removed  : 28739
  #contains   : 266038
  #found      : 133538
  #aborts     : 0
    #lock-r   : 0
    #lock-w   : 0
    #val-r    : 0
    #val-w    : 0
    #val-c    : 0
    #inv-mem  : 0
  Max retries : 0
Set size      : 1001 (expected: 1001)
Duration      : 5000 (ms)
#txs          : 800227 (160045.400000 / s)
#read txs     : 559941 (111988.200000 / s)
#eff. upd rate: 15.054853 
#update txs   : 240286 (48057.200000 / s)
#aborts       : 0 (0.000000 / s)
  #lock-r     : 0 (0.000000 / s)
  #lock-w     : 0 (0.000000 / s)
  #val-r      : 0 (0.000000 / s)
  #val-w      : 0 (0.000000 / s)
  #val-c      : 0 (0.000000 / s)
  #inv-mem    : 0 (0.000000 / s)
Max retries   : 0
