Set type     : linked list
Length       : 5000
Initial size : 1000
Nb threads   : 16
Value range  : 2000
Seed         : 0
Update rate  : 40
Lock alg     : 1
Alternate    : 0
Effective    : 0
Type sizes   : int=4/long=8/ptr=8/word=8
Initializing STM
Adding 1000 entries to set
Set size     : 1000
Creating thread 0
Creating thread 1
Creating thread 2
Creating thread 3
Creating thread 4
Creating thread 5
Creating thread 6
Creating thread 7
Creating thread 8
Creating thread 9
Creating thread 10
Creating thread 11
Creating thread 12
Creating thread 13
Creating thread 14
Creating thread 15
STARTING...
STOPPING...
Thread 0
  #add        : 6114
    #added    : 3057
  #remove     : 6029
    #removed  : 3057
  #contains   : 18225
  #found      : 9063
  #aborts     : 0
    #lock-r   : 0
    #lock-w   : 0
    #val-r    : 0
    #val-w    : 0
    #val-c    : 0
    #inv-mem  : 0
  Max retries : 0
Thread 1
  #add        : 5746
    #added    : 2823
  #remove     : 5591
    #removed  : 2822
  #contains   : 17047
  #found      : 8635
  #aborts     : 0
    #lock-r   : 0
    #lock-w   : 0
    #val-r    : 0
    #val-w    : 0
    #val-c    : 0
    #inv-mem  : 0
  Max retries : 0
Thread 2
  #add        : 6236
    #added    : 3077
  #remove     : 6158
    #removed  : 3076
  #contains   : 18488
  #found      : 9312
  #aborts     : 0
    #lock-r   : 0
    #lock-w   : 0
    #val-r    : 0
    #val-w    : 0
    #val-c    : 0
    #inv-mem  : 0
  Max retries : 0
Thread 3
  #add        : 6118
    #added    : 3021
  #remove     : 5927
    #removed  : 3021
  #contains   : 17998
  #found      : 8991
  #aborts     : 0
    #lock-r   : 0
    #lock-w   : 0
    #val-r    : 0
    #val-w    : 0
    #val-c    : 0
    #inv-mem  : 0
  Max retries : 0
Thread 4
  #add        : 6405
    #added    : 3203
  #remove     : 6300
    #removed  : 3202
  #contains   : 18964
  #found      : 9496
  #aborts     : 0
    #lock-r   : 0
    #lock-w   : 0
    #val-r    : 0
    #val-w    : 0
    #val-c    : 0
    #inv-mem  : 0
  Max retries : 0
Thread 5
  #add        : 5911
    #added    : 2970
  #remove     : 5901
    #removed  : 2969
  #contains   : 17684
  #found      : 8943
  #aborts     : 0
    #lock-r   : 0
    #lock-w   : 0
    #val-r    : 0
    #val-w    : 0
    #val-c    : 0
    #inv-mem  : 0
  Max retries : 0
Thread 6
  #add        : 6074
    #added    : 2980
  #remove     : 5947
    #removed  : 2979
  #contains   : 17994
  #found      : 8963
  #aborts     : 0
    #lock-r   : 0
    #lock-w   : 0
    #val-r    : 0
    #val-w    : 0
    #val-c    : 0
    #inv-mem  : 0
  Max retries : 0
Thread 7
  #add        : 6082
    #added    : 3022
  #remove     : 6041
    #removed  : 3022
  #contains   : 18124
  #found      : 9188
  #aborts     : 0
    #lock-r   : 0
    #lock-w   : 0
    #val-r    : 0
    #val-w    : 0
    #val-c    : 0
    #inv-mem  : 0
  Max retries : 0
Thread 8
  #add        : 7398
    #added    : 3693
  #remove     : 7407
    #removed  : 3692
  #contains   : 22469
  #found      : 11302
  #aborts     : 0
    #lock-r   : 0
    #lock-w   : 0
    #val-r    : 0
    #val-w    : 0
    #val-c    : 0
    #inv-mem  : 0
  Max retries : 0
Thread 9
  #add        : 5976
    #added    : 2959
  #remove     : 5940
    #removed  : 2958
  #contains   : 18404
  #found      : 9184
  #aborts     : 0
    #lock-r   : 0
    #lock-w   : 0
    #val-r    : 0
    #val-w    : 0
    #val-c    : 0
    #inv-mem  : 0
  Max retries : 0
Thread 10
  #add        : 5348
    #added    : 2638
  #remove     : 5225
    #removed  : 2638
  #contains   : 16124
  #found      : 8122
  #aborts     : 0
    #lock-r   : 0
    #lock-w   : 0
    #val-r    : 0
    #val-w    : 0
    #val-c    : 0
    #inv-mem  : 0
  Max retries : 0
Thread 11
  #add        : 5447
    #added    : 2721
  #remove     : 5372
    #removed  : 2720
  #contains   : 16441
  #found      : 8290
  #aborts     : 0
    #lock-r   : 0
    #lock-w   : 0
    #val-r    : 0
    #val-w    : 0
    #val-c    : 0
    #inv-mem  : 0
  Max retries : 0
Thread 12
  #add        : 6116
    #added    : 3063
  #remove     : 6154
    #removed  : 3062
  #contains   : 18245
  #found      : 9232
  #aborts     : 0
    #lock-r   : 0
    #lock-w   : 0
    #val-r    : 0
    #val-w    : 0
    #val-c    : 0
    #inv-mem  : 0
  Max retries : 0
Thread 13
  #add        : 5704
    #added    : 2858
  #remove     : 5664
    #removed  : 2857
  #contains   : 17027
  #found      : 8686
  #aborts     : 0
    #lock-r   : 0
    #lock-w   : 0
    #val-r    : 0
    #val-w    : 0
    #val-c    : 0
    #inv-mem  : 0
  Max retries : 0
Thread 14
  #add        : 6968
    #added    : 3406
  #remove     : 6719
    #removed  : 3405
  #contains   : 20606
  #found      : 10341
  #aborts     : 0
    #lock-r   : 0
    #lock-w   : 0
    #val-r    : 0
    #val-w    : 0
    #val-c    : 0
    #inv-mem  : 0
  Max retries : 0
Thread 15
  #add        : 5273
    #added    : 2630
  #remove     : 5204
    #removed  : 2630
  #contains   : 16054
  #found      : 8076
  #aborts     : 0
    #lock-r   : 0
    #lock-w   : 0
    #val-r    : 0
    #val-w    : 0
    #val-c    : 0
    #inv-mem  : 0
  Max retries : 0
Set size      : 1011 (expected: 1011)
Duration      : 5000 (ms)
#txs          : 482389 (96477.800000 / s)
#read txs     : 289894 (57978.800000 / s)
#eff. upd rate: 19.948838 
#update txs   : 192495 (38499.000000 / s)
#aborts       : 0 (0.000000 / s)
  #lock-r     : 0 (0.000000 / s)
  #lock-w     : 0 (0.000000 / s)
  #val-r      : 0 (0.000000 / s)
  #val-w      : 0 (0.000000 / s)
  #val-c      : 0 (0.000000 / s)
  #inv-mem    : 0 (0.000000 / s)
Max retries   : 0
