Set type     : linked list
Length       : 5000
Initial size : 100
Nb threads   : 2
Value range  : 200
Seed         : 0
Update rate  : 20
Lock alg     : 1
Alternate    : 0
Effective    : 0
Type sizes   : int=4/long=8/ptr=8/word=8
Initializing STM
Adding 100 entries to set
Set size     : 100
Creating thread 0
Creating thread 1
STARTING...
STOPPING...
Thread 0
  #add        : 591501
    #added    : 294469
  #remove     : 579446
    #removed  : 294469
  #contains   : 4678422
  #found      : 2361181
  #aborts     : 0
    #lock-r   : 0
    #lock-w   : 0
    #val-r    : 0
    #val-w    : 0
    #val-c    : 0
    #inv-mem  : 0
  Max retries : 0
Thread 1
  #add        : 680321
    #added    : 338596
  #remove     : 664642
    #removed  : 338595
  #contains   : 5379714
  #found      : 2716085
  #aborts     : 0
    #lock-r   : 0
    #lock-w   : 0
    #val-r    : 0
    #val-w    : 0
    #val-c    : 0
    #inv-mem  : 0
  Max retries : 0
Set size      : 101 (expected: 101)
Duration      : 5001 (ms)
#txs          : 12574046 (2514306.338732 / s)
#read txs     : 10058136 (2011224.955009 / s)
#eff. upd rate: 10.069384 
#update txs   : 2515910 (503081.383723 / s)
#aborts       : 0 (0.000000 / s)
  #lock-r     : 0 (0.000000 / s)
  #lock-w     : 0 (0.000000 / s)
  #val-r      : 0 (0.000000 / s)
  #val-w      : 0 (0.000000 / s)
  #val-c      : 0 (0.000000 / s)
  #inv-mem    : 0 (0.000000 / s)
Max retries   : 0
