Set type     : linked list
Length       : 5000
Initial size : 1000
Nb threads   : 32
Value range  : 2000
Seed         : 0
Update rate  : 45
Lock alg     : 1
Alternate    : 0
Effective    : 0
Type sizes   : int=4/long=8/ptr=8/word=8
Initializing STM
Adding 1000 entries to set
Set size     : 1000
Creating thread 0
Creating thread 1
Creating thread 2
Creating thread 3
Creating thread 4
Creating thread 5
Creating thread 6
Creating thread 7
Creating thread 8
Creating thread 9
Creating thread 10
Creating thread 11
Creating thread 12
Creating thread 13
Creating thread 14
Creating thread 15
Creating thread 16
Creating thread 17
Creating thread 18
Creating thread 19
Creating thread 20
Creating thread 21
Creating thread 22
Creating thread 23
Creating thread 24
Creating thread 25
Creating thread 26
Creating thread 27
Creating thread 28
Creating thread 29
Creating thread 30
Creating thread 31
STARTING...
STOPPING...
Thread 0
  #add        : 3204
    #added    : 1574
  #remove     : 3044
    #removed  : 1574
  #contains   : 7649
  #found      : 3949
  #aborts     : 0
    #lock-r   : 0
    #lock-w   : 0
    #val-r    : 0
    #val-w    : 0
    #val-c    : 0
    #inv-mem  : 0
  Max retries : 0
Thread 1
  #add        : 3010
    #added    : 1513
  #remove     : 3042
    #removed  : 1512
  #contains   : 7077
  #found      : 3633
  #aborts     : 0
    #lock-r   : 0
    #lock-w   : 0
    #val-r    : 0
    #val-w    : 0
    #val-c    : 0
    #inv-mem  : 0
  Max retries : 0
Thread 2
  #add        : 3110
    #added    : 1567
  #remove     : 3131
    #removed  : 1566
  #contains   : 7534
  #found      : 3799
  #aborts     : 0
    #lock-r   : 0
    #lock-w   : 0
    #val-r    : 0
    #val-w    : 0
    #val-c    : 0
    #inv-mem  : 0
  Max retries : 0
Thread 3
  #add        : 3327
    #added    : 1592
  #remove     : 3081
    #removed  : 1591
  #contains   : 7730
  #found      : 3911
  #aborts     : 0
    #lock-r   : 0
    #lock-w   : 0
    #val-r    : 0
    #val-w    : 0
    #val-c    : 0
    #inv-mem  : 0
  Max retries : 0
Thread 4
  #add        : 3171
    #added    : 1523
  #remove     : 2995
    #removed  : 1522
  #contains   : 7314
  #found      : 3696
  #aborts     : 0
    #lock-r   : 0
    #lock-w   : 0
    #val-r    : 0
    #val-w    : 0
    #val-c    : 0
    #inv-mem  : 0
  Max retries : 0
Thread 5
  #add        : 3358
    #added    : 1700
  #remove     : 3313
    #removed  : 1700
  #contains   : 7890
  #found      : 4058
  #aborts     : 0
    #lock-r   : 0
    #lock-w   : 0
    #val-r    : 0
    #val-w    : 0
    #val-c    : 0
    #inv-mem  : 0
  Max retries : 0
Thread 6
  #add        : 3734
    #added    : 1853
  #remove     : 3567
    #removed  : 1853
  #contains   : 8886
  #found      : 4497
  #aborts     : 0
    #lock-r   : 0
    #lock-w   : 0
    #val-r    : 0
    #val-w    : 0
    #val-c    : 0
    #inv-mem  : 0
  Max retries : 0
Thread 7
  #add        : 3388
    #added    : 1707
  #remove     : 3430
    #removed  : 1706
  #contains   : 8271
  #found      : 4152
  #aborts     : 0
    #lock-r   : 0
    #lock-w   : 0
    #val-r    : 0
    #val-w    : 0
    #val-c    : 0
    #inv-mem  : 0
  Max retries : 0
Thread 8
  #add        : 3291
    #added    : 1626
  #remove     : 3151
    #removed  : 1626
  #contains   : 7937
  #found      : 4027
  #aborts     : 0
    #lock-r   : 0
    #lock-w   : 0
    #val-r    : 0
    #val-w    : 0
    #val-c    : 0
    #inv-mem  : 0
  Max retries : 0
Thread 9
  #add        : 3254
    #added    : 1569
  #remove     : 3014
    #removed  : 1568
  #contains   : 7572
  #found      : 3850
  #aborts     : 0
    #lock-r   : 0
    #lock-w   : 0
    #val-r    : 0
    #val-w    : 0
    #val-c    : 0
    #inv-mem  : 0
  Max retries : 0
Thread 10
  #add        : 3552
    #added    : 1777
  #remove     : 3414
    #removed  : 1777
  #contains   : 8341
  #found      : 4249
  #aborts     : 0
    #lock-r   : 0
    #lock-w   : 0
    #val-r    : 0
    #val-w    : 0
    #val-c    : 0
    #inv-mem  : 0
  Max retries : 0
Thread 11
  #add        : 3041
    #added    : 1509
  #remove     : 2984
    #removed  : 1508
  #contains   : 7342
  #found      : 3720
  #aborts     : 0
    #lock-r   : 0
    #lock-w   : 0
    #val-r    : 0
    #val-w    : 0
    #val-c    : 0
    #inv-mem  : 0
  Max retries : 0
Thread 12
  #add        : 3278
    #added    : 1591
  #remove     : 3109
    #removed  : 1590
  #contains   : 7778
  #found      : 3889
  #aborts     : 0
    #lock-r   : 0
    #lock-w   : 0
    #val-r    : 0
    #val-w    : 0
    #val-c    : 0
    #inv-mem  : 0
  Max retries : 0
Thread 13
  #add        : 3373
    #added    : 1655
  #remove     : 3243
    #removed  : 1654
  #contains   : 7854
  #found      : 3972
  #aborts     : 0
    #lock-r   : 0
    #lock-w   : 0
    #val-r    : 0
    #val-w    : 0
    #val-c    : 0
    #inv-mem  : 0
  Max retries : 0
Thread 14
  #add        : 3325
    #added    : 1608
  #remove     : 3139
    #removed  : 1607
  #contains   : 7919
  #found      : 4041
  #aborts     : 0
    #lock-r   : 0
    #lock-w   : 0
    #val-r    : 0
    #val-w    : 0
    #val-c    : 0
    #inv-mem  : 0
  Max retries : 0
Thread 15
  #add        : 3488
    #added    : 1735
  #remove     : 3390
    #removed  : 1734
  #contains   : 8443
  #found      : 4285
  #aborts     : 0
    #lock-r   : 0
    #lock-w   : 0
    #val-r    : 0
    #val-w    : 0
    #val-c    : 0
    #inv-mem  : 0
  Max retries : 0
Thread 16
  #add        : 3321
    #added    : 1625
  #remove     : 3184
    #removed  : 1624
  #contains   : 8064
  #found      : 4117
  #aborts     : 0
    #lock-r   : 0
    #lock-w   : 0
    #val-r    : 0
    #val-w    : 0
    #val-c    : 0
    #inv-mem  : 0
  Max retries : 0
Thread 17
  #add        : 3157
    #added    : 1609
  #remove     : 3070
    #removed  : 1608
  #contains   : 7743
  #found      : 3930
  #aborts     : 0
    #lock-r   : 0
    #lock-w   : 0
    #val-r    : 0
    #val-w    : 0
    #val-c    : 0
    #inv-mem  : 0
  Max retries : 0
Thread 18
  #add        : 3623
    #added    : 1860
  #remove     : 3656
    #removed  : 1860
  #contains   : 8846
  #found      : 4510
  #aborts     : 0
    #lock-r   : 0
    #lock-w   : 0
    #val-r    : 0
    #val-w    : 0
    #val-c    : 0
    #inv-mem  : 0
  Max retries : 0
Thread 19
  #add        : 3507
    #added    : 1717
  #remove     : 3375
    #removed  : 1717
  #contains   : 8659
  #found      : 4402
  #aborts     : 0
    #lock-r   : 0
    #lock-w   : 0
    #val-r    : 0
    #val-w    : 0
    #val-c    : 0
    #inv-mem  : 0
  Max retries : 0
Thread 20
  #add        : 3652
    #added    : 1777
  #remove     : 3451
    #removed  : 1777
  #contains   : 8774
  #found      : 4430
  #aborts     : 0
    #lock-r   : 0
    #lock-w   : 0
    #val-r    : 0
    #val-w    : 0
    #val-c    : 0
    #inv-mem  : 0
  Max retries : 0
Thread 21
  #add        : 3371
    #added    : 1648
  #remove     : 3169
    #removed  : 1647
  #contains   : 7974
  #found      : 4049
  #aborts     : 0
    #lock-r   : 0
    #lock-w   : 0
    #val-r    : 0
    #val-w    : 0
    #val-c    : 0
    #inv-mem  : 0
  Max retries : 0
Thread 22
  #add        : 3382
    #added    : 1613
  #remove     : 3153
    #removed  : 1612
  #contains   : 8077
  #found      : 4094
  #aborts     : 0
    #lock-r   : 0
    #lock-w   : 0
    #val-r    : 0
    #val-w    : 0
    #val-c    : 0
    #inv-mem  : 0
  Max retries : 0
Thread 23
  #add        : 3664
    #added    : 1754
  #remove     : 3457
    #removed  : 1754
  #contains   : 8512
  #found      : 4279
  #aborts     : 0
    #lock-r   : 0
    #lock-w   : 0
    #val-r    : 0
    #val-w    : 0
    #val-c    : 0
    #inv-mem  : 0
  Max retries : 0
Thread 24
  #add        : 3345
    #added    : 1669
  #remove     : 3213
    #removed  : 1669
  #contains   : 7791
  #found      : 3907
  #aborts     : 0
    #lock-r   : 0
    #lock-w   : 0
    #val-r    : 0
    #val-w    : 0
    #val-c    : 0
    #inv-mem  : 0
  Max retries : 0
Thread 25
  #add        : 3427
    #added    : 1686
  #remove     : 3395
    #removed  : 1686
  #contains   : 8415
  #found      : 4230
  #aborts     : 0
    #lock-r   : 0
    #lock-w   : 0
    #val-r    : 0
    #val-w    : 0
    #val-c    : 0
    #inv-mem  : 0
  Max retries : 0
Thread 26
  #add        : 3377
    #added    : 1663
  #remove     : 3289
    #removed  : 1662
  #contains   : 7934
  #found      : 4111
  #aborts     : 0
    #lock-r   : 0
    #lock-w   : 0
    #val-r    : 0
    #val-w    : 0
    #val-c    : 0
    #inv-mem  : 0
  Max retries : 0
Thread 27
  #add        : 3213
    #added    : 1566
  #remove     : 3133
    #removed  : 1566
  #contains   : 7657
  #found      : 3936
  #aborts     : 0
    #lock-r   : 0
    #lock-w   : 0
    #val-r    : 0
    #val-w    : 0
    #val-c    : 0
    #inv-mem  : 0
  Max retries : 0
Thread 28
  #add        : 3276
    #added    : 1636
  #remove     : 3246
    #removed  : 1636
  #contains   : 8143
  #found      : 4152
  #aborts     : 0
    #lock-r   : 0
    #lock-w   : 0
    #val-r    : 0
    #val-w    : 0
    #val-c    : 0
    #inv-mem  : 0
  Max retries : 0
Thread 29
  #add        : 3390
    #added    : 1680
  #remove     : 3303
    #removed  : 1679
  #contains   : 8146
  #found      : 4072
  #aborts     : 0
    #lock-r   : 0
    #lock-w   : 0
    #val-r    : 0
    #val-w    : 0
    #val-c    : 0
    #inv-mem  : 0
  Max retries : 0
Thread 30
  #add        : 3358
    #added    : 1646
  #remove     : 3300
    #removed  : 1645
  #contains   : 7937
  #found      : 3928
  #aborts     : 0
    #lock-r   : 0
    #lock-w   : 0
    #val-r    : 0
    #val-w    : 0
    #val-c    : 0
    #inv-mem  : 0
  Max retries : 0
Thread 31
  #add        : 3462
    #added    : 1710
  #remove     : 3301
    #removed  : 1710
  #contains   : 8346
  #found      : 4188
  #aborts     : 0
    #lock-r   : 0
    #lock-w   : 0
    #val-r    : 0
    #val-w    : 0
    #val-c    : 0
    #inv-mem  : 0
  Max retries : 0
Set size      : 1018 (expected: 1018)
Duration      : 5000 (ms)
#txs          : 467726 (93545.200000 / s)
#read txs     : 256555 (51311.000000 / s)
#eff. upd rate: 22.641033 
#update txs   : 211171 (42234.200000 / s)
#aborts       : 0 (0.000000 / s)
  #lock-r     : 0 (0.000000 / s)
  #lock-w     : 0 (0.000000 / s)
  #val-r      : 0 (0.000000 / s)
  #val-w      : 0 (0.000000 / s)
  #val-c      : 0 (0.000000 / s)
  #inv-mem    : 0 (0.000000 / s)
Max retries   : 0
