Set type     : linked list
Length       : 5000
Initial size : 100
Nb threads   : 16
Value range  : 200
Seed         : 0
Update rate  : 95
Lock alg     : 1
Alternate    : 0
Effective    : 0
Type sizes   : int=4/long=8/ptr=8/word=8
Initializing STM
Adding 100 entries to set
Set size     : 100
Creating thread 0
Creating thread 1
Creating thread 2
Creating thread 3
Creating thread 4
Creating thread 5
Creating thread 6
Creating thread 7
Creating thread 8
Creating thread 9
Creating thread 10
Creating thread 11
Creating thread 12
Creating thread 13
Creating thread 14
Creating thread 15
STARTING...
STOPPING...
Thread 0
  #add        : 56585
    #added    : 26346
  #remove     : 48210
    #removed  : 26345
  #contains   : 5562
  #found      : 2959
  #aborts     : 0
    #lock-r   : 0
    #lock-w   : 0
    #val-r    : 0
    #val-w    : 0
    #val-c    : 0
    #inv-mem  : 0
  Max retries : 0
Thread 1
  #add        : 56147
    #added    : 25983
  #remove     : 48372
    #removed  : 25983
  #contains   : 5512
  #found      : 2895
  #aborts     : 0
    #lock-r   : 0
    #lock-w   : 0
    #val-r    : 0
    #val-w    : 0
    #val-c    : 0
    #inv-mem  : 0
  Max retries : 0
Thread 2
  #add        : 56366
    #added    : 26094
  #remove     : 48638
    #removed  : 26094
  #contains   : 5380
  #found      : 2865
  #aborts     : 0
    #lock-r   : 0
    #lock-w   : 0
    #val-r    : 0
    #val-w    : 0
    #val-c    : 0
    #inv-mem  : 0
  Max retries : 0
Thread 3
  #add        : 56752
    #added    : 26282
  #remove     : 48764
    #removed  : 26281
  #contains   : 5605
  #found      : 2953
  #aborts     : 0
    #lock-r   : 0
    #lock-w   : 0
    #val-r    : 0
    #val-w    : 0
    #val-c    : 0
    #inv-mem  : 0
  Max retries : 0
Thread 4
  #add        : 56025
    #added    : 26254
  #remove     : 48766
    #removed  : 26254
  #contains   : 5563
  #found      : 2953
  #aborts     : 0
    #lock-r   : 0
    #lock-w   : 0
    #val-r    : 0
    #val-w    : 0
    #val-c    : 0
    #inv-mem  : 0
  Max retries : 0
Thread 5
  #add        : 56189
    #added    : 26253
  #remove     : 48562
    #removed  : 26252
  #contains   : 5527
  #found      : 2960
  #aborts     : 0
    #lock-r   : 0
    #lock-w   : 0
    #val-r    : 0
    #val-w    : 0
    #val-c    : 0
    #inv-mem  : 0
  Max retries : 0
Thread 6
  #add        : 56866
    #added    : 26363
  #remove     : 48551
    #removed  : 26362
  #contains   : 5592
  #found      : 3059
  #aborts     : 0
    #lock-r   : 0
    #lock-w   : 0
    #val-r    : 0
    #val-w    : 0
    #val-c    : 0
    #inv-mem  : 0
  Max retries : 0
Thread 7
  #add        : 56322
    #added    : 26151
  #remove     : 48603
    #removed  : 26150
  #contains   : 5672
  #found      : 3062
  #aborts     : 0
    #lock-r   : 0
    #lock-w   : 0
    #val-r    : 0
    #val-w    : 0
    #val-c    : 0
    #inv-mem  : 0
  Max retries : 0
Thread 8
  #add        : 56772
    #added    : 26296
  #remove     : 48663
    #removed  : 26296
  #contains   : 5621
  #found      : 3027
  #aborts     : 0
    #lock-r   : 0
    #lock-w   : 0
    #val-r    : 0
    #val-w    : 0
    #val-c    : 0
    #inv-mem  : 0
  Max retries : 0
Thread 9
  #add        : 56220
    #added    : 26073
  #remove     : 48417
    #removed  : 26072
  #contains   : 5458
  #found      : 2948
  #aborts     : 0
    #lock-r   : 0
    #lock-w   : 0
    #val-r    : 0
    #val-w    : 0
    #val-c    : 0
    #inv-mem  : 0
  Max retries : 0
Thread 10
  #add        : 56860
    #added    : 26486
  #remove     : 49280
    #removed  : 26485
  #contains   : 5628
  #found      : 2963
  #aborts     : 0
    #lock-r   : 0
    #lock-w   : 0
    #val-r    : 0
    #val-w    : 0
    #val-c    : 0
    #inv-mem  : 0
  Max retries : 0
Thread 11
  #add        : 57123
    #added    : 26744
  #remove     : 49248
    #removed  : 26744
  #contains   : 5561
  #found      : 3058
  #aborts     : 0
    #lock-r   : 0
    #lock-w   : 0
    #val-r    : 0
    #val-w    : 0
    #val-c    : 0
    #inv-mem  : 0
  Max retries : 0
Thread 12
  #add        : 56412
    #added    : 26256
  #remove     : 48699
    #removed  : 26255
  #contains   : 5544
  #found      : 2974
  #aborts     : 0
    #lock-r   : 0
    #lock-w   : 0
    #val-r    : 0
    #val-w    : 0
    #val-c    : 0
    #inv-mem  : 0
  Max retries : 0
Thread 13
  #add        : 56136
    #added    : 26229
  #remove     : 48830
    #removed  : 26229
  #contains   : 5467
  #found      : 2948
  #aborts     : 0
    #lock-r   : 0
    #lock-w   : 0
    #val-r    : 0
    #val-w    : 0
    #val-c    : 0
    #inv-mem  : 0
  Max retries : 0
Thread 14
  #add        : 57590
    #added    : 26753
  #remove     : 49384
    #removed  : 26752
  #contains   : 5588
  #found      : 3037
  #aborts     : 0
    #lock-r   : 0
    #lock-w   : 0
    #val-r    : 0
    #val-w    : 0
    #val-c    : 0
    #inv-mem  : 0
  Max retries : 0
Thread 15
  #add        : 56340
    #added    : 26223
  #remove     : 48624
    #removed  : 26222
  #contains   : 5498
  #found      : 2938
  #aborts     : 0
    #lock-r   : 0
    #lock-w   : 0
    #val-r    : 0
    #val-w    : 0
    #val-c    : 0
    #inv-mem  : 0
  Max retries : 0
Set size      : 110 (expected: 110)
Duration      : 5000 (ms)
#txs          : 1773094 (354618.800000 / s)
#read txs     : 88778 (17755.600000 / s)
#eff. upd rate: 47.462909 
#update txs   : 1684316 (336863.200000 / s)
#aborts       : 0 (0.000000 / s)
  #lock-r     : 0 (0.000000 / s)
  #lock-w     : 0 (0.000000 / s)
  #val-r      : 0 (0.000000 / s)
  #val-w      : 0 (0.000000 / s)
  #val-c      : 0 (0.000000 / s)
  #inv-mem    : 0 (0.000000 / s)
Max retries   : 0
