Set type     : linked list
Length       : 5000
Initial size : 100
Nb threads   : 8
Value range  : 200
Seed         : 0
Update rate  : 15
Lock alg     : 1
Alternate    : 0
Effective    : 0
Type sizes   : int=4/long=8/ptr=8/word=8
Initializing STM
Adding 100 entries to set
Set size     : 100
Creating thread 0
Creating thread 1
Creating thread 2
Creating thread 3
Creating thread 4
Creating thread 5
Creating thread 6
Creating thread 7
STARTING...
STOPPING...
Thread 0
  #add        : 45509
    #added    : 21860
  #remove     : 41904
    #removed  : 21860
  #contains   : 492538
  #found      : 255951
  #aborts     : 0
    #lock-r   : 0
    #lock-w   : 0
    #val-r    : 0
    #val-w    : 0
    #val-c    : 0
    #inv-mem  : 0
  Max retries : 0
Thread 1
  #add        : 44058
    #added    : 21457
  #remove     : 40974
    #removed  : 21456
  #contains   : 479203
  #found      : 249108
  #aborts     : 0
    #lock-r   : 0
    #lock-w   : 0
    #val-r    : 0
    #val-w    : 0
    #val-c    : 0
    #inv-mem  : 0
  Max retries : 0
Thread 2
  #add        : 43826
    #added    : 21231
  #remove     : 40567
    #removed  : 21230
  #contains   : 475786
  #found      : 247493
  #aborts     : 0
    #lock-r   : 0
    #lock-w   : 0
    #val-r    : 0
    #val-w    : 0
    #val-c    : 0
    #inv-mem  : 0
  Max retries : 0
Thread 3
  #add        : 45724
    #added    : 21953
  #remove     : 41936
    #removed  : 21952
  #contains   : 496534
  #found      : 257647
  #aborts     : 0
    #lock-r   : 0
    #lock-w   : 0
    #val-r    : 0
    #val-w    : 0
    #val-c    : 0
    #inv-mem  : 0
  Max retries : 0
Thread 4
  #add        : 41570
    #added    : 20053
  #remove     : 38141
    #removed  : 20052
  #contains   : 452079
  #found      : 235018
  #aborts     : 0
    #lock-r   : 0
    #lock-w   : 0
    #val-r    : 0
    #val-w    : 0
    #val-c    : 0
    #inv-mem  : 0
  Max retries : 0
Thread 5
  #add        : 44456
    #added    : 21646
  #remove     : 41929
    #removed  : 21646
  #contains   : 489150
  #found      : 253406
  #aborts     : 0
    #lock-r   : 0
    #lock-w   : 0
    #val-r    : 0
    #val-w    : 0
    #val-c    : 0
    #inv-mem  : 0
  Max retries : 0
Thread 6
  #add        : 47282
    #added    : 22757
  #remove     : 43472
    #removed  : 22757
  #contains   : 513900
  #found      : 267381
  #aborts     : 0
    #lock-r   : 0
    #lock-w   : 0
    #val-r    : 0
    #val-w    : 0
    #val-c    : 0
    #inv-mem  : 0
  Max retries : 0
Thread 7
  #add        : 45169
    #added    : 21796
  #remove     : 41616
    #removed  : 21795
  #contains   : 493298
  #found      : 256312
  #aborts     : 0
    #lock-r   : 0
    #lock-w   : 0
    #val-r    : 0
    #val-w    : 0
    #val-c    : 0
    #inv-mem  : 0
  Max retries : 0
Set size      : 105 (expected: 105)
Duration      : 5000 (ms)
#txs          : 4580621 (916124.200000 / s)
#read txs     : 3892488 (778497.600000 / s)
#eff. upd rate: 7.542667 
#update txs   : 688133 (137626.600000 / s)
#aborts       : 0 (0.000000 / s)
  #lock-r     : 0 (0.000000 / s)
  #lock-w     : 0 (0.000000 / s)
  #val-r      : 0 (0.000000 / s)
  #val-w      : 0 (0.000000 / s)
  #val-c      : 0 (0.000000 / s)
  #inv-mem    : 0 (0.000000 / s)
Max retries   : 0
