Set type     : linked list
Length       : 5000
Initial size : 100
Nb threads   : 16
Value range  : 200
Seed         : 0
Update rate  : 50
Lock alg     : 1
Alternate    : 0
Effective    : 0
Type sizes   : int=4/long=8/ptr=8/word=8
Initializing STM
Adding 100 entries to set
Set size     : 100
Creating thread 0
Creating thread 1
Creating thread 2
Creating thread 3
Creating thread 4
Creating thread 5
Creating thread 6
Creating thread 7
Creating thread 8
Creating thread 9
Creating thread 10
Creating thread 11
Creating thread 12
Creating thread 13
Creating thread 14
Creating thread 15
STARTING...
STOPPING...
Thread 0
  #add        : 50318
    #added    : 23298
  #remove     : 43012
    #removed  : 23298
  #contains   : 93514
  #found      : 50285
  #aborts     : 0
    #lock-r   : 0
    #lock-w   : 0
    #val-r    : 0
    #val-w    : 0
    #val-c    : 0
    #inv-mem  : 0
  Max retries : 0
Thread 1
  #add        : 50329
    #added    : 23485
  #remove     : 43251
    #removed  : 23484
  #contains   : 92958
  #found      : 50119
  #aborts     : 0
    #lock-r   : 0
    #lock-w   : 0
    #val-r    : 0
    #val-w    : 0
    #val-c    : 0
    #inv-mem  : 0
  Max retries : 0
Thread 2
  #add        : 50633
    #added    : 23560
  #remove     : 43691
    #removed  : 23559
  #contains   : 94543
  #found      : 51070
  #aborts     : 0
    #lock-r   : 0
    #lock-w   : 0
    #val-r    : 0
    #val-w    : 0
    #val-c    : 0
    #inv-mem  : 0
  Max retries : 0
Thread 3
  #add        : 50719
    #added    : 23646
  #remove     : 43729
    #removed  : 23646
  #contains   : 94381
  #found      : 50719
  #aborts     : 0
    #lock-r   : 0
    #lock-w   : 0
    #val-r    : 0
    #val-w    : 0
    #val-c    : 0
    #inv-mem  : 0
  Max retries : 0
Thread 4
  #add        : 50717
    #added    : 23477
  #remove     : 43806
    #removed  : 23477
  #contains   : 94388
  #found      : 50672
  #aborts     : 0
    #lock-r   : 0
    #lock-w   : 0
    #val-r    : 0
    #val-w    : 0
    #val-c    : 0
    #inv-mem  : 0
  Max retries : 0
Thread 5
  #add        : 50649
    #added    : 23490
  #remove     : 43736
    #removed  : 23490
  #contains   : 94076
  #found      : 50496
  #aborts     : 0
    #lock-r   : 0
    #lock-w   : 0
    #val-r    : 0
    #val-w    : 0
    #val-c    : 0
    #inv-mem  : 0
  Max retries : 0
Thread 6
  #add        : 50799
    #added    : 23861
  #remove     : 44139
    #removed  : 23860
  #contains   : 94571
  #found      : 50685
  #aborts     : 0
    #lock-r   : 0
    #lock-w   : 0
    #val-r    : 0
    #val-w    : 0
    #val-c    : 0
    #inv-mem  : 0
  Max retries : 0
Thread 7
  #add        : 50672
    #added    : 23755
  #remove     : 44033
    #removed  : 23755
  #contains   : 93599
  #found      : 50181
  #aborts     : 0
    #lock-r   : 0
    #lock-w   : 0
    #val-r    : 0
    #val-w    : 0
    #val-c    : 0
    #inv-mem  : 0
  Max retries : 0
Thread 8
  #add        : 50849
    #added    : 23720
  #remove     : 44223
    #removed  : 23719
  #contains   : 94772
  #found      : 50710
  #aborts     : 0
    #lock-r   : 0
    #lock-w   : 0
    #val-r    : 0
    #val-w    : 0
    #val-c    : 0
    #inv-mem  : 0
  Max retries : 0
Thread 9
  #add        : 51340
    #added    : 23862
  #remove     : 44068
    #removed  : 23861
  #contains   : 95279
  #found      : 51064
  #aborts     : 0
    #lock-r   : 0
    #lock-w   : 0
    #val-r    : 0
    #val-w    : 0
    #val-c    : 0
    #inv-mem  : 0
  Max retries : 0
Thread 10
  #add        : 52880
    #added    : 24562
  #remove     : 46212
    #removed  : 24562
  #contains   : 99155
  #found      : 53250
  #aborts     : 0
    #lock-r   : 0
    #lock-w   : 0
    #val-r    : 0
    #val-w    : 0
    #val-c    : 0
    #inv-mem  : 0
  Max retries : 0
Thread 11
  #add        : 50382
    #added    : 23482
  #remove     : 43631
    #removed  : 23481
  #contains   : 93981
  #found      : 50780
  #aborts     : 0
    #lock-r   : 0
    #lock-w   : 0
    #val-r    : 0
    #val-w    : 0
    #val-c    : 0
    #inv-mem  : 0
  Max retries : 0
Thread 12
  #add        : 49825
    #added    : 22996
  #remove     : 42369
    #removed  : 22995
  #contains   : 92789
  #found      : 49734
  #aborts     : 0
    #lock-r   : 0
    #lock-w   : 0
    #val-r    : 0
    #val-w    : 0
    #val-c    : 0
    #inv-mem  : 0
  Max retries : 0
Thread 13
  #add        : 51096
    #added    : 23754
  #remove     : 43877
    #removed  : 23754
  #contains   : 94663
  #found      : 50510
  #aborts     : 0
    #lock-r   : 0
    #lock-w   : 0
    #val-r    : 0
    #val-w    : 0
    #val-c    : 0
    #inv-mem  : 0
  Max retries : 0
Thread 14
  #add        : 50427
    #added    : 23570
  #remove     : 43794
    #removed  : 23569
  #contains   : 94613
  #found      : 50879
  #aborts     : 0
    #lock-r   : 0
    #lock-w   : 0
    #val-r    : 0
    #val-w    : 0
    #val-c    : 0
    #inv-mem  : 0
  Max retries : 0
Thread 15
  #add        : 50110
    #added    : 23293
  #remove     : 43178
    #removed  : 23292
  #contains   : 93113
  #found      : 50089
  #aborts     : 0
    #lock-r   : 0
    #lock-w   : 0
    #val-r    : 0
    #val-w    : 0
    #val-c    : 0
    #inv-mem  : 0
  Max retries : 0
Set size      : 109 (expected: 109)
Duration      : 5000 (ms)
#txs          : 3022889 (604577.800000 / s)
#read txs     : 1510395 (302079.000000 / s)
#eff. upd rate: 24.996386 
#update txs   : 1512494 (302498.800000 / s)
#aborts       : 0 (0.000000 / s)
  #lock-r     : 0 (0.000000 / s)
  #lock-w     : 0 (0.000000 / s)
  #val-r      : 0 (0.000000 / s)
  #val-w      : 0 (0.000000 / s)
  #val-c      : 0 (0.000000 / s)
  #inv-mem    : 0 (0.000000 / s)
Max retries   : 0
