Set type     : linked list
Length       : 5000
Initial size : 100
Nb threads   : 16
Value range  : 200
Seed         : 0
Update rate  : 60
Lock alg     : 1
Alternate    : 0
Effective    : 0
Type sizes   : int=4/long=8/ptr=8/word=8
Initializing STM
Adding 100 entries to set
Set size     : 100
Creating thread 0
Creating thread 1
Creating thread 2
Creating thread 3
Creating thread 4
Creating thread 5
Creating thread 6
Creating thread 7
Creating thread 8
Creating thread 9
Creating thread 10
Creating thread 11
Creating thread 12
Creating thread 13
Creating thread 14
Creating thread 15
STARTING...
STOPPING...
Thread 0
  #add        : 53214
    #added    : 24498
  #remove     : 45288
    #removed  : 24497
  #contains   : 65202
  #found      : 34957
  #aborts     : 0
    #lock-r   : 0
    #lock-w   : 0
    #val-r    : 0
    #val-w    : 0
    #val-c    : 0
    #inv-mem  : 0
  Max retries : 0
Thread 1
  #add        : 51725
    #added    : 24199
  #remove     : 44429
    #removed  : 24199
  #contains   : 64311
  #found      : 34600
  #aborts     : 0
    #lock-r   : 0
    #lock-w   : 0
    #val-r    : 0
    #val-w    : 0
    #val-c    : 0
    #inv-mem  : 0
  Max retries : 0
Thread 2
  #add        : 51567
    #added    : 23964
  #remove     : 44493
    #removed  : 23964
  #contains   : 64070
  #found      : 34319
  #aborts     : 0
    #lock-r   : 0
    #lock-w   : 0
    #val-r    : 0
    #val-w    : 0
    #val-c    : 0
    #inv-mem  : 0
  Max retries : 0
Thread 3
  #add        : 51961
    #added    : 24286
  #remove     : 44913
    #removed  : 24285
  #contains   : 64711
  #found      : 34971
  #aborts     : 0
    #lock-r   : 0
    #lock-w   : 0
    #val-r    : 0
    #val-w    : 0
    #val-c    : 0
    #inv-mem  : 0
  Max retries : 0
Thread 4
  #add        : 51785
    #added    : 24197
  #remove     : 44877
    #removed  : 24196
  #contains   : 64540
  #found      : 34460
  #aborts     : 0
    #lock-r   : 0
    #lock-w   : 0
    #val-r    : 0
    #val-w    : 0
    #val-c    : 0
    #inv-mem  : 0
  Max retries : 0
Thread 5
  #add        : 52876
    #added    : 24649
  #remove     : 45524
    #removed  : 24649
  #contains   : 65042
  #found      : 34967
  #aborts     : 0
    #lock-r   : 0
    #lock-w   : 0
    #val-r    : 0
    #val-w    : 0
    #val-c    : 0
    #inv-mem  : 0
  Max retries : 0
Thread 6
  #add        : 52114
    #added    : 24277
  #remove     : 44663
    #removed  : 24277
  #contains   : 63852
  #found      : 34126
  #aborts     : 0
    #lock-r   : 0
    #lock-w   : 0
    #val-r    : 0
    #val-w    : 0
    #val-c    : 0
    #inv-mem  : 0
  Max retries : 0
Thread 7
  #add        : 53262
    #added    : 24739
  #remove     : 45912
    #removed  : 24738
  #contains   : 65895
  #found      : 35369
  #aborts     : 0
    #lock-r   : 0
    #lock-w   : 0
    #val-r    : 0
    #val-w    : 0
    #val-c    : 0
    #inv-mem  : 0
  Max retries : 0
Thread 8
  #add        : 51697
    #added    : 23827
  #remove     : 43992
    #removed  : 23826
  #contains   : 63890
  #found      : 34363
  #aborts     : 0
    #lock-r   : 0
    #lock-w   : 0
    #val-r    : 0
    #val-w    : 0
    #val-c    : 0
    #inv-mem  : 0
  Max retries : 0
Thread 9
  #add        : 52053
    #added    : 24307
  #remove     : 45175
    #removed  : 24307
  #contains   : 64679
  #found      : 34836
  #aborts     : 0
    #lock-r   : 0
    #lock-w   : 0
    #val-r    : 0
    #val-w    : 0
    #val-c    : 0
    #inv-mem  : 0
  Max retries : 0
Thread 10
  #add        : 51270
    #added    : 24151
  #remove     : 44781
    #removed  : 24151
  #contains   : 63564
  #found      : 34144
  #aborts     : 0
    #lock-r   : 0
    #lock-w   : 0
    #val-r    : 0
    #val-w    : 0
    #val-c    : 0
    #inv-mem  : 0
  Max retries : 0
Thread 11
  #add        : 52457
    #added    : 24234
  #remove     : 44777
    #removed  : 24233
  #contains   : 64847
  #found      : 34772
  #aborts     : 0
    #lock-r   : 0
    #lock-w   : 0
    #val-r    : 0
    #val-w    : 0
    #val-c    : 0
    #inv-mem  : 0
  Max retries : 0
Thread 12
  #add        : 51364
    #added    : 23941
  #remove     : 44639
    #removed  : 23940
  #contains   : 63959
  #found      : 34558
  #aborts     : 0
    #lock-r   : 0
    #lock-w   : 0
    #val-r    : 0
    #val-w    : 0
    #val-c    : 0
    #inv-mem  : 0
  Max retries : 0
Thread 13
  #add        : 51847
    #added    : 24128
  #remove     : 45100
    #removed  : 24127
  #contains   : 64797
  #found      : 34874
  #aborts     : 0
    #lock-r   : 0
    #lock-w   : 0
    #val-r    : 0
    #val-w    : 0
    #val-c    : 0
    #inv-mem  : 0
  Max retries : 0
Thread 14
  #add        : 52063
    #added    : 24328
  #remove     : 45027
    #removed  : 24328
  #contains   : 64544
  #found      : 34364
  #aborts     : 0
    #lock-r   : 0
    #lock-w   : 0
    #val-r    : 0
    #val-w    : 0
    #val-c    : 0
    #inv-mem  : 0
  Max retries : 0
Thread 15
  #add        : 52323
    #added    : 24332
  #remove     : 44917
    #removed  : 24331
  #contains   : 65067
  #found      : 35059
  #aborts     : 0
    #lock-r   : 0
    #lock-w   : 0
    #val-r    : 0
    #val-w    : 0
    #val-c    : 0
    #inv-mem  : 0
  Max retries : 0
Set size      : 109 (expected: 109)
Duration      : 5000 (ms)
#txs          : 2585055 (517011.000000 / s)
#read txs     : 1032970 (206594.000000 / s)
#eff. upd rate: 30.022765 
#update txs   : 1552085 (310417.000000 / s)
#aborts       : 0 (0.000000 / s)
  #lock-r     : 0 (0.000000 / s)
  #lock-w     : 0 (0.000000 / s)
  #val-r      : 0 (0.000000 / s)
  #val-w      : 0 (0.000000 / s)
  #val-c      : 0 (0.000000 / s)
  #inv-mem    : 0 (0.000000 / s)
Max retries   : 0
