Set type     : linked list
Length       : 5000
Initial size : 100
Nb threads   : 16
Value range  : 200
Seed         : 0
Update rate  : 15
Lock alg     : 1
Alternate    : 0
Effective    : 0
Type sizes   : int=4/long=8/ptr=8/word=8
Initializing STM
Adding 100 entries to set
Set size     : 100
Creating thread 0
Creating thread 1
Creating thread 2
Creating thread 3
Creating thread 4
Creating thread 5
Creating thread 6
Creating thread 7
Creating thread 8
Creating thread 9
Creating thread 10
Creating thread 11
Creating thread 12
Creating thread 13
Creating thread 14
Creating thread 15
STARTING...
STOPPING...
Thread 0
  #add        : 18760
    #added    : 8662
  #remove     : 16002
    #removed  : 8662
  #contains   : 197332
  #found      : 106022
  #aborts     : 0
    #lock-r   : 0
    #lock-w   : 0
    #val-r    : 0
    #val-w    : 0
    #val-c    : 0
    #inv-mem  : 0
  Max retries : 0
Thread 1
  #add        : 18897
    #added    : 8766
  #remove     : 16404
    #removed  : 8765
  #contains   : 200921
  #found      : 107733
  #aborts     : 0
    #lock-r   : 0
    #lock-w   : 0
    #val-r    : 0
    #val-w    : 0
    #val-c    : 0
    #inv-mem  : 0
  Max retries : 0
Thread 2
  #add        : 18084
    #added    : 8406
  #remove     : 15734
    #removed  : 8405
  #contains   : 192612
  #found      : 103156
  #aborts     : 0
    #lock-r   : 0
    #lock-w   : 0
    #val-r    : 0
    #val-w    : 0
    #val-c    : 0
    #inv-mem  : 0
  Max retries : 0
Thread 3
  #add        : 18959
    #added    : 8830
  #remove     : 16264
    #removed  : 8830
  #contains   : 201133
  #found      : 107925
  #aborts     : 0
    #lock-r   : 0
    #lock-w   : 0
    #val-r    : 0
    #val-w    : 0
    #val-c    : 0
    #inv-mem  : 0
  Max retries : 0
Thread 4
  #add        : 18842
    #added    : 8865
  #remove     : 16473
    #removed  : 8865
  #contains   : 198939
  #found      : 106844
  #aborts     : 0
    #lock-r   : 0
    #lock-w   : 0
    #val-r    : 0
    #val-w    : 0
    #val-c    : 0
    #inv-mem  : 0
  Max retries : 0
Thread 5
  #add        : 18705
    #added    : 8724
  #remove     : 16097
    #removed  : 8724
  #contains   : 196604
  #found      : 105228
  #aborts     : 0
    #lock-r   : 0
    #lock-w   : 0
    #val-r    : 0
    #val-w    : 0
    #val-c    : 0
    #inv-mem  : 0
  Max retries : 0
Thread 6
  #add        : 18649
    #added    : 8805
  #remove     : 16387
    #removed  : 8804
  #contains   : 198716
  #found      : 106207
  #aborts     : 0
    #lock-r   : 0
    #lock-w   : 0
    #val-r    : 0
    #val-w    : 0
    #val-c    : 0
    #inv-mem  : 0
  Max retries : 0
Thread 7
  #add        : 18934
    #added    : 8829
  #remove     : 16487
    #removed  : 8829
  #contains   : 200801
  #found      : 107972
  #aborts     : 0
    #lock-r   : 0
    #lock-w   : 0
    #val-r    : 0
    #val-w    : 0
    #val-c    : 0
    #inv-mem  : 0
  Max retries : 0
Thread 8
  #add        : 19307
    #added    : 8900
  #remove     : 16706
    #removed  : 8900
  #contains   : 201933
  #found      : 108488
  #aborts     : 0
    #lock-r   : 0
    #lock-w   : 0
    #val-r    : 0
    #val-w    : 0
    #val-c    : 0
    #inv-mem  : 0
  Max retries : 0
Thread 9
  #add        : 18863
    #added    : 8720
  #remove     : 16259
    #removed  : 8719
  #contains   : 198310
  #found      : 106915
  #aborts     : 0
    #lock-r   : 0
    #lock-w   : 0
    #val-r    : 0
    #val-w    : 0
    #val-c    : 0
    #inv-mem  : 0
  Max retries : 0
Thread 10
  #add        : 19261
    #added    : 8996
  #remove     : 16655
    #removed  : 8995
  #contains   : 200924
  #found      : 107599
  #aborts     : 0
    #lock-r   : 0
    #lock-w   : 0
    #val-r    : 0
    #val-w    : 0
    #val-c    : 0
    #inv-mem  : 0
  Max retries : 0
Thread 11
  #add        : 18535
    #added    : 8645
  #remove     : 15976
    #removed  : 8645
  #contains   : 195812
  #found      : 105267
  #aborts     : 0
    #lock-r   : 0
    #lock-w   : 0
    #val-r    : 0
    #val-w    : 0
    #val-c    : 0
    #inv-mem  : 0
  Max retries : 0
Thread 12
  #add        : 18568
    #added    : 8615
  #remove     : 15814
    #removed  : 8614
  #contains   : 195441
  #found      : 104979
  #aborts     : 0
    #lock-r   : 0
    #lock-w   : 0
    #val-r    : 0
    #val-w    : 0
    #val-c    : 0
    #inv-mem  : 0
  Max retries : 0
Thread 13
  #add        : 17600
    #added    : 8156
  #remove     : 15115
    #removed  : 8155
  #contains   : 185342
  #found      : 99443
  #aborts     : 0
    #lock-r   : 0
    #lock-w   : 0
    #val-r    : 0
    #val-w    : 0
    #val-c    : 0
    #inv-mem  : 0
  Max retries : 0
Thread 14
  #add        : 18967
    #added    : 8780
  #remove     : 16228
    #removed  : 8779
  #contains   : 197940
  #found      : 106550
  #aborts     : 0
    #lock-r   : 0
    #lock-w   : 0
    #val-r    : 0
    #val-w    : 0
    #val-c    : 0
    #inv-mem  : 0
  Max retries : 0
Thread 15
  #add        : 19324
    #added    : 8919
  #remove     : 16567
    #removed  : 8918
  #contains   : 204220
  #found      : 109828
  #aborts     : 0
    #lock-r   : 0
    #lock-w   : 0
    #val-r    : 0
    #val-w    : 0
    #val-c    : 0
    #inv-mem  : 0
  Max retries : 0
Set size      : 109 (expected: 109)
Duration      : 5000 (ms)
#txs          : 3726403 (745280.600000 / s)
#read txs     : 3166980 (633396.000000 / s)
#eff. upd rate: 7.493205 
#update txs   : 559423 (111884.600000 / s)
#aborts       : 0 (0.000000 / s)
  #lock-r     : 0 (0.000000 / s)
  #lock-w     : 0 (0.000000 / s)
  #val-r      : 0 (0.000000 / s)
  #val-w      : 0 (0.000000 / s)
  #val-c      : 0 (0.000000 / s)
  #inv-mem    : 0 (0.000000 / s)
Max retries   : 0
