Set type     : linked list
Length       : 5000
Initial size : 100
Nb threads   : 16
Value range  : 200
Seed         : 0
Update rate  : 80
Lock alg     : 1
Alternate    : 0
Effective    : 0
Type sizes   : int=4/long=8/ptr=8/word=8
Initializing STM
Adding 100 entries to set
Set size     : 100
Creating thread 0
Creating thread 1
Creating thread 2
Creating thread 3
Creating thread 4
Creating thread 5
Creating thread 6
Creating thread 7
Creating thread 8
Creating thread 9
Creating thread 10
Creating thread 11
Creating thread 12
Creating thread 13
Creating thread 14
Creating thread 15
STARTING...
STOPPING...
Thread 0
  #add        : 72695
    #added    : 33785
  #remove     : 63189
    #removed  : 33785
  #contains   : 33981
  #found      : 18377
  #aborts     : 0
    #lock-r   : 0
    #lock-w   : 0
    #val-r    : 0
    #val-w    : 0
    #val-c    : 0
    #inv-mem  : 0
  Max retries : 0
Thread 1
  #add        : 71769
    #added    : 33509
  #remove     : 62067
    #removed  : 33508
  #contains   : 33520
  #found      : 18096
  #aborts     : 0
    #lock-r   : 0
    #lock-w   : 0
    #val-r    : 0
    #val-w    : 0
    #val-c    : 0
    #inv-mem  : 0
  Max retries : 0
Thread 2
  #add        : 73126
    #added    : 33763
  #remove     : 62464
    #removed  : 33763
  #contains   : 33604
  #found      : 18091
  #aborts     : 0
    #lock-r   : 0
    #lock-w   : 0
    #val-r    : 0
    #val-w    : 0
    #val-c    : 0
    #inv-mem  : 0
  Max retries : 0
Thread 3
  #add        : 72052
    #added    : 33689
  #remove     : 62394
    #removed  : 33688
  #contains   : 33666
  #found      : 18167
  #aborts     : 0
    #lock-r   : 0
    #lock-w   : 0
    #val-r    : 0
    #val-w    : 0
    #val-c    : 0
    #inv-mem  : 0
  Max retries : 0
Thread 4
  #add        : 72565
    #added    : 34018
  #remove     : 62998
    #removed  : 34018
  #contains   : 33679
  #found      : 18289
  #aborts     : 0
    #lock-r   : 0
    #lock-w   : 0
    #val-r    : 0
    #val-w    : 0
    #val-c    : 0
    #inv-mem  : 0
  Max retries : 0
Thread 5
  #add        : 72168
    #added    : 33665
  #remove     : 62412
    #removed  : 33664
  #contains   : 33614
  #found      : 17959
  #aborts     : 0
    #lock-r   : 0
    #lock-w   : 0
    #val-r    : 0
    #val-w    : 0
    #val-c    : 0
    #inv-mem  : 0
  Max retries : 0
Thread 6
  #add        : 74129
    #added    : 34332
  #remove     : 63384
    #removed  : 34331
  #contains   : 34053
  #found      : 18246
  #aborts     : 0
    #lock-r   : 0
    #lock-w   : 0
    #val-r    : 0
    #val-w    : 0
    #val-c    : 0
    #inv-mem  : 0
  Max retries : 0
Thread 7
  #add        : 72388
    #added    : 33630
  #remove     : 62195
    #removed  : 33629
  #contains   : 33417
  #found      : 17957
  #aborts     : 0
    #lock-r   : 0
    #lock-w   : 0
    #val-r    : 0
    #val-w    : 0
    #val-c    : 0
    #inv-mem  : 0
  Max retries : 0
Thread 8
  #add        : 71842
    #added    : 33540
  #remove     : 62991
    #removed  : 33539
  #contains   : 33821
  #found      : 18190
  #aborts     : 0
    #lock-r   : 0
    #lock-w   : 0
    #val-r    : 0
    #val-w    : 0
    #val-c    : 0
    #inv-mem  : 0
  Max retries : 0
Thread 9
  #add        : 71956
    #added    : 33408
  #remove     : 61731
    #removed  : 33408
  #contains   : 33765
  #found      : 18107
  #aborts     : 0
    #lock-r   : 0
    #lock-w   : 0
    #val-r    : 0
    #val-w    : 0
    #val-c    : 0
    #inv-mem  : 0
  Max retries : 0
Thread 10
  #add        : 73380
    #added    : 34134
  #remove     : 63384
    #removed  : 34134
  #contains   : 34204
  #found      : 18369
  #aborts     : 0
    #lock-r   : 0
    #lock-w   : 0
    #val-r    : 0
    #val-w    : 0
    #val-c    : 0
    #inv-mem  : 0
  Max retries : 0
Thread 11
  #add        : 76465
    #added    : 35454
  #remove     : 65512
    #removed  : 35454
  #contains   : 35523
  #found      : 18926
  #aborts     : 0
    #lock-r   : 0
    #lock-w   : 0
    #val-r    : 0
    #val-w    : 0
    #val-c    : 0
    #inv-mem  : 0
  Max retries : 0
Thread 12
  #add        : 71378
    #added    : 33039
  #remove     : 61238
    #removed  : 33039
  #contains   : 33568
  #found      : 17970
  #aborts     : 0
    #lock-r   : 0
    #lock-w   : 0
    #val-r    : 0
    #val-w    : 0
    #val-c    : 0
    #inv-mem  : 0
  Max retries : 0
Thread 13
  #add        : 72135
    #added    : 33610
  #remove     : 62538
    #removed  : 33610
  #contains   : 33774
  #found      : 18113
  #aborts     : 0
    #lock-r   : 0
    #lock-w   : 0
    #val-r    : 0
    #val-w    : 0
    #val-c    : 0
    #inv-mem  : 0
  Max retries : 0
Thread 14
  #add        : 72872
    #added    : 33847
  #remove     : 62375
    #removed  : 33847
  #contains   : 33905
  #found      : 18355
  #aborts     : 0
    #lock-r   : 0
    #lock-w   : 0
    #val-r    : 0
    #val-w    : 0
    #val-c    : 0
    #inv-mem  : 0
  Max retries : 0
Thread 15
  #add        : 72124
    #added    : 33647
  #remove     : 62092
    #removed  : 33647
  #contains   : 33389
  #found      : 17999
  #aborts     : 0
    #lock-r   : 0
    #lock-w   : 0
    #val-r    : 0
    #val-w    : 0
    #val-c    : 0
    #inv-mem  : 0
  Max retries : 0
Set size      : 106 (expected: 106)
Duration      : 5000 (ms)
#txs          : 2707491 (541498.200000 / s)
#read txs     : 541483 (108296.600000 / s)
#eff. upd rate: 39.968148 
#update txs   : 2166008 (433201.600000 / s)
#aborts       : 0 (0.000000 / s)
  #lock-r     : 0 (0.000000 / s)
  #lock-w     : 0 (0.000000 / s)
  #val-r      : 0 (0.000000 / s)
  #val-w      : 0 (0.000000 / s)
  #val-c      : 0 (0.000000 / s)
  #inv-mem    : 0 (0.000000 / s)
Max retries   : 0
