Set type     : linked list
Length       : 5000
Initial size : 100
Nb threads   : 16
Value range  : 200
Seed         : 0
Update rate  : 25
Lock alg     : 1
Alternate    : 0
Effective    : 0
Type sizes   : int=4/long=8/ptr=8/word=8
Initializing STM
Adding 100 entries to set
Set size     : 100
Creating thread 0
Creating thread 1
Creating thread 2
Creating thread 3
Creating thread 4
Creating thread 5
Creating thread 6
Creating thread 7
Creating thread 8
Creating thread 9
Creating thread 10
Creating thread 11
Creating thread 12
Creating thread 13
Creating thread 14
Creating thread 15
STARTING...
STOPPING...
Thread 0
  #add        : 33023
    #added    : 15315
  #remove     : 28274
    #removed  : 15315
  #contains   : 183235
  #found      : 98435
  #aborts     : 0
    #lock-r   : 0
    #lock-w   : 0
    #val-r    : 0
    #val-w    : 0
    #val-c    : 0
    #inv-mem  : 0
  Max retries : 0
Thread 1
  #add        : 32077
    #added    : 14935
  #remove     : 27661
    #removed  : 14935
  #contains   : 179755
  #found      : 96410
  #aborts     : 0
    #lock-r   : 0
    #lock-w   : 0
    #val-r    : 0
    #val-w    : 0
    #val-c    : 0
    #inv-mem  : 0
  Max retries : 0
Thread 2
  #add        : 31159
    #added    : 14383
  #remove     : 26745
    #removed  : 14383
  #contains   : 174358
  #found      : 93953
  #aborts     : 0
    #lock-r   : 0
    #lock-w   : 0
    #val-r    : 0
    #val-w    : 0
    #val-c    : 0
    #inv-mem  : 0
  Max retries : 0
Thread 3
  #add        : 32174
    #added    : 15052
  #remove     : 27724
    #removed  : 15052
  #contains   : 180256
  #found      : 96988
  #aborts     : 0
    #lock-r   : 0
    #lock-w   : 0
    #val-r    : 0
    #val-w    : 0
    #val-c    : 0
    #inv-mem  : 0
  Max retries : 0
Thread 4
  #add        : 33054
    #added    : 15484
  #remove     : 28641
    #removed  : 15483
  #contains   : 184951
  #found      : 99518
  #aborts     : 0
    #lock-r   : 0
    #lock-w   : 0
    #val-r    : 0
    #val-w    : 0
    #val-c    : 0
    #inv-mem  : 0
  Max retries : 0
Thread 5
  #add        : 34530
    #added    : 16182
  #remove     : 30027
    #removed  : 16181
  #contains   : 194238
  #found      : 104365
  #aborts     : 0
    #lock-r   : 0
    #lock-w   : 0
    #val-r    : 0
    #val-w    : 0
    #val-c    : 0
    #inv-mem  : 0
  Max retries : 0
Thread 6
  #add        : 33882
    #added    : 15775
  #remove     : 29409
    #removed  : 15774
  #contains   : 191285
  #found      : 102421
  #aborts     : 0
    #lock-r   : 0
    #lock-w   : 0
    #val-r    : 0
    #val-w    : 0
    #val-c    : 0
    #inv-mem  : 0
  Max retries : 0
Thread 7
  #add        : 32632
    #added    : 15224
  #remove     : 28116
    #removed  : 15224
  #contains   : 183279
  #found      : 98451
  #aborts     : 0
    #lock-r   : 0
    #lock-w   : 0
    #val-r    : 0
    #val-w    : 0
    #val-c    : 0
    #inv-mem  : 0
  Max retries : 0
Thread 8
  #add        : 34747
    #added    : 16104
  #remove     : 29882
    #removed  : 16104
  #contains   : 193980
  #found      : 104225
  #aborts     : 0
    #lock-r   : 0
    #lock-w   : 0
    #val-r    : 0
    #val-w    : 0
    #val-c    : 0
    #inv-mem  : 0
  Max retries : 0
Thread 9
  #add        : 33134
    #added    : 15433
  #remove     : 28622
    #removed  : 15433
  #contains   : 185093
  #found      : 99244
  #aborts     : 0
    #lock-r   : 0
    #lock-w   : 0
    #val-r    : 0
    #val-w    : 0
    #val-c    : 0
    #inv-mem  : 0
  Max retries : 0
Thread 10
  #add        : 31941
    #added    : 14825
  #remove     : 27208
    #removed  : 14825
  #contains   : 178409
  #found      : 95866
  #aborts     : 0
    #lock-r   : 0
    #lock-w   : 0
    #val-r    : 0
    #val-w    : 0
    #val-c    : 0
    #inv-mem  : 0
  Max retries : 0
Thread 11
  #add        : 35088
    #added    : 16478
  #remove     : 30364
    #removed  : 16478
  #contains   : 195754
  #found      : 105015
  #aborts     : 0
    #lock-r   : 0
    #lock-w   : 0
    #val-r    : 0
    #val-w    : 0
    #val-c    : 0
    #inv-mem  : 0
  Max retries : 0
Thread 12
  #add        : 35216
    #added    : 16301
  #remove     : 30128
    #removed  : 16301
  #contains   : 194900
  #found      : 104604
  #aborts     : 0
    #lock-r   : 0
    #lock-w   : 0
    #val-r    : 0
    #val-w    : 0
    #val-c    : 0
    #inv-mem  : 0
  Max retries : 0
Thread 13
  #add        : 30317
    #added    : 14147
  #remove     : 26280
    #removed  : 14147
  #contains   : 169147
  #found      : 90724
  #aborts     : 0
    #lock-r   : 0
    #lock-w   : 0
    #val-r    : 0
    #val-w    : 0
    #val-c    : 0
    #inv-mem  : 0
  Max retries : 0
Thread 14
  #add        : 32497
    #added    : 15101
  #remove     : 27921
    #removed  : 15101
  #contains   : 181064
  #found      : 97255
  #aborts     : 0
    #lock-r   : 0
    #lock-w   : 0
    #val-r    : 0
    #val-w    : 0
    #val-c    : 0
    #inv-mem  : 0
  Max retries : 0
Thread 15
  #add        : 33363
    #added    : 15546
  #remove     : 28907
    #removed  : 15545
  #contains   : 186463
  #found      : 100393
  #aborts     : 0
    #lock-r   : 0
    #lock-w   : 0
    #val-r    : 0
    #val-w    : 0
    #val-c    : 0
    #inv-mem  : 0
  Max retries : 0
Set size      : 104 (expected: 104)
Duration      : 5000 (ms)
#txs          : 3940910 (788182.000000 / s)
#read txs     : 2956167 (591233.400000 / s)
#eff. upd rate: 12.498788 
#update txs   : 984743 (196948.600000 / s)
#aborts       : 0 (0.000000 / s)
  #lock-r     : 0 (0.000000 / s)
  #lock-w     : 0 (0.000000 / s)
  #val-r      : 0 (0.000000 / s)
  #val-w      : 0 (0.000000 / s)
  #val-c      : 0 (0.000000 / s)
  #inv-mem    : 0 (0.000000 / s)
Max retries   : 0
