Set type     : linked list
Length       : 5000
Initial size : 100
Nb threads   : 2
Value range  : 200
Seed         : 0
Update rate  : 65
Lock alg     : 1
Alternate    : 0
Effective    : 0
Type sizes   : int=4/long=8/ptr=8/word=8
Initializing STM
Adding 100 entries to set
Set size     : 100
Creating thread 0
Creating thread 1
STARTING...
STOPPING...
Thread 0
  #add        : 1371946
    #added    : 682703
  #remove     : 1343762
    #removed  : 682703
  #contains   : 1464006
  #found      : 739541
  #aborts     : 0
    #lock-r   : 0
    #lock-w   : 0
    #val-r    : 0
    #val-w    : 0
    #val-c    : 0
    #inv-mem  : 0
  Max retries : 0
Thread 1
  #add        : 1377151
    #added    : 685400
  #remove     : 1351145
    #removed  : 685399
  #contains   : 1470309
  #found      : 743288
  #aborts     : 0
    #lock-r   : 0
    #lock-w   : 0
    #val-r    : 0
    #val-w    : 0
    #val-c    : 0
    #inv-mem  : 0
  Max retries : 0
Set size      : 101 (expected: 101)
Duration      : 5000 (ms)
#txs          : 8378319 (1675663.800000 / s)
#read txs     : 2934315 (586863.000000 / s)
#eff. upd rate: 32.658162 
#update txs   : 5444004 (1088800.800000 / s)
#aborts       : 0 (0.000000 / s)
  #lock-r     : 0 (0.000000 / s)
  #lock-w     : 0 (0.000000 / s)
  #val-r      : 0 (0.000000 / s)
  #val-w      : 0 (0.000000 / s)
  #val-c      : 0 (0.000000 / s)
  #inv-mem    : 0 (0.000000 / s)
Max retries   : 0
