Set type     : linked list
Length       : 5000
Initial size : 8000
Nb threads   : 1
Value range  : 16000
Seed         : 0
Update rate  : 85
Lock alg     : 1
Alternate    : 0
Effective    : 0
Type sizes   : int=4/long=8/ptr=8/word=8
Initializing STM
Adding 8000 entries to set
Set size     : 8000
Creating thread 0
STARTING...
STOPPING...
Thread 0
  #add        : 85007
    #added    : 42519
  #remove     : 85131
    #removed  : 42519
  #contains   : 30024
  #found      : 15122
  #aborts     : 0
    #lock-r   : 0
    #lock-w   : 0
    #val-r    : 0
    #val-w    : 0
    #val-c    : 0
    #inv-mem  : 0
  Max retries : 0
Set size      : 8000 (expected: 8000)
Duration      : 5000 (ms)
#txs          : 200162 (40032.400000 / s)
#read txs     : 30024 (6004.800000 / s)
#eff. upd rate: 42.484587 
#update txs   : 170138 (34027.600000 / s)
#aborts       : 0 (0.000000 / s)
  #lock-r     : 0 (0.000000 / s)
  #lock-w     : 0 (0.000000 / s)
  #val-r      : 0 (0.000000 / s)
  #val-w      : 0 (0.000000 / s)
  #val-c      : 0 (0.000000 / s)
  #inv-mem    : 0 (0.000000 / s)
Max retries   : 0
