Set type     : linked list
Length       : 5000
Initial size : 100
Nb threads   : 2
Value range  : 200
Seed         : 0
Update rate  : 40
Lock alg     : 1
Alternate    : 0
Effective    : 0
Type sizes   : int=4/long=8/ptr=8/word=8
Initializing STM
Adding 100 entries to set
Set size     : 100
Creating thread 0
Creating thread 1
STARTING...
STOPPING...
Thread 0
  #add        : 1147235
    #added    : 571414
  #remove     : 1124779
    #removed  : 571414
  #contains   : 3405645
  #found      : 1720283
  #aborts     : 0
    #lock-r   : 0
    #lock-w   : 0
    #val-r    : 0
    #val-w    : 0
    #val-c    : 0
    #inv-mem  : 0
  Max retries : 0
Thread 1
  #add        : 987114
    #added    : 490771
  #remove     : 967902
    #removed  : 490771
  #contains   : 2930521
  #found      : 1479535
  #aborts     : 0
    #lock-r   : 0
    #lock-w   : 0
    #val-r    : 0
    #val-w    : 0
    #val-c    : 0
    #inv-mem  : 0
  Max retries : 0
Set size      : 100 (expected: 100)
Duration      : 5000 (ms)
#txs          : 10563196 (2112639.200000 / s)
#read txs     : 6336166 (1267233.200000 / s)
#eff. upd rate: 20.111054 
#update txs   : 4227030 (845406.000000 / s)
#aborts       : 0 (0.000000 / s)
  #lock-r     : 0 (0.000000 / s)
  #lock-w     : 0 (0.000000 / s)
  #val-r      : 0 (0.000000 / s)
  #val-w      : 0 (0.000000 / s)
  #val-c      : 0 (0.000000 / s)
  #inv-mem    : 0 (0.000000 / s)
Max retries   : 0
