Set type     : linked list
Length       : 5000
Initial size : 8000
Nb threads   : 4
Value range  : 16000
Seed         : 0
Update rate  : 45
Lock alg     : 1
Alternate    : 0
Effective    : 0
Type sizes   : int=4/long=8/ptr=8/word=8
Initializing STM
Adding 8000 entries to set
Set size     : 8000
Creating thread 0
Creating thread 1
Creating thread 2
Creating thread 3
STARTING...
STOPPING...
Thread 0
  #add        : 6332
    #added    : 3144
  #remove     : 6330
    #removed  : 3143
  #contains   : 15677
  #found      : 7852
  #aborts     : 0
    #lock-r   : 0
    #lock-w   : 0
    #val-r    : 0
    #val-w    : 0
    #val-c    : 0
    #inv-mem  : 0
  Max retries : 0
Thread 1
  #add        : 5222
    #added    : 2605
  #remove     : 5170
    #removed  : 2605
  #contains   : 12481
  #found      : 6299
  #aborts     : 0
    #lock-r   : 0
    #lock-w   : 0
    #val-r    : 0
    #val-w    : 0
    #val-c    : 0
    #inv-mem  : 0
  Max retries : 0
Thread 2
  #add        : 6056
    #added    : 3045
  #remove     : 6092
    #removed  : 3044
  #contains   : 15180
  #found      : 7548
  #aborts     : 0
    #lock-r   : 0
    #lock-w   : 0
    #val-r    : 0
    #val-w    : 0
    #val-c    : 0
    #inv-mem  : 0
  Max retries : 0
Thread 3
  #add        : 6690
    #added    : 3368
  #remove     : 6739
    #removed  : 3367
  #contains   : 16206
  #found      : 8136
  #aborts     : 0
    #lock-r   : 0
    #lock-w   : 0
    #val-r    : 0
    #val-w    : 0
    #val-c    : 0
    #inv-mem  : 0
  Max retries : 0
Set size      : 8003 (expected: 8003)
Duration      : 5000 (ms)
#txs          : 108175 (21635.000000 / s)
#read txs     : 59544 (11908.800000 / s)
#eff. upd rate: 22.483014 
#update txs   : 48631 (9726.200000 / s)
#aborts       : 0 (0.000000 / s)
  #lock-r     : 0 (0.000000 / s)
  #lock-w     : 0 (0.000000 / s)
  #val-r      : 0 (0.000000 / s)
  #val-w      : 0 (0.000000 / s)
  #val-c      : 0 (0.000000 / s)
  #inv-mem    : 0 (0.000000 / s)
Max retries   : 0
