Set type     : linked list
Length       : 5000
Initial size : 8000
Nb threads   : 4
Value range  : 16000
Seed         : 0
Update rate  : 55
Lock alg     : 1
Alternate    : 0
Effective    : 0
Type sizes   : int=4/long=8/ptr=8/word=8
Initializing STM
Adding 8000 entries to set
Set size     : 8000
Creating thread 0
Creating thread 1
Creating thread 2
Creating thread 3
STARTING...
STOPPING...
Thread 0
  #add        : 7539
    #added    : 3723
  #remove     : 7384
    #removed  : 3723
  #contains   : 12195
  #found      : 6061
  #aborts     : 0
    #lock-r   : 0
    #lock-w   : 0
    #val-r    : 0
    #val-w    : 0
    #val-c    : 0
    #inv-mem  : 0
  Max retries : 0
Thread 1
  #add        : 6249
    #added    : 3146
  #remove     : 6256
    #removed  : 3146
  #contains   : 10356
  #found      : 5196
  #aborts     : 0
    #lock-r   : 0
    #lock-w   : 0
    #val-r    : 0
    #val-w    : 0
    #val-c    : 0
    #inv-mem  : 0
  Max retries : 0
Thread 2
  #add        : 6466
    #added    : 3156
  #remove     : 6311
    #removed  : 3155
  #contains   : 10275
  #found      : 5186
  #aborts     : 0
    #lock-r   : 0
    #lock-w   : 0
    #val-r    : 0
    #val-w    : 0
    #val-c    : 0
    #inv-mem  : 0
  Max retries : 0
Thread 3
  #add        : 7984
    #added    : 3973
  #remove     : 7899
    #removed  : 3972
  #contains   : 12945
  #found      : 6457
  #aborts     : 0
    #lock-r   : 0
    #lock-w   : 0
    #val-r    : 0
    #val-w    : 0
    #val-c    : 0
    #inv-mem  : 0
  Max retries : 0
Set size      : 8002 (expected: 8002)
Duration      : 5000 (ms)
#txs          : 101859 (20371.800000 / s)
#read txs     : 45771 (9154.200000 / s)
#eff. upd rate: 27.483089 
#update txs   : 56088 (11217.600000 / s)
#aborts       : 0 (0.000000 / s)
  #lock-r     : 0 (0.000000 / s)
  #lock-w     : 0 (0.000000 / s)
  #val-r      : 0 (0.000000 / s)
  #val-w      : 0 (0.000000 / s)
  #val-c      : 0 (0.000000 / s)
  #inv-mem    : 0 (0.000000 / s)
Max retries   : 0
