Set type     : linked list
Length       : 5000
Initial size : 100
Nb threads   : 8
Value range  : 200
Seed         : 0
Update rate  : 65
Lock alg     : 1
Alternate    : 0
Effective    : 0
Type sizes   : int=4/long=8/ptr=8/word=8
Initializing STM
Adding 100 entries to set
Set size     : 100
Creating thread 0
Creating thread 1
Creating thread 2
Creating thread 3
Creating thread 4
Creating thread 5
Creating thread 6
Creating thread 7
STARTING...
STOPPING...
Thread 0
  #add        : 141964
    #added    : 68518
  #remove     : 131298
    #removed  : 68518
  #contains   : 147545
  #found      : 76753
  #aborts     : 0
    #lock-r   : 0
    #lock-w   : 0
    #val-r    : 0
    #val-w    : 0
    #val-c    : 0
    #inv-mem  : 0
  Max retries : 0
Thread 1
  #add        : 146546
    #added    : 70560
  #remove     : 134967
    #removed  : 70559
  #contains   : 151332
  #found      : 78341
  #aborts     : 0
    #lock-r   : 0
    #lock-w   : 0
    #val-r    : 0
    #val-w    : 0
    #val-c    : 0
    #inv-mem  : 0
  Max retries : 0
Thread 2
  #add        : 167169
    #added    : 80694
  #remove     : 154906
    #removed  : 80693
  #contains   : 173551
  #found      : 90087
  #aborts     : 0
    #lock-r   : 0
    #lock-w   : 0
    #val-r    : 0
    #val-w    : 0
    #val-c    : 0
    #inv-mem  : 0
  Max retries : 0
Thread 3
  #add        : 141369
    #added    : 68177
  #remove     : 130763
    #removed  : 68176
  #contains   : 146290
  #found      : 75860
  #aborts     : 0
    #lock-r   : 0
    #lock-w   : 0
    #val-r    : 0
    #val-w    : 0
    #val-c    : 0
    #inv-mem  : 0
  Max retries : 0
Thread 4
  #add        : 149600
    #added    : 71921
  #remove     : 137179
    #removed  : 71920
  #contains   : 155031
  #found      : 80433
  #aborts     : 0
    #lock-r   : 0
    #lock-w   : 0
    #val-r    : 0
    #val-w    : 0
    #val-c    : 0
    #inv-mem  : 0
  Max retries : 0
Thread 5
  #add        : 143245
    #added    : 69164
  #remove     : 132186
    #removed  : 69164
  #contains   : 149027
  #found      : 77233
  #aborts     : 0
    #lock-r   : 0
    #lock-w   : 0
    #val-r    : 0
    #val-w    : 0
    #val-c    : 0
    #inv-mem  : 0
  Max retries : 0
Thread 6
  #add        : 146304
    #added    : 70749
  #remove     : 135182
    #removed  : 70748
  #contains   : 151522
  #found      : 78689
  #aborts     : 0
    #lock-r   : 0
    #lock-w   : 0
    #val-r    : 0
    #val-w    : 0
    #val-c    : 0
    #inv-mem  : 0
  Max retries : 0
Thread 7
  #add        : 150663
    #added    : 72953
  #remove     : 139937
    #removed  : 72952
  #contains   : 156751
  #found      : 81229
  #aborts     : 0
    #lock-r   : 0
    #lock-w   : 0
    #val-r    : 0
    #val-w    : 0
    #val-c    : 0
    #inv-mem  : 0
  Max retries : 0
Set size      : 106 (expected: 106)
Duration      : 5000 (ms)
#txs          : 3514327 (702865.400000 / s)
#read txs     : 1231049 (246209.800000 / s)
#eff. upd rate: 32.594178 
#update txs   : 2283278 (456655.600000 / s)
#aborts       : 0 (0.000000 / s)
  #lock-r     : 0 (0.000000 / s)
  #lock-w     : 0 (0.000000 / s)
  #val-r      : 0 (0.000000 / s)
  #val-w      : 0 (0.000000 / s)
  #val-c      : 0 (0.000000 / s)
  #inv-mem    : 0 (0.000000 / s)
Max retries   : 0
