Set type     : linked list
Length       : 5000
Initial size : 1000
Nb threads   : 16
Value range  : 2000
Seed         : 0
Update rate  : 55
Lock alg     : 1
Alternate    : 0
Effective    : 0
Type sizes   : int=4/long=8/ptr=8/word=8
Initializing STM
Adding 1000 entries to set
Set size     : 1000
Creating thread 0
Creating thread 1
Creating thread 2
Creating thread 3
Creating thread 4
Creating thread 5
Creating thread 6
Creating thread 7
Creating thread 8
Creating thread 9
Creating thread 10
Creating thread 11
Creating thread 12
Creating thread 13
Creating thread 14
Creating thread 15
STARTING...
STOPPING...
Thread 0
  #add        : 9371
    #added    : 4624
  #remove     : 9271
    #removed  : 4623
  #contains   : 15270
  #found      : 7717
  #aborts     : 0
    #lock-r   : 0
    #lock-w   : 0
    #val-r    : 0
    #val-w    : 0
    #val-c    : 0
    #inv-mem  : 0
  Max retries : 0
Thread 1
  #add        : 9533
    #added    : 4720
  #remove     : 9312
    #removed  : 4719
  #contains   : 15502
  #found      : 7812
  #aborts     : 0
    #lock-r   : 0
    #lock-w   : 0
    #val-r    : 0
    #val-w    : 0
    #val-c    : 0
    #inv-mem  : 0
  Max retries : 0
Thread 2
  #add        : 7481
    #added    : 3705
  #remove     : 7345
    #removed  : 3704
  #contains   : 12115
  #found      : 6111
  #aborts     : 0
    #lock-r   : 0
    #lock-w   : 0
    #val-r    : 0
    #val-w    : 0
    #val-c    : 0
    #inv-mem  : 0
  Max retries : 0
Thread 3
  #add        : 10444
    #added    : 5150
  #remove     : 10064
    #removed  : 5150
  #contains   : 16826
  #found      : 8530
  #aborts     : 0
    #lock-r   : 0
    #lock-w   : 0
    #val-r    : 0
    #val-w    : 0
    #val-c    : 0
    #inv-mem  : 0
  Max retries : 0
Thread 4
  #add        : 8415
    #added    : 4125
  #remove     : 8439
    #removed  : 4125
  #contains   : 13597
  #found      : 6887
  #aborts     : 0
    #lock-r   : 0
    #lock-w   : 0
    #val-r    : 0
    #val-w    : 0
    #val-c    : 0
    #inv-mem  : 0
  Max retries : 0
Thread 5
  #add        : 8150
    #added    : 3981
  #remove     : 7949
    #removed  : 3981
  #contains   : 12928
  #found      : 6395
  #aborts     : 0
    #lock-r   : 0
    #lock-w   : 0
    #val-r    : 0
    #val-w    : 0
    #val-c    : 0
    #inv-mem  : 0
  Max retries : 0
Thread 6
  #add        : 9631
    #added    : 4853
  #remove     : 9493
    #removed  : 4852
  #contains   : 15587
  #found      : 7958
  #aborts     : 0
    #lock-r   : 0
    #lock-w   : 0
    #val-r    : 0
    #val-w    : 0
    #val-c    : 0
    #inv-mem  : 0
  Max retries : 0
Thread 7
  #add        : 8396
    #added    : 4144
  #remove     : 8209
    #removed  : 4144
  #contains   : 13506
  #found      : 6843
  #aborts     : 0
    #lock-r   : 0
    #lock-w   : 0
    #val-r    : 0
    #val-w    : 0
    #val-c    : 0
    #inv-mem  : 0
  Max retries : 0
Thread 8
  #add        : 8373
    #added    : 4116
  #remove     : 8255
    #removed  : 4116
  #contains   : 13605
  #found      : 6990
  #aborts     : 0
    #lock-r   : 0
    #lock-w   : 0
    #val-r    : 0
    #val-w    : 0
    #val-c    : 0
    #inv-mem  : 0
  Max retries : 0
Thread 9
  #add        : 9676
    #added    : 4744
  #remove     : 9559
    #removed  : 4743
  #contains   : 15726
  #found      : 7912
  #aborts     : 0
    #lock-r   : 0
    #lock-w   : 0
    #val-r    : 0
    #val-w    : 0
    #val-c    : 0
    #inv-mem  : 0
  Max retries : 0
Thread 10
  #add        : 8745
    #added    : 4363
  #remove     : 8483
    #removed  : 4362
  #contains   : 14046
  #found      : 6940
  #aborts     : 0
    #lock-r   : 0
    #lock-w   : 0
    #val-r    : 0
    #val-w    : 0
    #val-c    : 0
    #inv-mem  : 0
  Max retries : 0
Thread 11
  #add        : 8427
    #added    : 4119
  #remove     : 8105
    #removed  : 4118
  #contains   : 13711
  #found      : 7008
  #aborts     : 0
    #lock-r   : 0
    #lock-w   : 0
    #val-r    : 0
    #val-w    : 0
    #val-c    : 0
    #inv-mem  : 0
  Max retries : 0
Thread 12
  #add        : 8834
    #added    : 4404
  #remove     : 8673
    #removed  : 4403
  #contains   : 14378
  #found      : 7196
  #aborts     : 0
    #lock-r   : 0
    #lock-w   : 0
    #val-r    : 0
    #val-w    : 0
    #val-c    : 0
    #inv-mem  : 0
  Max retries : 0
Thread 13
  #add        : 8919
    #added    : 4437
  #remove     : 8863
    #removed  : 4436
  #contains   : 14819
  #found      : 7494
  #aborts     : 0
    #lock-r   : 0
    #lock-w   : 0
    #val-r    : 0
    #val-w    : 0
    #val-c    : 0
    #inv-mem  : 0
  Max retries : 0
Thread 14
  #add        : 8158
    #added    : 4132
  #remove     : 8306
    #removed  : 4131
  #contains   : 13388
  #found      : 6715
  #aborts     : 0
    #lock-r   : 0
    #lock-w   : 0
    #val-r    : 0
    #val-w    : 0
    #val-c    : 0
    #inv-mem  : 0
  Max retries : 0
Thread 15
  #add        : 6849
    #added    : 3450
  #remove     : 6917
    #removed  : 3450
  #contains   : 11446
  #found      : 5750
  #aborts     : 0
    #lock-r   : 0
    #lock-w   : 0
    #val-r    : 0
    #val-w    : 0
    #val-c    : 0
    #inv-mem  : 0
  Max retries : 0
Set size      : 1010 (expected: 1010)
Duration      : 5000 (ms)
#txs          : 503095 (100619.000000 / s)
#read txs     : 226450 (45290.000000 / s)
#eff. upd rate: 27.454854 
#update txs   : 276645 (55329.000000 / s)
#aborts       : 0 (0.000000 / s)
  #lock-r     : 0 (0.000000 / s)
  #lock-w     : 0 (0.000000 / s)
  #val-r      : 0 (0.000000 / s)
  #val-w      : 0 (0.000000 / s)
  #val-c      : 0 (0.000000 / s)
  #inv-mem    : 0 (0.000000 / s)
Max retries   : 0
