Set type     : linked list
Length       : 5000
Initial size : 8000
Nb threads   : 2
Value range  : 16000
Seed         : 0
Update rate  : 75
Lock alg     : 1
Alternate    : 0
Effective    : 0
Type sizes   : int=4/long=8/ptr=8/word=8
Initializing STM
Adding 8000 entries to set
Set size     : 8000
Creating thread 0
Creating thread 1
STARTING...
STOPPING...
Thread 0
  #add        : 7276
    #added    : 3669
  #remove     : 7471
    #removed  : 3669
  #contains   : 4806
  #found      : 2388
  #aborts     : 0
    #lock-r   : 0
    #lock-w   : 0
    #val-r    : 0
    #val-w    : 0
    #val-c    : 0
    #inv-mem  : 0
  Max retries : 0
Thread 1
  #add        : 12237
    #added    : 6004
  #remove     : 12034
    #removed  : 6003
  #contains   : 8168
  #found      : 4007
  #aborts     : 0
    #lock-r   : 0
    #lock-w   : 0
    #val-r    : 0
    #val-w    : 0
    #val-c    : 0
    #inv-mem  : 0
  Max retries : 0
Set size      : 8001 (expected: 8001)
Duration      : 5000 (ms)
#txs          : 51992 (10398.400000 / s)
#read txs     : 12974 (2594.800000 / s)
#eff. upd rate: 37.207647 
#update txs   : 39018 (7803.600000 / s)
#aborts       : 0 (0.000000 / s)
  #lock-r     : 0 (0.000000 / s)
  #lock-w     : 0 (0.000000 / s)
  #val-r      : 0 (0.000000 / s)
  #val-w      : 0 (0.000000 / s)
  #val-c      : 0 (0.000000 / s)
  #inv-mem    : 0 (0.000000 / s)
Max retries   : 0
