Set type     : linked list
Length       : 5000
Initial size : 1000
Nb threads   : 16
Value range  : 2000
Seed         : 0
Update rate  : 20
Lock alg     : 1
Alternate    : 0
Effective    : 0
Type sizes   : int=4/long=8/ptr=8/word=8
Initializing STM
Adding 1000 entries to set
Set size     : 1000
Creating thread 0
Creating thread 1
Creating thread 2
Creating thread 3
Creating thread 4
Creating thread 5
Creating thread 6
Creating thread 7
Creating thread 8
Creating thread 9
Creating thread 10
Creating thread 11
Creating thread 12
Creating thread 13
Creating thread 14
Creating thread 15
STARTING...
STOPPING...
Thread 0
  #add        : 2979
    #added    : 1450
  #remove     : 2961
    #removed  : 1449
  #contains   : 24059
  #found      : 12131
  #aborts     : 0
    #lock-r   : 0
    #lock-w   : 0
    #val-r    : 0
    #val-w    : 0
    #val-c    : 0
    #inv-mem  : 0
  Max retries : 0
Thread 1
  #add        : 3379
    #added    : 1705
  #remove     : 3350
    #removed  : 1705
  #contains   : 27486
  #found      : 13812
  #aborts     : 0
    #lock-r   : 0
    #lock-w   : 0
    #val-r    : 0
    #val-w    : 0
    #val-c    : 0
    #inv-mem  : 0
  Max retries : 0
Thread 2
  #add        : 3091
    #added    : 1499
  #remove     : 3070
    #removed  : 1498
  #contains   : 25352
  #found      : 12733
  #aborts     : 0
    #lock-r   : 0
    #lock-w   : 0
    #val-r    : 0
    #val-w    : 0
    #val-c    : 0
    #inv-mem  : 0
  Max retries : 0
Thread 3
  #add        : 3321
    #added    : 1656
  #remove     : 3335
    #removed  : 1656
  #contains   : 26132
  #found      : 13193
  #aborts     : 0
    #lock-r   : 0
    #lock-w   : 0
    #val-r    : 0
    #val-w    : 0
    #val-c    : 0
    #inv-mem  : 0
  Max retries : 0
Thread 4
  #add        : 3064
    #added    : 1510
  #remove     : 2994
    #removed  : 1510
  #contains   : 24390
  #found      : 12269
  #aborts     : 0
    #lock-r   : 0
    #lock-w   : 0
    #val-r    : 0
    #val-w    : 0
    #val-c    : 0
    #inv-mem  : 0
  Max retries : 0
Thread 5
  #add        : 3159
    #added    : 1533
  #remove     : 3024
    #removed  : 1533
  #contains   : 24660
  #found      : 12504
  #aborts     : 0
    #lock-r   : 0
    #lock-w   : 0
    #val-r    : 0
    #val-w    : 0
    #val-c    : 0
    #inv-mem  : 0
  Max retries : 0
Thread 6
  #add        : 3430
    #added    : 1705
  #remove     : 3371
    #removed  : 1705
  #contains   : 26882
  #found      : 13617
  #aborts     : 0
    #lock-r   : 0
    #lock-w   : 0
    #val-r    : 0
    #val-w    : 0
    #val-c    : 0
    #inv-mem  : 0
  Max retries : 0
Thread 7
  #add        : 3583
    #added    : 1790
  #remove     : 3691
    #removed  : 1790
  #contains   : 28284
  #found      : 14222
  #aborts     : 0
    #lock-r   : 0
    #lock-w   : 0
    #val-r    : 0
    #val-w    : 0
    #val-c    : 0
    #inv-mem  : 0
  Max retries : 0
Thread 8
  #add        : 3279
    #added    : 1627
  #remove     : 3155
    #removed  : 1627
  #contains   : 25434
  #found      : 12783
  #aborts     : 0
    #lock-r   : 0
    #lock-w   : 0
    #val-r    : 0
    #val-w    : 0
    #val-c    : 0
    #inv-mem  : 0
  Max retries : 0
Thread 9
  #add        : 3087
    #added    : 1553
  #remove     : 3041
    #removed  : 1552
  #contains   : 24505
  #found      : 12325
  #aborts     : 0
    #lock-r   : 0
    #lock-w   : 0
    #val-r    : 0
    #val-w    : 0
    #val-c    : 0
    #inv-mem  : 0
  Max retries : 0
Thread 10
  #add        : 3177
    #added    : 1570
  #remove     : 3113
    #removed  : 1570
  #contains   : 25212
  #found      : 12603
  #aborts     : 0
    #lock-r   : 0
    #lock-w   : 0
    #val-r    : 0
    #val-w    : 0
    #val-c    : 0
    #inv-mem  : 0
  Max retries : 0
Thread 11
  #add        : 3283
    #added    : 1670
  #remove     : 3318
    #removed  : 1669
  #contains   : 26460
  #found      : 13323
  #aborts     : 0
    #lock-r   : 0
    #lock-w   : 0
    #val-r    : 0
    #val-w    : 0
    #val-c    : 0
    #inv-mem  : 0
  Max retries : 0
Thread 12
  #add        : 3196
    #added    : 1636
  #remove     : 3272
    #removed  : 1635
  #contains   : 26262
  #found      : 13217
  #aborts     : 0
    #lock-r   : 0
    #lock-w   : 0
    #val-r    : 0
    #val-w    : 0
    #val-c    : 0
    #inv-mem  : 0
  Max retries : 0
Thread 13
  #add        : 3078
    #added    : 1501
  #remove     : 3083
    #removed  : 1500
  #contains   : 24019
  #found      : 12099
  #aborts     : 0
    #lock-r   : 0
    #lock-w   : 0
    #val-r    : 0
    #val-w    : 0
    #val-c    : 0
    #inv-mem  : 0
  Max retries : 0
Thread 14
  #add        : 3549
    #added    : 1744
  #remove     : 3469
    #removed  : 1743
  #contains   : 27842
  #found      : 13948
  #aborts     : 0
    #lock-r   : 0
    #lock-w   : 0
    #val-r    : 0
    #val-w    : 0
    #val-c    : 0
    #inv-mem  : 0
  Max retries : 0
Thread 15
  #add        : 3114
    #added    : 1564
  #remove     : 3084
    #removed  : 1564
  #contains   : 25052
  #found      : 12724
  #aborts     : 0
    #lock-r   : 0
    #lock-w   : 0
    #val-r    : 0
    #val-w    : 0
    #val-c    : 0
    #inv-mem  : 0
  Max retries : 0
Set size      : 1007 (expected: 1007)
Duration      : 5000 (ms)
#txs          : 515131 (103026.200000 / s)
#read txs     : 412031 (82406.200000 / s)
#eff. upd rate: 9.981733 
#update txs   : 103100 (20620.000000 / s)
#aborts       : 0 (0.000000 / s)
  #lock-r     : 0 (0.000000 / s)
  #lock-w     : 0 (0.000000 / s)
  #val-r      : 0 (0.000000 / s)
  #val-w      : 0 (0.000000 / s)
  #val-c      : 0 (0.000000 / s)
  #inv-mem    : 0 (0.000000 / s)
Max retries   : 0
