Set type     : linked list
Length       : 5000
Initial size : 100
Nb threads   : 16
Value range  : 200
Seed         : 0
Update rate  : 100
Lock alg     : 1
Alternate    : 0
Effective    : 0
Type sizes   : int=4/long=8/ptr=8/word=8
Initializing STM
Adding 100 entries to set
Set size     : 100
Creating thread 0
Creating thread 1
Creating thread 2
Creating thread 3
Creating thread 4
Creating thread 5
Creating thread 6
Creating thread 7
Creating thread 8
Creating thread 9
Creating thread 10
Creating thread 11
Creating thread 12
Creating thread 13
Creating thread 14
Creating thread 15
STARTING...
STOPPING...
Thread 0
  #add        : 52291
    #added    : 24397
  #remove     : 45028
    #removed  : 24396
  #contains   : 0
  #found      : 0
  #aborts     : 0
    #lock-r   : 0
    #lock-w   : 0
    #val-r    : 0
    #val-w    : 0
    #val-c    : 0
    #inv-mem  : 0
  Max retries : 0
Thread 1
  #add        : 47874
    #added    : 22358
  #remove     : 41681
    #removed  : 22358
  #contains   : 0
  #found      : 0
  #aborts     : 0
    #lock-r   : 0
    #lock-w   : 0
    #val-r    : 0
    #val-w    : 0
    #val-c    : 0
    #inv-mem  : 0
  Max retries : 0
Thread 2
  #add        : 45450
    #added    : 21051
  #remove     : 39008
    #removed  : 21050
  #contains   : 0
  #found      : 0
  #aborts     : 0
    #lock-r   : 0
    #lock-w   : 0
    #val-r    : 0
    #val-w    : 0
    #val-c    : 0
    #inv-mem  : 0
  Max retries : 0
Thread 3
  #add        : 51040
    #added    : 23668
  #remove     : 43618
    #removed  : 23667
  #contains   : 0
  #found      : 0
  #aborts     : 0
    #lock-r   : 0
    #lock-w   : 0
    #val-r    : 0
    #val-w    : 0
    #val-c    : 0
    #inv-mem  : 0
  Max retries : 0
Thread 4
  #add        : 48741
    #added    : 22509
  #remove     : 41649
    #removed  : 22509
  #contains   : 0
  #found      : 0
  #aborts     : 0
    #lock-r   : 0
    #lock-w   : 0
    #val-r    : 0
    #val-w    : 0
    #val-c    : 0
    #inv-mem  : 0
  Max retries : 0
Thread 5
  #add        : 51471
    #added    : 23805
  #remove     : 43994
    #removed  : 23804
  #contains   : 0
  #found      : 0
  #aborts     : 0
    #lock-r   : 0
    #lock-w   : 0
    #val-r    : 0
    #val-w    : 0
    #val-c    : 0
    #inv-mem  : 0
  Max retries : 0
Thread 6
  #add        : 50242
    #added    : 23441
  #remove     : 43502
    #removed  : 23440
  #contains   : 0
  #found      : 0
  #aborts     : 0
    #lock-r   : 0
    #lock-w   : 0
    #val-r    : 0
    #val-w    : 0
    #val-c    : 0
    #inv-mem  : 0
  Max retries : 0
Thread 7
  #add        : 51693
    #added    : 24185
  #remove     : 44966
    #removed  : 24185
  #contains   : 0
  #found      : 0
  #aborts     : 0
    #lock-r   : 0
    #lock-w   : 0
    #val-r    : 0
    #val-w    : 0
    #val-c    : 0
    #inv-mem  : 0
  Max retries : 0
Thread 8
  #add        : 51375
    #added    : 23885
  #remove     : 44342
    #removed  : 23885
  #contains   : 0
  #found      : 0
  #aborts     : 0
    #lock-r   : 0
    #lock-w   : 0
    #val-r    : 0
    #val-w    : 0
    #val-c    : 0
    #inv-mem  : 0
  Max retries : 0
Thread 9
  #add        : 47884
    #added    : 22388
  #remove     : 41315
    #removed  : 22388
  #contains   : 0
  #found      : 0
  #aborts     : 0
    #lock-r   : 0
    #lock-w   : 0
    #val-r    : 0
    #val-w    : 0
    #val-c    : 0
    #inv-mem  : 0
  Max retries : 0
Thread 10
  #add        : 53466
    #added    : 24613
  #remove     : 45348
    #removed  : 24612
  #contains   : 0
  #found      : 0
  #aborts     : 0
    #lock-r   : 0
    #lock-w   : 0
    #val-r    : 0
    #val-w    : 0
    #val-c    : 0
    #inv-mem  : 0
  Max retries : 0
Thread 11
  #add        : 47344
    #added    : 22183
  #remove     : 40970
    #removed  : 22183
  #contains   : 0
  #found      : 0
  #aborts     : 0
    #lock-r   : 0
    #lock-w   : 0
    #val-r    : 0
    #val-w    : 0
    #val-c    : 0
    #inv-mem  : 0
  Max retries : 0
Thread 12
  #add        : 46601
    #added    : 21549
  #remove     : 39948
    #removed  : 21548
  #contains   : 0
  #found      : 0
  #aborts     : 0
    #lock-r   : 0
    #lock-w   : 0
    #val-r    : 0
    #val-w    : 0
    #val-c    : 0
    #inv-mem  : 0
  Max retries : 0
Thread 13
  #add        : 49747
    #added    : 23137
  #remove     : 42855
    #removed  : 23137
  #contains   : 0
  #found      : 0
  #aborts     : 0
    #lock-r   : 0
    #lock-w   : 0
    #val-r    : 0
    #val-w    : 0
    #val-c    : 0
    #inv-mem  : 0
  Max retries : 0
Thread 14
  #add        : 46562
    #added    : 21622
  #remove     : 40013
    #removed  : 21621
  #contains   : 0
  #found      : 0
  #aborts     : 0
    #lock-r   : 0
    #lock-w   : 0
    #val-r    : 0
    #val-w    : 0
    #val-c    : 0
    #inv-mem  : 0
  Max retries : 0
Thread 15
  #add        : 58299
    #added    : 26996
  #remove     : 50076
    #removed  : 26996
  #contains   : 0
  #found      : 0
  #aborts     : 0
    #lock-r   : 0
    #lock-w   : 0
    #val-r    : 0
    #val-w    : 0
    #val-c    : 0
    #inv-mem  : 0
  Max retries : 0
Set size      : 108 (expected: 108)
Duration      : 5000 (ms)
#txs          : 1488393 (297678.600000 / s)
#read txs     : 0 (0.000000 / s)
#eff. upd rate: 49.957639 
#update txs   : 1488393 (297678.600000 / s)
#aborts       : 0 (0.000000 / s)
  #lock-r     : 0 (0.000000 / s)
  #lock-w     : 0 (0.000000 / s)
  #val-r      : 0 (0.000000 / s)
  #val-w      : 0 (0.000000 / s)
  #val-c      : 0 (0.000000 / s)
  #inv-mem    : 0 (0.000000 / s)
Max retries   : 0
