Set type     : linked list
Length       : 5000
Initial size : 1000
Nb threads   : 8
Value range  : 2000
Seed         : 0
Update rate  : 10
Lock alg     : 1
Alternate    : 0
Effective    : 0
Type sizes   : int=4/long=8/ptr=8/word=8
Initializing STM
Adding 1000 entries to set
Set size     : 1000
Creating thread 0
Creating thread 1
Creating thread 2
Creating thread 3
Creating thread 4
Creating thread 5
Creating thread 6
Creating thread 7
STARTING...
STOPPING...
Thread 0
  #add        : 3701
    #added    : 1888
  #remove     : 3669
    #removed  : 1888
  #contains   : 66239
  #found      : 33269
  #aborts     : 0
    #lock-r   : 0
    #lock-w   : 0
    #val-r    : 0
    #val-w    : 0
    #val-c    : 0
    #inv-mem  : 0
  Max retries : 0
Thread 1
  #add        : 3386
    #added    : 1697
  #remove     : 3415
    #removed  : 1696
  #contains   : 60768
  #found      : 30843
  #aborts     : 0
    #lock-r   : 0
    #lock-w   : 0
    #val-r    : 0
    #val-w    : 0
    #val-c    : 0
    #inv-mem  : 0
  Max retries : 0
Thread 2
  #add        : 3771
    #added    : 1872
  #remove     : 3637
    #removed  : 1872
  #contains   : 67075
  #found      : 33622
  #aborts     : 0
    #lock-r   : 0
    #lock-w   : 0
    #val-r    : 0
    #val-w    : 0
    #val-c    : 0
    #inv-mem  : 0
  Max retries : 0
Thread 3
  #add        : 3786
    #added    : 1870
  #remove     : 3713
    #removed  : 1869
  #contains   : 66117
  #found      : 33250
  #aborts     : 0
    #lock-r   : 0
    #lock-w   : 0
    #val-r    : 0
    #val-w    : 0
    #val-c    : 0
    #inv-mem  : 0
  Max retries : 0
Thread 4
  #add        : 3500
    #added    : 1712
  #remove     : 3478
    #removed  : 1711
  #contains   : 61481
  #found      : 30907
  #aborts     : 0
    #lock-r   : 0
    #lock-w   : 0
    #val-r    : 0
    #val-w    : 0
    #val-c    : 0
    #inv-mem  : 0
  Max retries : 0
Thread 5
  #add        : 3665
    #added    : 1801
  #remove     : 3646
    #removed  : 1801
  #contains   : 66772
  #found      : 33416
  #aborts     : 0
    #lock-r   : 0
    #lock-w   : 0
    #val-r    : 0
    #val-w    : 0
    #val-c    : 0
    #inv-mem  : 0
  Max retries : 0
Thread 6
  #add        : 3452
    #added    : 1704
  #remove     : 3358
    #removed  : 1703
  #contains   : 60767
  #found      : 30502
  #aborts     : 0
    #lock-r   : 0
    #lock-w   : 0
    #val-r    : 0
    #val-w    : 0
    #val-c    : 0
    #inv-mem  : 0
  Max retries : 0
Thread 7
  #add        : 3198
    #added    : 1586
  #remove     : 3222
    #removed  : 1585
  #contains   : 57978
  #found      : 29197
  #aborts     : 0
    #lock-r   : 0
    #lock-w   : 0
    #val-r    : 0
    #val-w    : 0
    #val-c    : 0
    #inv-mem  : 0
  Max retries : 0
Set size      : 1005 (expected: 1005)
Duration      : 5000 (ms)
#txs          : 563794 (112758.800000 / s)
#read txs     : 507197 (101439.400000 / s)
#eff. upd rate: 5.011582 
#update txs   : 56597 (11319.400000 / s)
#aborts       : 0 (0.000000 / s)
  #lock-r     : 0 (0.000000 / s)
  #lock-w     : 0 (0.000000 / s)
  #val-r      : 0 (0.000000 / s)
  #val-w      : 0 (0.000000 / s)
  #val-c      : 0 (0.000000 / s)
  #inv-mem    : 0 (0.000000 / s)
Max retries   : 0
