Set type     : linked list
Length       : 5000
Initial size : 1000
Nb threads   : 16
Value range  : 2000
Seed         : 0
Update rate  : 10
Lock alg     : 1
Alternate    : 0
Effective    : 0
Type sizes   : int=4/long=8/ptr=8/word=8
Initializing STM
Adding 1000 entries to set
Set size     : 1000
Creating thread 0
Creating thread 1
Creating thread 2
Creating thread 3
Creating thread 4
Creating thread 5
Creating thread 6
Creating thread 7
Creating thread 8
Creating thread 9
Creating thread 10
Creating thread 11
Creating thread 12
Creating thread 13
Creating thread 14
Creating thread 15
STARTING...
STOPPING...
Thread 0
  #add        : 2490
    #added    : 1242
  #remove     : 2477
    #removed  : 1241
  #contains   : 44578
  #found      : 22487
  #aborts     : 0
    #lock-r   : 0
    #lock-w   : 0
    #val-r    : 0
    #val-w    : 0
    #val-c    : 0
    #inv-mem  : 0
  Max retries : 0
Thread 1
  #add        : 2474
    #added    : 1260
  #remove     : 2436
    #removed  : 1259
  #contains   : 44136
  #found      : 22128
  #aborts     : 0
    #lock-r   : 0
    #lock-w   : 0
    #val-r    : 0
    #val-w    : 0
    #val-c    : 0
    #inv-mem  : 0
  Max retries : 0
Thread 2
  #add        : 2334
    #added    : 1175
  #remove     : 2311
    #removed  : 1175
  #contains   : 42732
  #found      : 21483
  #aborts     : 0
    #lock-r   : 0
    #lock-w   : 0
    #val-r    : 0
    #val-w    : 0
    #val-c    : 0
    #inv-mem  : 0
  Max retries : 0
Thread 3
  #add        : 2417
    #added    : 1185
  #remove     : 2335
    #removed  : 1184
  #contains   : 43934
  #found      : 22117
  #aborts     : 0
    #lock-r   : 0
    #lock-w   : 0
    #val-r    : 0
    #val-w    : 0
    #val-c    : 0
    #inv-mem  : 0
  Max retries : 0
Thread 4
  #add        : 2460
    #added    : 1217
  #remove     : 2487
    #removed  : 1216
  #contains   : 44818
  #found      : 22609
  #aborts     : 0
    #lock-r   : 0
    #lock-w   : 0
    #val-r    : 0
    #val-w    : 0
    #val-c    : 0
    #inv-mem  : 0
  Max retries : 0
Thread 5
  #add        : 2405
    #added    : 1233
  #remove     : 2484
    #removed  : 1232
  #contains   : 43600
  #found      : 21990
  #aborts     : 0
    #lock-r   : 0
    #lock-w   : 0
    #val-r    : 0
    #val-w    : 0
    #val-c    : 0
    #inv-mem  : 0
  Max retries : 0
Thread 6
  #add        : 2421
    #added    : 1205
  #remove     : 2380
    #removed  : 1205
  #contains   : 44276
  #found      : 22351
  #aborts     : 0
    #lock-r   : 0
    #lock-w   : 0
    #val-r    : 0
    #val-w    : 0
    #val-c    : 0
    #inv-mem  : 0
  Max retries : 0
Thread 7
  #add        : 2446
    #added    : 1260
  #remove     : 2440
    #removed  : 1260
  #contains   : 43987
  #found      : 22298
  #aborts     : 0
    #lock-r   : 0
    #lock-w   : 0
    #val-r    : 0
    #val-w    : 0
    #val-c    : 0
    #inv-mem  : 0
  Max retries : 0
Thread 8
  #add        : 2445
    #added    : 1214
  #remove     : 2331
    #removed  : 1213
  #contains   : 44279
  #found      : 22191
  #aborts     : 0
    #lock-r   : 0
    #lock-w   : 0
    #val-r    : 0
    #val-w    : 0
    #val-c    : 0
    #inv-mem  : 0
  Max retries : 0
Thread 9
  #add        : 2449
    #added    : 1244
  #remove     : 2314
    #removed  : 1243
  #contains   : 41813
  #found      : 20986
  #aborts     : 0
    #lock-r   : 0
    #lock-w   : 0
    #val-r    : 0
    #val-w    : 0
    #val-c    : 0
    #inv-mem  : 0
  Max retries : 0
Thread 10
  #add        : 2525
    #added    : 1205
  #remove     : 2508
    #removed  : 1205
  #contains   : 44077
  #found      : 22262
  #aborts     : 0
    #lock-r   : 0
    #lock-w   : 0
    #val-r    : 0
    #val-w    : 0
    #val-c    : 0
    #inv-mem  : 0
  Max retries : 0
Thread 11
  #add        : 2426
    #added    : 1246
  #remove     : 2493
    #removed  : 1245
  #contains   : 44963
  #found      : 22666
  #aborts     : 0
    #lock-r   : 0
    #lock-w   : 0
    #val-r    : 0
    #val-w    : 0
    #val-c    : 0
    #inv-mem  : 0
  Max retries : 0
Thread 12
  #add        : 2478
    #added    : 1236
  #remove     : 2445
    #removed  : 1235
  #contains   : 44441
  #found      : 22510
  #aborts     : 0
    #lock-r   : 0
    #lock-w   : 0
    #val-r    : 0
    #val-w    : 0
    #val-c    : 0
    #inv-mem  : 0
  Max retries : 0
Thread 13
  #add        : 2419
    #added    : 1238
  #remove     : 2497
    #removed  : 1237
  #contains   : 43469
  #found      : 21887
  #aborts     : 0
    #lock-r   : 0
    #lock-w   : 0
    #val-r    : 0
    #val-w    : 0
    #val-c    : 0
    #inv-mem  : 0
  Max retries : 0
Thread 14
  #add        : 2362
    #added    : 1167
  #remove     : 2311
    #removed  : 1167
  #contains   : 43713
  #found      : 21955
  #aborts     : 0
    #lock-r   : 0
    #lock-w   : 0
    #val-r    : 0
    #val-w    : 0
    #val-c    : 0
    #inv-mem  : 0
  Max retries : 0
Thread 15
  #add        : 2444
    #added    : 1210
  #remove     : 2454
    #removed  : 1209
  #contains   : 44829
  #found      : 22710
  #aborts     : 0
    #lock-r   : 0
    #lock-w   : 0
    #val-r    : 0
    #val-w    : 0
    #val-c    : 0
    #inv-mem  : 0
  Max retries : 0
Set size      : 1011 (expected: 1011)
Duration      : 5001 (ms)
#txs          : 781343 (156237.352529 / s)
#read txs     : 703645 (140700.859828 / s)
#eff. upd rate: 4.999469 
#update txs   : 77698 (15536.492701 / s)
#aborts       : 0 (0.000000 / s)
  #lock-r     : 0 (0.000000 / s)
  #lock-w     : 0 (0.000000 / s)
  #val-r      : 0 (0.000000 / s)
  #val-w      : 0 (0.000000 / s)
  #val-c      : 0 (0.000000 / s)
  #inv-mem    : 0 (0.000000 / s)
Max retries   : 0
