Set type     : linked list
Length       : 5000
Initial size : 100
Nb threads   : 8
Value range  : 200
Seed         : 0
Update rate  : 10
Lock alg     : 1
Alternate    : 0
Effective    : 0
Type sizes   : int=4/long=8/ptr=8/word=8
Initializing STM
Adding 100 entries to set
Set size     : 100
Creating thread 0
Creating thread 1
Creating thread 2
Creating thread 3
Creating thread 4
Creating thread 5
Creating thread 6
Creating thread 7
STARTING...
STOPPING...
Thread 0
  #add        : 22419
    #added    : 10793
  #remove     : 20655
    #removed  : 10792
  #contains   : 387673
  #found      : 201677
  #aborts     : 0
    #lock-r   : 0
    #lock-w   : 0
    #val-r    : 0
    #val-w    : 0
    #val-c    : 0
    #inv-mem  : 0
  Max retries : 0
Thread 1
  #add        : 21616
    #added    : 10314
  #remove     : 19869
    #removed  : 10314
  #contains   : 369984
  #found      : 192380
  #aborts     : 0
    #lock-r   : 0
    #lock-w   : 0
    #val-r    : 0
    #val-w    : 0
    #val-c    : 0
    #inv-mem  : 0
  Max retries : 0
Thread 2
  #add        : 21159
    #added    : 10184
  #remove     : 19429
    #removed  : 10183
  #contains   : 366637
  #found      : 189933
  #aborts     : 0
    #lock-r   : 0
    #lock-w   : 0
    #val-r    : 0
    #val-w    : 0
    #val-c    : 0
    #inv-mem  : 0
  Max retries : 0
Thread 3
  #add        : 21588
    #added    : 10411
  #remove     : 20062
    #removed  : 10411
  #contains   : 375602
  #found      : 194772
  #aborts     : 0
    #lock-r   : 0
    #lock-w   : 0
    #val-r    : 0
    #val-w    : 0
    #val-c    : 0
    #inv-mem  : 0
  Max retries : 0
Thread 4
  #add        : 20198
    #added    : 9608
  #remove     : 18639
    #removed  : 9607
  #contains   : 349557
  #found      : 181710
  #aborts     : 0
    #lock-r   : 0
    #lock-w   : 0
    #val-r    : 0
    #val-w    : 0
    #val-c    : 0
    #inv-mem  : 0
  Max retries : 0
Thread 5
  #add        : 20746
    #added    : 10016
  #remove     : 19258
    #removed  : 10015
  #contains   : 358316
  #found      : 185741
  #aborts     : 0
    #lock-r   : 0
    #lock-w   : 0
    #val-r    : 0
    #val-w    : 0
    #val-c    : 0
    #inv-mem  : 0
  Max retries : 0
Thread 6
  #add        : 21742
    #added    : 10485
  #remove     : 20120
    #removed  : 10485
  #contains   : 380234
  #found      : 197278
  #aborts     : 0
    #lock-r   : 0
    #lock-w   : 0
    #val-r    : 0
    #val-w    : 0
    #val-c    : 0
    #inv-mem  : 0
  Max retries : 0
Thread 7
  #add        : 21731
    #added    : 10456
  #remove     : 20422
    #removed  : 10455
  #contains   : 375319
  #found      : 194459
  #aborts     : 0
    #lock-r   : 0
    #lock-w   : 0
    #val-r    : 0
    #val-w    : 0
    #val-c    : 0
    #inv-mem  : 0
  Max retries : 0
Set size      : 105 (expected: 105)
Duration      : 5000 (ms)
#txs          : 3292975 (658595.000000 / s)
#read txs     : 2963322 (592664.400000 / s)
#eff. upd rate: 4.996363 
#update txs   : 329653 (65930.600000 / s)
#aborts       : 0 (0.000000 / s)
  #lock-r     : 0 (0.000000 / s)
  #lock-w     : 0 (0.000000 / s)
  #val-r      : 0 (0.000000 / s)
  #val-w      : 0 (0.000000 / s)
  #val-c      : 0 (0.000000 / s)
  #inv-mem    : 0 (0.000000 / s)
Max retries   : 0
