Set type     : linked list
Length       : 5000
Initial size : 100
Nb threads   : 8
Value range  : 200
Seed         : 0
Update rate  : 100
Lock alg     : 1
Alternate    : 0
Effective    : 0
Type sizes   : int=4/long=8/ptr=8/word=8
Initializing STM
Adding 100 entries to set
Set size     : 100
Creating thread 0
Creating thread 1
Creating thread 2
Creating thread 3
Creating thread 4
Creating thread 5
Creating thread 6
Creating thread 7
STARTING...
STOPPING...
Thread 0
  #add        : 145992
    #added    : 70751
  #remove     : 135919
    #removed  : 70751
  #contains   : 0
  #found      : 0
  #aborts     : 0
    #lock-r   : 0
    #lock-w   : 0
    #val-r    : 0
    #val-w    : 0
    #val-c    : 0
    #inv-mem  : 0
  Max retries : 0
Thread 1
  #add        : 146443
    #added    : 70890
  #remove     : 136258
    #removed  : 70889
  #contains   : 0
  #found      : 0
  #aborts     : 0
    #lock-r   : 0
    #lock-w   : 0
    #val-r    : 0
    #val-w    : 0
    #val-c    : 0
    #inv-mem  : 0
  Max retries : 0
Thread 2
  #add        : 147097
    #added    : 70750
  #remove     : 135929
    #removed  : 70749
  #contains   : 0
  #found      : 0
  #aborts     : 0
    #lock-r   : 0
    #lock-w   : 0
    #val-r    : 0
    #val-w    : 0
    #val-c    : 0
    #inv-mem  : 0
  Max retries : 0
Thread 3
  #add        : 144164
    #added    : 69141
  #remove     : 132385
    #removed  : 69140
  #contains   : 0
  #found      : 0
  #aborts     : 0
    #lock-r   : 0
    #lock-w   : 0
    #val-r    : 0
    #val-w    : 0
    #val-c    : 0
    #inv-mem  : 0
  Max retries : 0
Thread 4
  #add        : 148765
    #added    : 71728
  #remove     : 137101
    #removed  : 71728
  #contains   : 0
  #found      : 0
  #aborts     : 0
    #lock-r   : 0
    #lock-w   : 0
    #val-r    : 0
    #val-w    : 0
    #val-c    : 0
    #inv-mem  : 0
  Max retries : 0
Thread 5
  #add        : 161017
    #added    : 78231
  #remove     : 149676
    #removed  : 78231
  #contains   : 0
  #found      : 0
  #aborts     : 0
    #lock-r   : 0
    #lock-w   : 0
    #val-r    : 0
    #val-w    : 0
    #val-c    : 0
    #inv-mem  : 0
  Max retries : 0
Thread 6
  #add        : 165451
    #added    : 79983
  #remove     : 152949
    #removed  : 79983
  #contains   : 0
  #found      : 0
  #aborts     : 0
    #lock-r   : 0
    #lock-w   : 0
    #val-r    : 0
    #val-w    : 0
    #val-c    : 0
    #inv-mem  : 0
  Max retries : 0
Thread 7
  #add        : 160604
    #added    : 77735
  #remove     : 148862
    #removed  : 77735
  #contains   : 0
  #found      : 0
  #aborts     : 0
    #lock-r   : 0
    #lock-w   : 0
    #val-r    : 0
    #val-w    : 0
    #val-c    : 0
    #inv-mem  : 0
  Max retries : 0
Set size      : 103 (expected: 103)
Duration      : 5001 (ms)
#txs          : 2348612 (469628.474305 / s)
#read txs     : 0 (0.000000 / s)
#eff. upd rate: 50.174954 
#update txs   : 2348612 (469628.474305 / s)
#aborts       : 0 (0.000000 / s)
  #lock-r     : 0 (0.000000 / s)
  #lock-w     : 0 (0.000000 / s)
  #val-r      : 0 (0.000000 / s)
  #val-w      : 0 (0.000000 / s)
  #val-c      : 0 (0.000000 / s)
  #inv-mem    : 0 (0.000000 / s)
Max retries   : 0
