Set type     : linked list
Length       : 5000
Initial size : 100
Nb threads   : 16
Value range  : 200
Seed         : 0
Update rate  : 10
Lock alg     : 1
Alternate    : 0
Effective    : 0
Type sizes   : int=4/long=8/ptr=8/word=8
Initializing STM
Adding 100 entries to set
Set size     : 100
Creating thread 0
Creating thread 1
Creating thread 2
Creating thread 3
Creating thread 4
Creating thread 5
Creating thread 6
Creating thread 7
Creating thread 8
Creating thread 9
Creating thread 10
Creating thread 11
Creating thread 12
Creating thread 13
Creating thread 14
Creating thread 15
STARTING...
STOPPING...
Thread 0
  #add        : 11827
    #added    : 5586
  #remove     : 10372
    #removed  : 5586
  #contains   : 200091
  #found      : 107796
  #aborts     : 0
    #lock-r   : 0
    #lock-w   : 0
    #val-r    : 0
    #val-w    : 0
    #val-c    : 0
    #inv-mem  : 0
  Max retries : 0
Thread 1
  #add        : 11848
    #added    : 5520
  #remove     : 10177
    #removed  : 5519
  #contains   : 196855
  #found      : 105733
  #aborts     : 0
    #lock-r   : 0
    #lock-w   : 0
    #val-r    : 0
    #val-w    : 0
    #val-c    : 0
    #inv-mem  : 0
  Max retries : 0
Thread 2
  #add        : 10853
    #added    : 5096
  #remove     : 9385
    #removed  : 5095
  #contains   : 181574
  #found      : 97456
  #aborts     : 0
    #lock-r   : 0
    #lock-w   : 0
    #val-r    : 0
    #val-w    : 0
    #val-c    : 0
    #inv-mem  : 0
  Max retries : 0
Thread 3
  #add        : 12025
    #added    : 5480
  #remove     : 10237
    #removed  : 5479
  #contains   : 197918
  #found      : 106207
  #aborts     : 0
    #lock-r   : 0
    #lock-w   : 0
    #val-r    : 0
    #val-w    : 0
    #val-c    : 0
    #inv-mem  : 0
  Max retries : 0
Thread 4
  #add        : 11939
    #added    : 5452
  #remove     : 10345
    #removed  : 5452
  #contains   : 200583
  #found      : 107117
  #aborts     : 0
    #lock-r   : 0
    #lock-w   : 0
    #val-r    : 0
    #val-w    : 0
    #val-c    : 0
    #inv-mem  : 0
  Max retries : 0
Thread 5
  #add        : 11713
    #added    : 5510
  #remove     : 10279
    #removed  : 5510
  #contains   : 197760
  #found      : 106209
  #aborts     : 0
    #lock-r   : 0
    #lock-w   : 0
    #val-r    : 0
    #val-w    : 0
    #val-c    : 0
    #inv-mem  : 0
  Max retries : 0
Thread 6
  #add        : 11783
    #added    : 5555
  #remove     : 10285
    #removed  : 5555
  #contains   : 199936
  #found      : 107430
  #aborts     : 0
    #lock-r   : 0
    #lock-w   : 0
    #val-r    : 0
    #val-w    : 0
    #val-c    : 0
    #inv-mem  : 0
  Max retries : 0
Thread 7
  #add        : 11783
    #added    : 5398
  #remove     : 9969
    #removed  : 5397
  #contains   : 195545
  #found      : 104666
  #aborts     : 0
    #lock-r   : 0
    #lock-w   : 0
    #val-r    : 0
    #val-w    : 0
    #val-c    : 0
    #inv-mem  : 0
  Max retries : 0
Thread 8
  #add        : 11894
    #added    : 5555
  #remove     : 10359
    #removed  : 5555
  #contains   : 199962
  #found      : 107263
  #aborts     : 0
    #lock-r   : 0
    #lock-w   : 0
    #val-r    : 0
    #val-w    : 0
    #val-c    : 0
    #inv-mem  : 0
  Max retries : 0
Thread 9
  #add        : 11413
    #added    : 5364
  #remove     : 9993
    #removed  : 5364
  #contains   : 191185
  #found      : 102452
  #aborts     : 0
    #lock-r   : 0
    #lock-w   : 0
    #val-r    : 0
    #val-w    : 0
    #val-c    : 0
    #inv-mem  : 0
  Max retries : 0
Thread 10
  #add        : 11477
    #added    : 5390
  #remove     : 9903
    #removed  : 5389
  #contains   : 191888
  #found      : 103272
  #aborts     : 0
    #lock-r   : 0
    #lock-w   : 0
    #val-r    : 0
    #val-w    : 0
    #val-c    : 0
    #inv-mem  : 0
  Max retries : 0
Thread 11
  #add        : 12248
    #added    : 5672
  #remove     : 10450
    #removed  : 5671
  #contains   : 201571
  #found      : 107998
  #aborts     : 0
    #lock-r   : 0
    #lock-w   : 0
    #val-r    : 0
    #val-w    : 0
    #val-c    : 0
    #inv-mem  : 0
  Max retries : 0
Thread 12
  #add        : 12019
    #added    : 5577
  #remove     : 10182
    #removed  : 5576
  #contains   : 200138
  #found      : 107349
  #aborts     : 0
    #lock-r   : 0
    #lock-w   : 0
    #val-r    : 0
    #val-w    : 0
    #val-c    : 0
    #inv-mem  : 0
  Max retries : 0
Thread 13
  #add        : 11839
    #added    : 5553
  #remove     : 10259
    #removed  : 5552
  #contains   : 199397
  #found      : 107130
  #aborts     : 0
    #lock-r   : 0
    #lock-w   : 0
    #val-r    : 0
    #val-w    : 0
    #val-c    : 0
    #inv-mem  : 0
  Max retries : 0
Thread 14
  #add        : 12219
    #added    : 5682
  #remove     : 10251
    #removed  : 5681
  #contains   : 201729
  #found      : 108319
  #aborts     : 0
    #lock-r   : 0
    #lock-w   : 0
    #val-r    : 0
    #val-w    : 0
    #val-c    : 0
    #inv-mem  : 0
  Max retries : 0
Thread 15
  #add        : 12148
    #added    : 5617
  #remove     : 10564
    #removed  : 5617
  #contains   : 204195
  #found      : 109853
  #aborts     : 0
    #lock-r   : 0
    #lock-w   : 0
    #val-r    : 0
    #val-w    : 0
    #val-c    : 0
    #inv-mem  : 0
  Max retries : 0
Set size      : 109 (expected: 109)
Duration      : 5001 (ms)
#txs          : 3512365 (702332.533493 / s)
#read txs     : 3160327 (631939.012198 / s)
#eff. upd rate: 5.011011 
#update txs   : 352038 (70393.521296 / s)
#aborts       : 0 (0.000000 / s)
  #lock-r     : 0 (0.000000 / s)
  #lock-w     : 0 (0.000000 / s)
  #val-r      : 0 (0.000000 / s)
  #val-w      : 0 (0.000000 / s)
  #val-c      : 0 (0.000000 / s)
  #inv-mem    : 0 (0.000000 / s)
Max retries   : 0
