Set type     : linked list
Length       : 5000
Initial size : 1000
Nb threads   : 8
Value range  : 2000
Seed         : 0
Update rate  : 10
Lock alg     : 1
Alternate    : 0
Effective    : 0
Type sizes   : int=4/long=8/ptr=8/word=8
Initializing STM
Adding 1000 entries to set
Set size     : 1000
Creating thread 0
Creating thread 1
Creating thread 2
Creating thread 3
Creating thread 4
Creating thread 5
Creating thread 6
Creating thread 7
STARTING...
STOPPING...
Thread 0
  #add        : 3128
    #added    : 1582
  #remove     : 3102
    #removed  : 1581
  #contains   : 55662
  #found      : 27939
  #aborts     : 0
    #lock-r   : 0
    #lock-w   : 0
    #val-r    : 0
    #val-w    : 0
    #val-c    : 0
    #inv-mem  : 0
  Max retries : 0
Thread 1
  #add        : 2824
    #added    : 1424
  #remove     : 2833
    #removed  : 1424
  #contains   : 50617
  #found      : 25434
  #aborts     : 0
    #lock-r   : 0
    #lock-w   : 0
    #val-r    : 0
    #val-w    : 0
    #val-c    : 0
    #inv-mem  : 0
  Max retries : 0
Thread 2
  #add        : 2681
    #added    : 1371
  #remove     : 2781
    #removed  : 1370
  #contains   : 49910
  #found      : 25038
  #aborts     : 0
    #lock-r   : 0
    #lock-w   : 0
    #val-r    : 0
    #val-w    : 0
    #val-c    : 0
    #inv-mem  : 0
  Max retries : 0
Thread 3
  #add        : 2706
    #added    : 1343
  #remove     : 2719
    #removed  : 1343
  #contains   : 50073
  #found      : 24980
  #aborts     : 0
    #lock-r   : 0
    #lock-w   : 0
    #val-r    : 0
    #val-w    : 0
    #val-c    : 0
    #inv-mem  : 0
  Max retries : 0
Thread 4
  #add        : 2940
    #added    : 1436
  #remove     : 2813
    #removed  : 1436
  #contains   : 51921
  #found      : 25967
  #aborts     : 0
    #lock-r   : 0
    #lock-w   : 0
    #val-r    : 0
    #val-w    : 0
    #val-c    : 0
    #inv-mem  : 0
  Max retries : 0
Thread 5
  #add        : 2915
    #added    : 1443
  #remove     : 2834
    #removed  : 1442
  #contains   : 51906
  #found      : 26041
  #aborts     : 0
    #lock-r   : 0
    #lock-w   : 0
    #val-r    : 0
    #val-w    : 0
    #val-c    : 0
    #inv-mem  : 0
  Max retries : 0
Thread 6
  #add        : 2780
    #added    : 1403
  #remove     : 2816
    #removed  : 1402
  #contains   : 50750
  #found      : 25403
  #aborts     : 0
    #lock-r   : 0
    #lock-w   : 0
    #val-r    : 0
    #val-w    : 0
    #val-c    : 0
    #inv-mem  : 0
  Max retries : 0
Thread 7
  #add        : 3127
    #added    : 1545
  #remove     : 3036
    #removed  : 1544
  #contains   : 54640
  #found      : 27460
  #aborts     : 0
    #lock-r   : 0
    #lock-w   : 0
    #val-r    : 0
    #val-w    : 0
    #val-c    : 0
    #inv-mem  : 0
  Max retries : 0
Set size      : 1005 (expected: 1005)
Duration      : 5000 (ms)
#txs          : 461514 (92302.800000 / s)
#read txs     : 415479 (83095.800000 / s)
#eff. upd rate: 5.002882 
#update txs   : 46035 (9207.000000 / s)
#aborts       : 0 (0.000000 / s)
  #lock-r     : 0 (0.000000 / s)
  #lock-w     : 0 (0.000000 / s)
  #val-r      : 0 (0.000000 / s)
  #val-w      : 0 (0.000000 / s)
  #val-c      : 0 (0.000000 / s)
  #inv-mem    : 0 (0.000000 / s)
Max retries   : 0
