Set type     : linked list
Length       : 5000
Initial size : 1000
Nb threads   : 2
Value range  : 2000
Seed         : 0
Update rate  : 100
Lock alg     : 1
Alternate    : 0
Effective    : 0
Type sizes   : int=4/long=8/ptr=8/word=8
Initializing STM
Adding 1000 entries to set
Set size     : 1000
Creating thread 0
Creating thread 1
STARTING...
STOPPING...
Thread 0
  #add        : 214345
    #added    : 106967
  #remove     : 214090
    #removed  : 106966
  #contains   : 0
  #found      : 0
  #aborts     : 0
    #lock-r   : 0
    #lock-w   : 0
    #val-r    : 0
    #val-w    : 0
    #val-c    : 0
    #inv-mem  : 0
  Max retries : 0
Thread 1
  #add        : 247400
    #added    : 123513
  #remove     : 246505
    #removed  : 123513
  #contains   : 0
  #found      : 0
  #aborts     : 0
    #lock-r   : 0
    #lock-w   : 0
    #val-r    : 0
    #val-w    : 0
    #val-c    : 0
    #inv-mem  : 0
  Max retries : 0
Set size      : 1001 (expected: 1001)
Duration      : 5001 (ms)
#txs          : 922340 (184431.113777 / s)
#read txs     : 0 (0.000000 / s)
#eff. upd rate: 49.977123 
#update txs   : 922340 (184431.113777 / s)
#aborts       : 0 (0.000000 / s)
  #lock-r     : 0 (0.000000 / s)
  #lock-w     : 0 (0.000000 / s)
  #val-r      : 0 (0.000000 / s)
  #val-w      : 0 (0.000000 / s)
  #val-c      : 0 (0.000000 / s)
  #inv-mem    : 0 (0.000000 / s)
Max retries   : 0
