Set type     : linked list
Length       : 5000
Initial size : 8000
Nb threads   : 4
Value range  : 16000
Seed         : 0
Update rate  : 10
Lock alg     : 1
Alternate    : 0
Effective    : 0
Type sizes   : int=4/long=8/ptr=8/word=8
Initializing STM
Adding 8000 entries to set
Set size     : 8000
Creating thread 0
Creating thread 1
Creating thread 2
Creating thread 3
STARTING...
STOPPING...
Thread 0
  #add        : 842
    #added    : 421
  #remove     : 840
    #removed  : 420
  #contains   : 15312
  #found      : 7627
  #aborts     : 0
    #lock-r   : 0
    #lock-w   : 0
    #val-r    : 0
    #val-w    : 0
    #val-c    : 0
    #inv-mem  : 0
  Max retries : 0
Thread 1
  #add        : 1071
    #added    : 552
  #remove     : 1083
    #removed  : 551
  #contains   : 18720
  #found      : 9174
  #aborts     : 0
    #lock-r   : 0
    #lock-w   : 0
    #val-r    : 0
    #val-w    : 0
    #val-c    : 0
    #inv-mem  : 0
  Max retries : 0
Thread 2
  #add        : 1112
    #added    : 551
  #remove     : 1085
    #removed  : 551
  #contains   : 19848
  #found      : 9906
  #aborts     : 0
    #lock-r   : 0
    #lock-w   : 0
    #val-r    : 0
    #val-w    : 0
    #val-c    : 0
    #inv-mem  : 0
  Max retries : 0
Thread 3
  #add        : 884
    #added    : 433
  #remove     : 853
    #removed  : 432
  #contains   : 16075
  #found      : 8110
  #aborts     : 0
    #lock-r   : 0
    #lock-w   : 0
    #val-r    : 0
    #val-w    : 0
    #val-c    : 0
    #inv-mem  : 0
  Max retries : 0
Set size      : 8003 (expected: 8003)
Duration      : 5000 (ms)
#txs          : 77725 (15545.000000 / s)
#read txs     : 69955 (13991.000000 / s)
#eff. upd rate: 5.031843 
#update txs   : 7770 (1554.000000 / s)
#aborts       : 0 (0.000000 / s)
  #lock-r     : 0 (0.000000 / s)
  #lock-w     : 0 (0.000000 / s)
  #val-r      : 0 (0.000000 / s)
  #val-w      : 0 (0.000000 / s)
  #val-c      : 0 (0.000000 / s)
  #inv-mem    : 0 (0.000000 / s)
Max retries   : 0
