Set type     : linked list
Length       : 5000
Initial size : 100
Nb threads   : 4
Value range  : 200
Seed         : 0
Update rate  : 0
Lock alg     : 1
Alternate    : 0
Effective    : 0
Type sizes   : int=4/long=8/ptr=8/word=8
Initializing STM
Adding 100 entries to set
Set size     : 100
Creating thread 0
Creating thread 1
Creating thread 2
Creating thread 3
STARTING...
STOPPING...
Thread 0
  #add        : 0
    #added    : 0
  #remove     : 0
    #removed  : 0
  #contains   : 1506038
  #found      : 753328
  #aborts     : 0
    #lock-r   : 0
    #lock-w   : 0
    #val-r    : 0
    #val-w    : 0
    #val-c    : 0
    #inv-mem  : 0
  Max retries : 0
Thread 1
  #add        : 0
    #added    : 0
  #remove     : 0
    #removed  : 0
  #contains   : 1176244
  #found      : 587772
  #aborts     : 0
    #lock-r   : 0
    #lock-w   : 0
    #val-r    : 0
    #val-w    : 0
    #val-c    : 0
    #inv-mem  : 0
  Max retries : 0
Thread 2
  #add        : 0
    #added    : 0
  #remove     : 0
    #removed  : 0
  #contains   : 1590186
  #found      : 795242
  #aborts     : 0
    #lock-r   : 0
    #lock-w   : 0
    #val-r    : 0
    #val-w    : 0
    #val-c    : 0
    #inv-mem  : 0
  Max retries : 0
Thread 3
  #add        : 0
    #added    : 0
  #remove     : 0
    #removed  : 0
  #contains   : 1234750
  #found      : 617935
  #aborts     : 0
    #lock-r   : 0
    #lock-w   : 0
    #val-r    : 0
    #val-w    : 0
    #val-c    : 0
    #inv-mem  : 0
  Max retries : 0
Set size      : 100 (expected: 100)
Duration      : 5001 (ms)
#txs          : 5507218 (1101223.355329 / s)
#read txs     : 5507218 (1101223.355329 / s)
#eff. upd rate: 0.000000 
#update txs   : 0 (0.000000 / s)
#aborts       : 0 (0.000000 / s)
  #lock-r     : 0 (0.000000 / s)
  #lock-w     : 0 (0.000000 / s)
  #val-r      : 0 (0.000000 / s)
  #val-w      : 0 (0.000000 / s)
  #val-c      : 0 (0.000000 / s)
  #inv-mem    : 0 (0.000000 / s)
Max retries   : 0
